#
# There is insufficient memory for the Java Runtime Environment to continue.
# Native memory allocation (malloc) failed to allocate 131088 bytes. Error detail: Chunk::new
# Possible reasons:
#   The system is out of physical RAM or swap space
#   This process is running with CompressedOops enabled, and the Java Heap may be blocking the growth of the native heap
# Possible solutions:
#   Reduce memory load on the system
#   Increase physical memory or swap space
#   Check if swap backing store is full
#   Decrease Java heap size (-Xmx/-Xms)
#   Decrease number of Java threads
#   Decrease Java thread stack sizes (-Xss)
#   Set larger code cache with -XX:ReservedCodeCacheSize=
#   JVM is running with Unscaled Compressed Oops mode in which the Java heap is
#     placed in the first 4GB address space. The Java Heap base address is the
#     maximum limit for the native heap growth. Please use -XX:HeapBaseMinAddress
#     to set the Java Heap base and to place the Java Heap above 4GB virtual address.
# This output file may be truncated or incomplete.
#
#  Out of Memory Error (arena.cpp:168), pid=10396, tid=15196
#
# JRE version: OpenJDK Runtime Environment (21.0.8) (build 21.0.8+-14018985-b1038.68)
# Java VM: OpenJDK 64-Bit Server VM (21.0.8+-14018985-b1038.68, mixed mode, tiered, compressed oops, compressed class ptrs, g1 gc, windows-amd64)
# No core dump will be written. Minidumps are not enabled by default on client versions of Windows
#

---------------  S U M M A R Y ------------

Command Line: --add-opens=java.base/java.lang=ALL-UNNAMED --add-opens=java.base/java.lang.invoke=ALL-UNNAMED --add-opens=java.base/java.util=ALL-UNNAMED --add-opens=java.prefs/java.util.prefs=ALL-UNNAMED --add-exports=jdk.compiler/com.sun.tools.javac.api=ALL-UNNAMED --add-exports=jdk.compiler/com.sun.tools.javac.util=ALL-UNNAMED --add-opens=java.base/java.util=ALL-UNNAMED --add-opens=java.prefs/java.util.prefs=ALL-UNNAMED --add-opens=java.base/java.nio.charset=ALL-UNNAMED --add-opens=java.base/java.net=ALL-UNNAMED --add-opens=java.base/java.util.concurrent.atomic=ALL-UNNAMED --add-opens=java.xml/javax.xml.namespace=ALL-UNNAMED -Xmx2048m -Dfile.encoding=UTF-8 -Duser.country=US -Duser.language=en -Duser.variant -javaagent:C:\Users\User\.gradle\wrapper\dists\gradle-8.13-bin\5xuhj0ry160q40clulazy9h7d\gradle-8.13\lib\agents\gradle-instrumentation-agent-8.13.jar org.gradle.launcher.daemon.bootstrap.GradleDaemon 8.13

Host: 11th Gen Intel(R) Core(TM) i3-1115G4 @ 3.00GHz, 4 cores, 7G,  Windows 11 , 64 bit Build 22621 (10.0.22621.5415)
Time: Sun Jan 11 15:50:45 2026 Malay Peninsula Standard Time elapsed time: 6.842759 seconds (0d 0h 0m 6s)

---------------  T H R E A D  ---------------

Current thread (0x000002cc7f369300):  JavaThread "C2 CompilerThread0" daemon [_thread_in_native, id=15196, stack(0x000000e604600000,0x000000e604700000) (1024K)]


Current CompileTask:
C2:6842 5488       4       java.lang.invoke.InvokerBytecodeGenerator::addMethod (725 bytes)

Stack: [0x000000e604600000,0x000000e604700000]
Native frames: (J=compiled Java code, j=interpreted, Vv=VM code, C=native code)
V  [jvm.dll+0x6d68d9]
V  [jvm.dll+0x866693]
V  [jvm.dll+0x868c4e]
V  [jvm.dll+0x869333]
V  [jvm.dll+0x280566]
V  [jvm.dll+0xc07cd]
V  [jvm.dll+0xc0d03]
V  [jvm.dll+0xcd8dd]
V  [jvm.dll+0x5ff934]
V  [jvm.dll+0x252362]
V  [jvm.dll+0x25271f]
V  [jvm.dll+0x24aec5]
V  [jvm.dll+0x24871e]
V  [jvm.dll+0x1c73a4]
V  [jvm.dll+0x257f9e]
V  [jvm.dll+0x2564e6]
V  [jvm.dll+0x3f4696]
V  [jvm.dll+0x80eac8]
V  [jvm.dll+0x6d512d]
C  [ucrtbase.dll+0x29333]
C  [KERNEL32.DLL+0x1259d]
C  [ntdll.dll+0x5af78]


---------------  P R O C E S S  ---------------

Threads class SMR info:
_java_thread_list=0x000002cc16bb9620, length=46, elements={
0x000002cc7734d180, 0x000002cc7f341a80, 0x000002cc7f35a010, 0x000002cc7f35c7f0,
0x000002cc7f37e310, 0x000002cc7f372d10, 0x000002cc7f373380, 0x000002cc7f3739f0,
0x000002cc7f369300, 0x000002cc7f38a740, 0x000002cc7f6fe7a0, 0x000002cc7f38ae10,
0x000002cc13f5a570, 0x000002cc140dd0e0, 0x000002cc1441e860, 0x000002cc14303b80,
0x000002cc143041f0, 0x000002cc141ae260, 0x000002cc14249c10, 0x000002cc14291080,
0x000002cc14290360, 0x000002cc1428efb0, 0x000002cc142909f0, 0x000002cc1428f640,
0x000002cc1428dc00, 0x000002cc1428e290, 0x000002cc1428e920, 0x000002cc1742eb70,
0x000002cc1742e4e0, 0x000002cc17431960, 0x000002cc1742c410, 0x000002cc1742bd80,
0x000002cc17432680, 0x000002cc1742caa0, 0x000002cc17431ff0, 0x000002cc1742b6f0,
0x000002cc1742d130, 0x000002cc1742f200, 0x000002cc1742d7c0, 0x000002cc1742f890,
0x000002cc1742de50, 0x000002cc17430c40, 0x000002cc174312d0, 0x000002cc175e9820,
0x000002cc175e9190, 0x000002cc175e70c0
}

Java Threads: ( => current thread )
  0x000002cc7734d180 JavaThread "main"                              [_thread_blocked, id=11076, stack(0x000000e603700000,0x000000e603800000) (1024K)]
  0x000002cc7f341a80 JavaThread "Common-Cleaner"             daemon [_thread_blocked, id=6328, stack(0x000000e603f00000,0x000000e604000000) (1024K)]
  0x000002cc7f35a010 JavaThread "Reference Handler"          daemon [_thread_blocked, id=12892, stack(0x000000e604000000,0x000000e604100000) (1024K)]
  0x000002cc7f35c7f0 JavaThread "Finalizer"                  daemon [_thread_blocked, id=3816, stack(0x000000e604100000,0x000000e604200000) (1024K)]
  0x000002cc7f37e310 JavaThread "Signal Dispatcher"          daemon [_thread_blocked, id=2552, stack(0x000000e604200000,0x000000e604300000) (1024K)]
  0x000002cc7f372d10 JavaThread "Attach Listener"            daemon [_thread_blocked, id=4204, stack(0x000000e604300000,0x000000e604400000) (1024K)]
  0x000002cc7f373380 JavaThread "Service Thread"             daemon [_thread_blocked, id=11888, stack(0x000000e604400000,0x000000e604500000) (1024K)]
  0x000002cc7f3739f0 JavaThread "Monitor Deflation Thread"   daemon [_thread_blocked, id=10624, stack(0x000000e604500000,0x000000e604600000) (1024K)]
=>0x000002cc7f369300 JavaThread "C2 CompilerThread0"         daemon [_thread_in_native, id=15196, stack(0x000000e604600000,0x000000e604700000) (1024K)]
  0x000002cc7f38a740 JavaThread "C1 CompilerThread0"         daemon [_thread_blocked, id=2264, stack(0x000000e604700000,0x000000e604800000) (1024K)]
  0x000002cc7f6fe7a0 JavaThread "Notification Thread"        daemon [_thread_blocked, id=6620, stack(0x000000e604800000,0x000000e604900000) (1024K)]
  0x000002cc7f38ae10 JavaThread "C2 CompilerThread1"         daemon [_thread_blocked, id=15764, stack(0x000000e604b00000,0x000000e604c00000) (1024K)]
  0x000002cc13f5a570 JavaThread "Daemon health stats"               [_thread_blocked, id=5392, stack(0x000000e604d00000,0x000000e604e00000) (1024K)]
  0x000002cc140dd0e0 JavaThread "Incoming local TCP Connector on port 53236"        [_thread_in_native, id=4752, stack(0x000000e604e00000,0x000000e604f00000) (1024K)]
  0x000002cc1441e860 JavaThread "Daemon periodic checks"            [_thread_blocked, id=4816, stack(0x000000e604f00000,0x000000e605000000) (1024K)]
  0x000002cc14303b80 JavaThread "Daemon"                            [_thread_blocked, id=14312, stack(0x000000e605000000,0x000000e605100000) (1024K)]
  0x000002cc143041f0 JavaThread "Handler for socket connection from /127.0.0.1:53236 to /127.0.0.1:53237"        [_thread_in_native, id=4016, stack(0x000000e605100000,0x000000e605200000) (1024K)]
  0x000002cc141ae260 JavaThread "Cancel handler"                    [_thread_blocked, id=7784, stack(0x000000e605200000,0x000000e605300000) (1024K)]
  0x000002cc14249c10 JavaThread "Daemon worker"                     [_thread_blocked, id=12412, stack(0x000000e605300000,0x000000e605400000) (1024K)]
  0x000002cc14291080 JavaThread "Asynchronous log dispatcher for DefaultDaemonConnection: socket connection from /127.0.0.1:53236 to /127.0.0.1:53237"        [_thread_blocked, id=12140, stack(0x000000e605400000,0x000000e605500000) (1024K)]
  0x000002cc14290360 JavaThread "Stdin handler"                     [_thread_blocked, id=15940, stack(0x000000e605500000,0x000000e605600000) (1024K)]
  0x000002cc1428efb0 JavaThread "Daemon client event forwarder"        [_thread_blocked, id=14176, stack(0x000000e605600000,0x000000e605700000) (1024K)]
  0x000002cc142909f0 JavaThread "Cache worker for journal cache (C:\Users\User\.gradle\caches\journal-1)"        [_thread_blocked, id=13640, stack(0x000000e605700000,0x000000e605800000) (1024K)]
  0x000002cc1428f640 JavaThread "File lock request listener"        [_thread_in_native, id=15808, stack(0x000000e605800000,0x000000e605900000) (1024K)]
  0x000002cc1428dc00 JavaThread "Cache worker for file hash cache (C:\Users\User\.gradle\caches\8.13\fileHashes)"        [_thread_blocked, id=12584, stack(0x000000e605900000,0x000000e605a00000) (1024K)]
  0x000002cc1428e290 JavaThread "Cache worker for file hash cache (D:\jokiAja\Finance_Tracker_App\.gradle\8.13\fileHashes)"        [_thread_blocked, id=16208, stack(0x000000e605a00000,0x000000e605b00000) (1024K)]
  0x000002cc1428e920 JavaThread "Cache worker for Build Output Cleanup Cache (D:\jokiAja\Finance_Tracker_App\.gradle\buildOutputCleanup)"        [_thread_blocked, id=7204, stack(0x000000e605b00000,0x000000e605c00000) (1024K)]
  0x000002cc1742eb70 JavaThread "File watcher server"        daemon [_thread_in_native, id=8144, stack(0x000000e605c00000,0x000000e605d00000) (1024K)]
  0x000002cc1742e4e0 JavaThread "File watcher consumer"      daemon [_thread_blocked, id=11724, stack(0x000000e605d00000,0x000000e605e00000) (1024K)]
  0x000002cc17431960 JavaThread "jar transforms"                    [_thread_blocked, id=9440, stack(0x000000e605e00000,0x000000e605f00000) (1024K)]
  0x000002cc1742c410 JavaThread "jar transforms Thread 2"           [_thread_blocked, id=11928, stack(0x000000e605f00000,0x000000e606000000) (1024K)]
  0x000002cc1742bd80 JavaThread "Cache worker for checksums cache (D:\jokiAja\Finance_Tracker_App\.gradle\8.13\checksums)"        [_thread_blocked, id=13108, stack(0x000000e606000000,0x000000e606100000) (1024K)]
  0x000002cc17432680 JavaThread "Cache worker for file content cache (C:\Users\User\.gradle\caches\8.13\fileContent)"        [_thread_blocked, id=11404, stack(0x000000e606100000,0x000000e606200000) (1024K)]
  0x000002cc1742caa0 JavaThread "jar transforms Thread 3"           [_thread_blocked, id=14332, stack(0x000000e606200000,0x000000e606300000) (1024K)]
  0x000002cc17431ff0 JavaThread "Cache worker for cache directory md-supplier (C:\Users\User\.gradle\caches\8.13\md-supplier)"        [_thread_blocked, id=8588, stack(0x000000e606300000,0x000000e606400000) (1024K)]
  0x000002cc1742b6f0 JavaThread "Cache worker for cache directory md-rule (C:\Users\User\.gradle\caches\8.13\md-rule)"        [_thread_blocked, id=13512, stack(0x000000e606400000,0x000000e606500000) (1024K)]
  0x000002cc1742d130 JavaThread "Unconstrained build operations"        [_thread_blocked, id=3900, stack(0x000000e606500000,0x000000e606600000) (1024K)]
  0x000002cc1742f200 JavaThread "Unconstrained build operations Thread 2"        [_thread_blocked, id=7484, stack(0x000000e606600000,0x000000e606700000) (1024K)]
  0x000002cc1742d7c0 JavaThread "Unconstrained build operations Thread 3"        [_thread_blocked, id=12580, stack(0x000000e606700000,0x000000e606800000) (1024K)]
  0x000002cc1742f890 JavaThread "Unconstrained build operations Thread 4"        [_thread_blocked, id=16000, stack(0x000000e606800000,0x000000e606900000) (1024K)]
  0x000002cc1742de50 JavaThread "Unconstrained build operations Thread 5"        [_thread_blocked, id=2256, stack(0x000000e606900000,0x000000e606a00000) (1024K)]
  0x000002cc17430c40 JavaThread "Unconstrained build operations Thread 6"        [_thread_blocked, id=15428, stack(0x000000e606a00000,0x000000e606b00000) (1024K)]
  0x000002cc174312d0 JavaThread "jar transforms Thread 4"           [_thread_blocked, id=11368, stack(0x000000e606b00000,0x000000e606c00000) (1024K)]
  0x000002cc175e9820 JavaThread "Unconstrained build operations Thread 7"        [_thread_blocked, id=12592, stack(0x000000e606c00000,0x000000e606d00000) (1024K)]
  0x000002cc175e9190 JavaThread "Unconstrained build operations Thread 8"        [_thread_blocked, id=7996, stack(0x000000e606d00000,0x000000e606e00000) (1024K)]
  0x000002cc175e70c0 JavaThread "Unconstrained build operations Thread 9"        [_thread_blocked, id=5688, stack(0x000000e606e00000,0x000000e606f00000) (1024K)]
Total: 46

Other Threads:
  0x000002cc7f1c4c50 VMThread "VM Thread"                           [id=1596, stack(0x000000e603e00000,0x000000e603f00000) (1024K)]
  0x000002cc7f132cf0 WatcherThread "VM Periodic Task Thread"        [id=4976, stack(0x000000e603d00000,0x000000e603e00000) (1024K)]
  0x000002cc773a4b30 WorkerThread "GC Thread#0"                     [id=11848, stack(0x000000e603800000,0x000000e603900000) (1024K)]
  0x000002cc7f71e650 WorkerThread "GC Thread#1"                     [id=11032, stack(0x000000e604900000,0x000000e604a00000) (1024K)]
  0x000002cc7f7c7f90 WorkerThread "GC Thread#2"                     [id=14832, stack(0x000000e604a00000,0x000000e604b00000) (1024K)]
  0x000002cc13901fd0 WorkerThread "GC Thread#3"                     [id=3192, stack(0x000000e604c00000,0x000000e604d00000) (1024K)]
  0x000002cc773b5b90 ConcurrentGCThread "G1 Main Marker"            [id=5076, stack(0x000000e603900000,0x000000e603a00000) (1024K)]
  0x000002cc773b6d40 WorkerThread "G1 Conc#0"                       [id=10704, stack(0x000000e603a00000,0x000000e603b00000) (1024K)]
  0x000002cc7740ea80 ConcurrentGCThread "G1 Refine#0"               [id=12636, stack(0x000000e603b00000,0x000000e603c00000) (1024K)]
  0x000002cc7f0016a0 ConcurrentGCThread "G1 Service"                [id=8836, stack(0x000000e603c00000,0x000000e603d00000) (1024K)]
Total: 10

Threads with active compile tasks:
C2 CompilerThread0  6861 5488       4       java.lang.invoke.InvokerBytecodeGenerator::addMethod (725 bytes)
C2 CompilerThread1  6861 5493       4       java.util.Arrays::copyOfRange (90 bytes)
Total: 2

VM state: at safepoint (normal execution)

VM Mutex/Monitor currently owned by a thread:  ([mutex/lock_event])
[0x00007ffab7bb85b8] Threads_lock - owner thread: 0x000002cc7f1c4c50
[0x00007ffab7bb86b8] Heap_lock - owner thread: 0x000002cc14249c10

Heap address: 0x0000000080000000, size: 2048 MB, Compressed Oops mode: 32-bit

CDS archive(s) not mapped
Compressed class space mapped at: 0x0000000100000000-0x0000000140000000, reserved size: 1073741824
Narrow klass base: 0x0000000000000000, Narrow klass shift: 3, Narrow klass range: 0x140000000

GC Precious Log:
 CardTable entry size: 512
 Card Set container configuration: InlinePtr #cards 5 size 8 Array Of Cards #cards 12 size 40 Howl #buckets 4 coarsen threshold 1843 Howl Bitmap #cards 512 size 80 coarsen threshold 460 Card regions per heap region 1 cards per card region 2048
 CPUs: 4 total, 4 available
 Memory: 7975M
 Large Page Support: Disabled
 NUMA Support: Disabled
 Compressed Oops: Enabled (32-bit)
 Heap Region Size: 1M
 Heap Min Capacity: 8M
 Heap Initial Capacity: 126M
 Heap Max Capacity: 2G
 Pre-touch: Disabled
 Parallel Workers: 4
 Concurrent Workers: 1
 Concurrent Refinement Workers: 4
 Periodic GC: Disabled

Heap:
 garbage-first heap   total 82944K, used 73385K [0x0000000080000000, 0x0000000100000000)
  region size 1024K, 40 young (40960K), 5 survivors (5120K)
 Metaspace       used 57910K, committed 59392K, reserved 1114112K
  class space    used 8041K, committed 8768K, reserved 1048576K

Heap Regions: E=young(eden), S=young(survivor), O=old, HS=humongous(starts), HC=humongous(continues), CS=collection set, F=free, TAMS=top-at-mark-start, PB=parsable bottom
|   0|0x0000000080000000, 0x0000000080100000, 0x0000000080100000|100%|HS|  |TAMS 0x0000000080000000| PB 0x0000000080000000| Complete 
|   1|0x0000000080100000, 0x0000000080200000, 0x0000000080200000|100%|HC|  |TAMS 0x0000000080100000| PB 0x0000000080100000| Complete 
|   2|0x0000000080200000, 0x0000000080300000, 0x0000000080300000|100%|HC|  |TAMS 0x0000000080200000| PB 0x0000000080200000| Complete 
|   3|0x0000000080300000, 0x0000000080400000, 0x0000000080400000|100%| O|  |TAMS 0x0000000080300000| PB 0x0000000080300000| Untracked 
|   4|0x0000000080400000, 0x0000000080500000, 0x0000000080500000|100%| O|  |TAMS 0x0000000080400000| PB 0x0000000080400000| Untracked 
|   5|0x0000000080500000, 0x0000000080600000, 0x0000000080600000|100%| O|  |TAMS 0x0000000080500000| PB 0x0000000080500000| Untracked 
|   6|0x0000000080600000, 0x0000000080700000, 0x0000000080700000|100%|HS|  |TAMS 0x0000000080600000| PB 0x0000000080600000| Complete 
|   7|0x0000000080700000, 0x0000000080800000, 0x0000000080800000|100%| O|  |TAMS 0x0000000080700000| PB 0x0000000080700000| Untracked 
|   8|0x0000000080800000, 0x0000000080900000, 0x0000000080900000|100%| O|  |TAMS 0x0000000080800000| PB 0x0000000080800000| Untracked 
|   9|0x0000000080900000, 0x0000000080a00000, 0x0000000080a00000|100%| O|  |TAMS 0x0000000080900000| PB 0x0000000080900000| Untracked 
|  10|0x0000000080a00000, 0x0000000080b00000, 0x0000000080b00000|100%| O|  |TAMS 0x0000000080a00000| PB 0x0000000080a00000| Untracked 
|  11|0x0000000080b00000, 0x0000000080c00000, 0x0000000080c00000|100%| O|  |TAMS 0x0000000080b00000| PB 0x0000000080b00000| Untracked 
|  12|0x0000000080c00000, 0x0000000080d00000, 0x0000000080d00000|100%| O|  |TAMS 0x0000000080c00000| PB 0x0000000080c00000| Untracked 
|  13|0x0000000080d00000, 0x0000000080e00000, 0x0000000080e00000|100%| O|  |TAMS 0x0000000080d00000| PB 0x0000000080d00000| Untracked 
|  14|0x0000000080e00000, 0x0000000080f00000, 0x0000000080f00000|100%| O|  |TAMS 0x0000000080e00000| PB 0x0000000080e00000| Untracked 
|  15|0x0000000080f00000, 0x0000000081000000, 0x0000000081000000|100%| O|  |TAMS 0x0000000080f00000| PB 0x0000000080f00000| Untracked 
|  16|0x0000000081000000, 0x0000000081100000, 0x0000000081100000|100%| O|  |TAMS 0x0000000081000000| PB 0x0000000081000000| Untracked 
|  17|0x0000000081100000, 0x0000000081200000, 0x0000000081200000|100%| O|  |TAMS 0x0000000081100000| PB 0x0000000081100000| Untracked 
|  18|0x0000000081200000, 0x0000000081300000, 0x0000000081300000|100%| O|  |TAMS 0x0000000081200000| PB 0x0000000081200000| Untracked 
|  19|0x0000000081300000, 0x0000000081400000, 0x0000000081400000|100%| O|  |TAMS 0x0000000081300000| PB 0x0000000081300000| Untracked 
|  20|0x0000000081400000, 0x0000000081500000, 0x0000000081500000|100%| O|  |TAMS 0x0000000081400000| PB 0x0000000081400000| Untracked 
|  21|0x0000000081500000, 0x0000000081600000, 0x0000000081600000|100%| O|  |TAMS 0x0000000081500000| PB 0x0000000081500000| Untracked 
|  22|0x0000000081600000, 0x0000000081700000, 0x0000000081700000|100%| O|  |TAMS 0x0000000081600000| PB 0x0000000081600000| Untracked 
|  23|0x0000000081700000, 0x0000000081800000, 0x0000000081800000|100%| O|  |TAMS 0x0000000081700000| PB 0x0000000081700000| Untracked 
|  24|0x0000000081800000, 0x0000000081900000, 0x0000000081900000|100%| O|  |TAMS 0x0000000081800000| PB 0x0000000081800000| Untracked 
|  25|0x0000000081900000, 0x0000000081a00000, 0x0000000081a00000|100%| O|  |TAMS 0x0000000081900000| PB 0x0000000081900000| Untracked 
|  26|0x0000000081a00000, 0x0000000081b00000, 0x0000000081b00000|100%| O|  |TAMS 0x0000000081a00000| PB 0x0000000081a00000| Untracked 
|  27|0x0000000081b00000, 0x0000000081c00000, 0x0000000081c00000|100%| O|  |TAMS 0x0000000081b00000| PB 0x0000000081b00000| Untracked 
|  28|0x0000000081c00000, 0x0000000081d00000, 0x0000000081d00000|100%| O|  |TAMS 0x0000000081c00000| PB 0x0000000081c00000| Untracked 
|  29|0x0000000081d00000, 0x0000000081e00000, 0x0000000081e00000|100%|HS|  |TAMS 0x0000000081d00000| PB 0x0000000081d00000| Complete 
|  30|0x0000000081e00000, 0x0000000081f00000, 0x0000000081f00000|100%|HS|  |TAMS 0x0000000081e00000| PB 0x0000000081e00000| Complete 
|  31|0x0000000081f00000, 0x0000000082000000, 0x0000000082000000|100%| O|  |TAMS 0x0000000081f00000| PB 0x0000000081f00000| Untracked 
|  32|0x0000000082000000, 0x0000000082100000, 0x0000000082100000|100%| O|  |TAMS 0x0000000082000000| PB 0x0000000082000000| Untracked 
|  33|0x0000000082100000, 0x0000000082200000, 0x0000000082200000|100%| O|  |TAMS 0x0000000082100000| PB 0x0000000082100000| Untracked 
|  34|0x0000000082200000, 0x0000000082300000, 0x0000000082300000|100%| O|  |TAMS 0x0000000082200000| PB 0x0000000082200000| Untracked 
|  35|0x0000000082300000, 0x00000000823d5120, 0x0000000082400000| 83%| O|  |TAMS 0x0000000082300000| PB 0x0000000082300000| Untracked 
|  36|0x0000000082400000, 0x0000000082500000, 0x0000000082500000|100%| S|  |TAMS 0x0000000082400000| PB 0x0000000082400000| Complete 
|  37|0x0000000082500000, 0x0000000082536898, 0x0000000082600000| 21%| E|CS|TAMS 0x0000000082500000| PB 0x0000000082500000| Complete 
|  38|0x0000000082600000, 0x0000000082700000, 0x0000000082700000|100%| E|CS|TAMS 0x0000000082600000| PB 0x0000000082600000| Complete 
|  39|0x0000000082700000, 0x0000000082800000, 0x0000000082800000|100%| E|CS|TAMS 0x0000000082700000| PB 0x0000000082700000| Complete 
|  40|0x0000000082800000, 0x0000000082900000, 0x0000000082900000|100%| E|CS|TAMS 0x0000000082800000| PB 0x0000000082800000| Complete 
|  41|0x0000000082900000, 0x0000000082a00000, 0x0000000082a00000|100%| S|  |TAMS 0x0000000082900000| PB 0x0000000082900000| Complete 
|  42|0x0000000082a00000, 0x0000000082b00000, 0x0000000082b00000|100%| S|  |TAMS 0x0000000082a00000| PB 0x0000000082a00000| Complete 
|  43|0x0000000082b00000, 0x0000000082c00000, 0x0000000082c00000|100%| S|  |TAMS 0x0000000082b00000| PB 0x0000000082b00000| Complete 
|  44|0x0000000082c00000, 0x0000000082d00000, 0x0000000082d00000|100%| S|  |TAMS 0x0000000082c00000| PB 0x0000000082c00000| Complete 
|  45|0x0000000082d00000, 0x0000000082e00000, 0x0000000082e00000|100%| E|CS|TAMS 0x0000000082d00000| PB 0x0000000082d00000| Complete 
|  46|0x0000000082e00000, 0x0000000082f00000, 0x0000000082f00000|100%| E|CS|TAMS 0x0000000082e00000| PB 0x0000000082e00000| Complete 
|  47|0x0000000082f00000, 0x0000000083000000, 0x0000000083000000|100%| E|CS|TAMS 0x0000000082f00000| PB 0x0000000082f00000| Complete 
|  48|0x0000000083000000, 0x0000000083100000, 0x0000000083100000|100%| E|CS|TAMS 0x0000000083000000| PB 0x0000000083000000| Complete 
|  49|0x0000000083100000, 0x0000000083200000, 0x0000000083200000|100%| E|CS|TAMS 0x0000000083100000| PB 0x0000000083100000| Complete 
|  50|0x0000000083200000, 0x0000000083300000, 0x0000000083300000|100%| E|CS|TAMS 0x0000000083200000| PB 0x0000000083200000| Complete 
|  51|0x0000000083300000, 0x0000000083400000, 0x0000000083400000|100%| E|CS|TAMS 0x0000000083300000| PB 0x0000000083300000| Complete 
|  52|0x0000000083400000, 0x0000000083500000, 0x0000000083500000|100%| E|CS|TAMS 0x0000000083400000| PB 0x0000000083400000| Complete 
|  53|0x0000000083500000, 0x0000000083600000, 0x0000000083600000|100%| E|CS|TAMS 0x0000000083500000| PB 0x0000000083500000| Complete 
|  54|0x0000000083600000, 0x0000000083700000, 0x0000000083700000|100%| E|CS|TAMS 0x0000000083600000| PB 0x0000000083600000| Complete 
|  55|0x0000000083700000, 0x0000000083800000, 0x0000000083800000|100%| E|CS|TAMS 0x0000000083700000| PB 0x0000000083700000| Complete 
|  56|0x0000000083800000, 0x0000000083900000, 0x0000000083900000|100%| E|CS|TAMS 0x0000000083800000| PB 0x0000000083800000| Complete 
|  57|0x0000000083900000, 0x0000000083a00000, 0x0000000083a00000|100%| E|CS|TAMS 0x0000000083900000| PB 0x0000000083900000| Complete 
|  58|0x0000000083a00000, 0x0000000083b00000, 0x0000000083b00000|100%| E|CS|TAMS 0x0000000083a00000| PB 0x0000000083a00000| Complete 
|  59|0x0000000083b00000, 0x0000000083c00000, 0x0000000083c00000|100%| E|CS|TAMS 0x0000000083b00000| PB 0x0000000083b00000| Complete 
|  60|0x0000000083c00000, 0x0000000083d00000, 0x0000000083d00000|100%| E|CS|TAMS 0x0000000083c00000| PB 0x0000000083c00000| Complete 
|  61|0x0000000083d00000, 0x0000000083e00000, 0x0000000083e00000|100%| E|CS|TAMS 0x0000000083d00000| PB 0x0000000083d00000| Complete 
|  62|0x0000000083e00000, 0x0000000083f00000, 0x0000000083f00000|100%| E|CS|TAMS 0x0000000083e00000| PB 0x0000000083e00000| Complete 
|  63|0x0000000083f00000, 0x0000000084000000, 0x0000000084000000|100%| E|CS|TAMS 0x0000000083f00000| PB 0x0000000083f00000| Complete 
|  64|0x0000000084000000, 0x0000000084100000, 0x0000000084100000|100%| E|CS|TAMS 0x0000000084000000| PB 0x0000000084000000| Complete 
|  65|0x0000000084100000, 0x0000000084200000, 0x0000000084200000|100%| E|CS|TAMS 0x0000000084100000| PB 0x0000000084100000| Complete 
|  66|0x0000000084200000, 0x0000000084300000, 0x0000000084300000|100%| E|CS|TAMS 0x0000000084200000| PB 0x0000000084200000| Complete 
|  67|0x0000000084300000, 0x0000000084400000, 0x0000000084400000|100%| E|CS|TAMS 0x0000000084300000| PB 0x0000000084300000| Untracked 
|  68|0x0000000084400000, 0x0000000084400000, 0x0000000084500000|  0%| F|CS|TAMS 0x0000000084400000| PB 0x0000000084400000| Untracked 
|  69|0x0000000084500000, 0x0000000084500000, 0x0000000084600000|  0%| F|CS|TAMS 0x0000000084500000| PB 0x0000000084500000| Untracked 
|  70|0x0000000084600000, 0x0000000084600000, 0x0000000084700000|  0%| F|  |TAMS 0x0000000084600000| PB 0x0000000084600000| Untracked 
|  71|0x0000000084700000, 0x0000000084700000, 0x0000000084800000|  0%| F|  |TAMS 0x0000000084700000| PB 0x0000000084700000| Untracked 
|  72|0x0000000084800000, 0x0000000084800000, 0x0000000084900000|  0%| F|  |TAMS 0x0000000084800000| PB 0x0000000084800000| Untracked 
|  73|0x0000000084900000, 0x0000000084900000, 0x0000000084a00000|  0%| F|  |TAMS 0x0000000084900000| PB 0x0000000084900000| Untracked 
|  74|0x0000000084a00000, 0x0000000084a00000, 0x0000000084b00000|  0%| F|  |TAMS 0x0000000084a00000| PB 0x0000000084a00000| Untracked 
|  75|0x0000000084b00000, 0x0000000084b00000, 0x0000000084c00000|  0%| F|  |TAMS 0x0000000084b00000| PB 0x0000000084b00000| Untracked 
|  76|0x0000000084c00000, 0x0000000084c00000, 0x0000000084d00000|  0%| F|  |TAMS 0x0000000084c00000| PB 0x0000000084c00000| Untracked 
| 105|0x0000000086900000, 0x0000000086900000, 0x0000000086a00000|  0%| F|  |TAMS 0x0000000086900000| PB 0x0000000086900000| Untracked 
| 106|0x0000000086a00000, 0x0000000086a00000, 0x0000000086b00000|  0%| F|  |TAMS 0x0000000086a00000| PB 0x0000000086a00000| Untracked 
| 107|0x0000000086b00000, 0x0000000086b00000, 0x0000000086c00000|  0%| F|  |TAMS 0x0000000086b00000| PB 0x0000000086b00000| Untracked 
| 125|0x0000000087d00000, 0x0000000087d90000, 0x0000000087e00000| 56%| E|  |TAMS 0x0000000087d00000| PB 0x0000000087d00000| Complete 

Card table byte_map: [0x000002cc7a8a0000,0x000002cc7aca0000] _byte_map_base: 0x000002cc7a4a0000

Marking Bits: (CMBitMap*) 0x000002cc773a5140
 Bits: [0x000002cc7aca0000, 0x000002cc7cca0000)

Polling page: 0x000002cc75050000

Metaspace:

Usage:
  Non-class:     48.70 MB used.
      Class:      7.85 MB used.
       Both:     56.55 MB used.

Virtual space:
  Non-class space:       64.00 MB reserved,      49.44 MB ( 77%) committed,  1 nodes.
      Class space:        1.00 GB reserved,       8.56 MB ( <1%) committed,  1 nodes.
             Both:        1.06 GB reserved,      58.00 MB (  5%) committed. 

Chunk freelists:
   Non-Class:  14.38 MB
       Class:  7.36 MB
        Both:  21.73 MB

MaxMetaspaceSize: unlimited
CompressedClassSpaceSize: 1.00 GB
Initial GC threshold: 21.00 MB
Current GC threshold: 58.75 MB
CDS: off
 - commit_granule_bytes: 65536.
 - commit_granule_words: 8192.
 - virtual_space_node_default_size: 8388608.
 - enlarge_chunks_in_place: 1.
 - use_allocation_guard: 0.


Internal statistics:

num_allocs_failed_limit: 6.
num_arena_births: 2818.
num_arena_deaths: 0.
num_vsnodes_births: 2.
num_vsnodes_deaths: 0.
num_space_committed: 928.
num_space_uncommitted: 0.
num_chunks_returned_to_freelist: 6.
num_chunks_taken_from_freelist: 5122.
num_chunk_merges: 6.
num_chunk_splits: 3319.
num_chunks_enlarged: 2010.
num_inconsistent_stats: 0.

CodeHeap 'non-profiled nmethods': size=120000Kb used=3099Kb max_used=3099Kb free=116901Kb
 bounds [0x000002cc07ad0000, 0x000002cc07de0000, 0x000002cc0f000000]
CodeHeap 'profiled nmethods': size=120000Kb used=9665Kb max_used=9665Kb free=110334Kb
 bounds [0x000002cc00000000, 0x000002cc00980000, 0x000002cc07530000]
CodeHeap 'non-nmethods': size=5760Kb used=2935Kb max_used=2973Kb free=2824Kb
 bounds [0x000002cc07530000, 0x000002cc07830000, 0x000002cc07ad0000]
CodeCache: size=245760Kb, used=15699Kb, max_used=15737Kb, free=230059Kb
 total_blobs=5943, nmethods=5089, adapters=758, full_count=0
Compilation: enabled, stopped_count=0, restarted_count=0

Compilation events (20 events):
Event: 6.760 Thread 0x000002cc7f38a740 5495       2       java.util.Collections$SetFromMap::remove (19 bytes)
Event: 6.761 Thread 0x000002cc7f38a740 nmethod 5495 0x000002cc00969390 code [0x000002cc00969540, 0x000002cc00969688]
Event: 6.765 Thread 0x000002cc7f38a740 5496   !   2       sun.instrument.TransformerManager::transform (100 bytes)
Event: 6.766 Thread 0x000002cc7f38a740 nmethod 5496 0x000002cc00969710 code [0x000002cc009698c0, 0x000002cc00969bb8]
Event: 6.819 Thread 0x000002cc7f38a740 5498       3       java.util.concurrent.locks.AbstractQueuedSynchronizer$ConditionObject::signalAll (34 bytes)
Event: 6.819 Thread 0x000002cc7f38a740 nmethod 5498 0x000002cc00969e10 code [0x000002cc00969fe0, 0x000002cc0096a320]
Event: 6.826 Thread 0x000002cc7f38a740 5499       3       java.util.AbstractList$Itr::hasNext (20 bytes)
Event: 6.827 Thread 0x000002cc7f38a740 nmethod 5499 0x000002cc0096a490 code [0x000002cc0096a640, 0x000002cc0096a868]
Event: 6.827 Thread 0x000002cc7f38a740 5501       3       org.gradle.internal.classpath.DefaultClassPath$ImmutableUniqueList::get (57 bytes)
Event: 6.827 Thread 0x000002cc7f38a740 nmethod 5501 0x000002cc0096a910 code [0x000002cc0096ab80, 0x000002cc0096b348]
Event: 6.829 Thread 0x000002cc7f38a740 5502       3       sun.nio.fs.WindowsFileSystemProvider::readAttributes (63 bytes)
Event: 6.829 Thread 0x000002cc7f38a740 nmethod 5502 0x000002cc0096b710 code [0x000002cc0096b920, 0x000002cc0096bf10]
Event: 6.829 Thread 0x000002cc7f38a740 5503       3       java.nio.file.attribute.FileTime::compareTo (154 bytes)
Event: 6.830 Thread 0x000002cc7f38a740 nmethod 5503 0x000002cc0096c110 code [0x000002cc0096c460, 0x000002cc0096d5b8]
Event: 6.830 Thread 0x000002cc7f38a740 5504       3       sun.nio.fs.WindowsFileSystemProvider::getFileAttributeView (118 bytes)
Event: 6.832 Thread 0x000002cc7f38a740 nmethod 5504 0x000002cc0096db10 code [0x000002cc0096de40, 0x000002cc0096efb0]
Event: 6.832 Thread 0x000002cc7f38a740 5505       3       sun.nio.fs.WindowsFileAttributeViews$Basic::readAttributes (5 bytes)
Event: 6.832 Thread 0x000002cc7f38a740 nmethod 5505 0x000002cc0096f510 code [0x000002cc0096f700, 0x000002cc0096fba0]
Event: 6.832 Thread 0x000002cc7f38a740 5506   !   3       sun.nio.fs.WindowsFileAttributeViews$Basic::readAttributes (30 bytes)
Event: 6.832 Thread 0x000002cc7f38a740 nmethod 5506 0x000002cc0096fd90 code [0x000002cc0096ff80, 0x000002cc009703b0]

GC Heap History (20 events):
Event: 1.368 GC heap before
{Heap before GC invocations=2 (full 0):
 garbage-first heap   total 129024K, used 83910K [0x0000000080000000, 0x0000000100000000)
  region size 1024K, 75 young (76800K), 4 survivors (4096K)
 Metaspace       used 16598K, committed 16896K, reserved 1114112K
  class space    used 1927K, committed 2048K, reserved 1048576K
}
Event: 1.375 GC heap after
{Heap after GC invocations=3 (full 0):
 garbage-first heap   total 129024K, used 17408K [0x0000000080000000, 0x0000000100000000)
  region size 1024K, 10 young (10240K), 10 survivors (10240K)
 Metaspace       used 16598K, committed 16896K, reserved 1114112K
  class space    used 1927K, committed 2048K, reserved 1048576K
}
Event: 1.732 GC heap before
{Heap before GC invocations=3 (full 0):
 garbage-first heap   total 129024K, used 34816K [0x0000000080000000, 0x0000000100000000)
  region size 1024K, 28 young (28672K), 10 survivors (10240K)
 Metaspace       used 21187K, committed 21504K, reserved 1114112K
  class space    used 2535K, committed 2688K, reserved 1048576K
}
Event: 1.743 GC heap after
{Heap after GC invocations=4 (full 0):
 garbage-first heap   total 129024K, used 19769K [0x0000000080000000, 0x0000000100000000)
  region size 1024K, 3 young (3072K), 3 survivors (3072K)
 Metaspace       used 21187K, committed 21504K, reserved 1114112K
  class space    used 2535K, committed 2688K, reserved 1048576K
}
Event: 2.481 GC heap before
{Heap before GC invocations=5 (full 0):
 garbage-first heap   total 68608K, used 57657K [0x0000000080000000, 0x0000000100000000)
  region size 1024K, 40 young (40960K), 3 survivors (3072K)
 Metaspace       used 27789K, committed 28224K, reserved 1114112K
  class space    used 3591K, committed 3776K, reserved 1048576K
}
Event: 2.485 GC heap after
{Heap after GC invocations=6 (full 0):
 garbage-first heap   total 68608K, used 21224K [0x0000000080000000, 0x0000000100000000)
  region size 1024K, 4 young (4096K), 4 survivors (4096K)
 Metaspace       used 27789K, committed 28224K, reserved 1114112K
  class space    used 3591K, committed 3776K, reserved 1048576K
}
Event: 3.060 GC heap before
{Heap before GC invocations=6 (full 0):
 garbage-first heap   total 68608K, used 55016K [0x0000000080000000, 0x0000000100000000)
  region size 1024K, 38 young (38912K), 4 survivors (4096K)
 Metaspace       used 32374K, committed 33088K, reserved 1114112K
  class space    used 4402K, committed 4736K, reserved 1048576K
}
Event: 3.067 GC heap after
{Heap after GC invocations=7 (full 0):
 garbage-first heap   total 68608K, used 23948K [0x0000000080000000, 0x0000000100000000)
  region size 1024K, 5 young (5120K), 5 survivors (5120K)
 Metaspace       used 32374K, committed 33088K, reserved 1114112K
  class space    used 4402K, committed 4736K, reserved 1048576K
}
Event: 3.599 GC heap before
{Heap before GC invocations=7 (full 0):
 garbage-first heap   total 68608K, used 41356K [0x0000000080000000, 0x0000000100000000)
  region size 1024K, 24 young (24576K), 5 survivors (5120K)
 Metaspace       used 35207K, committed 35968K, reserved 1114112K
  class space    used 4881K, committed 5248K, reserved 1048576K
}
Event: 3.607 GC heap after
{Heap after GC invocations=8 (full 0):
 garbage-first heap   total 68608K, used 25403K [0x0000000080000000, 0x0000000100000000)
  region size 1024K, 2 young (2048K), 2 survivors (2048K)
 Metaspace       used 35207K, committed 35968K, reserved 1114112K
  class space    used 4881K, committed 5248K, reserved 1048576K
}
Event: 4.157 GC heap before
{Heap before GC invocations=9 (full 0):
 garbage-first heap   total 68608K, used 57147K [0x0000000080000000, 0x0000000100000000)
  region size 1024K, 33 young (33792K), 2 survivors (2048K)
 Metaspace       used 41779K, committed 42624K, reserved 1114112K
  class space    used 5769K, committed 6208K, reserved 1048576K
}
Event: 4.162 GC heap after
{Heap after GC invocations=10 (full 0):
 garbage-first heap   total 68608K, used 28059K [0x0000000080000000, 0x0000000100000000)
  region size 1024K, 4 young (4096K), 4 survivors (4096K)
 Metaspace       used 41779K, committed 42624K, reserved 1114112K
  class space    used 5769K, committed 6208K, reserved 1048576K
}
Event: 4.643 GC heap before
{Heap before GC invocations=10 (full 0):
 garbage-first heap   total 68608K, used 56731K [0x0000000080000000, 0x0000000100000000)
  region size 1024K, 33 young (33792K), 4 survivors (4096K)
 Metaspace       used 43967K, committed 44800K, reserved 1114112K
  class space    used 6010K, committed 6400K, reserved 1048576K
}
Event: 4.655 GC heap after
{Heap after GC invocations=11 (full 0):
 garbage-first heap   total 68608K, used 31376K [0x0000000080000000, 0x0000000100000000)
  region size 1024K, 4 young (4096K), 4 survivors (4096K)
 Metaspace       used 43967K, committed 44800K, reserved 1114112K
  class space    used 6010K, committed 6400K, reserved 1048576K
}
Event: 4.861 GC heap before
{Heap before GC invocations=11 (full 0):
 garbage-first heap   total 68608K, used 45712K [0x0000000080000000, 0x0000000100000000)
  region size 1024K, 16 young (16384K), 4 survivors (4096K)
 Metaspace       used 45018K, committed 45952K, reserved 1114112K
  class space    used 6165K, committed 6592K, reserved 1048576K
}
Event: 4.866 GC heap after
{Heap after GC invocations=12 (full 0):
 garbage-first heap   total 82944K, used 33524K [0x0000000080000000, 0x0000000100000000)
  region size 1024K, 2 young (2048K), 2 survivors (2048K)
 Metaspace       used 45018K, committed 45952K, reserved 1114112K
  class space    used 6165K, committed 6592K, reserved 1048576K
}
Event: 5.610 GC heap before
{Heap before GC invocations=12 (full 0):
 garbage-first heap   total 82944K, used 70388K [0x0000000080000000, 0x0000000100000000)
  region size 1024K, 36 young (36864K), 2 survivors (2048K)
 Metaspace       used 49671K, committed 50880K, reserved 1114112K
  class space    used 6819K, committed 7424K, reserved 1048576K
}
Event: 5.616 GC heap after
{Heap after GC invocations=13 (full 0):
 garbage-first heap   total 82944K, used 33939K [0x0000000080000000, 0x0000000100000000)
  region size 1024K, 4 young (4096K), 4 survivors (4096K)
 Metaspace       used 49671K, committed 50880K, reserved 1114112K
  class space    used 6819K, committed 7424K, reserved 1048576K
}
Event: 6.142 GC heap before
{Heap before GC invocations=13 (full 0):
 garbage-first heap   total 82944K, used 69779K [0x0000000080000000, 0x0000000100000000)
  region size 1024K, 39 young (39936K), 4 survivors (4096K)
 Metaspace       used 54447K, committed 55872K, reserved 1114112K
  class space    used 7615K, committed 8320K, reserved 1048576K
}
Event: 6.149 GC heap after
{Heap after GC invocations=14 (full 0):
 garbage-first heap   total 82944K, used 35497K [0x0000000080000000, 0x0000000100000000)
  region size 1024K, 5 young (5120K), 5 survivors (5120K)
 Metaspace       used 54447K, committed 55872K, reserved 1114112K
  class space    used 7615K, committed 8320K, reserved 1048576K
}

Dll operation events (3 events):
Event: 0.005 Loaded shared library D:\android_studio\android\jbr\bin\java.dll
Event: 0.008 Loaded shared library D:\android_studio\android\jbr\bin\zip.dll
Event: 0.436 Loaded shared library D:\android_studio\android\jbr\bin\verify.dll

Deoptimization events (20 events):
Event: 6.462 Thread 0x000002cc14249c10 DEOPT PACKING pc=0x000002cc07cf39dc sp=0x000000e6053f7840
Event: 6.462 Thread 0x000002cc14249c10 DEOPT UNPACKING pc=0x000002cc07587da2 sp=0x000000e6053f77e8 mode 2
Event: 6.570 Thread 0x000002cc1742c410 Uncommon trap: trap_request=0xffffffcc fr.pc=0x000002cc07db2e4c relative=0x000000000000028c
Event: 6.570 Thread 0x000002cc1742c410 Uncommon trap: reason=intrinsic_or_type_checked_inlining action=make_not_entrant pc=0x000002cc07db2e4c method=java.util.Arrays.copyOfRange([Ljava/lang/Object;IILjava/lang/Class;)[Ljava/lang/Object; @ 84 c2
Event: 6.570 Thread 0x000002cc1742c410 DEOPT PACKING pc=0x000002cc07db2e4c sp=0x000000e605ffde80
Event: 6.570 Thread 0x000002cc1742c410 DEOPT UNPACKING pc=0x000002cc07587da2 sp=0x000000e605ffde20 mode 2
Event: 6.573 Thread 0x000002cc14249c10 DEOPT PACKING pc=0x000002cc00499c16 sp=0x000000e6053f99e0
Event: 6.573 Thread 0x000002cc14249c10 DEOPT UNPACKING pc=0x000002cc075888e2 sp=0x000000e6053f8f28 mode 0
Event: 6.667 Thread 0x000002cc14249c10 Uncommon trap: trap_request=0xffffff45 fr.pc=0x000002cc07b79448 relative=0x0000000000000228
Event: 6.667 Thread 0x000002cc14249c10 Uncommon trap: reason=unstable_if action=reinterpret pc=0x000002cc07b79448 method=java.util.HashMap.putVal(ILjava/lang/Object;Ljava/lang/Object;ZZ)Ljava/lang/Object; @ 162 c2
Event: 6.667 Thread 0x000002cc14249c10 DEOPT PACKING pc=0x000002cc07b79448 sp=0x000000e6053fa060
Event: 6.667 Thread 0x000002cc14249c10 DEOPT UNPACKING pc=0x000002cc07587da2 sp=0x000000e6053f9f70 mode 2
Event: 6.697 Thread 0x000002cc14249c10 Uncommon trap: trap_request=0xffffffde fr.pc=0x000002cc07d9f290 relative=0x0000000000000070
Event: 6.697 Thread 0x000002cc14249c10 Uncommon trap: reason=class_check action=maybe_recompile pc=0x000002cc07d9f290 method=java.util.stream.StreamOpFlag.fromCharacteristics(Ljava/util/Spliterator;)I @ 14 c2
Event: 6.697 Thread 0x000002cc14249c10 DEOPT PACKING pc=0x000002cc07d9f290 sp=0x000000e6053f9eb0
Event: 6.697 Thread 0x000002cc14249c10 DEOPT UNPACKING pc=0x000002cc07587da2 sp=0x000000e6053f9e48 mode 2
Event: 6.829 Thread 0x000002cc14249c10 DEOPT PACKING pc=0x000002cc0032ca5e sp=0x000000e6053f8dd0
Event: 6.829 Thread 0x000002cc14249c10 DEOPT UNPACKING pc=0x000002cc075888e2 sp=0x000000e6053f82b8 mode 0
Event: 6.836 Thread 0x000002cc14249c10 DEOPT PACKING pc=0x000002cc0032ca5e sp=0x000000e6053f8c20
Event: 6.836 Thread 0x000002cc14249c10 DEOPT UNPACKING pc=0x000002cc075888e2 sp=0x000000e6053f8108 mode 0

Classes loaded (20 events):
Event: 6.416 Loading class java/util/stream/SortedOps$SizedRefSortingSink
Event: 6.416 Loading class java/util/stream/SortedOps$AbstractRefSortingSink
Event: 6.416 Loading class java/util/stream/SortedOps$AbstractRefSortingSink done
Event: 6.416 Loading class java/util/stream/SortedOps$SizedRefSortingSink done
Event: 6.452 Loading class java/lang/ThreadDeath
Event: 6.452 Loading class java/lang/ThreadDeath done
Event: 6.452 Loading class sun/misc/SharedSecrets
Event: 6.452 Loading class sun/misc/SharedSecrets done
Event: 6.547 Loading class java/util/AbstractList$ListItr
Event: 6.547 Loading class java/util/AbstractList$ListItr done
Event: 6.697 Loading class java/util/BitSet$1BitSetSpliterator
Event: 6.697 Loading class java/util/BitSet$1BitSetSpliterator done
Event: 6.712 Loading class sun/nio/fs/WindowsException
Event: 6.712 Loading class sun/nio/fs/WindowsException done
Event: 6.715 Loading class com/jetbrains/internal/IoToNioErrorMessageHolder
Event: 6.715 Loading class com/jetbrains/internal/IoToNioErrorMessageHolder done
Event: 6.730 Loading class java/util/Collections$SynchronizedRandomAccessList
Event: 6.730 Loading class java/util/Collections$SynchronizedList
Event: 6.730 Loading class java/util/Collections$SynchronizedList done
Event: 6.730 Loading class java/util/Collections$SynchronizedRandomAccessList done

Classes unloaded (0 events):
No events

Classes redefined (0 events):
No events

Internal exceptions (20 events):
Event: 6.513 Thread 0x000002cc14249c10 Exception <a 'java/lang/ClassNotFoundException'{0x0000000083f37fc8}: ijKotlinCoroutineJvmDebugInit1_dofq3drr9aihm4earzh7ldbbw$_run_closure1BeanInfo> (0x0000000083f37fc8) 
thrown [s\src\hotspot\share\classfile\systemDictionary.cpp, line 312]
Event: 6.513 Thread 0x000002cc14249c10 Exception <a 'java/lang/ClassNotFoundException'{0x0000000083f3e710}: ijKotlinCoroutineJvmDebugInit1_dofq3drr9aihm4earzh7ldbbw$_run_closure1Customizer> (0x0000000083f3e710) 
thrown [s\src\hotspot\share\classfile\systemDictionary.cpp, line 312]
Event: 6.576 Thread 0x000002cc14249c10 Exception <a 'java/lang/ClassNotFoundException'{0x0000000083ed0cb8}: ijKotlinCoroutineJvmDebugInit1_dofq3drr9aihm4earzh7ldbbwBeanInfo> (0x0000000083ed0cb8) 
thrown [s\src\hotspot\share\classfile\systemDictionary.cpp, line 312]
Event: 6.577 Thread 0x000002cc14249c10 Exception <a 'java/lang/ClassNotFoundException'{0x0000000083ed6e48}: ijKotlinCoroutineJvmDebugInit1_dofq3drr9aihm4earzh7ldbbwCustomizer> (0x0000000083ed6e48) 
thrown [s\src\hotspot\share\classfile\systemDictionary.cpp, line 312]
Event: 6.620 Thread 0x000002cc14249c10 Exception <a 'java/lang/ClassNotFoundException'{0x0000000083c12428}: addGradleAndroidTestListener1_68b4muzawzs3qp55wjk3zsbfrBeanInfo> (0x0000000083c12428) 
thrown [s\src\hotspot\share\classfile\systemDictionary.cpp, line 312]
Event: 6.620 Thread 0x000002cc14249c10 Exception <a 'java/lang/ClassNotFoundException'{0x0000000083c18618}: addGradleAndroidTestListener1_68b4muzawzs3qp55wjk3zsbfrCustomizer> (0x0000000083c18618) 
thrown [s\src\hotspot\share\classfile\systemDictionary.cpp, line 312]
Event: 6.636 Thread 0x000002cc14249c10 Exception <a 'java/lang/ClassNotFoundException'{0x0000000083cb7ef0}: SetupUtpTestResultListenerActionBeanInfo> (0x0000000083cb7ef0) 
thrown [s\src\hotspot\share\classfile\systemDictionary.cpp, line 312]
Event: 6.636 Thread 0x000002cc14249c10 Exception <a 'java/lang/ClassNotFoundException'{0x0000000083cbe728}: SetupUtpTestResultListenerActionCustomizer> (0x0000000083cbe728) 
thrown [s\src\hotspot\share\classfile\systemDictionary.cpp, line 312]
Event: 6.644 Thread 0x000002cc14249c10 Exception <a 'java/lang/ClassNotFoundException'{0x0000000083b37b30}: org/gradle/execution/taskgraph/DefaultTaskExecutionGraphBeanInfo> (0x0000000083b37b30) 
thrown [s\src\hotspot\share\classfile\systemDictionary.cpp, line 312]
Event: 6.645 Thread 0x000002cc14249c10 Exception <a 'java/lang/ClassNotFoundException'{0x0000000083b457f8}: org/gradle/execution/taskgraph/DefaultTaskExecutionGraphCustomizer> (0x0000000083b457f8) 
thrown [s\src\hotspot\share\classfile\systemDictionary.cpp, line 312]
Event: 6.703 Thread 0x000002cc14249c10 Exception <a 'java/lang/IncompatibleClassChangeError'{0x000000008390bd00}: Found class java.lang.Object, but interface was expected> (0x000000008390bd00) 
thrown [s\src\hotspot\share\interpreter\linkResolver.cpp, line 851]
Event: 6.713 Thread 0x000002cc14249c10 Exception <a 'sun/nio/fs/WindowsException'{0x00000000839488e0}> (0x00000000839488e0) 
thrown [s\src\hotspot\share\prims\jni.cpp, line 537]
Event: 6.716 Thread 0x000002cc14249c10 Exception <a 'sun/nio/fs/WindowsException'{0x000000008394a570}> (0x000000008394a570) 
thrown [s\src\hotspot\share\prims\jni.cpp, line 537]
Event: 6.716 Thread 0x000002cc14249c10 Exception <a 'sun/nio/fs/WindowsException'{0x000000008394ba80}> (0x000000008394ba80) 
thrown [s\src\hotspot\share\prims\jni.cpp, line 537]
Event: 6.716 Thread 0x000002cc14249c10 Exception <a 'sun/nio/fs/WindowsException'{0x000000008394cfb0}> (0x000000008394cfb0) 
thrown [s\src\hotspot\share\prims\jni.cpp, line 537]
Event: 6.719 Thread 0x000002cc14249c10 Exception <a 'java/lang/NoSuchMethodError'{0x0000000083961280}: 'java.lang.Object java.lang.invoke.Invokers$Holder.invoker(java.lang.Object, java.lang.Object, java.lang.Object, java.lang.Object, java.lang.Object, java.lang.Object)'> (0x0000000083961280) 
thrown [s\src\hotspot\share\interpreter\linkResolver.cpp, line 784]
Event: 6.741 Thread 0x000002cc14249c10 Exception <a 'java/lang/NoSuchMethodError'{0x0000000083864958}: 'java.lang.Object java.lang.invoke.DirectMethodHandle$Holder.invokeSpecial(java.lang.Object, java.lang.Object, java.lang.Object, java.lang.Object, java.lang.Object, java.lang.Object, java.lang.Object, java.lang.Object, java.lang.Object, java.lang.Object, java.lang.Object, java.lang.Object, java.lang.Object, java.lang.Object, java.lang.Object, java.lang.Object, java.lang.Object, java.lang.Object, java.lang.Object, java.lang.Object, java.lang.Ob
Event: 6.742 Thread 0x000002cc14249c10 Exception <a 'java/lang/NoSuchMethodError'{0x000000008386a9c0}: 'java.lang.Object java.lang.invoke.DelegatingMethodHandle$Holder.reinvoke_L(java.lang.Object, java.lang.Object, java.lang.Object, java.lang.Object, java.lang.Object, java.lang.Object, java.lang.Object, java.lang.Object, java.lang.Object, java.lang.Object, java.lang.Object, java.lang.Object, java.lang.Object, java.lang.Object, java.lang.Object, java.lang.Object, java.lang.Object, java.lang.Object, java.lang.Object, java.lang.Object, java.lang.O
Event: 6.743 Thread 0x000002cc14249c10 Exception <a 'java/lang/NoSuchMethodError'{0x0000000083875ac8}: 'java.lang.Object java.lang.invoke.Invokers$Holder.invoker(java.lang.Object, java.lang.Object, java.lang.Object, java.lang.Object, java.lang.Object, java.lang.Object, java.lang.Object, java.lang.Object, java.lang.Object, java.lang.Object, java.lang.Object, java.lang.Object, java.lang.Object, java.lang.Object, java.lang.Object, java.lang.Object, java.lang.Object, java.lang.Object, java.lang.Object, java.lang.Object, java.lang.Object, java.lang.
Event: 6.744 Thread 0x000002cc14249c10 Exception <a 'java/lang/NoSuchMethodError'{0x000000008387c3e0}: 'java.lang.Object java.lang.invoke.DelegatingMethodHandle$Holder.delegate(java.lang.Object, java.lang.Object, java.lang.Object, java.lang.Object, java.lang.Object, java.lang.Object, java.lang.Object, java.lang.Object, java.lang.Object, java.lang.Object, java.lang.Object, java.lang.Object, java.lang.Object, java.lang.Object, java.lang.Object, java.lang.Object, java.lang.Object, java.lang.Object, java.lang.Object, java.lang.Object, java.lang.Obj

ZGC Phase Switch (0 events):
No events

VM Operations (20 events):
Event: 5.061 Executing VM operation: HandshakeAllThreads (Deoptimize)
Event: 5.061 Executing VM operation: HandshakeAllThreads (Deoptimize) done
Event: 5.610 Executing VM operation: G1CollectForAllocation (G1 Evacuation Pause)
Event: 5.616 Executing VM operation: G1CollectForAllocation (G1 Evacuation Pause) done
Event: 5.725 Executing VM operation: HandshakeAllThreads (Deoptimize)
Event: 5.725 Executing VM operation: HandshakeAllThreads (Deoptimize) done
Event: 5.780 Executing VM operation: HandshakeAllThreads (Deoptimize)
Event: 5.780 Executing VM operation: HandshakeAllThreads (Deoptimize) done
Event: 6.086 Executing VM operation: HandshakeAllThreads (Deoptimize)
Event: 6.086 Executing VM operation: HandshakeAllThreads (Deoptimize) done
Event: 6.142 Executing VM operation: G1CollectForAllocation (G1 Evacuation Pause)
Event: 6.150 Executing VM operation: G1CollectForAllocation (G1 Evacuation Pause) done
Event: 6.197 Executing VM operation: HandshakeAllThreads (Deoptimize)
Event: 6.197 Executing VM operation: HandshakeAllThreads (Deoptimize) done
Event: 6.515 Executing VM operation: ICBufferFull
Event: 6.515 Executing VM operation: ICBufferFull done
Event: 6.548 Executing VM operation: HandshakeAllThreads (Deoptimize)
Event: 6.548 Executing VM operation: HandshakeAllThreads (Deoptimize) done
Event: 6.715 Executing VM operation: HandshakeAllThreads (Deoptimize)
Event: 6.715 Executing VM operation: HandshakeAllThreads (Deoptimize) done

Memory protections (0 events):
No events

Nmethod flushes (20 events):
Event: 3.632 Thread 0x000002cc7f1c4c50 flushing  nmethod 0x000002cc00253890
Event: 3.632 Thread 0x000002cc7f1c4c50 flushing  nmethod 0x000002cc00255490
Event: 3.632 Thread 0x000002cc7f1c4c50 flushing  nmethod 0x000002cc00257890
Event: 3.632 Thread 0x000002cc7f1c4c50 flushing  nmethod 0x000002cc00257c10
Event: 3.632 Thread 0x000002cc7f1c4c50 flushing  nmethod 0x000002cc00259390
Event: 3.632 Thread 0x000002cc7f1c4c50 flushing  nmethod 0x000002cc0025cc10
Event: 3.632 Thread 0x000002cc7f1c4c50 flushing  nmethod 0x000002cc002d3a10
Event: 3.632 Thread 0x000002cc7f1c4c50 flushing  nmethod 0x000002cc00304590
Event: 3.632 Thread 0x000002cc7f1c4c50 flushing  nmethod 0x000002cc00342910
Event: 3.632 Thread 0x000002cc7f1c4c50 flushing  nmethod 0x000002cc00346f90
Event: 3.632 Thread 0x000002cc7f1c4c50 flushing  nmethod 0x000002cc00382210
Event: 3.632 Thread 0x000002cc7f1c4c50 flushing  nmethod 0x000002cc00383690
Event: 3.632 Thread 0x000002cc7f1c4c50 flushing  nmethod 0x000002cc00386b10
Event: 3.632 Thread 0x000002cc7f1c4c50 flushing  nmethod 0x000002cc00388110
Event: 3.632 Thread 0x000002cc7f1c4c50 flushing  nmethod 0x000002cc003d4a10
Event: 3.632 Thread 0x000002cc7f1c4c50 flushing  nmethod 0x000002cc00421090
Event: 3.632 Thread 0x000002cc7f1c4c50 flushing  nmethod 0x000002cc00455e10
Event: 3.632 Thread 0x000002cc7f1c4c50 flushing  nmethod 0x000002cc00456390
Event: 3.632 Thread 0x000002cc7f1c4c50 flushing  nmethod 0x000002cc00456d10
Event: 3.632 Thread 0x000002cc7f1c4c50 flushing  nmethod 0x000002cc00459f10

Events (20 events):
Event: 3.093 Thread 0x000002cc14249c10 Thread added: 0x000002cc1428e920
Event: 3.529 Thread 0x000002cc14249c10 Thread added: 0x000002cc1742eb70
Event: 3.536 Thread 0x000002cc14249c10 Thread added: 0x000002cc1742e4e0
Event: 3.789 Thread 0x000002cc14249c10 Thread added: 0x000002cc17431960
Event: 3.828 Thread 0x000002cc14249c10 Thread added: 0x000002cc1742c410
Event: 4.737 Thread 0x000002cc14249c10 Thread added: 0x000002cc1742bd80
Event: 4.768 Thread 0x000002cc14249c10 Thread added: 0x000002cc17432680
Event: 4.938 Thread 0x000002cc14249c10 Thread added: 0x000002cc1742caa0
Event: 5.413 Thread 0x000002cc14249c10 Thread added: 0x000002cc17431ff0
Event: 5.552 Thread 0x000002cc14249c10 Thread added: 0x000002cc1742b6f0
Event: 6.245 Thread 0x000002cc14249c10 Thread added: 0x000002cc1742d130
Event: 6.248 Thread 0x000002cc14249c10 Thread added: 0x000002cc1742f200
Event: 6.249 Thread 0x000002cc14249c10 Thread added: 0x000002cc1742d7c0
Event: 6.319 Thread 0x000002cc14249c10 Thread added: 0x000002cc1742f890
Event: 6.320 Thread 0x000002cc14249c10 Thread added: 0x000002cc1742de50
Event: 6.321 Thread 0x000002cc14249c10 Thread added: 0x000002cc17430c40
Event: 6.433 Thread 0x000002cc14249c10 Thread added: 0x000002cc174312d0
Event: 6.531 Thread 0x000002cc14249c10 Thread added: 0x000002cc175e9820
Event: 6.534 Thread 0x000002cc14249c10 Thread added: 0x000002cc175e9190
Event: 6.536 Thread 0x000002cc14249c10 Thread added: 0x000002cc175e70c0


Dynamic libraries:
0x00007ff7f7390000 - 0x00007ff7f739a000 	D:\android_studio\android\jbr\bin\java.exe
0x00007ffb1d970000 - 0x00007ffb1db87000 	C:\WINDOWS\SYSTEM32\ntdll.dll
0x00007ffb1c730000 - 0x00007ffb1c7f4000 	C:\WINDOWS\System32\KERNEL32.DLL
0x00007ffb1ae70000 - 0x00007ffb1b242000 	C:\WINDOWS\System32\KERNELBASE.dll
0x00007ffb1ad50000 - 0x00007ffb1ae61000 	C:\WINDOWS\System32\ucrtbase.dll
0x00007ffb14e60000 - 0x00007ffb14e78000 	D:\android_studio\android\jbr\bin\jli.dll
0x00007ffb1cee0000 - 0x00007ffb1d091000 	C:\WINDOWS\System32\USER32.dll
0x00007ffb1ac70000 - 0x00007ffb1ac96000 	C:\WINDOWS\System32\win32u.dll
0x00007ffb1c500000 - 0x00007ffb1c529000 	C:\WINDOWS\System32\GDI32.dll
0x00007ffab8a40000 - 0x00007ffab8a5b000 	D:\android_studio\android\jbr\bin\VCRUNTIME140.dll
0x00007ffb1b4d0000 - 0x00007ffb1b5f3000 	C:\WINDOWS\System32\gdi32full.dll
0x00007ffb01f80000 - 0x00007ffb0221b000 	C:\WINDOWS\WinSxS\amd64_microsoft.windows.common-controls_6595b64144ccf1df_6.0.22621.5547_none_27104afb73855772\COMCTL32.dll
0x00007ffb1c550000 - 0x00007ffb1c5f7000 	C:\WINDOWS\System32\msvcrt.dll
0x00007ffb1aa60000 - 0x00007ffb1aafa000 	C:\WINDOWS\System32\msvcp_win.dll
0x00007ffb1cea0000 - 0x00007ffb1ced1000 	C:\WINDOWS\System32\IMM32.DLL
0x00007ffae08f0000 - 0x00007ffae08fc000 	D:\android_studio\android\jbr\bin\vcruntime140_1.dll
0x00007ffb074e0000 - 0x00007ffb0756d000 	D:\android_studio\android\jbr\bin\msvcp140.dll
0x00007ffab7000000 - 0x00007ffab7c96000 	D:\android_studio\android\jbr\bin\server\jvm.dll
0x00007ffb1c200000 - 0x00007ffb1c2b1000 	C:\WINDOWS\System32\ADVAPI32.dll
0x00007ffb1c600000 - 0x00007ffb1c6a8000 	C:\WINDOWS\System32\sechost.dll
0x00007ffb1aca0000 - 0x00007ffb1acc8000 	C:\WINDOWS\System32\bcrypt.dll
0x00007ffb1c3d0000 - 0x00007ffb1c4e4000 	C:\WINDOWS\System32\RPCRT4.dll
0x00007ffb1c9d0000 - 0x00007ffb1ca41000 	C:\WINDOWS\System32\WS2_32.dll
0x00007ffb19900000 - 0x00007ffb1994d000 	C:\WINDOWS\SYSTEM32\POWRPROF.dll
0x00007ffb11ac0000 - 0x00007ffb11aca000 	C:\WINDOWS\SYSTEM32\VERSION.dll
0x00007ffb141d0000 - 0x00007ffb14204000 	C:\WINDOWS\SYSTEM32\WINMM.dll
0x00007ffb198c0000 - 0x00007ffb198d3000 	C:\WINDOWS\SYSTEM32\UMPDC.dll
0x00007ffb19b80000 - 0x00007ffb19b98000 	C:\WINDOWS\SYSTEM32\kernel.appcore.dll
0x00007ffadf360000 - 0x00007ffadf36a000 	D:\android_studio\android\jbr\bin\jimage.dll
0x00007ffb17af0000 - 0x00007ffb17d23000 	C:\WINDOWS\SYSTEM32\DBGHELP.DLL
0x00007ffb1d530000 - 0x00007ffb1d8c3000 	C:\WINDOWS\System32\combase.dll
0x00007ffb1c120000 - 0x00007ffb1c1f7000 	C:\WINDOWS\System32\OLEAUT32.dll
0x00007ffae53d0000 - 0x00007ffae5402000 	C:\WINDOWS\SYSTEM32\dbgcore.DLL
0x00007ffb1b310000 - 0x00007ffb1b38b000 	C:\WINDOWS\System32\bcryptPrimitives.dll
0x00007ffb14410000 - 0x00007ffb1441e000 	D:\android_studio\android\jbr\bin\instrument.dll
0x00007ffab6f80000 - 0x00007ffab6fa0000 	D:\android_studio\android\jbr\bin\java.dll
0x00007ffaf1fc0000 - 0x00007ffaf1fd8000 	D:\android_studio\android\jbr\bin\zip.dll
0x00007ffb1b710000 - 0x00007ffb1bfb2000 	C:\WINDOWS\System32\SHELL32.dll
0x00007ffb1b390000 - 0x00007ffb1b4cf000 	C:\WINDOWS\System32\wintypes.dll
0x00007ffb189a0000 - 0x00007ffb192bd000 	C:\WINDOWS\SYSTEM32\windows.storage.dll
0x00007ffb1c2c0000 - 0x00007ffb1c3cc000 	C:\WINDOWS\System32\SHCORE.dll
0x00007ffb1ca50000 - 0x00007ffb1cab9000 	C:\WINDOWS\System32\shlwapi.dll
0x00007ffb1a990000 - 0x00007ffb1a9bb000 	C:\WINDOWS\SYSTEM32\profapi.dll
0x00007ffb12970000 - 0x00007ffb12980000 	D:\android_studio\android\jbr\bin\net.dll
0x00007ffb17410000 - 0x00007ffb1753c000 	C:\WINDOWS\SYSTEM32\WINHTTP.dll
0x00007ffb1a000000 - 0x00007ffb1a069000 	C:\WINDOWS\system32\mswsock.dll
0x00007ffaf1fa0000 - 0x00007ffaf1fb6000 	D:\android_studio\android\jbr\bin\nio.dll
0x00007ffae0f00000 - 0x00007ffae0f10000 	D:\android_studio\android\jbr\bin\verify.dll
0x00007ffb05fe0000 - 0x00007ffb06007000 	C:\Users\User\.gradle\native\1def1411415f61bf3af743bc5b6707747c0891f09f0c88961ee8f79bc544acac\windows-amd64\native-platform.dll
0x00007ffaf92a0000 - 0x00007ffaf9318000 	C:\Users\User\.gradle\native\0.2.7\x86_64-windows-gnu\gradle-fileevents.dll
0x00007ffae88d0000 - 0x00007ffae88d9000 	D:\android_studio\android\jbr\bin\management.dll
0x00007ffae88c0000 - 0x00007ffae88cb000 	D:\android_studio\android\jbr\bin\management_ext.dll
0x00007ffb1c9a0000 - 0x00007ffb1c9a8000 	C:\WINDOWS\System32\PSAPI.DLL
0x00007ffb19510000 - 0x00007ffb1953d000 	C:\WINDOWS\SYSTEM32\IPHLPAPI.DLL
0x00007ffb1d0a0000 - 0x00007ffb1d0a9000 	C:\WINDOWS\System32\NSI.dll
0x00007ffb05590000 - 0x00007ffb05599000 	D:\android_studio\android\jbr\bin\extnet.dll
0x00007ffb1a250000 - 0x00007ffb1a26b000 	C:\WINDOWS\SYSTEM32\CRYPTSP.dll
0x00007ffb19ae0000 - 0x00007ffb19b17000 	C:\WINDOWS\system32\rsaenh.dll
0x00007ffb1a0f0000 - 0x00007ffb1a118000 	C:\WINDOWS\SYSTEM32\USERENV.dll
0x00007ffb1a270000 - 0x00007ffb1a27c000 	C:\WINDOWS\SYSTEM32\CRYPTBASE.dll
0x00007ffab2350000 - 0x00007ffab2358000 	C:\WINDOWS\system32\wshunix.dll

JVMTI agents:
C:\Users\User\.gradle\wrapper\dists\gradle-8.13-bin\5xuhj0ry160q40clulazy9h7d\gradle-8.13\lib\agents\gradle-instrumentation-agent-8.13.jar path:D:\android_studio\android\jbr\bin\instrument.dll, loaded, initialized, instrumentlib options:none

dbghelp: loaded successfully - version: 4.0.5 - missing functions: none
symbol engine: initialized successfully - sym options: 0x614 - pdb path: .;D:\android_studio\android\jbr\bin;C:\WINDOWS\SYSTEM32;C:\WINDOWS\WinSxS\amd64_microsoft.windows.common-controls_6595b64144ccf1df_6.0.22621.5547_none_27104afb73855772;D:\android_studio\android\jbr\bin\server;C:\Users\User\.gradle\native\1def1411415f61bf3af743bc5b6707747c0891f09f0c88961ee8f79bc544acac\windows-amd64;C:\Users\User\.gradle\native\0.2.7\x86_64-windows-gnu

VM Arguments:
jvm_args: --add-opens=java.base/java.lang=ALL-UNNAMED --add-opens=java.base/java.lang.invoke=ALL-UNNAMED --add-opens=java.base/java.util=ALL-UNNAMED --add-opens=java.prefs/java.util.prefs=ALL-UNNAMED --add-exports=jdk.compiler/com.sun.tools.javac.api=ALL-UNNAMED --add-exports=jdk.compiler/com.sun.tools.javac.util=ALL-UNNAMED --add-opens=java.base/java.util=ALL-UNNAMED --add-opens=java.prefs/java.util.prefs=ALL-UNNAMED --add-opens=java.base/java.nio.charset=ALL-UNNAMED --add-opens=java.base/java.net=ALL-UNNAMED --add-opens=java.base/java.util.concurrent.atomic=ALL-UNNAMED --add-opens=java.xml/javax.xml.namespace=ALL-UNNAMED -Xmx2048m -Dfile.encoding=UTF-8 -Duser.country=US -Duser.language=en -Duser.variant -javaagent:C:\Users\User\.gradle\wrapper\dists\gradle-8.13-bin\5xuhj0ry160q40clulazy9h7d\gradle-8.13\lib\agents\gradle-instrumentation-agent-8.13.jar 
java_command: org.gradle.launcher.daemon.bootstrap.GradleDaemon 8.13
java_class_path (initial): C:\Users\User\.gradle\wrapper\dists\gradle-8.13-bin\5xuhj0ry160q40clulazy9h7d\gradle-8.13\lib\gradle-daemon-main-8.13.jar
Launcher Type: SUN_STANDARD

[Global flags]
     intx CICompilerCount                          = 3                                         {product} {ergonomic}
     uint ConcGCThreads                            = 1                                         {product} {ergonomic}
     uint G1ConcRefinementThreads                  = 4                                         {product} {ergonomic}
   size_t G1HeapRegionSize                         = 1048576                                   {product} {ergonomic}
    uintx GCDrainStackTargetSize                   = 64                                        {product} {ergonomic}
   size_t InitialHeapSize                          = 132120576                                 {product} {ergonomic}
   size_t MarkStackSize                            = 4194304                                   {product} {ergonomic}
   size_t MaxHeapSize                              = 2147483648                                {product} {command line}
   size_t MaxNewSize                               = 1287651328                                {product} {ergonomic}
   size_t MinHeapDeltaBytes                        = 1048576                                   {product} {ergonomic}
   size_t MinHeapSize                              = 8388608                                   {product} {ergonomic}
    uintx NonNMethodCodeHeapSize                   = 5832780                                {pd product} {ergonomic}
    uintx NonProfiledCodeHeapSize                  = 122912730                              {pd product} {ergonomic}
    uintx ProfiledCodeHeapSize                     = 122912730                              {pd product} {ergonomic}
    uintx ReservedCodeCacheSize                    = 251658240                              {pd product} {ergonomic}
     bool SegmentedCodeCache                       = true                                      {product} {ergonomic}
   size_t SoftMaxHeapSize                          = 2147483648                             {manageable} {ergonomic}
     bool UseCompressedOops                        = true                           {product lp64_product} {ergonomic}
     bool UseG1GC                                  = true                                      {product} {ergonomic}
     bool UseLargePagesIndividualAllocation        = false                                  {pd product} {ergonomic}

Logging:
Log output configuration:
 #0: stdout all=warning uptime,level,tags foldmultilines=false
 #1: stderr all=off uptime,level,tags foldmultilines=false

Environment Variables:
JAVA_HOME=D:\android_studio\android
PATH=D:\android_studio\android\bin;C:\Program Files\Common Files\Oracle\Java\javapath;C:\Windows\system32;C:\Windows;C:\Windows\System32\Wbem;C:\Windows\System32\WindowsPowerShell\v1.0\;C:\Windows\System32\OpenSSH\;C:\Program Files (x86)\NVIDIA Corporation\PhysX\Common;C:\Program Files\NVIDIA Corporation\NVIDIA NvDLISR;C:\WINDOWS\system32;C:\WINDOWS;C:\WINDOWS\System32\Wbem;C:\WINDOWS\System32\WindowsPowerShell\v1.0\;C:\WINDOWS\System32\OpenSSH\;C:\Program Files\Git\cmd;C:\xampp\php;C:\ProgramData\ComposerSetup\bin;C:\php-8.4.5;C:\xampp\php;D:\7zip;C:\Users\User\AppData\Local\nvm;C:\nvm4w\nodejs;D:\xamppp\php;C:\Users\User\AppData\Local\Programs\Microsoft VS Code\bin;C:\Users\User\AppData\Local\nvm;C:\nvm4w\nodejs;C:\Program Files\Android\Android Studio\jbr;D:\android_studio\android\bin;D:\flutter\flutter_windows_3.35.4-stable\flutter\bin;
USERNAME=User
OS=Windows_NT
PROCESSOR_IDENTIFIER=Intel64 Family 6 Model 140 Stepping 2, GenuineIntel
TMP=C:\Users\User\AppData\Local\Temp
TEMP=C:\Users\User\AppData\Local\Temp




Periodic native trim disabled

JNI global refs:
JNI global refs: 24, weak refs: 1

JNI global refs memory usage: 835, weak refs: 833

Process memory usage:
Resident Set Size: 265736K (3% of 8166712K total physical memory with 721336K free physical memory)

OOME stack traces (most recent first):
Classloader memory used:
Loader org.gradle.internal.classloader.VisitableURLClassLoader                         : 28338K
Loader bootstrap                                                                       : 22357K
Loader org.gradle.initialization.MixInLegacyTypesClassLoader                           : 6343K
Loader jdk.internal.loader.ClassLoaders$PlatformClassLoader                            : 500K
Loader jdk.internal.loader.ClassLoaders$AppClassLoader                                 : 236K
Loader org.gradle.groovy.scripts.internal.DefaultScriptCompilationHandler$ScriptClassLoader: 101968B
Loader org.gradle.internal.classloader.VisitableURLClassLoader$InstrumentingVisitableURLClassLoader: 15864B
Loader jdk.internal.reflect.DelegatingClassLoader                                      : 10344B
Loader org.codehaus.groovy.runtime.callsite.CallSiteClassLoader                        : 10160B

Classes loaded by more than one classloader:
Class org.gradle.internal.classloader.FilteringClassLoader                            : loaded 2 times (x 105B)
Class org.gradle.internal.classloader.ClassLoaderHierarchy                            : loaded 2 times (x 70B)
Class org.gradle.api.internal.classpath.ManifestUtil                                  : loaded 2 times (x 71B)
Class org.gradle.internal.classloader.DefaultClassLoaderFactory                       : loaded 2 times (x 82B)
Class org.gradle.internal.classloader.ClassLoaderVisitor                              : loaded 2 times (x 76B)
Class org.gradle.api.internal.classpath.EffectiveClassPath                            : loaded 2 times (x 90B)
Class org.gradle.api.internal.DefaultClassPathProvider                                : loaded 2 times (x 76B)
Class [Lorg.gradle.api.internal.ClassPathProvider;                                    : loaded 2 times (x 69B)
Class org.gradle.api.internal.ClassPathProvider                                       : loaded 2 times (x 70B)
Class org.gradle.internal.service.UnknownServiceException                             : loaded 2 times (x 83B)
Class org.gradle.internal.classpath.TransformedClassPath                              : loaded 2 times (x 96B)
Class org.gradle.internal.classloader.InstrumentingClassLoader                        : loaded 2 times (x 70B)
Class org.gradle.internal.service.ServiceLocator                                      : loaded 2 times (x 70B)
Class org.gradle.internal.InternalTransformer                                         : loaded 2 times (x 70B)
Class org.gradle.internal.classloader.ClasspathUtil$1                                 : loaded 2 times (x 76B)
Class org.gradle.api.internal.classpath.DefaultModuleRegistry$DefaultModule           : loaded 2 times (x 86B)
Class org.gradle.api.internal.classpath.Module                                        : loaded 2 times (x 70B)
Class org.gradle.api.internal.classpath.UnknownModuleException                        : loaded 2 times (x 82B)
Class org.gradle.api.internal.DefaultClassPathRegistry                                : loaded 2 times (x 76B)
Class org.gradle.api.internal.ClassPathRegistry                                       : loaded 2 times (x 70B)
Class org.gradle.internal.classpath.DefaultClassPath$ImmutableUniqueList              : loaded 2 times (x 199B)
Class org.gradle.internal.classpath.ClassPath                                         : loaded 2 times (x 70B)
Class org.gradle.api.UncheckedIOException                                             : loaded 2 times (x 82B)
Class ijKotlinCoroutineJvmDebugInit1_dofq3drr9aihm4earzh7ldbbw                        : loaded 2 times (x 179B)
Class org.gradle.internal.installation.GradleInstallation$1                           : loaded 2 times (x 75B)
Class org.gradle.api.internal.classpath.ModuleRegistry                                : loaded 2 times (x 70B)
Class org.gradle.api.internal.classpath.DefaultModuleRegistry                         : loaded 2 times (x 86B)
Class org.gradle.internal.service.ServiceLookupException                              : loaded 2 times (x 82B)
Class org.gradle.internal.classloader.ClassLoaderFactory                              : loaded 2 times (x 70B)
Class org.gradle.internal.service.CachingServiceLocator                               : loaded 2 times (x 82B)
Class org.gradle.internal.classloader.ClasspathUtil                                   : loaded 2 times (x 71B)
Class org.gradle.api.specs.Spec                                                       : loaded 2 times (x 70B)
Class org.gradle.internal.classloader.VisitableURLClassLoader$InstrumentingVisitableURLClassLoader: loaded 2 times (x 123B)
Class org.gradle.internal.classloader.VisitableURLClassLoader$Spec                    : loaded 2 times (x 74B)
Class org.gradle.internal.classpath.DefaultClassPath                                  : loaded 2 times (x 90B)
Class org.gradle.internal.classloader.ClassLoaderSpec                                 : loaded 2 times (x 71B)
Class ijKotlinCoroutineJvmDebugInit1_dofq3drr9aihm4earzh7ldbbw$_run_closure1          : loaded 2 times (x 139B)
Class org.gradle.internal.classloader.VisitableURLClassLoader                         : loaded 2 times (x 117B)
Class org.gradle.internal.Cast                                                        : loaded 2 times (x 71B)
Class org.gradle.api.Action                                                           : loaded 2 times (x 70B)
Class org.gradle.internal.classpath.DefaultClassPath$ImmutableUniqueList$Builder      : loaded 2 times (x 75B)
Class org.gradle.api.GradleException                                                  : loaded 2 times (x 82B)
Class org.gradle.internal.IoActions                                                   : loaded 2 times (x 71B)
Class ijJvmDebugger1_9x3erf11sbp6hr81ma3cxq5r2                                        : loaded 2 times (x 179B)
Class org.gradle.internal.classloader.SystemClassLoaderSpec                           : loaded 2 times (x 71B)
Class ijJvmDebugger1_9x3erf11sbp6hr81ma3cxq5r2$_run_closure1                          : loaded 2 times (x 139B)
Class org.gradle.api.internal.classpath.GlobalCacheRootsProvider                      : loaded 2 times (x 70B)
Class org.gradle.internal.installation.CurrentGradleInstallationLocator               : loaded 2 times (x 71B)
Class org.gradle.internal.service.DefaultServiceLocator                               : loaded 2 times (x 83B)
Class org.gradle.internal.installation.CurrentGradleInstallation                      : loaded 2 times (x 73B)
Class org.gradle.util.internal.GUtil                                                  : loaded 2 times (x 71B)
Class org.gradle.internal.installation.GradleInstallation                             : loaded 2 times (x 75B)

---------------  S Y S T E M  ---------------

OS:
 Windows 11 , 64 bit Build 22621 (10.0.22621.5415)
OS uptime: 0 days 0:44 hours

CPU: total 4 (initial active 4) (2 cores per cpu, 2 threads per core) family 6 model 140 stepping 2 microcode 0x26, cx8, cmov, fxsr, ht, mmx, 3dnowpref, sse, sse2, sse3, ssse3, sse4.1, sse4.2, popcnt, lzcnt, tsc, tscinvbit, avx, avx2, aes, erms, clmul, bmi1, bmi2, adx, avx512f, avx512dq, avx512cd, avx512bw, avx512vl, sha, fma, vzeroupper, avx512_vpopcntdq, avx512_vpclmulqdq, avx512_vaes, avx512_vnni, clflush, clflushopt, clwb, avx512_vbmi2, avx512_vbmi, rdtscp, rdpid, fsrm, gfni, avx512_bitalg, f16c, pku, cet_ibt, cet_ss, avx512_ifma
Processor Information for the first 4 processors :
  Max Mhz: 2995, Current Mhz: 2995, Mhz Limit: 2995

Memory: 4k page, system-wide physical 7975M (702M free)
TotalPageFile size 13646M (AvailPageFile size 7M)
current process WorkingSet (physical memory assigned to process): 259M, peak: 259M
current process commit charge ("private bytes"): 287M, peak: 288M

vm_info: OpenJDK 64-Bit Server VM (21.0.8+-14018985-b1038.68) for windows-amd64 JRE (21.0.8+-14018985-b1038.68), built on 2025-08-29T19:56:34Z by "builder" with MS VC++ 16.10 / 16.11 (VS2019)

END.
