#
# There is insufficient memory for the Java Runtime Environment to continue.
# Native memory allocation (malloc) failed to allocate 1052496 bytes. Error detail: Chunk::new
# Possible reasons:
#   The system is out of physical RAM or swap space
#   This process is running with CompressedOops enabled, and the Java Heap may be blocking the growth of the native heap
# Possible solutions:
#   Reduce memory load on the system
#   Increase physical memory or swap space
#   Check if swap backing store is full
#   Decrease Java heap size (-Xmx/-Xms)
#   Decrease number of Java threads
#   Decrease Java thread stack sizes (-Xss)
#   Set larger code cache with -XX:ReservedCodeCacheSize=
#   JVM is running with Unscaled Compressed Oops mode in which the Java heap is
#     placed in the first 4GB address space. The Java Heap base address is the
#     maximum limit for the native heap growth. Please use -XX:HeapBaseMinAddress
#     to set the Java Heap base and to place the Java Heap above 4GB virtual address.
# This output file may be truncated or incomplete.
#
#  Out of Memory Error (arena.cpp:168), pid=12132, tid=15316
#
# JRE version: OpenJDK Runtime Environment (21.0.8) (build 21.0.8+-14018985-b1038.68)
# Java VM: OpenJDK 64-Bit Server VM (21.0.8+-14018985-b1038.68, mixed mode, tiered, compressed oops, compressed class ptrs, g1 gc, windows-amd64)
# No core dump will be written. Minidumps are not enabled by default on client versions of Windows
#

---------------  S U M M A R Y ------------

Command Line: --add-opens=java.base/java.lang=ALL-UNNAMED --add-opens=java.base/java.lang.invoke=ALL-UNNAMED --add-opens=java.base/java.util=ALL-UNNAMED --add-opens=java.prefs/java.util.prefs=ALL-UNNAMED --add-exports=jdk.compiler/com.sun.tools.javac.api=ALL-UNNAMED --add-exports=jdk.compiler/com.sun.tools.javac.util=ALL-UNNAMED --add-opens=java.base/java.util=ALL-UNNAMED --add-opens=java.prefs/java.util.prefs=ALL-UNNAMED --add-opens=java.base/java.nio.charset=ALL-UNNAMED --add-opens=java.base/java.net=ALL-UNNAMED --add-opens=java.base/java.util.concurrent.atomic=ALL-UNNAMED --add-opens=java.xml/javax.xml.namespace=ALL-UNNAMED -Xmx2048m -Dfile.encoding=UTF-8 -Duser.country=US -Duser.language=en -Duser.variant -javaagent:C:\Users\User\.gradle\wrapper\dists\gradle-8.13-bin\5xuhj0ry160q40clulazy9h7d\gradle-8.13\lib\agents\gradle-instrumentation-agent-8.13.jar org.gradle.launcher.daemon.bootstrap.GradleDaemon 8.13

Host: 11th Gen Intel(R) Core(TM) i3-1115G4 @ 3.00GHz, 4 cores, 7G,  Windows 11 , 64 bit Build 22621 (10.0.22621.5415)
Time: Sun Jan 11 15:50:31 2026 Malay Peninsula Standard Time elapsed time: 4.462047 seconds (0d 0h 0m 4s)

---------------  T H R E A D  ---------------

Current thread (0x000001eddc067790):  JavaThread "C2 CompilerThread0" daemon [_thread_in_native, id=15316, stack(0x000000311e300000,0x000000311e400000) (1024K)]


Current CompileTask:
C2:4462 3388   !   4       java.net.URL::<init> (543 bytes)

Stack: [0x000000311e300000,0x000000311e400000]
Native frames: (J=compiled Java code, j=interpreted, Vv=VM code, C=native code)
V  [jvm.dll+0x6d68d9]
V  [jvm.dll+0x866693]
V  [jvm.dll+0x868c4e]
V  [jvm.dll+0x869333]
V  [jvm.dll+0x280566]
V  [jvm.dll+0xc07cd]
V  [jvm.dll+0xc0d03]
V  [jvm.dll+0x3b961b]
V  [jvm.dll+0x385507]
V  [jvm.dll+0x38497a]
V  [jvm.dll+0x249252]
V  [jvm.dll+0x248821]
V  [jvm.dll+0x1c73a4]
V  [jvm.dll+0x257f9e]
V  [jvm.dll+0x2564e6]
V  [jvm.dll+0x3f4696]
V  [jvm.dll+0x80eac8]
V  [jvm.dll+0x6d512d]
C  [ucrtbase.dll+0x29333]
C  [KERNEL32.DLL+0x1259d]
C  [ntdll.dll+0x5af78]


---------------  P R O C E S S  ---------------

Threads class SMR info:
_java_thread_list=0x000001eddf264e10, length=31, elements={
0x000001edbebc6280, 0x000001eddc03d1a0, 0x000001eddc040e30, 0x000001eddc05b730,
0x000001eddc0742d0, 0x000001eddc074d30, 0x000001eddc0662c0, 0x000001eddc06af80,
0x000001eddc067790, 0x000001eddc07e4d0, 0x000001eddc069bd0, 0x000001eddc479870,
0x000001eddc06bca0, 0x000001eddc06a8f0, 0x000001eddc06a260, 0x000001eddc06c330,
0x000001eddc06c9c0, 0x000001eddc069540, 0x000001eddde5cb50, 0x000001eddde57c90,
0x000001eddde59040, 0x000001eddde5c4c0, 0x000001eddde596d0, 0x000001eddde59d60,
0x000001eddde5b7a0, 0x000001eddde5d870, 0x000001eddde568e0, 0x000001eddde5a3f0,
0x000001eddde5be30, 0x000001eddde56f70, 0x000001eddde5df00
}

Java Threads: ( => current thread )
  0x000001edbebc6280 JavaThread "main"                              [_thread_blocked, id=10856, stack(0x000000311d400000,0x000000311d500000) (1024K)]
  0x000001eddc03d1a0 JavaThread "Common-Cleaner"             daemon [_thread_blocked, id=4604, stack(0x000000311dc00000,0x000000311dd00000) (1024K)]
  0x000001eddc040e30 JavaThread "Reference Handler"          daemon [_thread_blocked, id=6948, stack(0x000000311dd00000,0x000000311de00000) (1024K)]
  0x000001eddc05b730 JavaThread "Finalizer"                  daemon [_thread_blocked, id=2772, stack(0x000000311de00000,0x000000311df00000) (1024K)]
  0x000001eddc0742d0 JavaThread "Signal Dispatcher"          daemon [_thread_blocked, id=1764, stack(0x000000311df00000,0x000000311e000000) (1024K)]
  0x000001eddc074d30 JavaThread "Attach Listener"            daemon [_thread_blocked, id=14912, stack(0x000000311e000000,0x000000311e100000) (1024K)]
  0x000001eddc0662c0 JavaThread "Service Thread"             daemon [_thread_blocked, id=13896, stack(0x000000311e100000,0x000000311e200000) (1024K)]
  0x000001eddc06af80 JavaThread "Monitor Deflation Thread"   daemon [_thread_blocked, id=1960, stack(0x000000311e200000,0x000000311e300000) (1024K)]
=>0x000001eddc067790 JavaThread "C2 CompilerThread0"         daemon [_thread_in_native, id=15316, stack(0x000000311e300000,0x000000311e400000) (1024K)]
  0x000001eddc07e4d0 JavaThread "C1 CompilerThread0"         daemon [_thread_in_vm, id=15336, stack(0x000000311e400000,0x000000311e500000) (1024K)]
  0x000001eddc069bd0 JavaThread "Notification Thread"        daemon [_thread_blocked, id=2412, stack(0x000000311e500000,0x000000311e600000) (1024K)]
  0x000001eddc479870 JavaThread "C2 CompilerThread1"         daemon [_thread_in_native, id=14972, stack(0x000000311e800000,0x000000311e900000) (1024K)]
  0x000001eddc06bca0 JavaThread "Daemon health stats"               [_thread_blocked, id=14316, stack(0x000000311ea00000,0x000000311eb00000) (1024K)]
  0x000001eddc06a8f0 JavaThread "Incoming local TCP Connector on port 53234"        [_thread_in_native, id=10368, stack(0x000000311eb00000,0x000000311ec00000) (1024K)]
  0x000001eddc06a260 JavaThread "Daemon periodic checks"            [_thread_blocked, id=2496, stack(0x000000311ec00000,0x000000311ed00000) (1024K)]
  0x000001eddc06c330 JavaThread "Daemon"                            [_thread_blocked, id=7060, stack(0x000000311ed00000,0x000000311ee00000) (1024K)]
  0x000001eddc06c9c0 JavaThread "Handler for socket connection from /127.0.0.1:53234 to /127.0.0.1:53235"        [_thread_in_native, id=4648, stack(0x000000311ee00000,0x000000311ef00000) (1024K)]
  0x000001eddc069540 JavaThread "Cancel handler"                    [_thread_blocked, id=6716, stack(0x000000311ef00000,0x000000311f000000) (1024K)]
  0x000001eddde5cb50 JavaThread "Daemon worker"                     [_thread_in_Java, id=5860, stack(0x000000311f000000,0x000000311f100000) (1024K)]
  0x000001eddde57c90 JavaThread "Asynchronous log dispatcher for DefaultDaemonConnection: socket connection from /127.0.0.1:53234 to /127.0.0.1:53235"        [_thread_blocked, id=4564, stack(0x000000311f100000,0x000000311f200000) (1024K)]
  0x000001eddde59040 JavaThread "Stdin handler"                     [_thread_blocked, id=5928, stack(0x000000311f200000,0x000000311f300000) (1024K)]
  0x000001eddde5c4c0 JavaThread "Daemon client event forwarder"        [_thread_blocked, id=10480, stack(0x000000311f300000,0x000000311f400000) (1024K)]
  0x000001eddde596d0 JavaThread "Cache worker for journal cache (C:\Users\User\.gradle\caches\journal-1)"        [_thread_blocked, id=3568, stack(0x000000311f400000,0x000000311f500000) (1024K)]
  0x000001eddde59d60 JavaThread "File lock request listener"        [_thread_in_native, id=6036, stack(0x000000311f500000,0x000000311f600000) (1024K)]
  0x000001eddde5b7a0 JavaThread "Cache worker for file hash cache (C:\Users\User\.gradle\caches\8.13\fileHashes)"        [_thread_blocked, id=12444, stack(0x000000311f600000,0x000000311f700000) (1024K)]
  0x000001eddde5d870 JavaThread "Cache worker for file hash cache (D:\jokiAja\Finance_Tracker_App\.gradle\8.13\fileHashes)"        [_thread_blocked, id=5556, stack(0x000000311f700000,0x000000311f800000) (1024K)]
  0x000001eddde568e0 JavaThread "Cache worker for Build Output Cleanup Cache (D:\jokiAja\Finance_Tracker_App\.gradle\buildOutputCleanup)"        [_thread_blocked, id=8908, stack(0x000000311f800000,0x000000311f900000) (1024K)]
  0x000001eddde5a3f0 JavaThread "File watcher server"        daemon [_thread_in_native, id=13384, stack(0x000000311f900000,0x000000311fa00000) (1024K)]
  0x000001eddde5be30 JavaThread "File watcher consumer"      daemon [_thread_blocked, id=11248, stack(0x000000311fa00000,0x000000311fb00000) (1024K)]
  0x000001eddde56f70 JavaThread "jar transforms"                    [_thread_blocked, id=4844, stack(0x000000311fb00000,0x000000311fc00000) (1024K)]
  0x000001eddde5df00 JavaThread "jar transforms Thread 2"           [_thread_blocked, id=16128, stack(0x000000311fc00000,0x000000311fd00000) (1024K)]
Total: 31

Other Threads:
  0x000001edd7d132b0 VMThread "VM Thread"                           [id=11804, stack(0x000000311db00000,0x000000311dc00000) (1024K)]
  0x000001edd7c809a0 WatcherThread "VM Periodic Task Thread"        [id=14548, stack(0x000000311da00000,0x000000311db00000) (1024K)]
  0x000001edc0ee3f90 WorkerThread "GC Thread#0"                     [id=15528, stack(0x000000311d500000,0x000000311d600000) (1024K)]
  0x000001eddc377240 WorkerThread "GC Thread#1"                     [id=10384, stack(0x000000311e600000,0x000000311e700000) (1024K)]
  0x000001eddc455880 WorkerThread "GC Thread#2"                     [id=7164, stack(0x000000311e700000,0x000000311e800000) (1024K)]
  0x000001eddd0dfc70 WorkerThread "GC Thread#3"                     [id=13580, stack(0x000000311e900000,0x000000311ea00000) (1024K)]
  0x000001edc0ef4ff0 ConcurrentGCThread "G1 Main Marker"            [id=9744, stack(0x000000311d600000,0x000000311d700000) (1024K)]
  0x000001edc0ef69b0 WorkerThread "G1 Conc#0"                       [id=7948, stack(0x000000311d700000,0x000000311d800000) (1024K)]
  0x000001edd7b534e0 ConcurrentGCThread "G1 Refine#0"               [id=4612, stack(0x000000311d800000,0x000000311d900000) (1024K)]
  0x000001edc0f4e220 ConcurrentGCThread "G1 Service"                [id=10956, stack(0x000000311d900000,0x000000311da00000) (1024K)]
Total: 10

Threads with active compile tasks:
C2 CompilerThread0  4479 3388   !   4       java.net.URL::<init> (543 bytes)
C2 CompilerThread1  4479 3436       4       jdk.internal.loader.URLClassPath::getResource (74 bytes)
Total: 2

VM state: not at safepoint (normal execution)

VM Mutex/Monitor currently owned by a thread: None

Heap address: 0x0000000080000000, size: 2048 MB, Compressed Oops mode: 32-bit

CDS archive(s) not mapped
Compressed class space mapped at: 0x0000000100000000-0x0000000140000000, reserved size: 1073741824
Narrow klass base: 0x0000000000000000, Narrow klass shift: 3, Narrow klass range: 0x140000000

GC Precious Log:
 CardTable entry size: 512
 Card Set container configuration: InlinePtr #cards 5 size 8 Array Of Cards #cards 12 size 40 Howl #buckets 4 coarsen threshold 1843 Howl Bitmap #cards 512 size 80 coarsen threshold 460 Card regions per heap region 1 cards per card region 2048
 CPUs: 4 total, 4 available
 Memory: 7975M
 Large Page Support: Disabled
 NUMA Support: Disabled
 Compressed Oops: Enabled (32-bit)
 Heap Region Size: 1M
 Heap Min Capacity: 8M
 Heap Initial Capacity: 126M
 Heap Max Capacity: 2G
 Pre-touch: Disabled
 Parallel Workers: 4
 Concurrent Workers: 1
 Concurrent Refinement Workers: 4
 Periodic GC: Disabled

Heap:
 garbage-first heap   total 71680K, used 40862K [0x0000000080000000, 0x0000000100000000)
  region size 1024K, 17 young (17408K), 1 survivors (1024K)
 Metaspace       used 37643K, committed 38592K, reserved 1114112K
  class space    used 5312K, committed 5760K, reserved 1048576K

Heap Regions: E=young(eden), S=young(survivor), O=old, HS=humongous(starts), HC=humongous(continues), CS=collection set, F=free, TAMS=top-at-mark-start, PB=parsable bottom
|   0|0x0000000080000000, 0x0000000080100000, 0x0000000080100000|100%|HS|  |TAMS 0x0000000080000000| PB 0x0000000080000000| Complete 
|   1|0x0000000080100000, 0x0000000080200000, 0x0000000080200000|100%|HC|  |TAMS 0x0000000080100000| PB 0x0000000080100000| Complete 
|   2|0x0000000080200000, 0x0000000080300000, 0x0000000080300000|100%|HC|  |TAMS 0x0000000080200000| PB 0x0000000080200000| Complete 
|   3|0x0000000080300000, 0x0000000080400000, 0x0000000080400000|100%| O|  |TAMS 0x0000000080300000| PB 0x0000000080300000| Untracked 
|   4|0x0000000080400000, 0x0000000080500000, 0x0000000080500000|100%| O|  |TAMS 0x0000000080400000| PB 0x0000000080400000| Untracked 
|   5|0x0000000080500000, 0x0000000080600000, 0x0000000080600000|100%| O|  |TAMS 0x0000000080500000| PB 0x0000000080500000| Untracked 
|   6|0x0000000080600000, 0x0000000080700000, 0x0000000080700000|100%|HS|  |TAMS 0x0000000080600000| PB 0x0000000080600000| Complete 
|   7|0x0000000080700000, 0x0000000080800000, 0x0000000080800000|100%| O|  |TAMS 0x0000000080700000| PB 0x0000000080700000| Untracked 
|   8|0x0000000080800000, 0x0000000080900000, 0x0000000080900000|100%| O|  |TAMS 0x0000000080800000| PB 0x0000000080800000| Untracked 
|   9|0x0000000080900000, 0x0000000080a00000, 0x0000000080a00000|100%| O|  |TAMS 0x0000000080900000| PB 0x0000000080900000| Untracked 
|  10|0x0000000080a00000, 0x0000000080b00000, 0x0000000080b00000|100%| O|  |TAMS 0x0000000080a00000| PB 0x0000000080a00000| Untracked 
|  11|0x0000000080b00000, 0x0000000080c00000, 0x0000000080c00000|100%| O|  |TAMS 0x0000000080b00000| PB 0x0000000080b00000| Untracked 
|  12|0x0000000080c00000, 0x0000000080d00000, 0x0000000080d00000|100%| O|Cm|TAMS 0x0000000080c00000| PB 0x0000000080c00000| Complete 
|  13|0x0000000080d00000, 0x0000000080e00000, 0x0000000080e00000|100%| O|  |TAMS 0x0000000080d00000| PB 0x0000000080d00000| Untracked 
|  14|0x0000000080e00000, 0x0000000080f00000, 0x0000000080f00000|100%| O|  |TAMS 0x0000000080e00000| PB 0x0000000080e00000| Untracked 
|  15|0x0000000080f00000, 0x0000000081000000, 0x0000000081000000|100%| O|  |TAMS 0x0000000080f00000| PB 0x0000000080f00000| Untracked 
|  16|0x0000000081000000, 0x0000000081100000, 0x0000000081100000|100%| O|  |TAMS 0x0000000081000000| PB 0x0000000081000000| Untracked 
|  17|0x0000000081100000, 0x0000000081200000, 0x0000000081200000|100%| O|  |TAMS 0x0000000081100000| PB 0x0000000081100000| Untracked 
|  18|0x0000000081200000, 0x0000000081300000, 0x0000000081300000|100%| O|  |TAMS 0x0000000081200000| PB 0x0000000081200000| Untracked 
|  19|0x0000000081300000, 0x0000000081400000, 0x0000000081400000|100%| O|  |TAMS 0x0000000081300000| PB 0x0000000081300000| Untracked 
|  20|0x0000000081400000, 0x0000000081500000, 0x0000000081500000|100%| O|  |TAMS 0x0000000081400000| PB 0x0000000081400000| Untracked 
|  21|0x0000000081500000, 0x0000000081600000, 0x0000000081600000|100%| O|  |TAMS 0x0000000081500000| PB 0x0000000081500000| Untracked 
|  22|0x0000000081600000, 0x0000000081700000, 0x0000000081700000|100%| O|  |TAMS 0x0000000081600000| PB 0x0000000081600000| Untracked 
|  23|0x0000000081700000, 0x00000000817e78b0, 0x0000000081800000| 90%| O|  |TAMS 0x0000000081700000| PB 0x0000000081700000| Untracked 
|  24|0x0000000081800000, 0x0000000081800000, 0x0000000081900000|  0%| F|  |TAMS 0x0000000081800000| PB 0x0000000081800000| Untracked 
|  25|0x0000000081900000, 0x0000000081900000, 0x0000000081a00000|  0%| F|  |TAMS 0x0000000081900000| PB 0x0000000081900000| Untracked 
|  26|0x0000000081a00000, 0x0000000081a00000, 0x0000000081b00000|  0%| F|  |TAMS 0x0000000081a00000| PB 0x0000000081a00000| Untracked 
|  27|0x0000000081b00000, 0x0000000081b00000, 0x0000000081c00000|  0%| F|  |TAMS 0x0000000081b00000| PB 0x0000000081b00000| Untracked 
|  28|0x0000000081c00000, 0x0000000081c00000, 0x0000000081d00000|  0%| F|  |TAMS 0x0000000081c00000| PB 0x0000000081c00000| Untracked 
|  29|0x0000000081d00000, 0x0000000081d00000, 0x0000000081e00000|  0%| F|  |TAMS 0x0000000081d00000| PB 0x0000000081d00000| Untracked 
|  30|0x0000000081e00000, 0x0000000081e00000, 0x0000000081f00000|  0%| F|  |TAMS 0x0000000081e00000| PB 0x0000000081e00000| Untracked 
|  31|0x0000000081f00000, 0x0000000081f00000, 0x0000000082000000|  0%| F|  |TAMS 0x0000000081f00000| PB 0x0000000081f00000| Untracked 
|  32|0x0000000082000000, 0x0000000082000000, 0x0000000082100000|  0%| F|  |TAMS 0x0000000082000000| PB 0x0000000082000000| Untracked 
|  33|0x0000000082100000, 0x0000000082100000, 0x0000000082200000|  0%| F|  |TAMS 0x0000000082100000| PB 0x0000000082100000| Untracked 
|  34|0x0000000082200000, 0x0000000082200000, 0x0000000082300000|  0%| F|  |TAMS 0x0000000082200000| PB 0x0000000082200000| Untracked 
|  35|0x0000000082300000, 0x0000000082300000, 0x0000000082400000|  0%| F|  |TAMS 0x0000000082300000| PB 0x0000000082300000| Untracked 
|  36|0x0000000082400000, 0x0000000082400000, 0x0000000082500000|  0%| F|  |TAMS 0x0000000082400000| PB 0x0000000082400000| Untracked 
|  37|0x0000000082500000, 0x0000000082500000, 0x0000000082600000|  0%| F|  |TAMS 0x0000000082500000| PB 0x0000000082500000| Untracked 
|  38|0x0000000082600000, 0x0000000082600000, 0x0000000082700000|  0%| F|  |TAMS 0x0000000082600000| PB 0x0000000082600000| Untracked 
|  39|0x0000000082700000, 0x0000000082700000, 0x0000000082800000|  0%| F|  |TAMS 0x0000000082700000| PB 0x0000000082700000| Untracked 
|  40|0x0000000082800000, 0x0000000082800000, 0x0000000082900000|  0%| F|  |TAMS 0x0000000082800000| PB 0x0000000082800000| Untracked 
|  41|0x0000000082900000, 0x0000000082900000, 0x0000000082a00000|  0%| F|  |TAMS 0x0000000082900000| PB 0x0000000082900000| Untracked 
|  42|0x0000000082a00000, 0x0000000082a00000, 0x0000000082b00000|  0%| F|  |TAMS 0x0000000082a00000| PB 0x0000000082a00000| Untracked 
|  43|0x0000000082b00000, 0x0000000082b00000, 0x0000000082c00000|  0%| F|  |TAMS 0x0000000082b00000| PB 0x0000000082b00000| Untracked 
|  44|0x0000000082c00000, 0x0000000082c00000, 0x0000000082d00000|  0%| F|  |TAMS 0x0000000082c00000| PB 0x0000000082c00000| Untracked 
|  45|0x0000000082d00000, 0x0000000082d00000, 0x0000000082e00000|  0%| F|  |TAMS 0x0000000082d00000| PB 0x0000000082d00000| Untracked 
|  46|0x0000000082e00000, 0x0000000082e00000, 0x0000000082f00000|  0%| F|  |TAMS 0x0000000082e00000| PB 0x0000000082e00000| Untracked 
|  47|0x0000000082f00000, 0x0000000082f00000, 0x0000000083000000|  0%| F|  |TAMS 0x0000000082f00000| PB 0x0000000082f00000| Untracked 
|  48|0x0000000083000000, 0x0000000083000000, 0x0000000083100000|  0%| F|  |TAMS 0x0000000083000000| PB 0x0000000083000000| Untracked 
|  49|0x0000000083100000, 0x0000000083100000, 0x0000000083200000|  0%| F|  |TAMS 0x0000000083100000| PB 0x0000000083100000| Untracked 
|  50|0x0000000083200000, 0x0000000083200000, 0x0000000083300000|  0%| F|  |TAMS 0x0000000083200000| PB 0x0000000083200000| Untracked 
|  51|0x0000000083300000, 0x0000000083300000, 0x0000000083400000|  0%| F|  |TAMS 0x0000000083300000| PB 0x0000000083300000| Untracked 
|  52|0x0000000083400000, 0x0000000083400000, 0x0000000083500000|  0%| F|  |TAMS 0x0000000083400000| PB 0x0000000083400000| Untracked 
|  53|0x0000000083500000, 0x0000000083600000, 0x0000000083600000|100%| S|CS|TAMS 0x0000000083500000| PB 0x0000000083500000| Complete 
|  54|0x0000000083600000, 0x0000000083680000, 0x0000000083700000| 50%| E|  |TAMS 0x0000000083600000| PB 0x0000000083600000| Complete 
|  55|0x0000000083700000, 0x0000000083800000, 0x0000000083800000|100%| E|CS|TAMS 0x0000000083700000| PB 0x0000000083700000| Complete 
|  56|0x0000000083800000, 0x0000000083900000, 0x0000000083900000|100%| E|CS|TAMS 0x0000000083800000| PB 0x0000000083800000| Complete 
|  57|0x0000000083900000, 0x0000000083a00000, 0x0000000083a00000|100%| E|CS|TAMS 0x0000000083900000| PB 0x0000000083900000| Complete 
|  58|0x0000000083a00000, 0x0000000083b00000, 0x0000000083b00000|100%| E|CS|TAMS 0x0000000083a00000| PB 0x0000000083a00000| Complete 
|  59|0x0000000083b00000, 0x0000000083c00000, 0x0000000083c00000|100%| E|CS|TAMS 0x0000000083b00000| PB 0x0000000083b00000| Complete 
|  60|0x0000000083c00000, 0x0000000083d00000, 0x0000000083d00000|100%| E|CS|TAMS 0x0000000083c00000| PB 0x0000000083c00000| Complete 
|  61|0x0000000083d00000, 0x0000000083e00000, 0x0000000083e00000|100%| E|CS|TAMS 0x0000000083d00000| PB 0x0000000083d00000| Complete 
|  62|0x0000000083e00000, 0x0000000083f00000, 0x0000000083f00000|100%| E|CS|TAMS 0x0000000083e00000| PB 0x0000000083e00000| Complete 
|  63|0x0000000083f00000, 0x0000000084000000, 0x0000000084000000|100%| E|CS|TAMS 0x0000000083f00000| PB 0x0000000083f00000| Complete 
|  64|0x0000000084000000, 0x0000000084100000, 0x0000000084100000|100%| E|CS|TAMS 0x0000000084000000| PB 0x0000000084000000| Complete 
| 105|0x0000000086900000, 0x0000000086a00000, 0x0000000086a00000|100%| E|CS|TAMS 0x0000000086900000| PB 0x0000000086900000| Complete 
| 106|0x0000000086a00000, 0x0000000086b00000, 0x0000000086b00000|100%| E|CS|TAMS 0x0000000086a00000| PB 0x0000000086a00000| Complete 
| 107|0x0000000086b00000, 0x0000000086c00000, 0x0000000086c00000|100%| E|CS|TAMS 0x0000000086b00000| PB 0x0000000086b00000| Complete 
| 124|0x0000000087c00000, 0x0000000087d00000, 0x0000000087d00000|100%| E|CS|TAMS 0x0000000087c00000| PB 0x0000000087c00000| Complete 
| 125|0x0000000087d00000, 0x0000000087e00000, 0x0000000087e00000|100%| E|CS|TAMS 0x0000000087d00000| PB 0x0000000087d00000| Complete 

Card table byte_map: [0x000001edd33e0000,0x000001edd37e0000] _byte_map_base: 0x000001edd2fe0000

Marking Bits: (CMBitMap*) 0x000001edc0ee45a0
 Bits: [0x000001edd37e0000, 0x000001edd57e0000)

Polling page: 0x000001edc0650000

Metaspace:

Usage:
  Non-class:     31.58 MB used.
      Class:      5.19 MB used.
       Both:     36.77 MB used.

Virtual space:
  Non-class space:       64.00 MB reserved,      32.06 MB ( 50%) committed,  1 nodes.
      Class space:        1.00 GB reserved,       5.62 MB ( <1%) committed,  1 nodes.
             Both:        1.06 GB reserved,      37.69 MB (  3%) committed. 

Chunk freelists:
   Non-Class:  15.98 MB
       Class:  10.36 MB
        Both:  26.35 MB

MaxMetaspaceSize: unlimited
CompressedClassSpaceSize: 1.00 GB
Initial GC threshold: 21.00 MB
Current GC threshold: 58.88 MB
CDS: off
 - commit_granule_bytes: 65536.
 - commit_granule_words: 8192.
 - virtual_space_node_default_size: 8388608.
 - enlarge_chunks_in_place: 1.
 - use_allocation_guard: 0.


Internal statistics:

num_allocs_failed_limit: 6.
num_arena_births: 1500.
num_arena_deaths: 0.
num_vsnodes_births: 2.
num_vsnodes_deaths: 0.
num_space_committed: 603.
num_space_uncommitted: 0.
num_chunks_returned_to_freelist: 6.
num_chunks_taken_from_freelist: 2768.
num_chunk_merges: 6.
num_chunk_splits: 1779.
num_chunks_enlarged: 1120.
num_inconsistent_stats: 0.

CodeHeap 'non-profiled nmethods': size=120000Kb used=1712Kb max_used=1890Kb free=118287Kb
 bounds [0x000001edcbab0000, 0x000001edcbd20000, 0x000001edd2fe0000]
CodeHeap 'profiled nmethods': size=120000Kb used=5914Kb max_used=6445Kb free=114085Kb
 bounds [0x000001edc3fe0000, 0x000001edc4650000, 0x000001edcb510000]
CodeHeap 'non-nmethods': size=5760Kb used=1657Kb max_used=1697Kb free=4103Kb
 bounds [0x000001edcb510000, 0x000001edcb780000, 0x000001edcbab0000]
CodeCache: size=245760Kb, used=9283Kb, max_used=10032Kb, free=236475Kb
 total_blobs=3617, nmethods=3032, adapters=489, full_count=0
Compilation: enabled, stopped_count=0, restarted_count=0

Compilation events (20 events):
Event: 4.421 Thread 0x000001eddc07e4d0 3420       3       java.lang.invoke.VarHandleGuards::guard_LI_L (89 bytes)
Event: 4.423 Thread 0x000001eddc07e4d0 nmethod 3420 0x000001edc4104f10 code [0x000001edc41052a0, 0x000001edc4106eb0]
Event: 4.424 Thread 0x000001eddc07e4d0 3423       3       java.util.Optional::orElseGet (21 bytes)
Event: 4.425 Thread 0x000001eddc07e4d0 nmethod 3423 0x000001edc4112610 code [0x000001edc41127c0, 0x000001edc41129d8]
Event: 4.425 Thread 0x000001eddc07e4d0 3424       3       com.google.common.collect.ImmutableList::asImmutableList (69 bytes)
Event: 4.426 Thread 0x000001eddc07e4d0 nmethod 3424 0x000001edc40a3810 code [0x000001edc40a3aa0, 0x000001edc40a45f0]
Event: 4.430 Thread 0x000001eddc07e4d0 3425       1       jdk.internal.event.ThreadSleepEvent::isEnabled (2 bytes)
Event: 4.430 Thread 0x000001eddc07e4d0 nmethod 3425 0x000001edcbaf7810 code [0x000001edcbaf79a0, 0x000001edcbaf7a68]
Event: 4.437 Thread 0x000001eddc07e4d0 3427       3       org.gradle.internal.hash.Hashing$MessageDigestHasher::putInt (15 bytes)
Event: 4.437 Thread 0x000001eddc07e4d0 nmethod 3427 0x000001edc3fe3990 code [0x000001edc3fe3ba0, 0x000001edc3fe4190]
Event: 4.437 Thread 0x000001eddc07e4d0 3429       3       java.io.WinNTFileSystem::resolve (326 bytes)
Event: 4.438 Thread 0x000001eddc479870 nmethod 3418 0x000001edcbb74590 code [0x000001edcbb74800, 0x000001edcbb75510]
Event: 4.438 Thread 0x000001eddc479870 3422   !   4       java.net.URL::set (114 bytes)
Event: 4.441 Thread 0x000001eddc07e4d0 nmethod 3429 0x000001edc4032010 code [0x000001edc4032540, 0x000001edc4035328]
Event: 4.441 Thread 0x000001eddc07e4d0 3428       3       java.nio.HeapByteBuffer::putInt (31 bytes)
Event: 4.442 Thread 0x000001eddc07e4d0 nmethod 3428 0x000001edc40c0190 code [0x000001edc40c0400, 0x000001edc40c0e08]
Event: 4.447 Thread 0x000001eddc479870 nmethod 3422 0x000001edcbaf6810 code [0x000001edcbaf69c0, 0x000001edcbaf7340]
Event: 4.447 Thread 0x000001eddc479870 3430       4       sun.net.util.URLUtil::urlNoFragString (143 bytes)
Event: 4.451 Thread 0x000001eddc07e4d0 3433       3       java.lang.String::equals (56 bytes)
Event: 4.451 Thread 0x000001eddc07e4d0 nmethod 3433 0x000001edc402fe90 code [0x000001edc4030060, 0x000001edc4030490]

GC Heap History (14 events):
Event: 0.330 GC heap before
{Heap before GC invocations=0 (full 0):
 garbage-first heap   total 129024K, used 13312K [0x0000000080000000, 0x0000000100000000)
  region size 1024K, 13 young (13312K), 0 survivors (0K)
 Metaspace       used 7488K, committed 7616K, reserved 1114112K
  class space    used 701K, committed 768K, reserved 1048576K
}
Event: 0.332 GC heap after
{Heap after GC invocations=1 (full 0):
 garbage-first heap   total 129024K, used 1365K [0x0000000080000000, 0x0000000100000000)
  region size 1024K, 2 young (2048K), 2 survivors (2048K)
 Metaspace       used 7488K, committed 7616K, reserved 1114112K
  class space    used 701K, committed 768K, reserved 1048576K
}
Event: 0.938 GC heap before
{Heap before GC invocations=1 (full 0):
 garbage-first heap   total 129024K, used 29013K [0x0000000080000000, 0x0000000100000000)
  region size 1024K, 27 young (27648K), 2 survivors (2048K)
 Metaspace       used 11326K, committed 11456K, reserved 1114112K
  class space    used 1232K, committed 1280K, reserved 1048576K
}
Event: 0.944 GC heap after
{Heap after GC invocations=2 (full 0):
 garbage-first heap   total 129024K, used 10166K [0x0000000080000000, 0x0000000100000000)
  region size 1024K, 4 young (4096K), 4 survivors (4096K)
 Metaspace       used 11326K, committed 11456K, reserved 1114112K
  class space    used 1232K, committed 1280K, reserved 1048576K
}
Event: 1.881 GC heap before
{Heap before GC invocations=2 (full 0):
 garbage-first heap   total 129024K, used 83894K [0x0000000080000000, 0x0000000100000000)
  region size 1024K, 75 young (76800K), 4 survivors (4096K)
 Metaspace       used 16480K, committed 16640K, reserved 1114112K
  class space    used 1916K, committed 1984K, reserved 1048576K
}
Event: 1.888 GC heap after
{Heap after GC invocations=3 (full 0):
 garbage-first heap   total 129024K, used 18216K [0x0000000080000000, 0x0000000100000000)
  region size 1024K, 10 young (10240K), 10 survivors (10240K)
 Metaspace       used 16480K, committed 16640K, reserved 1114112K
  class space    used 1916K, committed 1984K, reserved 1048576K
}
Event: 2.317 GC heap before
{Heap before GC invocations=3 (full 0):
 garbage-first heap   total 129024K, used 35624K [0x0000000080000000, 0x0000000100000000)
  region size 1024K, 28 young (28672K), 10 survivors (10240K)
 Metaspace       used 21187K, committed 21504K, reserved 1114112K
  class space    used 2534K, committed 2688K, reserved 1048576K
}
Event: 2.326 GC heap after
{Heap after GC invocations=4 (full 0):
 garbage-first heap   total 129024K, used 20411K [0x0000000080000000, 0x0000000100000000)
  region size 1024K, 3 young (3072K), 3 survivors (3072K)
 Metaspace       used 21187K, committed 21504K, reserved 1114112K
  class space    used 2534K, committed 2688K, reserved 1048576K
}
Event: 3.333 GC heap before
{Heap before GC invocations=5 (full 0):
 garbage-first heap   total 71680K, used 59323K [0x0000000080000000, 0x0000000100000000)
  region size 1024K, 42 young (43008K), 3 survivors (3072K)
 Metaspace       used 28120K, committed 28608K, reserved 1114112K
  class space    used 3639K, committed 3840K, reserved 1048576K
}
Event: 3.341 GC heap after
{Heap after GC invocations=6 (full 0):
 garbage-first heap   total 71680K, used 22128K [0x0000000080000000, 0x0000000100000000)
  region size 1024K, 4 young (4096K), 4 survivors (4096K)
 Metaspace       used 28120K, committed 28608K, reserved 1114112K
  class space    used 3639K, committed 3840K, reserved 1048576K
}
Event: 3.941 GC heap before
{Heap before GC invocations=6 (full 0):
 garbage-first heap   total 71680K, used 57968K [0x0000000080000000, 0x0000000100000000)
  region size 1024K, 40 young (40960K), 4 survivors (4096K)
 Metaspace       used 32915K, committed 33600K, reserved 1114112K
  class space    used 4490K, committed 4800K, reserved 1048576K
}
Event: 3.949 GC heap after
{Heap after GC invocations=7 (full 0):
 garbage-first heap   total 71680K, used 24745K [0x0000000080000000, 0x0000000100000000)
  region size 1024K, 5 young (5120K), 5 survivors (5120K)
 Metaspace       used 32915K, committed 33600K, reserved 1114112K
  class space    used 4490K, committed 4800K, reserved 1048576K
}
Event: 4.150 GC heap before
{Heap before GC invocations=7 (full 0):
 garbage-first heap   total 71680K, used 40105K [0x0000000080000000, 0x0000000100000000)
  region size 1024K, 21 young (21504K), 5 survivors (5120K)
 Metaspace       used 35198K, committed 35968K, reserved 1114112K
  class space    used 4889K, committed 5248K, reserved 1048576K
}
Event: 4.159 GC heap after
{Heap after GC invocations=8 (full 0):
 garbage-first heap   total 71680K, used 25502K [0x0000000080000000, 0x0000000100000000)
  region size 1024K, 1 young (1024K), 1 survivors (1024K)
 Metaspace       used 35198K, committed 35968K, reserved 1114112K
  class space    used 4889K, committed 5248K, reserved 1048576K
}

Dll operation events (3 events):
Event: 0.006 Loaded shared library D:\android_studio\android\jbr\bin\java.dll
Event: 0.009 Loaded shared library D:\android_studio\android\jbr\bin\zip.dll
Event: 0.659 Loaded shared library D:\android_studio\android\jbr\bin\verify.dll

Deoptimization events (20 events):
Event: 4.439 Thread 0x000001eddde5cb50 Uncommon trap: trap_request=0xffffffde fr.pc=0x000001edcbac3148 relative=0x00000000000001a8
Event: 4.439 Thread 0x000001eddde5cb50 Uncommon trap: reason=class_check action=maybe_recompile pc=0x000001edcbac3148 method=java.lang.String.equals(Ljava/lang/Object;)Z @ 8 c2
Event: 4.439 Thread 0x000001eddde5cb50 DEOPT PACKING pc=0x000001edcbac3148 sp=0x000000311f0fa810
Event: 4.439 Thread 0x000001eddde5cb50 DEOPT UNPACKING pc=0x000001edcb567da2 sp=0x000000311f0fa7a8 mode 2
Event: 4.456 Thread 0x000001eddde5cb50 Uncommon trap: trap_request=0xffffff45 fr.pc=0x000001edcbbc365c relative=0x000000000000029c
Event: 4.456 Thread 0x000001eddde5cb50 Uncommon trap: reason=unstable_if action=reinterpret pc=0x000001edcbbc365c method=java.lang.String.regionMatches(ZILjava/lang/String;II)Z @ 36 c2
Event: 4.456 Thread 0x000001eddde5cb50 DEOPT PACKING pc=0x000001edcbbc365c sp=0x000000311f0fa540
Event: 4.456 Thread 0x000001eddde5cb50 DEOPT UNPACKING pc=0x000001edcb567da2 sp=0x000000311f0fa4a8 mode 2
Event: 4.457 Thread 0x000001eddde5cb50 Uncommon trap: trap_request=0xffffffde fr.pc=0x000001edcbb1b5ac relative=0x000000000000104c
Event: 4.457 Thread 0x000001eddde5cb50 Uncommon trap: reason=class_check action=maybe_recompile pc=0x000001edcbb1b5ac method=jdk.internal.loader.URLClassPath.getLoader(I)Ljdk/internal/loader/URLClassPath$Loader; @ 88 c2
Event: 4.457 Thread 0x000001eddde5cb50 DEOPT PACKING pc=0x000001edcbb1b5ac sp=0x000000311f0fa8e0
Event: 4.457 Thread 0x000001eddde5cb50 DEOPT UNPACKING pc=0x000001edcb567da2 sp=0x000000311f0fa8d0 mode 2
Event: 4.457 Thread 0x000001eddde5cb50 Uncommon trap: trap_request=0xffffffde fr.pc=0x000001edcbc2a25c relative=0x000000000000461c
Event: 4.457 Thread 0x000001eddde5cb50 Uncommon trap: reason=class_check action=maybe_recompile pc=0x000001edcbc2a25c method=jdk.internal.loader.URLClassPath.getResource(Ljava/lang/String;Z)Ljdk/internal/loader/Resource; @ 53 c2
Event: 4.457 Thread 0x000001eddde5cb50 DEOPT PACKING pc=0x000001edcbc2a25c sp=0x000000311f0fa9a0
Event: 4.457 Thread 0x000001eddde5cb50 DEOPT UNPACKING pc=0x000001edcb567da2 sp=0x000000311f0fa928 mode 2
Event: 4.459 Thread 0x000001eddde5cb50 Uncommon trap: trap_request=0xffffff45 fr.pc=0x000001edcbc0723c relative=0x0000000000004c1c
Event: 4.459 Thread 0x000001eddde5cb50 Uncommon trap: reason=unstable_if action=reinterpret pc=0x000001edcbc0723c method=java.lang.ClassLoader.getClassLoadingLock(Ljava/lang/String;)Ljava/lang/Object; @ 6 c2
Event: 4.459 Thread 0x000001eddde5cb50 DEOPT PACKING pc=0x000001edcbc0723c sp=0x000000311f0f8f70
Event: 4.459 Thread 0x000001eddde5cb50 DEOPT UNPACKING pc=0x000001edcb567da2 sp=0x000000311f0f8f50 mode 2

Classes loaded (20 events):
Event: 4.306 Loading class java/nio/file/Files$3
Event: 4.306 Loading class java/nio/file/Files$3 done
Event: 4.307 Loading class java/nio/file/FileVisitResult
Event: 4.308 Loading class java/nio/file/FileVisitResult done
Event: 4.326 Loading class java/nio/charset/CharacterCodingException
Event: 4.326 Loading class java/nio/charset/CharacterCodingException done
Event: 4.355 Loading class java/util/stream/IntStream
Event: 4.355 Loading class java/util/stream/IntStream done
Event: 4.355 Loading class java/util/stream/Streams$RangeIntSpliterator
Event: 4.355 Loading class java/util/stream/Streams$RangeIntSpliterator done
Event: 4.355 Loading class java/util/stream/IntPipeline$Head
Event: 4.355 Loading class java/util/stream/IntPipeline
Event: 4.356 Loading class java/util/stream/IntPipeline done
Event: 4.356 Loading class java/util/stream/IntPipeline$Head done
Event: 4.357 Loading class java/util/function/IntConsumer
Event: 4.357 Loading class java/util/function/IntConsumer done
Event: 4.455 Loading class jdk/internal/loader/URLClassPath$FileLoader
Event: 4.455 Loading class jdk/internal/loader/URLClassPath$FileLoader done
Event: 4.457 Loading class jdk/internal/loader/URLClassPath$FileLoader$1
Event: 4.457 Loading class jdk/internal/loader/URLClassPath$FileLoader$1 done

Classes unloaded (0 events):
No events

Classes redefined (0 events):
No events

Internal exceptions (20 events):
Event: 3.939 Thread 0x000001eddde5cb50 Exception <a 'java/lang/NoSuchMethodError'{0x00000000822e1258}: 'java.lang.Object java.lang.invoke.DirectMethodHandle$Holder.invokeStaticInit(java.lang.Object, java.lang.Object, java.lang.Object, java.lang.Object)'> (0x00000000822e1258) 
thrown [s\src\hotspot\share\interpreter\linkResolver.cpp, line 784]
Event: 3.969 Thread 0x000001eddde5cb50 Exception <a 'java/lang/NoSuchMethodError'{0x0000000087c9aac0}: 'java.lang.Object java.lang.invoke.DirectMethodHandle$Holder.newInvokeSpecial(java.lang.Object, java.lang.Object, java.lang.Object, java.lang.Object, java.lang.Object, java.lang.Object, java.lang.Object, java.lang.Object)'> (0x0000000087c9aac0) 
thrown [s\src\hotspot\share\interpreter\linkResolver.cpp, line 784]
Event: 3.972 Thread 0x000001eddde5cb50 Exception <a 'java/lang/NoSuchMethodError'{0x0000000087ce2908}: 'void java.lang.invoke.DirectMethodHandle$Holder.invokeStatic(java.lang.Object, java.lang.Object, java.lang.Object, java.lang.Object)'> (0x0000000087ce2908) 
thrown [s\src\hotspot\share\interpreter\linkResolver.cpp, line 784]
Event: 3.981 Thread 0x000001eddde5cb50 Exception <a 'java/lang/NoSuchMethodError'{0x0000000086b6c5f0}: 'java.lang.Object java.lang.invoke.DirectMethodHandle$Holder.invokeVirtual(java.lang.Object, java.lang.Object, java.lang.Object, java.lang.Object, java.lang.Object, java.lang.Object, java.lang.Object, java.lang.Object, java.lang.Object, java.lang.Object, java.lang.Object, java.lang.Object, java.lang.Object)'> (0x0000000086b6c5f0) 
thrown [s\src\hotspot\share\interpreter\linkResolver.cpp, line 784]
Event: 3.981 Thread 0x000001eddde5cb50 Exception <a 'java/lang/NoSuchMethodError'{0x0000000086b71828}: 'java.lang.Object java.lang.invoke.DirectMethodHandle$Holder.invokeSpecial(java.lang.Object, java.lang.Object, java.lang.Object, java.lang.Object, java.lang.Object, java.lang.Object, java.lang.Object, java.lang.Object, java.lang.Object, java.lang.Object, java.lang.Object, java.lang.Object, java.lang.Object, java.lang.Object)'> (0x0000000086b71828) 
thrown [s\src\hotspot\share\interpreter\linkResolver.cpp, line 784]
Event: 3.981 Thread 0x000001eddde5cb50 Exception <a 'java/lang/NoSuchMethodError'{0x0000000086b76578}: 'java.lang.Object java.lang.invoke.DelegatingMethodHandle$Holder.reinvoke_L(java.lang.Object, java.lang.Object, java.lang.Object, java.lang.Object, java.lang.Object, java.lang.Object, java.lang.Object, java.lang.Object, java.lang.Object, java.lang.Object, java.lang.Object, java.lang.Object, java.lang.Object)'> (0x0000000086b76578) 
thrown [s\src\hotspot\share\interpreter\linkResolver.cpp, line 784]
Event: 4.052 Thread 0x000001eddde5cb50 Exception <a 'java/lang/NoSuchMethodError'{0x0000000083eef998}: 'java.lang.Object java.lang.invoke.DirectMethodHandle$Holder.newInvokeSpecial(java.lang.Object, java.lang.Object, java.lang.Object, java.lang.Object, java.lang.Object, java.lang.Object, java.lang.Object, java.lang.Object, java.lang.Object)'> (0x0000000083eef998) 
thrown [s\src\hotspot\share\interpreter\linkResolver.cpp, line 784]
Event: 4.137 Thread 0x000001eddde5cb50 Exception <a 'java/lang/NoSuchMethodError'{0x0000000083899fc8}: 'void java.lang.invoke.DirectMethodHandle$Holder.invokeInterface(java.lang.Object, java.lang.Object, java.lang.Object, java.lang.Object, java.lang.Object)'> (0x0000000083899fc8) 
thrown [s\src\hotspot\share\interpreter\linkResolver.cpp, line 784]
Event: 4.140 Thread 0x000001eddde5cb50 Exception <a 'java/lang/NoSuchMethodError'{0x00000000838d9fe8}: 'void java.lang.invoke.DirectMethodHandle$Holder.invokeStatic(java.lang.Object, java.lang.Object, java.lang.Object, java.lang.Object, java.lang.Object, java.lang.Object)'> (0x00000000838d9fe8) 
thrown [s\src\hotspot\share\interpreter\linkResolver.cpp, line 784]
Event: 4.280 Thread 0x000001eddde5cb50 Exception <a 'java/lang/IncompatibleClassChangeError'{0x0000000083e05108}: Found class java.lang.Object, but interface was expected> (0x0000000083e05108) 
thrown [s\src\hotspot\share\interpreter\linkResolver.cpp, line 851]
Event: 4.295 Thread 0x000001eddde5cb50 Exception <a 'java/lang/NoSuchMethodError'{0x0000000083eda8e0}: 'java.lang.Object java.lang.invoke.DirectMethodHandle$Holder.newInvokeSpecial(java.lang.Object, java.lang.Object, long)'> (0x0000000083eda8e0) 
thrown [s\src\hotspot\share\interpreter\linkResolver.cpp, line 784]
Event: 4.295 Thread 0x000001eddde5cb50 Exception <a 'java/lang/NoSuchMethodError'{0x0000000083edecc8}: 'java.lang.Object java.lang.invoke.Invokers$Holder.linkToTargetMethod(java.lang.Object, long, java.lang.Object)'> (0x0000000083edecc8) 
thrown [s\src\hotspot\share\interpreter\linkResolver.cpp, line 784]
Event: 4.341 Thread 0x000001eddde5cb50 Exception <a 'java/lang/NoSuchMethodError'{0x0000000083b1d078}: 'int java.lang.invoke.DirectMethodHandle$Holder.invokeInterface(java.lang.Object, java.lang.Object)'> (0x0000000083b1d078) 
thrown [s\src\hotspot\share\interpreter\linkResolver.cpp, line 784]
Event: 4.354 Thread 0x000001eddde5cb50 Exception <a 'java/lang/NoSuchMethodError'{0x0000000083ba8978}: 'java.lang.Object java.lang.invoke.DirectMethodHandle$Holder.invokeVirtual(java.lang.Object, java.lang.Object, int)'> (0x0000000083ba8978) 
thrown [s\src\hotspot\share\interpreter\linkResolver.cpp, line 784]
Event: 4.357 Thread 0x000001eddde5cb50 Exception <a 'java/lang/NoSuchMethodError'{0x0000000083bdb490}: 'void java.lang.invoke.DirectMethodHandle$Holder.invokeStatic(java.lang.Object, java.lang.Object, java.lang.Object, int)'> (0x0000000083bdb490) 
thrown [s\src\hotspot\share\interpreter\linkResolver.cpp, line 784]
Event: 4.377 Thread 0x000001eddde5cb50 Exception <a 'java/lang/NoSuchMethodError'{0x0000000083a60010}: 'java.lang.Object java.lang.invoke.DirectMethodHandle$Holder.invokeStatic(java.lang.Object, java.lang.Object, int, java.lang.Object)'> (0x0000000083a60010) 
thrown [s\src\hotspot\share\interpreter\linkResolver.cpp, line 784]
Event: 4.378 Thread 0x000001eddde5cb50 Exception <a 'java/lang/NoSuchMethodError'{0x0000000083a67468}: 'java.lang.Object java.lang.invoke.DirectMethodHandle$Holder.newInvokeSpecial(java.lang.Object, java.lang.Object, int, java.lang.Object)'> (0x0000000083a67468) 
thrown [s\src\hotspot\share\interpreter\linkResolver.cpp, line 784]
Event: 4.378 Thread 0x000001eddde5cb50 Exception <a 'java/lang/NoSuchMethodError'{0x0000000083a6bf00}: 'java.lang.Object java.lang.invoke.DirectMethodHandle$Holder.invokeSpecial(java.lang.Object, java.lang.Object, java.lang.Object, int, java.lang.Object)'> (0x0000000083a6bf00) 
thrown [s\src\hotspot\share\interpreter\linkResolver.cpp, line 784]
Event: 4.448 Thread 0x000001eddde5cb50 Exception <a 'java/lang/NoSuchMethodError'{0x000000008375dba8}: 'void java.lang.invoke.DirectMethodHandle$Holder.invokeInterface(java.lang.Object, java.lang.Object, java.lang.Object, java.lang.Object, java.lang.Object, java.lang.Object, java.lang.Object)'> (0x000000008375dba8) 
thrown [s\src\hotspot\share\interpreter\linkResolver.cpp, line 784]
Event: 4.451 Thread 0x000001eddde5cb50 Exception <a 'java/lang/NoSuchMethodError'{0x0000000083762530}: 'void java.lang.invoke.DelegatingMethodHandle$Holder.reinvoke_L(java.lang.Object, java.lang.Object, java.lang.Object, java.lang.Object, java.lang.Object, java.lang.Object, java.lang.Object)'> (0x0000000083762530) 
thrown [s\src\hotspot\share\interpreter\linkResolver.cpp, line 784]

ZGC Phase Switch (0 events):
No events

VM Operations (20 events):
Event: 4.122 Executing VM operation: HandshakeAllThreads (Deoptimize)
Event: 4.122 Executing VM operation: HandshakeAllThreads (Deoptimize) done
Event: 4.150 Executing VM operation: CollectForMetadataAllocation (Metadata GC Threshold)
Event: 4.159 Executing VM operation: CollectForMetadataAllocation (Metadata GC Threshold) done
Event: 4.181 Executing VM operation: G1PauseRemark
Event: 4.185 Executing VM operation: G1PauseRemark done
Event: 4.195 Executing VM operation: G1PauseCleanup
Event: 4.195 Executing VM operation: G1PauseCleanup done
Event: 4.279 Executing VM operation: HandshakeAllThreads (Deoptimize)
Event: 4.279 Executing VM operation: HandshakeAllThreads (Deoptimize) done
Event: 4.282 Executing VM operation: HandshakeAllThreads (Deoptimize)
Event: 4.282 Executing VM operation: HandshakeAllThreads (Deoptimize) done
Event: 4.312 Executing VM operation: HandshakeAllThreads (Deoptimize)
Event: 4.312 Executing VM operation: HandshakeAllThreads (Deoptimize) done
Event: 4.313 Executing VM operation: HandshakeAllThreads (Deoptimize)
Event: 4.313 Executing VM operation: HandshakeAllThreads (Deoptimize) done
Event: 4.458 Executing VM operation: HandshakeAllThreads (Deoptimize)
Event: 4.458 Executing VM operation: HandshakeAllThreads (Deoptimize) done
Event: 4.458 Executing VM operation: HandshakeAllThreads (Deoptimize)
Event: 4.458 Executing VM operation: HandshakeAllThreads (Deoptimize) done

Memory protections (0 events):
No events

Nmethod flushes (20 events):
Event: 4.185 Thread 0x000001edd7d132b0 flushing  nmethod 0x000001edc43f6790
Event: 4.185 Thread 0x000001edd7d132b0 flushing  nmethod 0x000001edc4434f10
Event: 4.185 Thread 0x000001edd7d132b0 flushing  nmethod 0x000001edc4436b10
Event: 4.185 Thread 0x000001edd7d132b0 flushing  nmethod 0x000001edc4437510
Event: 4.185 Thread 0x000001edd7d132b0 flushing  nmethod 0x000001edc4438290
Event: 4.185 Thread 0x000001edd7d132b0 flushing  nmethod 0x000001edc443b490
Event: 4.185 Thread 0x000001edd7d132b0 flushing  nmethod 0x000001edcbb0d190
Event: 4.185 Thread 0x000001edd7d132b0 flushing  nmethod 0x000001edcbb15010
Event: 4.185 Thread 0x000001edd7d132b0 flushing  nmethod 0x000001edcbbb5d10
Event: 4.185 Thread 0x000001edd7d132b0 flushing  nmethod 0x000001edcbbc6090
Event: 4.185 Thread 0x000001edd7d132b0 flushing  nmethod 0x000001edc42c7510
Event: 4.185 Thread 0x000001edd7d132b0 flushing  nmethod 0x000001edc42cbb90
Event: 4.185 Thread 0x000001edd7d132b0 flushing  nmethod 0x000001edc430ea10
Event: 4.185 Thread 0x000001edd7d132b0 flushing  nmethod 0x000001edc430f110
Event: 4.185 Thread 0x000001edd7d132b0 flushing  nmethod 0x000001edc430fb10
Event: 4.185 Thread 0x000001edd7d132b0 flushing  nmethod 0x000001edc4315510
Event: 4.185 Thread 0x000001edd7d132b0 flushing  nmethod 0x000001edc435bc90
Event: 4.185 Thread 0x000001edd7d132b0 flushing  nmethod 0x000001edc435ea10
Event: 4.185 Thread 0x000001edd7d132b0 flushing  nmethod 0x000001edc4360990
Event: 4.185 Thread 0x000001edd7d132b0 flushing  nmethod 0x000001edc43adf90

Events (20 events):
Event: 1.840 Thread 0x000001edbebc6280 Thread added: 0x000001eddc06bca0
Event: 1.947 Loaded shared library D:\android_studio\android\jbr\bin\extnet.dll
Event: 2.045 Thread 0x000001edbebc6280 Thread added: 0x000001eddc06a8f0
Event: 2.112 Thread 0x000001edbebc6280 Thread added: 0x000001eddc06a260
Event: 2.177 Thread 0x000001eddc06a8f0 Thread added: 0x000001eddc06c330
Event: 2.180 Thread 0x000001eddc06c330 Thread added: 0x000001eddc06c9c0
Event: 2.210 Thread 0x000001eddc06c330 Thread added: 0x000001eddc069540
Event: 2.245 Thread 0x000001eddc06c330 Thread added: 0x000001eddde5cb50
Event: 2.264 Thread 0x000001eddde5cb50 Thread added: 0x000001eddde57c90
Event: 2.270 Thread 0x000001eddde5cb50 Thread added: 0x000001eddde59040
Event: 2.273 Thread 0x000001eddde5cb50 Thread added: 0x000001eddde5c4c0
Event: 2.792 Thread 0x000001eddde5cb50 Thread added: 0x000001eddde596d0
Event: 2.807 Thread 0x000001eddde5cb50 Thread added: 0x000001eddde59d60
Event: 2.836 Thread 0x000001eddde5cb50 Thread added: 0x000001eddde5b7a0
Event: 3.877 Thread 0x000001eddde5cb50 Thread added: 0x000001eddde5d870
Event: 3.904 Thread 0x000001eddde5cb50 Thread added: 0x000001eddde568e0
Event: 4.094 Thread 0x000001eddde5cb50 Thread added: 0x000001eddde5a3f0
Event: 4.098 Thread 0x000001eddde5cb50 Thread added: 0x000001eddde5be30
Event: 4.379 Thread 0x000001eddde5cb50 Thread added: 0x000001eddde56f70
Event: 4.426 Thread 0x000001eddde5cb50 Thread added: 0x000001eddde5df00


Dynamic libraries:
0x00007ff7f7390000 - 0x00007ff7f739a000 	D:\android_studio\android\jbr\bin\java.exe
0x00007ffb1d970000 - 0x00007ffb1db87000 	C:\WINDOWS\SYSTEM32\ntdll.dll
0x00007ffb1c730000 - 0x00007ffb1c7f4000 	C:\WINDOWS\System32\KERNEL32.DLL
0x00007ffb1ae70000 - 0x00007ffb1b242000 	C:\WINDOWS\System32\KERNELBASE.dll
0x00007ffb1ad50000 - 0x00007ffb1ae61000 	C:\WINDOWS\System32\ucrtbase.dll
0x00007ffb14e60000 - 0x00007ffb14e78000 	D:\android_studio\android\jbr\bin\jli.dll
0x00007ffab8a40000 - 0x00007ffab8a5b000 	D:\android_studio\android\jbr\bin\VCRUNTIME140.dll
0x00007ffb1cee0000 - 0x00007ffb1d091000 	C:\WINDOWS\System32\USER32.dll
0x00007ffb1ac70000 - 0x00007ffb1ac96000 	C:\WINDOWS\System32\win32u.dll
0x00007ffb1c500000 - 0x00007ffb1c529000 	C:\WINDOWS\System32\GDI32.dll
0x00007ffb01f80000 - 0x00007ffb0221b000 	C:\WINDOWS\WinSxS\amd64_microsoft.windows.common-controls_6595b64144ccf1df_6.0.22621.5547_none_27104afb73855772\COMCTL32.dll
0x00007ffb1c550000 - 0x00007ffb1c5f7000 	C:\WINDOWS\System32\msvcrt.dll
0x00007ffb1b4d0000 - 0x00007ffb1b5f3000 	C:\WINDOWS\System32\gdi32full.dll
0x00007ffb1aa60000 - 0x00007ffb1aafa000 	C:\WINDOWS\System32\msvcp_win.dll
0x00007ffb1cea0000 - 0x00007ffb1ced1000 	C:\WINDOWS\System32\IMM32.DLL
0x00007ffae08f0000 - 0x00007ffae08fc000 	D:\android_studio\android\jbr\bin\vcruntime140_1.dll
0x00007ffb074e0000 - 0x00007ffb0756d000 	D:\android_studio\android\jbr\bin\msvcp140.dll
0x00007ffab7000000 - 0x00007ffab7c96000 	D:\android_studio\android\jbr\bin\server\jvm.dll
0x00007ffb1c200000 - 0x00007ffb1c2b1000 	C:\WINDOWS\System32\ADVAPI32.dll
0x00007ffb1c600000 - 0x00007ffb1c6a8000 	C:\WINDOWS\System32\sechost.dll
0x00007ffb1aca0000 - 0x00007ffb1acc8000 	C:\WINDOWS\System32\bcrypt.dll
0x00007ffb1c3d0000 - 0x00007ffb1c4e4000 	C:\WINDOWS\System32\RPCRT4.dll
0x00007ffb1c9d0000 - 0x00007ffb1ca41000 	C:\WINDOWS\System32\WS2_32.dll
0x00007ffb19900000 - 0x00007ffb1994d000 	C:\WINDOWS\SYSTEM32\POWRPROF.dll
0x00007ffb141d0000 - 0x00007ffb14204000 	C:\WINDOWS\SYSTEM32\WINMM.dll
0x00007ffb11ac0000 - 0x00007ffb11aca000 	C:\WINDOWS\SYSTEM32\VERSION.dll
0x00007ffb198c0000 - 0x00007ffb198d3000 	C:\WINDOWS\SYSTEM32\UMPDC.dll
0x00007ffb19b80000 - 0x00007ffb19b98000 	C:\WINDOWS\SYSTEM32\kernel.appcore.dll
0x00007ffadf360000 - 0x00007ffadf36a000 	D:\android_studio\android\jbr\bin\jimage.dll
0x00007ffb17af0000 - 0x00007ffb17d23000 	C:\WINDOWS\SYSTEM32\DBGHELP.DLL
0x00007ffb1d530000 - 0x00007ffb1d8c3000 	C:\WINDOWS\System32\combase.dll
0x00007ffb1c120000 - 0x00007ffb1c1f7000 	C:\WINDOWS\System32\OLEAUT32.dll
0x00007ffae53d0000 - 0x00007ffae5402000 	C:\WINDOWS\SYSTEM32\dbgcore.DLL
0x00007ffb1b310000 - 0x00007ffb1b38b000 	C:\WINDOWS\System32\bcryptPrimitives.dll
0x00007ffb14410000 - 0x00007ffb1441e000 	D:\android_studio\android\jbr\bin\instrument.dll
0x00007ffab6f80000 - 0x00007ffab6fa0000 	D:\android_studio\android\jbr\bin\java.dll
0x00007ffaf1fc0000 - 0x00007ffaf1fd8000 	D:\android_studio\android\jbr\bin\zip.dll
0x00007ffb1b710000 - 0x00007ffb1bfb2000 	C:\WINDOWS\System32\SHELL32.dll
0x00007ffb1b390000 - 0x00007ffb1b4cf000 	C:\WINDOWS\System32\wintypes.dll
0x00007ffb189a0000 - 0x00007ffb192bd000 	C:\WINDOWS\SYSTEM32\windows.storage.dll
0x00007ffb1c2c0000 - 0x00007ffb1c3cc000 	C:\WINDOWS\System32\SHCORE.dll
0x00007ffb1ca50000 - 0x00007ffb1cab9000 	C:\WINDOWS\System32\shlwapi.dll
0x00007ffb1a990000 - 0x00007ffb1a9bb000 	C:\WINDOWS\SYSTEM32\profapi.dll
0x00007ffb12970000 - 0x00007ffb12980000 	D:\android_studio\android\jbr\bin\net.dll
0x00007ffb17410000 - 0x00007ffb1753c000 	C:\WINDOWS\SYSTEM32\WINHTTP.dll
0x00007ffb1a000000 - 0x00007ffb1a069000 	C:\WINDOWS\system32\mswsock.dll
0x00007ffaf1fa0000 - 0x00007ffaf1fb6000 	D:\android_studio\android\jbr\bin\nio.dll
0x00007ffae0f00000 - 0x00007ffae0f10000 	D:\android_studio\android\jbr\bin\verify.dll
0x00007ffb05fe0000 - 0x00007ffb06007000 	C:\Users\User\.gradle\native\1def1411415f61bf3af743bc5b6707747c0891f09f0c88961ee8f79bc544acac\windows-amd64\native-platform.dll
0x00007ffaf92a0000 - 0x00007ffaf9318000 	C:\Users\User\.gradle\native\0.2.7\x86_64-windows-gnu\gradle-fileevents.dll
0x00007ffae88d0000 - 0x00007ffae88d9000 	D:\android_studio\android\jbr\bin\management.dll
0x00007ffae88c0000 - 0x00007ffae88cb000 	D:\android_studio\android\jbr\bin\management_ext.dll
0x00007ffb1c9a0000 - 0x00007ffb1c9a8000 	C:\WINDOWS\System32\PSAPI.DLL
0x00007ffb19510000 - 0x00007ffb1953d000 	C:\WINDOWS\SYSTEM32\IPHLPAPI.DLL
0x00007ffb1d0a0000 - 0x00007ffb1d0a9000 	C:\WINDOWS\System32\NSI.dll
0x00007ffb05590000 - 0x00007ffb05599000 	D:\android_studio\android\jbr\bin\extnet.dll
0x00007ffb1a250000 - 0x00007ffb1a26b000 	C:\WINDOWS\SYSTEM32\CRYPTSP.dll
0x00007ffb19ae0000 - 0x00007ffb19b17000 	C:\WINDOWS\system32\rsaenh.dll
0x00007ffb1a0f0000 - 0x00007ffb1a118000 	C:\WINDOWS\SYSTEM32\USERENV.dll
0x00007ffb1a270000 - 0x00007ffb1a27c000 	C:\WINDOWS\SYSTEM32\CRYPTBASE.dll
0x00007ffab2350000 - 0x00007ffab2358000 	C:\WINDOWS\system32\wshunix.dll

JVMTI agents:
C:\Users\User\.gradle\wrapper\dists\gradle-8.13-bin\5xuhj0ry160q40clulazy9h7d\gradle-8.13\lib\agents\gradle-instrumentation-agent-8.13.jar path:D:\android_studio\android\jbr\bin\instrument.dll, loaded, initialized, instrumentlib options:none

dbghelp: loaded successfully - version: 4.0.5 - missing functions: none
symbol engine: initialized successfully - sym options: 0x614 - pdb path: .;D:\android_studio\android\jbr\bin;C:\WINDOWS\SYSTEM32;C:\WINDOWS\WinSxS\amd64_microsoft.windows.common-controls_6595b64144ccf1df_6.0.22621.5547_none_27104afb73855772;D:\android_studio\android\jbr\bin\server;C:\Users\User\.gradle\native\1def1411415f61bf3af743bc5b6707747c0891f09f0c88961ee8f79bc544acac\windows-amd64;C:\Users\User\.gradle\native\0.2.7\x86_64-windows-gnu

VM Arguments:
jvm_args: --add-opens=java.base/java.lang=ALL-UNNAMED --add-opens=java.base/java.lang.invoke=ALL-UNNAMED --add-opens=java.base/java.util=ALL-UNNAMED --add-opens=java.prefs/java.util.prefs=ALL-UNNAMED --add-exports=jdk.compiler/com.sun.tools.javac.api=ALL-UNNAMED --add-exports=jdk.compiler/com.sun.tools.javac.util=ALL-UNNAMED --add-opens=java.base/java.util=ALL-UNNAMED --add-opens=java.prefs/java.util.prefs=ALL-UNNAMED --add-opens=java.base/java.nio.charset=ALL-UNNAMED --add-opens=java.base/java.net=ALL-UNNAMED --add-opens=java.base/java.util.concurrent.atomic=ALL-UNNAMED --add-opens=java.xml/javax.xml.namespace=ALL-UNNAMED -Xmx2048m -Dfile.encoding=UTF-8 -Duser.country=US -Duser.language=en -Duser.variant -javaagent:C:\Users\User\.gradle\wrapper\dists\gradle-8.13-bin\5xuhj0ry160q40clulazy9h7d\gradle-8.13\lib\agents\gradle-instrumentation-agent-8.13.jar 
java_command: org.gradle.launcher.daemon.bootstrap.GradleDaemon 8.13
java_class_path (initial): C:\Users\User\.gradle\wrapper\dists\gradle-8.13-bin\5xuhj0ry160q40clulazy9h7d\gradle-8.13\lib\gradle-daemon-main-8.13.jar
Launcher Type: SUN_STANDARD

[Global flags]
     intx CICompilerCount                          = 3                                         {product} {ergonomic}
     uint ConcGCThreads                            = 1                                         {product} {ergonomic}
     uint G1ConcRefinementThreads                  = 4                                         {product} {ergonomic}
   size_t G1HeapRegionSize                         = 1048576                                   {product} {ergonomic}
    uintx GCDrainStackTargetSize                   = 64                                        {product} {ergonomic}
   size_t InitialHeapSize                          = 132120576                                 {product} {ergonomic}
   size_t MarkStackSize                            = 4194304                                   {product} {ergonomic}
   size_t MaxHeapSize                              = 2147483648                                {product} {command line}
   size_t MaxNewSize                               = 1287651328                                {product} {ergonomic}
   size_t MinHeapDeltaBytes                        = 1048576                                   {product} {ergonomic}
   size_t MinHeapSize                              = 8388608                                   {product} {ergonomic}
    uintx NonNMethodCodeHeapSize                   = 5832780                                {pd product} {ergonomic}
    uintx NonProfiledCodeHeapSize                  = 122912730                              {pd product} {ergonomic}
    uintx ProfiledCodeHeapSize                     = 122912730                              {pd product} {ergonomic}
    uintx ReservedCodeCacheSize                    = 251658240                              {pd product} {ergonomic}
     bool SegmentedCodeCache                       = true                                      {product} {ergonomic}
   size_t SoftMaxHeapSize                          = 2147483648                             {manageable} {ergonomic}
     bool UseCompressedOops                        = true                           {product lp64_product} {ergonomic}
     bool UseG1GC                                  = true                                      {product} {ergonomic}
     bool UseLargePagesIndividualAllocation        = false                                  {pd product} {ergonomic}

Logging:
Log output configuration:
 #0: stdout all=warning uptime,level,tags foldmultilines=false
 #1: stderr all=off uptime,level,tags foldmultilines=false

Environment Variables:
JAVA_HOME=D:\android_studio\android
PATH=D:\android_studio\android\bin;C:\Program Files\Common Files\Oracle\Java\javapath;C:\Windows\system32;C:\Windows;C:\Windows\System32\Wbem;C:\Windows\System32\WindowsPowerShell\v1.0\;C:\Windows\System32\OpenSSH\;C:\Program Files (x86)\NVIDIA Corporation\PhysX\Common;C:\Program Files\NVIDIA Corporation\NVIDIA NvDLISR;C:\WINDOWS\system32;C:\WINDOWS;C:\WINDOWS\System32\Wbem;C:\WINDOWS\System32\WindowsPowerShell\v1.0\;C:\WINDOWS\System32\OpenSSH\;C:\Program Files\Git\cmd;C:\xampp\php;C:\ProgramData\ComposerSetup\bin;C:\php-8.4.5;C:\xampp\php;D:\7zip;C:\Users\User\AppData\Local\nvm;C:\nvm4w\nodejs;D:\xamppp\php;C:\Users\User\AppData\Local\Programs\Microsoft VS Code\bin;C:\Users\User\AppData\Local\nvm;C:\nvm4w\nodejs;C:\Program Files\Android\Android Studio\jbr;D:\android_studio\android\bin;D:\flutter\flutter_windows_3.35.4-stable\flutter\bin;
USERNAME=User
OS=Windows_NT
PROCESSOR_IDENTIFIER=Intel64 Family 6 Model 140 Stepping 2, GenuineIntel
TMP=C:\Users\User\AppData\Local\Temp
TEMP=C:\Users\User\AppData\Local\Temp




Periodic native trim disabled

JNI global refs:
JNI global refs: 23, weak refs: 1

JNI global refs memory usage: 835, weak refs: 833

Process memory usage:
Resident Set Size: 221400K (2% of 8166712K total physical memory with 746104K free physical memory)

OOME stack traces (most recent first):
Classloader memory used:
Loader bootstrap                                                                       : 17638K
Loader org.gradle.internal.classloader.VisitableURLClassLoader                         : 17157K
Loader org.gradle.initialization.MixInLegacyTypesClassLoader                           : 2559K
Loader jdk.internal.loader.ClassLoaders$AppClassLoader                                 : 235K
Loader jdk.internal.loader.ClassLoaders$PlatformClassLoader                            : 115K
Loader org.gradle.groovy.scripts.internal.DefaultScriptCompilationHandler$ScriptClassLoader: 6352B

Classes loaded by more than one classloader:
Class org.gradle.internal.classloader.FilteringClassLoader                            : loaded 2 times (x 105B)
Class org.gradle.internal.classloader.ClassLoaderHierarchy                            : loaded 2 times (x 70B)
Class org.gradle.api.internal.classpath.ManifestUtil                                  : loaded 2 times (x 71B)
Class org.gradle.internal.classloader.DefaultClassLoaderFactory                       : loaded 2 times (x 82B)
Class org.gradle.internal.classloader.ClassLoaderVisitor                              : loaded 2 times (x 76B)
Class org.gradle.api.internal.classpath.EffectiveClassPath                            : loaded 2 times (x 90B)
Class org.gradle.api.internal.DefaultClassPathProvider                                : loaded 2 times (x 76B)
Class [Lorg.gradle.api.internal.ClassPathProvider;                                    : loaded 2 times (x 69B)
Class org.gradle.api.internal.ClassPathProvider                                       : loaded 2 times (x 70B)
Class org.gradle.internal.service.UnknownServiceException                             : loaded 2 times (x 83B)
Class org.gradle.internal.classpath.TransformedClassPath                              : loaded 2 times (x 96B)
Class org.gradle.internal.classloader.InstrumentingClassLoader                        : loaded 2 times (x 70B)
Class org.gradle.internal.service.ServiceLocator                                      : loaded 2 times (x 70B)
Class org.gradle.internal.InternalTransformer                                         : loaded 2 times (x 70B)
Class org.gradle.internal.classloader.ClasspathUtil$1                                 : loaded 2 times (x 76B)
Class org.gradle.api.internal.classpath.DefaultModuleRegistry$DefaultModule           : loaded 2 times (x 86B)
Class org.gradle.api.internal.classpath.Module                                        : loaded 2 times (x 70B)
Class org.gradle.api.internal.classpath.UnknownModuleException                        : loaded 2 times (x 82B)
Class org.gradle.api.internal.DefaultClassPathRegistry                                : loaded 2 times (x 76B)
Class org.gradle.api.internal.ClassPathRegistry                                       : loaded 2 times (x 70B)
Class org.gradle.internal.classpath.DefaultClassPath$ImmutableUniqueList              : loaded 2 times (x 199B)
Class org.gradle.internal.classpath.ClassPath                                         : loaded 2 times (x 70B)
Class org.gradle.api.UncheckedIOException                                             : loaded 2 times (x 82B)
Class org.gradle.internal.installation.GradleInstallation$1                           : loaded 2 times (x 75B)
Class org.gradle.api.internal.classpath.ModuleRegistry                                : loaded 2 times (x 70B)
Class org.gradle.api.internal.classpath.DefaultModuleRegistry                         : loaded 2 times (x 86B)
Class org.gradle.internal.service.ServiceLookupException                              : loaded 2 times (x 82B)
Class org.gradle.internal.classloader.ClassLoaderFactory                              : loaded 2 times (x 70B)
Class org.gradle.internal.service.CachingServiceLocator                               : loaded 2 times (x 82B)
Class org.gradle.internal.classloader.ClasspathUtil                                   : loaded 2 times (x 71B)
Class org.gradle.api.specs.Spec                                                       : loaded 2 times (x 70B)
Class org.gradle.internal.classloader.VisitableURLClassLoader$InstrumentingVisitableURLClassLoader: loaded 2 times (x 123B)
Class org.gradle.internal.classloader.VisitableURLClassLoader$Spec                    : loaded 2 times (x 74B)
Class org.gradle.internal.classpath.DefaultClassPath                                  : loaded 2 times (x 90B)
Class org.gradle.internal.classloader.ClassLoaderSpec                                 : loaded 2 times (x 71B)
Class org.gradle.internal.classloader.VisitableURLClassLoader                         : loaded 2 times (x 117B)
Class org.gradle.internal.Cast                                                        : loaded 2 times (x 71B)
Class org.gradle.api.Action                                                           : loaded 2 times (x 70B)
Class org.gradle.internal.classpath.DefaultClassPath$ImmutableUniqueList$Builder      : loaded 2 times (x 75B)
Class org.gradle.api.GradleException                                                  : loaded 2 times (x 82B)
Class org.gradle.internal.IoActions                                                   : loaded 2 times (x 71B)
Class org.gradle.internal.classloader.SystemClassLoaderSpec                           : loaded 2 times (x 71B)
Class org.gradle.api.internal.classpath.GlobalCacheRootsProvider                      : loaded 2 times (x 70B)
Class org.gradle.internal.installation.CurrentGradleInstallationLocator               : loaded 2 times (x 71B)
Class org.gradle.internal.service.DefaultServiceLocator                               : loaded 2 times (x 83B)
Class org.gradle.internal.installation.CurrentGradleInstallation                      : loaded 2 times (x 73B)
Class org.gradle.util.internal.GUtil                                                  : loaded 2 times (x 71B)
Class org.gradle.internal.installation.GradleInstallation                             : loaded 2 times (x 75B)

---------------  S Y S T E M  ---------------

OS:
 Windows 11 , 64 bit Build 22621 (10.0.22621.5415)
OS uptime: 0 days 0:44 hours

CPU: total 4 (initial active 4) (2 cores per cpu, 2 threads per core) family 6 model 140 stepping 2 microcode 0x26, cx8, cmov, fxsr, ht, mmx, 3dnowpref, sse, sse2, sse3, ssse3, sse4.1, sse4.2, popcnt, lzcnt, tsc, tscinvbit, avx, avx2, aes, erms, clmul, bmi1, bmi2, adx, avx512f, avx512dq, avx512cd, avx512bw, avx512vl, sha, fma, vzeroupper, avx512_vpopcntdq, avx512_vpclmulqdq, avx512_vaes, avx512_vnni, clflush, clflushopt, clwb, avx512_vbmi2, avx512_vbmi, rdtscp, rdpid, fsrm, gfni, avx512_bitalg, f16c, pku, cet_ibt, cet_ss, avx512_ifma
Processor Information for the first 4 processors :
  Max Mhz: 2995, Current Mhz: 2995, Mhz Limit: 2995

Memory: 4k page, system-wide physical 7975M (728M free)
TotalPageFile size 13646M (AvailPageFile size 5M)
current process WorkingSet (physical memory assigned to process): 216M, peak: 216M
current process commit charge ("private bytes"): 245M, peak: 247M

vm_info: OpenJDK 64-Bit Server VM (21.0.8+-14018985-b1038.68) for windows-amd64 JRE (21.0.8+-14018985-b1038.68), built on 2025-08-29T19:56:34Z by "builder" with MS VC++ 16.10 / 16.11 (VS2019)

END.
