#
# There is insufficient memory for the Java Runtime Environment to continue.
# Native memory allocation (mmap) failed to map 17825792 bytes. Error detail: G1 virtual space
# Possible reasons:
#   The system is out of physical RAM or swap space
#   This process is running with CompressedOops enabled, and the Java Heap may be blocking the growth of the native heap
# Possible solutions:
#   Reduce memory load on the system
#   Increase physical memory or swap space
#   Check if swap backing store is full
#   Decrease Java heap size (-Xmx/-Xms)
#   Decrease number of Java threads
#   Decrease Java thread stack sizes (-Xss)
#   Set larger code cache with -XX:ReservedCodeCacheSize=
#   JVM is running with Unscaled Compressed Oops mode in which the Java heap is
#     placed in the first 4GB address space. The Java Heap base address is the
#     maximum limit for the native heap growth. Please use -XX:HeapBaseMinAddress
#     to set the Java Heap base and to place the Java Heap above 4GB virtual address.
# This output file may be truncated or incomplete.
#
#  Out of Memory Error (os_windows.cpp:3925), pid=14348, tid=13364
#
# JRE version: OpenJDK Runtime Environment (21.0.8) (build 21.0.8+-14018985-b1038.68)
# Java VM: OpenJDK 64-Bit Server VM (21.0.8+-14018985-b1038.68, mixed mode, tiered, compressed oops, compressed class ptrs, g1 gc, windows-amd64)
# No core dump will be written. Minidumps are not enabled by default on client versions of Windows
#

---------------  S U M M A R Y ------------

Command Line: --add-opens=java.base/java.lang=ALL-UNNAMED --add-opens=java.base/java.lang.invoke=ALL-UNNAMED --add-opens=java.base/java.util=ALL-UNNAMED --add-opens=java.prefs/java.util.prefs=ALL-UNNAMED --add-exports=jdk.compiler/com.sun.tools.javac.api=ALL-UNNAMED --add-exports=jdk.compiler/com.sun.tools.javac.util=ALL-UNNAMED --add-opens=java.base/java.util=ALL-UNNAMED --add-opens=java.prefs/java.util.prefs=ALL-UNNAMED --add-opens=java.base/java.nio.charset=ALL-UNNAMED --add-opens=java.base/java.net=ALL-UNNAMED --add-opens=java.base/java.util.concurrent.atomic=ALL-UNNAMED --add-opens=java.xml/javax.xml.namespace=ALL-UNNAMED -Xmx2048m -Dfile.encoding=UTF-8 -Duser.country=US -Duser.language=en -Duser.variant -javaagent:C:\Users\User\.gradle\wrapper\dists\gradle-8.13-bin\5xuhj0ry160q40clulazy9h7d\gradle-8.13\lib\agents\gradle-instrumentation-agent-8.13.jar org.gradle.launcher.daemon.bootstrap.GradleDaemon 8.13

Host: 11th Gen Intel(R) Core(TM) i3-1115G4 @ 3.00GHz, 4 cores, 7G,  Windows 11 , 64 bit Build 22621 (10.0.22621.5415)
Time: Sun Jan 11 16:52:47 2026 Malay Peninsula Standard Time elapsed time: 10.126116 seconds (0d 0h 0m 10s)

---------------  T H R E A D  ---------------

Current thread (0x000001c8fb80bfd0):  VMThread "VM Thread"          [id=13364, stack(0x0000000e9c900000,0x0000000e9ca00000) (1024K)]

Stack: [0x0000000e9c900000,0x0000000e9ca00000]
Native frames: (J=compiled Java code, j=interpreted, Vv=VM code, C=native code)
V  [jvm.dll+0x6d68d9]
V  [jvm.dll+0x866693]
V  [jvm.dll+0x868c4e]
V  [jvm.dll+0x869333]
V  [jvm.dll+0x280566]
V  [jvm.dll+0x6d3195]
V  [jvm.dll+0x6c69ea]
V  [jvm.dll+0x3586db]
V  [jvm.dll+0x360336]
V  [jvm.dll+0x3b23f6]
V  [jvm.dll+0x3b26c8]
V  [jvm.dll+0x32ae6c]
V  [jvm.dll+0x32aef7]
V  [jvm.dll+0x370d3c]
V  [jvm.dll+0x36f4ee]
V  [jvm.dll+0x32a5c1]
V  [jvm.dll+0x36ebf0]
V  [jvm.dll+0x86f0b8]
V  [jvm.dll+0x870434]
V  [jvm.dll+0x870970]
V  [jvm.dll+0x870c03]
V  [jvm.dll+0x80eac8]
V  [jvm.dll+0x6d512d]
C  [ucrtbase.dll+0x29333]
C  [KERNEL32.DLL+0x1259d]
C  [ntdll.dll+0x5af78]

VM_Operation (0x0000000e9def39c0): G1CollectForAllocation, mode: safepoint, requested by thread 0x000001c894ed72d0


---------------  P R O C E S S  ---------------

Threads class SMR info:
_java_thread_list=0x000001c895772b70, length=45, elements={
0x000001c8f39b5180, 0x000001c893046b00, 0x000001c893059600, 0x000001c89305dc90,
0x000001c893068430, 0x000001c893068e90, 0x000001c8930698f0, 0x000001c89306c360,
0x000001c893088140, 0x000001c893093980, 0x000001c89336e100, 0x000001c894e9ba00,
0x000001c894cd35c0, 0x000001c894e71c90, 0x000001c895032dc0, 0x000001c895026ef0,
0x000001c895074ca0, 0x000001c894ed72d0, 0x000001c894ef2c40, 0x000001c894ef3ff0,
0x000001c894ef4680, 0x000001c894ef4d10, 0x000001c894ef32d0, 0x000001c894ef60c0,
0x000001c894ef3960, 0x000001c894ef5a30, 0x000001c89646be90, 0x000001c89646df60,
0x000001c89646b800, 0x000001c89646d8d0, 0x000001c89646d240, 0x000001c89646ec80,
0x000001c89646e5f0, 0x000001c89646f310, 0x000001c8964706c0, 0x000001c896470d50,
0x000001c89646cbb0, 0x000001c896469dc0, 0x000001c89646a450, 0x000001c8964713e0,
0x000001c89646aae0, 0x000001c89646b170, 0x000001c897ca9380, 0x000001c897cab450,
0x000001c897ca8cf0
}

Java Threads: ( => current thread )
  0x000001c8f39b5180 JavaThread "main"                              [_thread_blocked, id=13044, stack(0x0000000e9c200000,0x0000000e9c300000) (1024K)]
  0x000001c893046b00 JavaThread "Common-Cleaner"             daemon [_thread_blocked, id=16252, stack(0x0000000e9ca00000,0x0000000e9cb00000) (1024K)]
  0x000001c893059600 JavaThread "Reference Handler"          daemon [_thread_blocked, id=7848, stack(0x0000000e9cb00000,0x0000000e9cc00000) (1024K)]
  0x000001c89305dc90 JavaThread "Finalizer"                  daemon [_thread_blocked, id=6936, stack(0x0000000e9cc00000,0x0000000e9cd00000) (1024K)]
  0x000001c893068430 JavaThread "Signal Dispatcher"          daemon [_thread_blocked, id=11428, stack(0x0000000e9cd00000,0x0000000e9ce00000) (1024K)]
  0x000001c893068e90 JavaThread "Attach Listener"            daemon [_thread_blocked, id=14860, stack(0x0000000e9ce00000,0x0000000e9cf00000) (1024K)]
  0x000001c8930698f0 JavaThread "Service Thread"             daemon [_thread_blocked, id=1160, stack(0x0000000e9cf00000,0x0000000e9d000000) (1024K)]
  0x000001c89306c360 JavaThread "Monitor Deflation Thread"   daemon [_thread_blocked, id=12244, stack(0x0000000e9d000000,0x0000000e9d100000) (1024K)]
  0x000001c893088140 JavaThread "C2 CompilerThread0"         daemon [_thread_blocked, id=13000, stack(0x0000000e9d100000,0x0000000e9d200000) (1024K)]
  0x000001c893093980 JavaThread "C1 CompilerThread0"         daemon [_thread_blocked, id=16064, stack(0x0000000e9d200000,0x0000000e9d300000) (1024K)]
  0x000001c89336e100 JavaThread "Notification Thread"        daemon [_thread_blocked, id=14000, stack(0x0000000e9d300000,0x0000000e9d400000) (1024K)]
  0x000001c894e9ba00 JavaThread "Daemon health stats"               [_thread_blocked, id=8028, stack(0x0000000e9d800000,0x0000000e9d900000) (1024K)]
  0x000001c894cd35c0 JavaThread "Incoming local TCP Connector on port 62207"        [_thread_in_native, id=16320, stack(0x0000000e9d900000,0x0000000e9da00000) (1024K)]
  0x000001c894e71c90 JavaThread "Daemon periodic checks"            [_thread_blocked, id=8940, stack(0x0000000e9da00000,0x0000000e9db00000) (1024K)]
  0x000001c895032dc0 JavaThread "Daemon"                            [_thread_blocked, id=14352, stack(0x0000000e9db00000,0x0000000e9dc00000) (1024K)]
  0x000001c895026ef0 JavaThread "Handler for socket connection from /127.0.0.1:62207 to /127.0.0.1:62208"        [_thread_in_native, id=15700, stack(0x0000000e9dc00000,0x0000000e9dd00000) (1024K)]
  0x000001c895074ca0 JavaThread "Cancel handler"                    [_thread_blocked, id=8792, stack(0x0000000e9dd00000,0x0000000e9de00000) (1024K)]
  0x000001c894ed72d0 JavaThread "Daemon worker"                     [_thread_blocked, id=6604, stack(0x0000000e9de00000,0x0000000e9df00000) (1024K)]
  0x000001c894ef2c40 JavaThread "Asynchronous log dispatcher for DefaultDaemonConnection: socket connection from /127.0.0.1:62207 to /127.0.0.1:62208"        [_thread_blocked, id=13756, stack(0x0000000e9df00000,0x0000000e9e000000) (1024K)]
  0x000001c894ef3ff0 JavaThread "Stdin handler"                     [_thread_blocked, id=15904, stack(0x0000000e9e000000,0x0000000e9e100000) (1024K)]
  0x000001c894ef4680 JavaThread "Daemon client event forwarder"        [_thread_blocked, id=14220, stack(0x0000000e9e100000,0x0000000e9e200000) (1024K)]
  0x000001c894ef4d10 JavaThread "Cache worker for journal cache (C:\Users\User\.gradle\caches\journal-1)"        [_thread_blocked, id=6092, stack(0x0000000e9e200000,0x0000000e9e300000) (1024K)]
  0x000001c894ef32d0 JavaThread "File lock request listener"        [_thread_in_native, id=14716, stack(0x0000000e9e300000,0x0000000e9e400000) (1024K)]
  0x000001c894ef60c0 JavaThread "Cache worker for file hash cache (C:\Users\User\.gradle\caches\8.13\fileHashes)"        [_thread_blocked, id=9080, stack(0x0000000e9e400000,0x0000000e9e500000) (1024K)]
  0x000001c894ef3960 JavaThread "Cache worker for file hash cache (D:\jokiAja\Finance_Tracker_App\.gradle\8.13\fileHashes)"        [_thread_blocked, id=9796, stack(0x0000000e9e500000,0x0000000e9e600000) (1024K)]
  0x000001c894ef5a30 JavaThread "Cache worker for Build Output Cleanup Cache (D:\jokiAja\Finance_Tracker_App\.gradle\buildOutputCleanup)"        [_thread_blocked, id=15588, stack(0x0000000e9e600000,0x0000000e9e700000) (1024K)]
  0x000001c89646be90 JavaThread "File watcher server"        daemon [_thread_in_native, id=664, stack(0x0000000e9e700000,0x0000000e9e800000) (1024K)]
  0x000001c89646df60 JavaThread "File watcher consumer"      daemon [_thread_blocked, id=7244, stack(0x0000000e9e800000,0x0000000e9e900000) (1024K)]
  0x000001c89646b800 JavaThread "jar transforms"                    [_thread_blocked, id=5772, stack(0x0000000e9d700000,0x0000000e9d800000) (1024K)]
  0x000001c89646d8d0 JavaThread "jar transforms Thread 2"           [_thread_blocked, id=2756, stack(0x0000000e9e900000,0x0000000e9ea00000) (1024K)]
  0x000001c89646d240 JavaThread "Cache worker for checksums cache (D:\jokiAja\Finance_Tracker_App\.gradle\8.13\checksums)"        [_thread_blocked, id=10920, stack(0x0000000e9ea00000,0x0000000e9eb00000) (1024K)]
  0x000001c89646ec80 JavaThread "Cache worker for file content cache (C:\Users\User\.gradle\caches\8.13\fileContent)"        [_thread_blocked, id=14488, stack(0x0000000e9eb00000,0x0000000e9ec00000) (1024K)]
  0x000001c89646e5f0 JavaThread "jar transforms Thread 3"           [_thread_blocked, id=7152, stack(0x0000000e9ec00000,0x0000000e9ed00000) (1024K)]
  0x000001c89646f310 JavaThread "Cache worker for cache directory md-supplier (C:\Users\User\.gradle\caches\8.13\md-supplier)"        [_thread_blocked, id=12428, stack(0x0000000e9ed00000,0x0000000e9ee00000) (1024K)]
  0x000001c8964706c0 JavaThread "Cache worker for cache directory md-rule (C:\Users\User\.gradle\caches\8.13\md-rule)"        [_thread_blocked, id=15460, stack(0x0000000e9ee00000,0x0000000e9ef00000) (1024K)]
  0x000001c896470d50 JavaThread "Unconstrained build operations"        [_thread_blocked, id=9308, stack(0x0000000e9ef00000,0x0000000e9f000000) (1024K)]
  0x000001c89646cbb0 JavaThread "Unconstrained build operations Thread 2"        [_thread_blocked, id=6416, stack(0x0000000e9f000000,0x0000000e9f100000) (1024K)]
  0x000001c896469dc0 JavaThread "Unconstrained build operations Thread 3"        [_thread_blocked, id=14984, stack(0x0000000e9f100000,0x0000000e9f200000) (1024K)]
  0x000001c89646a450 JavaThread "Unconstrained build operations Thread 4"        [_thread_blocked, id=12716, stack(0x0000000e9f200000,0x0000000e9f300000) (1024K)]
  0x000001c8964713e0 JavaThread "Unconstrained build operations Thread 5"        [_thread_blocked, id=16048, stack(0x0000000e9f300000,0x0000000e9f400000) (1024K)]
  0x000001c89646aae0 JavaThread "Unconstrained build operations Thread 6"        [_thread_blocked, id=1976, stack(0x0000000e9f400000,0x0000000e9f500000) (1024K)]
  0x000001c89646b170 JavaThread "jar transforms Thread 4"           [_thread_blocked, id=11452, stack(0x0000000e9f500000,0x0000000e9f600000) (1024K)]
  0x000001c897ca9380 JavaThread "Unconstrained build operations Thread 7"        [_thread_blocked, id=4144, stack(0x0000000e9f600000,0x0000000e9f700000) (1024K)]
  0x000001c897cab450 JavaThread "Unconstrained build operations Thread 8"        [_thread_blocked, id=15324, stack(0x0000000e9f700000,0x0000000e9f800000) (1024K)]
  0x000001c897ca8cf0 JavaThread "Unconstrained build operations Thread 9"        [_thread_blocked, id=16104, stack(0x0000000e9f800000,0x0000000e9f900000) (1024K)]
Total: 45

Other Threads:
=>0x000001c8fb80bfd0 VMThread "VM Thread"                           [id=13364, stack(0x0000000e9c900000,0x0000000e9ca00000) (1024K)]
  0x000001c8fb7a59d0 WatcherThread "VM Periodic Task Thread"        [id=9360, stack(0x0000000e9c800000,0x0000000e9c900000) (1024K)]
  0x000001c8f3a071b0 WorkerThread "GC Thread#0"                     [id=1084, stack(0x0000000e9c300000,0x0000000e9c400000) (1024K)]
  0x000001c893568bb0 WorkerThread "GC Thread#1"                     [id=9456, stack(0x0000000e9d400000,0x0000000e9d500000) (1024K)]
  0x000001c893568f50 WorkerThread "GC Thread#2"                     [id=6748, stack(0x0000000e9d500000,0x0000000e9d600000) (1024K)]
  0x000001c8941249a0 WorkerThread "GC Thread#3"                     [id=12948, stack(0x0000000e9d600000,0x0000000e9d700000) (1024K)]
  0x000001c8f184e9a0 ConcurrentGCThread "G1 Main Marker"            [id=4148, stack(0x0000000e9c400000,0x0000000e9c500000) (1024K)]
  0x000001c8f3a193a0 WorkerThread "G1 Conc#0"                       [id=15544, stack(0x0000000e9c500000,0x0000000e9c600000) (1024K)]
  0x000001c8fb678510 ConcurrentGCThread "G1 Refine#0"               [id=264, stack(0x0000000e9c600000,0x0000000e9c700000) (1024K)]
  0x000001c8f3a6e490 ConcurrentGCThread "G1 Service"                [id=5008, stack(0x0000000e9c700000,0x0000000e9c800000) (1024K)]
Total: 10

Threads with active compile tasks:
C2 CompilerThread0  10144 6163       4       java.security.SecureClassLoader$CodeSourceKey::equals (60 bytes)
Total: 1

VM state: at safepoint (normal execution)

VM Mutex/Monitor currently owned by a thread:  ([mutex/lock_event])
[0x00007ff990db85b8] Threads_lock - owner thread: 0x000001c8fb80bfd0
[0x00007ff990db86b8] Heap_lock - owner thread: 0x000001c894ed72d0

Heap address: 0x0000000080000000, size: 2048 MB, Compressed Oops mode: 32-bit

CDS archive(s) not mapped
Compressed class space mapped at: 0x0000000100000000-0x0000000140000000, reserved size: 1073741824
Narrow klass base: 0x0000000000000000, Narrow klass shift: 3, Narrow klass range: 0x140000000

GC Precious Log:
 CardTable entry size: 512
 Card Set container configuration: InlinePtr #cards 5 size 8 Array Of Cards #cards 12 size 40 Howl #buckets 4 coarsen threshold 1843 Howl Bitmap #cards 512 size 80 coarsen threshold 460 Card regions per heap region 1 cards per card region 2048
 CPUs: 4 total, 4 available
 Memory: 7975M
 Large Page Support: Disabled
 NUMA Support: Disabled
 Compressed Oops: Enabled (32-bit)
 Heap Region Size: 1M
 Heap Min Capacity: 8M
 Heap Initial Capacity: 126M
 Heap Max Capacity: 2G
 Pre-touch: Disabled
 Parallel Workers: 4
 Concurrent Workers: 1
 Concurrent Refinement Workers: 4
 Periodic GC: Disabled

Heap:
 garbage-first heap   total 86016K, used 44999K [0x0000000080000000, 0x0000000100000000)
  region size 1024K, 5 young (5120K), 5 survivors (5120K)
 Metaspace       used 67911K, committed 69568K, reserved 1114112K
  class space    used 9545K, committed 10368K, reserved 1048576K

Heap Regions: E=young(eden), S=young(survivor), O=old, HS=humongous(starts), HC=humongous(continues), CS=collection set, F=free, TAMS=top-at-mark-start, PB=parsable bottom
|   0|0x0000000080000000, 0x0000000080100000, 0x0000000080100000|100%|HS|  |TAMS 0x0000000080000000| PB 0x0000000080000000| Complete 
|   1|0x0000000080100000, 0x0000000080200000, 0x0000000080200000|100%|HC|  |TAMS 0x0000000080100000| PB 0x0000000080100000| Complete 
|   2|0x0000000080200000, 0x0000000080300000, 0x0000000080300000|100%|HC|  |TAMS 0x0000000080200000| PB 0x0000000080200000| Complete 
|   3|0x0000000080300000, 0x0000000080400000, 0x0000000080400000|100%| O|  |TAMS 0x0000000080300000| PB 0x0000000080300000| Untracked 
|   4|0x0000000080400000, 0x0000000080500000, 0x0000000080500000|100%| O|  |TAMS 0x0000000080400000| PB 0x0000000080400000| Untracked 
|   5|0x0000000080500000, 0x0000000080600000, 0x0000000080600000|100%| O|  |TAMS 0x0000000080500000| PB 0x0000000080500000| Untracked 
|   6|0x0000000080600000, 0x0000000080700000, 0x0000000080700000|100%| O|  |TAMS 0x0000000080600000| PB 0x0000000080600000| Untracked 
|   7|0x0000000080700000, 0x0000000080800000, 0x0000000080800000|100%|HS|  |TAMS 0x0000000080700000| PB 0x0000000080700000| Complete 
|   8|0x0000000080800000, 0x0000000080900000, 0x0000000080900000|100%| O|  |TAMS 0x0000000080800000| PB 0x0000000080800000| Untracked 
|   9|0x0000000080900000, 0x0000000080a00000, 0x0000000080a00000|100%| O|  |TAMS 0x0000000080900000| PB 0x0000000080900000| Untracked 
|  10|0x0000000080a00000, 0x0000000080b00000, 0x0000000080b00000|100%| O|  |TAMS 0x0000000080a00000| PB 0x0000000080a00000| Untracked 
|  11|0x0000000080b00000, 0x0000000080c00000, 0x0000000080c00000|100%| O|  |TAMS 0x0000000080b00000| PB 0x0000000080b00000| Untracked 
|  12|0x0000000080c00000, 0x0000000080d00000, 0x0000000080d00000|100%| O|  |TAMS 0x0000000080c00000| PB 0x0000000080c00000| Untracked 
|  13|0x0000000080d00000, 0x0000000080e00000, 0x0000000080e00000|100%| O|  |TAMS 0x0000000080d00000| PB 0x0000000080d00000| Untracked 
|  14|0x0000000080e00000, 0x0000000080f00000, 0x0000000080f00000|100%| O|  |TAMS 0x0000000080e00000| PB 0x0000000080e00000| Untracked 
|  15|0x0000000080f00000, 0x0000000081000000, 0x0000000081000000|100%| O|  |TAMS 0x0000000080f00000| PB 0x0000000080f00000| Untracked 
|  16|0x0000000081000000, 0x0000000081100000, 0x0000000081100000|100%| O|  |TAMS 0x0000000081000000| PB 0x0000000081000000| Untracked 
|  17|0x0000000081100000, 0x0000000081200000, 0x0000000081200000|100%| O|  |TAMS 0x0000000081100000| PB 0x0000000081100000| Untracked 
|  18|0x0000000081200000, 0x0000000081300000, 0x0000000081300000|100%| O|  |TAMS 0x0000000081200000| PB 0x0000000081200000| Untracked 
|  19|0x0000000081300000, 0x0000000081400000, 0x0000000081400000|100%| O|  |TAMS 0x0000000081300000| PB 0x0000000081300000| Untracked 
|  20|0x0000000081400000, 0x0000000081500000, 0x0000000081500000|100%| O|  |TAMS 0x0000000081400000| PB 0x0000000081400000| Untracked 
|  21|0x0000000081500000, 0x0000000081600000, 0x0000000081600000|100%| O|  |TAMS 0x0000000081500000| PB 0x0000000081500000| Untracked 
|  22|0x0000000081600000, 0x0000000081700000, 0x0000000081700000|100%| O|  |TAMS 0x0000000081600000| PB 0x0000000081600000| Untracked 
|  23|0x0000000081700000, 0x0000000081800000, 0x0000000081800000|100%| O|  |TAMS 0x0000000081700000| PB 0x0000000081700000| Untracked 
|  24|0x0000000081800000, 0x0000000081900000, 0x0000000081900000|100%| O|  |TAMS 0x0000000081800000| PB 0x0000000081800000| Untracked 
|  25|0x0000000081900000, 0x0000000081a00000, 0x0000000081a00000|100%| O|  |TAMS 0x0000000081900000| PB 0x0000000081900000| Untracked 
|  26|0x0000000081a00000, 0x0000000081b00000, 0x0000000081b00000|100%| O|  |TAMS 0x0000000081a00000| PB 0x0000000081a00000| Untracked 
|  27|0x0000000081b00000, 0x0000000081c00000, 0x0000000081c00000|100%| O|  |TAMS 0x0000000081b00000| PB 0x0000000081b00000| Untracked 
|  28|0x0000000081c00000, 0x0000000081d00000, 0x0000000081d00000|100%| O|  |TAMS 0x0000000081c00000| PB 0x0000000081c00000| Untracked 
|  29|0x0000000081d00000, 0x0000000081e00000, 0x0000000081e00000|100%| O|  |TAMS 0x0000000081d00000| PB 0x0000000081d00000| Untracked 
|  30|0x0000000081e00000, 0x0000000081f00000, 0x0000000081f00000|100%| O|  |TAMS 0x0000000081e00000| PB 0x0000000081e00000| Untracked 
|  31|0x0000000081f00000, 0x0000000082000000, 0x0000000082000000|100%| O|  |TAMS 0x0000000081f00000| PB 0x0000000081f00000| Untracked 
|  32|0x0000000082000000, 0x0000000082100000, 0x0000000082100000|100%| O|  |TAMS 0x0000000082000000| PB 0x0000000082000000| Untracked 
|  33|0x0000000082100000, 0x0000000082200000, 0x0000000082200000|100%| O|  |TAMS 0x0000000082100000| PB 0x0000000082100000| Untracked 
|  34|0x0000000082200000, 0x0000000082300000, 0x0000000082300000|100%| O|  |TAMS 0x0000000082200000| PB 0x0000000082200000| Untracked 
|  35|0x0000000082300000, 0x0000000082352278, 0x0000000082400000| 32%| O|  |TAMS 0x0000000082300000| PB 0x0000000082300000| Untracked 
|  36|0x0000000082400000, 0x0000000082400000, 0x0000000082500000|  0%| F|  |TAMS 0x0000000082400000| PB 0x0000000082400000| Untracked 
|  37|0x0000000082500000, 0x0000000082500000, 0x0000000082600000|  0%| F|  |TAMS 0x0000000082500000| PB 0x0000000082500000| Untracked 
|  38|0x0000000082600000, 0x0000000082700000, 0x0000000082700000|100%| O|  |TAMS 0x0000000082600000| PB 0x0000000082600000| Untracked 
|  39|0x0000000082700000, 0x0000000082800000, 0x0000000082800000|100%| O|  |TAMS 0x0000000082700000| PB 0x0000000082700000| Untracked 
|  40|0x0000000082800000, 0x0000000082900000, 0x0000000082900000|100%| O|  |TAMS 0x0000000082800000| PB 0x0000000082800000| Untracked 
|  41|0x0000000082900000, 0x0000000082a00000, 0x0000000082a00000|100%| O|  |TAMS 0x0000000082900000| PB 0x0000000082900000| Untracked 
|  42|0x0000000082a00000, 0x0000000082a00000, 0x0000000082b00000|  0%| F|  |TAMS 0x0000000082a00000| PB 0x0000000082a00000| Untracked 
|  43|0x0000000082b00000, 0x0000000082b00000, 0x0000000082c00000|  0%| F|  |TAMS 0x0000000082b00000| PB 0x0000000082b00000| Untracked 
|  44|0x0000000082c00000, 0x0000000082c00000, 0x0000000082d00000|  0%| F|  |TAMS 0x0000000082c00000| PB 0x0000000082c00000| Untracked 
|  45|0x0000000082d00000, 0x0000000082d00000, 0x0000000082e00000|  0%| F|  |TAMS 0x0000000082d00000| PB 0x0000000082d00000| Untracked 
|  46|0x0000000082e00000, 0x0000000082e9fb28, 0x0000000082f00000| 62%| S|CS|TAMS 0x0000000082e00000| PB 0x0000000082e00000| Complete 
|  47|0x0000000082f00000, 0x0000000083000000, 0x0000000083000000|100%| S|CS|TAMS 0x0000000082f00000| PB 0x0000000082f00000| Complete 
|  48|0x0000000083000000, 0x0000000083100000, 0x0000000083100000|100%| S|CS|TAMS 0x0000000083000000| PB 0x0000000083000000| Complete 
|  49|0x0000000083100000, 0x0000000083200000, 0x0000000083200000|100%| S|CS|TAMS 0x0000000083100000| PB 0x0000000083100000| Complete 
|  50|0x0000000083200000, 0x0000000083300000, 0x0000000083300000|100%| S|CS|TAMS 0x0000000083200000| PB 0x0000000083200000| Complete 
|  51|0x0000000083300000, 0x0000000083300000, 0x0000000083400000|  0%| F|  |TAMS 0x0000000083300000| PB 0x0000000083300000| Untracked 
|  52|0x0000000083400000, 0x0000000083400000, 0x0000000083500000|  0%| F|  |TAMS 0x0000000083400000| PB 0x0000000083400000| Untracked 
|  53|0x0000000083500000, 0x0000000083500000, 0x0000000083600000|  0%| F|  |TAMS 0x0000000083500000| PB 0x0000000083500000| Untracked 
|  54|0x0000000083600000, 0x0000000083600000, 0x0000000083700000|  0%| F|  |TAMS 0x0000000083600000| PB 0x0000000083600000| Untracked 
|  55|0x0000000083700000, 0x0000000083700000, 0x0000000083800000|  0%| F|  |TAMS 0x0000000083700000| PB 0x0000000083700000| Untracked 
|  56|0x0000000083800000, 0x0000000083800000, 0x0000000083900000|  0%| F|  |TAMS 0x0000000083800000| PB 0x0000000083800000| Untracked 
|  57|0x0000000083900000, 0x0000000083900000, 0x0000000083a00000|  0%| F|  |TAMS 0x0000000083900000| PB 0x0000000083900000| Untracked 
|  58|0x0000000083a00000, 0x0000000083a00000, 0x0000000083b00000|  0%| F|  |TAMS 0x0000000083a00000| PB 0x0000000083a00000| Untracked 
|  59|0x0000000083b00000, 0x0000000083b00000, 0x0000000083c00000|  0%| F|  |TAMS 0x0000000083b00000| PB 0x0000000083b00000| Untracked 
|  60|0x0000000083c00000, 0x0000000083c00000, 0x0000000083d00000|  0%| F|  |TAMS 0x0000000083c00000| PB 0x0000000083c00000| Untracked 
|  61|0x0000000083d00000, 0x0000000083d00000, 0x0000000083e00000|  0%| F|  |TAMS 0x0000000083d00000| PB 0x0000000083d00000| Untracked 
|  62|0x0000000083e00000, 0x0000000083e00000, 0x0000000083f00000|  0%| F|  |TAMS 0x0000000083e00000| PB 0x0000000083e00000| Untracked 
|  63|0x0000000083f00000, 0x0000000083f00000, 0x0000000084000000|  0%| F|  |TAMS 0x0000000083f00000| PB 0x0000000083f00000| Untracked 
|  64|0x0000000084000000, 0x0000000084000000, 0x0000000084100000|  0%| F|  |TAMS 0x0000000084000000| PB 0x0000000084000000| Untracked 
|  65|0x0000000084100000, 0x0000000084100000, 0x0000000084200000|  0%| F|  |TAMS 0x0000000084100000| PB 0x0000000084100000| Untracked 
|  66|0x0000000084200000, 0x0000000084200000, 0x0000000084300000|  0%| F|  |TAMS 0x0000000084200000| PB 0x0000000084200000| Untracked 
|  67|0x0000000084300000, 0x0000000084300000, 0x0000000084400000|  0%| F|  |TAMS 0x0000000084300000| PB 0x0000000084300000| Untracked 
|  68|0x0000000084400000, 0x0000000084400000, 0x0000000084500000|  0%| F|  |TAMS 0x0000000084400000| PB 0x0000000084400000| Untracked 
|  69|0x0000000084500000, 0x0000000084500000, 0x0000000084600000|  0%| F|  |TAMS 0x0000000084500000| PB 0x0000000084500000| Untracked 
|  70|0x0000000084600000, 0x0000000084600000, 0x0000000084700000|  0%| F|  |TAMS 0x0000000084600000| PB 0x0000000084600000| Untracked 
|  71|0x0000000084700000, 0x0000000084700000, 0x0000000084800000|  0%| F|  |TAMS 0x0000000084700000| PB 0x0000000084700000| Untracked 
|  72|0x0000000084800000, 0x0000000084800000, 0x0000000084900000|  0%| F|  |TAMS 0x0000000084800000| PB 0x0000000084800000| Untracked 
|  73|0x0000000084900000, 0x0000000084900000, 0x0000000084a00000|  0%| F|  |TAMS 0x0000000084900000| PB 0x0000000084900000| Untracked 
|  74|0x0000000084a00000, 0x0000000084a00000, 0x0000000084b00000|  0%| F|  |TAMS 0x0000000084a00000| PB 0x0000000084a00000| Untracked 
|  75|0x0000000084b00000, 0x0000000084b00000, 0x0000000084c00000|  0%| F|  |TAMS 0x0000000084b00000| PB 0x0000000084b00000| Untracked 
|  76|0x0000000084c00000, 0x0000000084c00000, 0x0000000084d00000|  0%| F|  |TAMS 0x0000000084c00000| PB 0x0000000084c00000| Untracked 
|  77|0x0000000084d00000, 0x0000000084d00000, 0x0000000084e00000|  0%| F|  |TAMS 0x0000000084d00000| PB 0x0000000084d00000| Untracked 
|  78|0x0000000084e00000, 0x0000000084e00000, 0x0000000084f00000|  0%| F|  |TAMS 0x0000000084e00000| PB 0x0000000084e00000| Untracked 
| 105|0x0000000086900000, 0x0000000086900000, 0x0000000086a00000|  0%| F|  |TAMS 0x0000000086900000| PB 0x0000000086900000| Untracked 
| 106|0x0000000086a00000, 0x0000000086a00000, 0x0000000086b00000|  0%| F|  |TAMS 0x0000000086a00000| PB 0x0000000086a00000| Untracked 
| 107|0x0000000086b00000, 0x0000000086b00000, 0x0000000086c00000|  0%| F|  |TAMS 0x0000000086b00000| PB 0x0000000086b00000| Untracked 
| 124|0x0000000087c00000, 0x0000000087c00000, 0x0000000087d00000|  0%| F|  |TAMS 0x0000000087c00000| PB 0x0000000087c00000| Untracked 
| 125|0x0000000087d00000, 0x0000000087d00000, 0x0000000087e00000|  0%| F|  |TAMS 0x0000000087d00000| PB 0x0000000087d00000| Untracked 

Card table byte_map: [0x000001c8f6f00000,0x000001c8f7300000] _byte_map_base: 0x000001c8f6b00000

Marking Bits: (CMBitMap*) 0x000001c8f184df80
 Bits: [0x000001c8f7300000, 0x000001c8f9300000)

Polling page: 0x000001c8f19b0000

Metaspace:

Usage:
  Non-class:     57.00 MB used.
      Class:      9.32 MB used.
       Both:     66.32 MB used.

Virtual space:
  Non-class space:       64.00 MB reserved,      57.81 MB ( 90%) committed,  1 nodes.
      Class space:        1.00 GB reserved,      10.12 MB ( <1%) committed,  1 nodes.
             Both:        1.06 GB reserved,      67.94 MB (  6%) committed. 

Chunk freelists:
   Non-Class:  5.76 MB
       Class:  5.86 MB
        Both:  11.62 MB

MaxMetaspaceSize: unlimited
CompressedClassSpaceSize: 1.00 GB
Initial GC threshold: 21.00 MB
Current GC threshold: 98.44 MB
CDS: off
 - commit_granule_bytes: 65536.
 - commit_granule_words: 8192.
 - virtual_space_node_default_size: 8388608.
 - enlarge_chunks_in_place: 1.
 - use_allocation_guard: 0.


Internal statistics:

num_allocs_failed_limit: 12.
num_arena_births: 3044.
num_arena_deaths: 0.
num_vsnodes_births: 2.
num_vsnodes_deaths: 0.
num_space_committed: 1087.
num_space_uncommitted: 0.
num_chunks_returned_to_freelist: 12.
num_chunks_taken_from_freelist: 5803.
num_chunk_merges: 9.
num_chunk_splits: 3784.
num_chunks_enlarged: 2324.
num_inconsistent_stats: 0.

CodeHeap 'non-profiled nmethods': size=120000Kb used=2961Kb max_used=2961Kb free=117038Kb
 bounds [0x000001c887ad0000, 0x000001c887dc0000, 0x000001c88f000000]
CodeHeap 'profiled nmethods': size=120000Kb used=10508Kb max_used=10508Kb free=109491Kb
 bounds [0x000001c880000000, 0x000001c880a50000, 0x000001c887530000]
CodeHeap 'non-nmethods': size=5760Kb used=2979Kb max_used=2999Kb free=2780Kb
 bounds [0x000001c887530000, 0x000001c887830000, 0x000001c887ad0000]
CodeCache: size=245760Kb, used=16448Kb, max_used=16468Kb, free=229309Kb
 total_blobs=6492, nmethods=5607, adapters=788, full_count=0
Compilation: enabled, stopped_count=0, restarted_count=0

Compilation events (20 events):
Event: 10.111 Thread 0x000001c893093980 6159       3       jdk.internal.reflect.ClassFileAssembler::emitConstantPoolMethodref (28 bytes)
Event: 10.112 Thread 0x000001c893093980 nmethod 6159 0x000001c880a40810 code [0x000001c880a40a60, 0x000001c880a41108]
Event: 10.112 Thread 0x000001c893093980 6160       3       kotlin.ResultKt::throwOnFailure (16 bytes)
Event: 10.112 Thread 0x000001c893093980 nmethod 6160 0x000001c880a41490 code [0x000001c880a41640, 0x000001c880a41930]
Event: 10.112 Thread 0x000001c893093980 6158       1       kotlin.sequences.FilteringSequence::access$getSendWhen$p (5 bytes)
Event: 10.112 Thread 0x000001c893093980 nmethod 6158 0x000001c887db0f10 code [0x000001c887db10a0, 0x000001c887db1150]
Event: 10.113 Thread 0x000001c893093980 6161       3       jdk.internal.reflect.ClassFileAssembler::emitConstantPoolNameAndType (28 bytes)
Event: 10.114 Thread 0x000001c893093980 nmethod 6161 0x000001c880a41a10 code [0x000001c880a41c60, 0x000001c880a42308]
Event: 10.114 Thread 0x000001c893093980 6162       3       jdk.internal.reflect.ClassFileAssembler::emitShort (24 bytes)
Event: 10.114 Thread 0x000001c893088140 nmethod 6137 0x000001c887db1210 code [0x000001c887db1500, 0x000001c887db2bd8]
Event: 10.114 Thread 0x000001c893093980 nmethod 6162 0x000001c880a42690 code [0x000001c880a42860, 0x000001c880a42b40]
Event: 10.114 Thread 0x000001c893088140 6142       4       org.gradle.internal.serialize.graph.codecs.BindingsBuilder$producerForSubtypesOf$1::encodingForType (9 bytes)
Event: 10.115 Thread 0x000001c893088140 nmethod 6142 0x000001c887db3990 code [0x000001c887db3b20, 0x000001c887db3ce0]
Event: 10.115 Thread 0x000001c893088140 6139       4       jdk.internal.reflect.ByteVectorImpl::add (38 bytes)
Event: 10.116 Thread 0x000001c893088140 nmethod 6139 0x000001c887db3e90 code [0x000001c887db4020, 0x000001c887db4160]
Event: 10.116 Thread 0x000001c893088140 6145       4       org.gradle.internal.serialize.graph.codecs.BindingsBuilder$producerForSubtypesOf$1::encodingForType (36 bytes)
Event: 10.117 Thread 0x000001c893088140 nmethod 6145 0x000001c887db4290 code [0x000001c887db4420, 0x000001c887db4568]
Event: 10.117 Thread 0x000001c893088140 6163       4       java.security.SecureClassLoader$CodeSourceKey::equals (60 bytes)
Event: 10.117 Thread 0x000001c893093980 6165       3       org.codehaus.groovy.runtime.metaclass.ReflectionMetaMethod::getName (8 bytes)
Event: 10.117 Thread 0x000001c893093980 nmethod 6165 0x000001c880a42d10 code [0x000001c880a42ec0, 0x000001c880a43068]

GC Heap History (20 events):
Event: 4.039 GC heap after
{Heap after GC invocations=7 (full 0):
 garbage-first heap   total 71680K, used 24755K [0x0000000080000000, 0x0000000100000000)
  region size 1024K, 5 young (5120K), 5 survivors (5120K)
 Metaspace       used 32904K, committed 33600K, reserved 1114112K
  class space    used 4475K, committed 4800K, reserved 1048576K
}
Event: 5.198 GC heap before
{Heap before GC invocations=7 (full 0):
 garbage-first heap   total 71680K, used 39091K [0x0000000080000000, 0x0000000100000000)
  region size 1024K, 20 young (20480K), 5 survivors (5120K)
 Metaspace       used 35199K, committed 35968K, reserved 1114112K
  class space    used 4871K, committed 5248K, reserved 1048576K
}
Event: 5.210 GC heap after
{Heap after GC invocations=8 (full 0):
 garbage-first heap   total 71680K, used 25494K [0x0000000080000000, 0x0000000100000000)
  region size 1024K, 1 young (1024K), 1 survivors (1024K)
 Metaspace       used 35199K, committed 35968K, reserved 1114112K
  class space    used 4871K, committed 5248K, reserved 1048576K
}
Event: 6.484 GC heap before
{Heap before GC invocations=9 (full 0):
 garbage-first heap   total 71680K, used 61334K [0x0000000080000000, 0x0000000100000000)
  region size 1024K, 36 young (36864K), 1 survivors (1024K)
 Metaspace       used 42486K, committed 43328K, reserved 1114112K
  class space    used 5854K, committed 6208K, reserved 1048576K
}
Event: 6.490 GC heap after
{Heap after GC invocations=10 (full 0):
 garbage-first heap   total 71680K, used 28722K [0x0000000080000000, 0x0000000100000000)
  region size 1024K, 5 young (5120K), 5 survivors (5120K)
 Metaspace       used 42486K, committed 43328K, reserved 1114112K
  class space    used 5854K, committed 6208K, reserved 1048576K
}
Event: 7.059 GC heap before
{Heap before GC invocations=10 (full 0):
 garbage-first heap   total 71680K, used 60466K [0x0000000080000000, 0x0000000100000000)
  region size 1024K, 37 young (37888K), 5 survivors (5120K)
 Metaspace       used 44529K, committed 45440K, reserved 1114112K
  class space    used 6087K, committed 6528K, reserved 1048576K
}
Event: 7.068 GC heap after
{Heap after GC invocations=11 (full 0):
 garbage-first heap   total 71680K, used 31364K [0x0000000080000000, 0x0000000100000000)
  region size 1024K, 3 young (3072K), 3 survivors (3072K)
 Metaspace       used 44529K, committed 45440K, reserved 1114112K
  class space    used 6087K, committed 6528K, reserved 1048576K
}
Event: 7.147 GC heap before
{Heap before GC invocations=11 (full 0):
 garbage-first heap   total 71680K, used 38532K [0x0000000080000000, 0x0000000100000000)
  region size 1024K, 9 young (9216K), 3 survivors (3072K)
 Metaspace       used 45040K, committed 45952K, reserved 1114112K
  class space    used 6155K, committed 6592K, reserved 1048576K
}
Event: 7.150 GC heap after
{Heap after GC invocations=12 (full 0):
 garbage-first heap   total 86016K, used 33794K [0x0000000080000000, 0x0000000100000000)
  region size 1024K, 1 young (1024K), 1 survivors (1024K)
 Metaspace       used 45040K, committed 45952K, reserved 1114112K
  class space    used 6155K, committed 6592K, reserved 1048576K
}
Event: 7.872 GC heap before
{Heap before GC invocations=12 (full 0):
 garbage-first heap   total 86016K, used 77826K [0x0000000080000000, 0x0000000100000000)
  region size 1024K, 42 young (43008K), 1 survivors (1024K)
 Metaspace       used 50785K, committed 52096K, reserved 1114112K
  class space    used 6988K, committed 7680K, reserved 1048576K
}
Event: 7.878 GC heap after
{Heap after GC invocations=13 (full 0):
 garbage-first heap   total 86016K, used 34380K [0x0000000080000000, 0x0000000100000000)
  region size 1024K, 4 young (4096K), 4 survivors (4096K)
 Metaspace       used 50785K, committed 52096K, reserved 1114112K
  class space    used 6988K, committed 7680K, reserved 1048576K
}
Event: 8.510 GC heap before
{Heap before GC invocations=13 (full 0):
 garbage-first heap   total 86016K, used 74316K [0x0000000080000000, 0x0000000100000000)
  region size 1024K, 44 young (45056K), 4 survivors (4096K)
 Metaspace       used 55545K, committed 56960K, reserved 1114112K
  class space    used 7787K, committed 8448K, reserved 1048576K
}
Event: 8.519 GC heap after
{Heap after GC invocations=14 (full 0):
 garbage-first heap   total 86016K, used 38193K [0x0000000080000000, 0x0000000100000000)
  region size 1024K, 6 young (6144K), 6 survivors (6144K)
 Metaspace       used 55545K, committed 56960K, reserved 1114112K
  class space    used 7787K, committed 8448K, reserved 1048576K
}
Event: 8.974 GC heap before
{Heap before GC invocations=14 (full 0):
 garbage-first heap   total 86016K, used 75057K [0x0000000080000000, 0x0000000100000000)
  region size 1024K, 41 young (41984K), 6 survivors (6144K)
 Metaspace       used 57856K, committed 59264K, reserved 1114112K
  class space    used 8016K, committed 8704K, reserved 1048576K
}
Event: 8.984 GC heap after
{Heap after GC invocations=15 (full 0):
 garbage-first heap   total 86016K, used 40699K [0x0000000080000000, 0x0000000100000000)
  region size 1024K, 3 young (3072K), 3 survivors (3072K)
 Metaspace       used 57856K, committed 59264K, reserved 1114112K
  class space    used 8016K, committed 8704K, reserved 1048576K
}
Event: 9.142 GC heap before
{Heap before GC invocations=15 (full 0):
 garbage-first heap   total 86016K, used 52987K [0x0000000080000000, 0x0000000100000000)
  region size 1024K, 16 young (16384K), 3 survivors (3072K)
 Metaspace       used 58665K, committed 60096K, reserved 1114112K
  class space    used 8156K, committed 8832K, reserved 1048576K
}
Event: 9.147 GC heap after
{Heap after GC invocations=16 (full 0):
 garbage-first heap   total 86016K, used 41581K [0x0000000080000000, 0x0000000100000000)
  region size 1024K, 4 young (4096K), 4 survivors (4096K)
 Metaspace       used 58665K, committed 60096K, reserved 1114112K
  class space    used 8156K, committed 8832K, reserved 1048576K
}
Event: 9.656 GC heap before
{Heap before GC invocations=17 (full 0):
 garbage-first heap   total 86016K, used 76397K [0x0000000080000000, 0x0000000100000000)
  region size 1024K, 38 young (38912K), 4 survivors (4096K)
 Metaspace       used 63412K, committed 64960K, reserved 1114112K
  class space    used 8858K, committed 9600K, reserved 1048576K
}
Event: 9.663 GC heap after
{Heap after GC invocations=18 (full 0):
 garbage-first heap   total 86016K, used 43187K [0x0000000080000000, 0x0000000100000000)
  region size 1024K, 3 young (3072K), 3 survivors (3072K)
 Metaspace       used 63412K, committed 64960K, reserved 1114112K
  class space    used 8858K, committed 9600K, reserved 1048576K
}
Event: 10.118 GC heap before
{Heap before GC invocations=18 (full 0):
 garbage-first heap   total 86016K, used 76979K [0x0000000080000000, 0x0000000100000000)
  region size 1024K, 36 young (36864K), 3 survivors (3072K)
 Metaspace       used 67911K, committed 69568K, reserved 1114112K
  class space    used 9545K, committed 10368K, reserved 1048576K
}

Dll operation events (3 events):
Event: 0.010 Loaded shared library D:\android_studio\android\jbr\bin\java.dll
Event: 0.015 Loaded shared library D:\android_studio\android\jbr\bin\zip.dll
Event: 0.533 Loaded shared library D:\android_studio\android\jbr\bin\verify.dll

Deoptimization events (20 events):
Event: 9.905 Thread 0x000001c894ed72d0 DEOPT PACKING pc=0x000001c887b02c28 sp=0x0000000e9def8ec0
Event: 9.905 Thread 0x000001c894ed72d0 DEOPT UNPACKING pc=0x000001c887587da2 sp=0x0000000e9def8e68 mode 2
Event: 9.906 Thread 0x000001c894ed72d0 Uncommon trap: trap_request=0xffffff45 fr.pc=0x000001c887ccfdc8 relative=0x0000000000000288
Event: 9.906 Thread 0x000001c894ed72d0 Uncommon trap: reason=unstable_if action=reinterpret pc=0x000001c887ccfdc8 method=java.util.HashMap.getNode(Ljava/lang/Object;)Ljava/util/HashMap$Node; @ 85 c2
Event: 9.906 Thread 0x000001c894ed72d0 DEOPT PACKING pc=0x000001c887ccfdc8 sp=0x0000000e9def9080
Event: 9.906 Thread 0x000001c894ed72d0 DEOPT UNPACKING pc=0x000001c887587da2 sp=0x0000000e9def8f90 mode 2
Event: 10.040 Thread 0x000001c894ed72d0 Uncommon trap: trap_request=0xffffff45 fr.pc=0x000001c887dac7b0 relative=0x0000000000000090
Event: 10.040 Thread 0x000001c894ed72d0 Uncommon trap: reason=unstable_if action=reinterpret pc=0x000001c887dac7b0 method=org.gradle.internal.serialize.graph.codecs.BindingsBuilder$producerForSubtypesOf$1.encodingForType(Ljava/lang/Class;)Lorg/gradle/internal/serialize/graph/Codec; @ 27 c2
Event: 10.040 Thread 0x000001c894ed72d0 DEOPT PACKING pc=0x000001c887dac7b0 sp=0x0000000e9def9d40
Event: 10.040 Thread 0x000001c894ed72d0 DEOPT UNPACKING pc=0x000001c887587da2 sp=0x0000000e9def9c48 mode 2
Event: 10.064 Thread 0x000001c894ed72d0 Uncommon trap: trap_request=0xffffff45 fr.pc=0x000001c887d14df0 relative=0x0000000000000670
Event: 10.064 Thread 0x000001c894ed72d0 Uncommon trap: reason=unstable_if action=reinterpret pc=0x000001c887d14df0 method=java.lang.invoke.LambdaForm$BasicType.basicType(C)Ljava/lang/invoke/LambdaForm$BasicType; @ 1 c2
Event: 10.064 Thread 0x000001c894ed72d0 DEOPT PACKING pc=0x000001c887d14df0 sp=0x0000000e9def77b0
Event: 10.064 Thread 0x000001c894ed72d0 DEOPT UNPACKING pc=0x000001c887587da2 sp=0x0000000e9def7660 mode 2
Event: 10.068 Thread 0x000001c894ed72d0 Uncommon trap: trap_request=0xffffff54 fr.pc=0x000001c887daeebc relative=0x000000000000009c
Event: 10.068 Thread 0x000001c894ed72d0 Uncommon trap: reason=speculate_null_assert action=make_not_entrant pc=0x000001c887daeebc method=java.lang.invoke.LambdaFormEditor.getInCache(Ljava/lang/invoke/LambdaFormEditor$TransformKey;)Ljava/lang/invoke/LambdaForm; @ 37 c2
Event: 10.068 Thread 0x000001c894ed72d0 DEOPT PACKING pc=0x000001c887daeebc sp=0x0000000e9def8340
Event: 10.068 Thread 0x000001c894ed72d0 DEOPT UNPACKING pc=0x000001c887587da2 sp=0x0000000e9def82a0 mode 2
Event: 10.075 Thread 0x000001c894ed72d0 DEOPT PACKING pc=0x000001c8804384a1 sp=0x0000000e9def9e50
Event: 10.075 Thread 0x000001c894ed72d0 DEOPT UNPACKING pc=0x000001c8875888e2 sp=0x0000000e9def9350 mode 0

Classes loaded (20 events):
Event: 10.085 Loading class java/io/ClassCache$CacheRef
Event: 10.085 Loading class java/io/ClassCache$CacheRef done
Event: 10.085 Loading class java/io/ObjectStreamClass$FieldReflectorKey
Event: 10.085 Loading class java/io/ObjectStreamClass$FieldReflectorKey done
Event: 10.085 Loading class java/io/ObjectStreamClass$FieldReflector
Event: 10.085 Loading class java/io/ObjectStreamClass$FieldReflector done
Event: 10.086 Loading class java/io/ObjectStreamClass$1
Event: 10.086 Loading class java/io/ObjectStreamClass$1 done
Event: 10.087 Loading class java/io/ObjectStreamClass$MemberSignature
Event: 10.087 Loading class java/io/ObjectStreamClass$MemberSignature done
Event: 10.087 Loading class java/io/ObjectStreamClass$3
Event: 10.087 Loading class java/io/ObjectStreamClass$3 done
Event: 10.087 Loading class java/io/ObjectStreamClass$4
Event: 10.087 Loading class java/io/ObjectStreamClass$4 done
Event: 10.087 Loading class java/io/ObjectStreamClass$5
Event: 10.087 Loading class java/io/ObjectStreamClass$5 done
Event: 10.088 Loading class java/io/ObjectStreamClass$ClassDataSlot
Event: 10.088 Loading class java/io/ObjectStreamClass$ClassDataSlot done
Event: 10.097 Loading class java/io/SerialCallbackContext
Event: 10.097 Loading class java/io/SerialCallbackContext done

Classes unloaded (0 events):
No events

Classes redefined (0 events):
No events

Internal exceptions (20 events):
Event: 9.187 Thread 0x000001c894ed72d0 Exception <a 'java/lang/NoSuchMethodError'{0x0000000087da65a0}: 'java.lang.Object java.lang.invoke.DirectMethodHandle$Holder.newInvokeSpecial(java.lang.Object, java.lang.Object, java.lang.Object, java.lang.Object, java.lang.Object, java.lang.Object, java.lang.Object, java.lang.Object, java.lang.Object, java.lang.Object, java.lang.Object, java.lang.Object, java.lang.Object, java.lang.Object, java.lang.Object, java.lang.Object, java.lang.Object, java.lang.Object, java.lang.Object)'> (0x0000000087da65a0) 
thr
Event: 9.188 Thread 0x000001c894ed72d0 Exception <a 'java/lang/NoSuchMethodError'{0x0000000087dacef0}: 'java.lang.Object java.lang.invoke.DirectMethodHandle$Holder.invokeSpecial(java.lang.Object, java.lang.Object, java.lang.Object, java.lang.Object, java.lang.Object, java.lang.Object, java.lang.Object, java.lang.Object, java.lang.Object, java.lang.Object, java.lang.Object, java.lang.Object, java.lang.Object, java.lang.Object, java.lang.Object, java.lang.Object, java.lang.Object, java.lang.Object, java.lang.Object, java.lang.Object)'> (0x0000000
Event: 9.188 Thread 0x000001c894ed72d0 Exception <a 'java/lang/NoSuchMethodError'{0x0000000087db2708}: 'java.lang.Object java.lang.invoke.DelegatingMethodHandle$Holder.reinvoke_L(java.lang.Object, java.lang.Object, java.lang.Object, java.lang.Object, java.lang.Object, java.lang.Object, java.lang.Object, java.lang.Object, java.lang.Object, java.lang.Object, java.lang.Object, java.lang.Object, java.lang.Object, java.lang.Object, java.lang.Object, java.lang.Object, java.lang.Object, java.lang.Object, java.lang.Object)'> (0x0000000087db2708) 
throw
Event: 9.201 Thread 0x000001c894ed72d0 Exception <a 'java/lang/IncompatibleClassChangeError'{0x0000000087c7aaa8}: Found class java.lang.Object, but interface was expected> (0x0000000087c7aaa8) 
thrown [s\src\hotspot\share\interpreter\linkResolver.cpp, line 851]
Event: 9.681 Thread 0x000001c894ed72d0 Exception <a 'sun/nio/fs/WindowsException'{0x0000000087c380c8}> (0x0000000087c380c8) 
thrown [s\src\hotspot\share\prims\jni.cpp, line 537]
Event: 9.681 Thread 0x000001c894ed72d0 Exception <a 'sun/nio/fs/WindowsException'{0x0000000087c397a8}> (0x0000000087c397a8) 
thrown [s\src\hotspot\share\prims\jni.cpp, line 537]
Event: 9.682 Thread 0x000001c894ed72d0 Exception <a 'sun/nio/fs/WindowsException'{0x0000000087c41638}> (0x0000000087c41638) 
thrown [s\src\hotspot\share\prims\jni.cpp, line 537]
Event: 9.798 Thread 0x000001c894ed72d0 Exception <a 'java/lang/NoSuchMethodError'{0x0000000084a138e8}: 'void java.lang.invoke.DirectMethodHandle$Holder.invokeStatic(java.lang.Object, java.lang.Object, java.lang.Object, java.lang.Object, java.lang.Object, java.lang.Object, java.lang.Object)'> (0x0000000084a138e8) 
thrown [s\src\hotspot\share\interpreter\linkResolver.cpp, line 784]
Event: 10.065 Thread 0x000001c894ed72d0 Exception <a 'java/lang/NoSuchMethodError'{0x00000000836506f8}: 'void java.lang.invoke.DelegatingMethodHandle$Holder.reinvoke_L(java.lang.Object, java.lang.Object, int)'> (0x00000000836506f8) 
thrown [s\src\hotspot\share\interpreter\linkResolver.cpp, line 784]
Event: 10.065 Thread 0x000001c894ed72d0 Exception <a 'java/lang/NoSuchMethodError'{0x0000000083657a60}: 'int java.lang.invoke.Invokers$Holder.invokeExact_MT(java.lang.Object, java.lang.Object, java.lang.Object)'> (0x0000000083657a60) 
thrown [s\src\hotspot\share\interpreter\linkResolver.cpp, line 784]
Event: 10.068 Thread 0x000001c894ed72d0 Exception <a 'java/lang/NoSuchMethodError'{0x0000000083677ff0}: 'void java.lang.invoke.DelegatingMethodHandle$Holder.reinvoke_L(java.lang.Object, java.lang.Object, long)'> (0x0000000083677ff0) 
thrown [s\src\hotspot\share\interpreter\linkResolver.cpp, line 784]
Event: 10.068 Thread 0x000001c894ed72d0 Exception <a 'java/lang/NoSuchMethodError'{0x000000008367f570}: 'long java.lang.invoke.Invokers$Holder.invokeExact_MT(java.lang.Object, java.lang.Object, java.lang.Object)'> (0x000000008367f570) 
thrown [s\src\hotspot\share\interpreter\linkResolver.cpp, line 784]
Event: 10.087 Thread 0x000001c894ef4680 Exception <a 'java/lang/NoSuchMethodError'{0x00000000834152b0}: static Lorg/gradle/internal/build/event/types/DefaultOperationStartedProgressEvent;.<clinit>()V> (0x00000000834152b0) 
thrown [s\src\hotspot\share\prims\jni.cpp, line 1144]
Event: 10.087 Thread 0x000001c894ef4680 Exception <a 'java/lang/NoSuchMethodError'{0x0000000083418188}: static Lorg/gradle/internal/build/event/types/AbstractProgressEvent;.<clinit>()V> (0x0000000083418188) 
thrown [s\src\hotspot\share\prims\jni.cpp, line 1144]
Event: 10.089 Thread 0x000001c894ef4680 Exception <a 'java/lang/NoSuchMethodError'{0x000000008342b6a0}: static Lorg/gradle/internal/build/event/types/DefaultProjectConfigurationDescriptor;.<clinit>()V> (0x000000008342b6a0) 
thrown [s\src\hotspot\share\prims\jni.cpp, line 1144]
Event: 10.090 Thread 0x000001c894ef4680 Exception <a 'java/lang/NoSuchMethodError'{0x00000000834ae0e0}: static Lorg/gradle/internal/build/event/types/DefaultOperationDescriptor;.<clinit>()V> (0x00000000834ae0e0) 
thrown [s\src\hotspot\share\prims\jni.cpp, line 1144]
Event: 10.090 Thread 0x000001c894ef4680 Exception <a 'java/lang/NoSuchMethodError'{0x00000000834b2158}: 'long java.lang.invoke.DirectMethodHandle$Holder.invokeSpecial(java.lang.Object, java.lang.Object)'> (0x00000000834b2158) 
thrown [s\src\hotspot\share\interpreter\linkResolver.cpp, line 784]
Event: 10.090 Thread 0x000001c894ef4680 Exception <a 'java/lang/NoSuchMethodError'{0x00000000834b59f0}: 'long java.lang.invoke.Invokers$Holder.invokeExact_MT(java.lang.Object, java.lang.Object)'> (0x00000000834b59f0) 
thrown [s\src\hotspot\share\interpreter\linkResolver.cpp, line 784]
Event: 10.094 Thread 0x000001c894ef4680 Exception <a 'java/lang/NoSuchMethodError'{0x00000000834cee38}: static Lorg/gradle/internal/operations/OperationIdentifier;.<clinit>()V> (0x00000000834cee38) 
thrown [s\src\hotspot\share\prims\jni.cpp, line 1144]
Event: 10.115 Thread 0x000001c894ed72d0 Exception <a 'java/lang/NoSuchMethodError'{0x00000000833ce7d8}: 'void java.lang.invoke.Invokers$Holder.invokeExact_MT(java.lang.Object, java.lang.Object, java.lang.Object, java.lang.Object)'> (0x00000000833ce7d8) 
thrown [s\src\hotspot\share\interpreter\linkResolver.cpp, line 784]

ZGC Phase Switch (0 events):
No events

VM Operations (20 events):
Event: 9.147 Executing VM operation: CollectForMetadataAllocation (Metadata GC Threshold) done
Event: 9.222 Executing VM operation: CollectForMetadataAllocation (Metadata GC Threshold)
Event: 9.222 Executing VM operation: CollectForMetadataAllocation (Metadata GC Threshold) done
Event: 9.228 Executing VM operation: G1PauseRemark
Event: 9.233 Executing VM operation: G1PauseRemark done
Event: 9.262 Executing VM operation: G1PauseCleanup
Event: 9.262 Executing VM operation: G1PauseCleanup done
Event: 9.656 Executing VM operation: G1CollectForAllocation (G1 Evacuation Pause)
Event: 9.663 Executing VM operation: G1CollectForAllocation (G1 Evacuation Pause) done
Event: 9.821 Executing VM operation: HandshakeAllThreads (Deoptimize)
Event: 9.821 Executing VM operation: HandshakeAllThreads (Deoptimize) done
Event: 9.893 Executing VM operation: HandshakeAllThreads (Deoptimize)
Event: 9.894 Executing VM operation: HandshakeAllThreads (Deoptimize) done
Event: 9.911 Executing VM operation: ICBufferFull
Event: 9.911 Executing VM operation: ICBufferFull done
Event: 10.014 Executing VM operation: HandshakeAllThreads (Deoptimize)
Event: 10.014 Executing VM operation: HandshakeAllThreads (Deoptimize) done
Event: 10.086 Executing VM operation: HandshakeAllThreads (Deoptimize)
Event: 10.086 Executing VM operation: HandshakeAllThreads (Deoptimize) done
Event: 10.117 Executing VM operation: G1CollectForAllocation (G1 Evacuation Pause)

Memory protections (0 events):
No events

Nmethod flushes (20 events):
Event: 9.232 Thread 0x000001c8fb80bfd0 flushing  nmethod 0x000001c8801bb410
Event: 9.232 Thread 0x000001c8fb80bfd0 flushing  nmethod 0x000001c8801d5890
Event: 9.232 Thread 0x000001c8fb80bfd0 flushing  nmethod 0x000001c8801d5d10
Event: 9.232 Thread 0x000001c8fb80bfd0 flushing  nmethod 0x000001c880223590
Event: 9.232 Thread 0x000001c8fb80bfd0 flushing  nmethod 0x000001c880228710
Event: 9.232 Thread 0x000001c8fb80bfd0 flushing  nmethod 0x000001c88027a310
Event: 9.232 Thread 0x000001c8fb80bfd0 flushing  nmethod 0x000001c8802fe210
Event: 9.232 Thread 0x000001c8fb80bfd0 flushing  nmethod 0x000001c88037c690
Event: 9.232 Thread 0x000001c8fb80bfd0 flushing  nmethod 0x000001c88037da90
Event: 9.232 Thread 0x000001c8fb80bfd0 flushing  nmethod 0x000001c88037fc90
Event: 9.232 Thread 0x000001c8fb80bfd0 flushing  nmethod 0x000001c880382410
Event: 9.232 Thread 0x000001c8fb80bfd0 flushing  nmethod 0x000001c880384b90
Event: 9.232 Thread 0x000001c8fb80bfd0 flushing  nmethod 0x000001c880385290
Event: 9.232 Thread 0x000001c8fb80bfd0 flushing  nmethod 0x000001c8803b4890
Event: 9.232 Thread 0x000001c8fb80bfd0 flushing  nmethod 0x000001c8803b4b90
Event: 9.232 Thread 0x000001c8fb80bfd0 flushing  nmethod 0x000001c88041ba90
Event: 9.232 Thread 0x000001c8fb80bfd0 flushing  nmethod 0x000001c8804c7190
Event: 9.232 Thread 0x000001c8fb80bfd0 flushing  nmethod 0x000001c88055f090
Event: 9.232 Thread 0x000001c8fb80bfd0 flushing  nmethod 0x000001c880623910
Event: 9.232 Thread 0x000001c8fb80bfd0 flushing  nmethod 0x000001c880628810

Events (20 events):
Event: 4.571 Thread 0x000001c894ed72d0 Thread added: 0x000001c89646be90
Event: 4.917 Thread 0x000001c894ed72d0 Thread added: 0x000001c89646df60
Event: 4.923 Thread 0x000001c8940d9eb0 Thread exited: 0x000001c8940d9eb0
Event: 5.675 Thread 0x000001c894ed72d0 Thread added: 0x000001c89646b800
Event: 5.762 Thread 0x000001c894ed72d0 Thread added: 0x000001c89646d8d0
Event: 6.994 Thread 0x000001c894ed72d0 Thread added: 0x000001c89646d240
Event: 7.030 Thread 0x000001c894ed72d0 Thread added: 0x000001c89646ec80
Event: 7.255 Thread 0x000001c894ed72d0 Thread added: 0x000001c89646e5f0
Event: 7.639 Thread 0x000001c894ed72d0 Thread added: 0x000001c89646f310
Event: 7.718 Thread 0x000001c894ed72d0 Thread added: 0x000001c8964706c0
Event: 8.382 Thread 0x000001c894ed72d0 Thread added: 0x000001c896470d50
Event: 8.385 Thread 0x000001c894ed72d0 Thread added: 0x000001c89646cbb0
Event: 8.388 Thread 0x000001c894ed72d0 Thread added: 0x000001c896469dc0
Event: 8.437 Thread 0x000001c894ed72d0 Thread added: 0x000001c89646a450
Event: 8.438 Thread 0x000001c894ed72d0 Thread added: 0x000001c8964713e0
Event: 8.438 Thread 0x000001c894ed72d0 Thread added: 0x000001c89646aae0
Event: 8.571 Thread 0x000001c894ed72d0 Thread added: 0x000001c89646b170
Event: 8.655 Thread 0x000001c894ed72d0 Thread added: 0x000001c897ca9380
Event: 8.656 Thread 0x000001c894ed72d0 Thread added: 0x000001c897cab450
Event: 8.658 Thread 0x000001c894ed72d0 Thread added: 0x000001c897ca8cf0


Dynamic libraries:
0x00007ff6cfa90000 - 0x00007ff6cfa9a000 	D:\android_studio\android\jbr\bin\java.exe
0x00007ffa18050000 - 0x00007ffa18267000 	C:\WINDOWS\SYSTEM32\ntdll.dll
0x00007ffa17420000 - 0x00007ffa174e4000 	C:\WINDOWS\System32\KERNEL32.DLL
0x00007ffa15210000 - 0x00007ffa155e2000 	C:\WINDOWS\System32\KERNELBASE.dll
0x00007ffa156b0000 - 0x00007ffa157c1000 	C:\WINDOWS\System32\ucrtbase.dll
0x00007ffa0ea00000 - 0x00007ffa0ea1b000 	D:\android_studio\android\jbr\bin\VCRUNTIME140.dll
0x00007ffa0ea20000 - 0x00007ffa0ea38000 	D:\android_studio\android\jbr\bin\jli.dll
0x00007ffa16140000 - 0x00007ffa162f1000 	C:\WINDOWS\System32\USER32.dll
0x00007ffa151e0000 - 0x00007ffa15206000 	C:\WINDOWS\System32\win32u.dll
0x00007ff9fd5f0000 - 0x00007ff9fd88b000 	C:\WINDOWS\WinSxS\amd64_microsoft.windows.common-controls_6595b64144ccf1df_6.0.22621.5547_none_27104afb73855772\COMCTL32.dll
0x00007ffa17ab0000 - 0x00007ffa17ad9000 	C:\WINDOWS\System32\GDI32.dll
0x00007ffa157d0000 - 0x00007ffa158f3000 	C:\WINDOWS\System32\gdi32full.dll
0x00007ffa17ae0000 - 0x00007ffa17b87000 	C:\WINDOWS\System32\msvcrt.dll
0x00007ffa15140000 - 0x00007ffa151da000 	C:\WINDOWS\System32\msvcp_win.dll
0x00007ffa17230000 - 0x00007ffa17261000 	C:\WINDOWS\System32\IMM32.DLL
0x00007ffa0f3b0000 - 0x00007ffa0f3bc000 	D:\android_studio\android\jbr\bin\vcruntime140_1.dll
0x00007ff9fee00000 - 0x00007ff9fee8d000 	D:\android_studio\android\jbr\bin\msvcp140.dll
0x00007ff990200000 - 0x00007ff990e96000 	D:\android_studio\android\jbr\bin\server\jvm.dll
0x00007ffa17b90000 - 0x00007ffa17c41000 	C:\WINDOWS\System32\ADVAPI32.dll
0x00007ffa176e0000 - 0x00007ffa17788000 	C:\WINDOWS\System32\sechost.dll
0x00007ffa15c30000 - 0x00007ffa15c58000 	C:\WINDOWS\System32\bcrypt.dll
0x00007ffa17790000 - 0x00007ffa178a4000 	C:\WINDOWS\System32\RPCRT4.dll
0x00007ffa17160000 - 0x00007ffa171d1000 	C:\WINDOWS\System32\WS2_32.dll
0x00007ffa13fc0000 - 0x00007ffa1400d000 	C:\WINDOWS\SYSTEM32\POWRPROF.dll
0x00007ffa0e730000 - 0x00007ffa0e764000 	C:\WINDOWS\SYSTEM32\WINMM.dll
0x00007ffa0bed0000 - 0x00007ffa0beda000 	C:\WINDOWS\SYSTEM32\VERSION.dll
0x00007ffa13fa0000 - 0x00007ffa13fb3000 	C:\WINDOWS\SYSTEM32\UMPDC.dll
0x00007ffa14260000 - 0x00007ffa14278000 	C:\WINDOWS\SYSTEM32\kernel.appcore.dll
0x00007ffa0e9f0000 - 0x00007ffa0e9fa000 	D:\android_studio\android\jbr\bin\jimage.dll
0x00007ffa12630000 - 0x00007ffa12863000 	C:\WINDOWS\SYSTEM32\DBGHELP.DLL
0x00007ffa15d80000 - 0x00007ffa16113000 	C:\WINDOWS\System32\combase.dll
0x00007ffa17c50000 - 0x00007ffa17d27000 	C:\WINDOWS\System32\OLEAUT32.dll
0x00007ff9ffb60000 - 0x00007ff9ffb92000 	C:\WINDOWS\SYSTEM32\dbgcore.DLL
0x00007ffa15bb0000 - 0x00007ffa15c2b000 	C:\WINDOWS\System32\bcryptPrimitives.dll
0x00007ffa0e940000 - 0x00007ffa0e94e000 	D:\android_studio\android\jbr\bin\instrument.dll
0x00007ffa0e8d0000 - 0x00007ffa0e8f0000 	D:\android_studio\android\jbr\bin\java.dll
0x00007ffa0e840000 - 0x00007ffa0e858000 	D:\android_studio\android\jbr\bin\zip.dll
0x00007ffa16840000 - 0x00007ffa170e2000 	C:\WINDOWS\System32\SHELL32.dll
0x00007ffa15a70000 - 0x00007ffa15baf000 	C:\WINDOWS\System32\wintypes.dll
0x00007ffa13070000 - 0x00007ffa1398d000 	C:\WINDOWS\SYSTEM32\windows.storage.dll
0x00007ffa178b0000 - 0x00007ffa179bc000 	C:\WINDOWS\System32\SHCORE.dll
0x00007ffa170f0000 - 0x00007ffa17159000 	C:\WINDOWS\System32\shlwapi.dll
0x00007ffa15070000 - 0x00007ffa1509b000 	C:\WINDOWS\SYSTEM32\profapi.dll
0x00007ffa0e9e0000 - 0x00007ffa0e9f0000 	D:\android_studio\android\jbr\bin\net.dll
0x00007ffa11af0000 - 0x00007ffa11c1c000 	C:\WINDOWS\SYSTEM32\WINHTTP.dll
0x00007ffa146e0000 - 0x00007ffa14749000 	C:\WINDOWS\system32\mswsock.dll
0x00007ffa0dc80000 - 0x00007ffa0dc96000 	D:\android_studio\android\jbr\bin\nio.dll
0x00007ff9fffd0000 - 0x00007ff9fffe0000 	D:\android_studio\android\jbr\bin\verify.dll
0x00007ff9ff040000 - 0x00007ff9ff067000 	C:\Users\User\.gradle\native\1def1411415f61bf3af743bc5b6707747c0891f09f0c88961ee8f79bc544acac\windows-amd64\native-platform.dll
0x00007ff9f37e0000 - 0x00007ff9f3858000 	C:\Users\User\.gradle\native\0.2.7\x86_64-windows-gnu\gradle-fileevents.dll
0x00007ffa0dc70000 - 0x00007ffa0dc79000 	D:\android_studio\android\jbr\bin\management.dll
0x00007ffa001b0000 - 0x00007ffa001bb000 	D:\android_studio\android\jbr\bin\management_ext.dll
0x00007ffa15d70000 - 0x00007ffa15d78000 	C:\WINDOWS\System32\PSAPI.DLL
0x00007ffa13c50000 - 0x00007ffa13c7d000 	C:\WINDOWS\SYSTEM32\IPHLPAPI.DLL
0x00007ffa17aa0000 - 0x00007ffa17aa9000 	C:\WINDOWS\System32\NSI.dll
0x00007ffa0e8c0000 - 0x00007ffa0e8c9000 	D:\android_studio\android\jbr\bin\extnet.dll
0x00007ffa14940000 - 0x00007ffa1495b000 	C:\WINDOWS\SYSTEM32\CRYPTSP.dll
0x00007ffa141c0000 - 0x00007ffa141f7000 	C:\WINDOWS\system32\rsaenh.dll
0x00007ffa147d0000 - 0x00007ffa147f8000 	C:\WINDOWS\SYSTEM32\USERENV.dll
0x00007ffa14930000 - 0x00007ffa1493c000 	C:\WINDOWS\SYSTEM32\CRYPTBASE.dll
0x00007ff9d92c0000 - 0x00007ff9d92c8000 	C:\WINDOWS\system32\wshunix.dll

JVMTI agents:
C:\Users\User\.gradle\wrapper\dists\gradle-8.13-bin\5xuhj0ry160q40clulazy9h7d\gradle-8.13\lib\agents\gradle-instrumentation-agent-8.13.jar path:D:\android_studio\android\jbr\bin\instrument.dll, loaded, initialized, instrumentlib options:none

dbghelp: loaded successfully - version: 4.0.5 - missing functions: none
symbol engine: initialized successfully - sym options: 0x614 - pdb path: .;D:\android_studio\android\jbr\bin;C:\WINDOWS\SYSTEM32;C:\WINDOWS\WinSxS\amd64_microsoft.windows.common-controls_6595b64144ccf1df_6.0.22621.5547_none_27104afb73855772;D:\android_studio\android\jbr\bin\server;C:\Users\User\.gradle\native\1def1411415f61bf3af743bc5b6707747c0891f09f0c88961ee8f79bc544acac\windows-amd64;C:\Users\User\.gradle\native\0.2.7\x86_64-windows-gnu

VM Arguments:
jvm_args: --add-opens=java.base/java.lang=ALL-UNNAMED --add-opens=java.base/java.lang.invoke=ALL-UNNAMED --add-opens=java.base/java.util=ALL-UNNAMED --add-opens=java.prefs/java.util.prefs=ALL-UNNAMED --add-exports=jdk.compiler/com.sun.tools.javac.api=ALL-UNNAMED --add-exports=jdk.compiler/com.sun.tools.javac.util=ALL-UNNAMED --add-opens=java.base/java.util=ALL-UNNAMED --add-opens=java.prefs/java.util.prefs=ALL-UNNAMED --add-opens=java.base/java.nio.charset=ALL-UNNAMED --add-opens=java.base/java.net=ALL-UNNAMED --add-opens=java.base/java.util.concurrent.atomic=ALL-UNNAMED --add-opens=java.xml/javax.xml.namespace=ALL-UNNAMED -Xmx2048m -Dfile.encoding=UTF-8 -Duser.country=US -Duser.language=en -Duser.variant -javaagent:C:\Users\User\.gradle\wrapper\dists\gradle-8.13-bin\5xuhj0ry160q40clulazy9h7d\gradle-8.13\lib\agents\gradle-instrumentation-agent-8.13.jar 
java_command: org.gradle.launcher.daemon.bootstrap.GradleDaemon 8.13
java_class_path (initial): C:\Users\User\.gradle\wrapper\dists\gradle-8.13-bin\5xuhj0ry160q40clulazy9h7d\gradle-8.13\lib\gradle-daemon-main-8.13.jar
Launcher Type: SUN_STANDARD

[Global flags]
     intx CICompilerCount                          = 3                                         {product} {ergonomic}
     uint ConcGCThreads                            = 1                                         {product} {ergonomic}
     uint G1ConcRefinementThreads                  = 4                                         {product} {ergonomic}
   size_t G1HeapRegionSize                         = 1048576                                   {product} {ergonomic}
    uintx GCDrainStackTargetSize                   = 64                                        {product} {ergonomic}
   size_t InitialHeapSize                          = 132120576                                 {product} {ergonomic}
   size_t MarkStackSize                            = 4194304                                   {product} {ergonomic}
   size_t MaxHeapSize                              = 2147483648                                {product} {command line}
   size_t MaxNewSize                               = 1287651328                                {product} {ergonomic}
   size_t MinHeapDeltaBytes                        = 1048576                                   {product} {ergonomic}
   size_t MinHeapSize                              = 8388608                                   {product} {ergonomic}
    uintx NonNMethodCodeHeapSize                   = 5832780                                {pd product} {ergonomic}
    uintx NonProfiledCodeHeapSize                  = 122912730                              {pd product} {ergonomic}
    uintx ProfiledCodeHeapSize                     = 122912730                              {pd product} {ergonomic}
    uintx ReservedCodeCacheSize                    = 251658240                              {pd product} {ergonomic}
     bool SegmentedCodeCache                       = true                                      {product} {ergonomic}
   size_t SoftMaxHeapSize                          = 2147483648                             {manageable} {ergonomic}
     bool UseCompressedOops                        = true                           {product lp64_product} {ergonomic}
     bool UseG1GC                                  = true                                      {product} {ergonomic}
     bool UseLargePagesIndividualAllocation        = false                                  {pd product} {ergonomic}

Logging:
Log output configuration:
 #0: stdout all=warning uptime,level,tags foldmultilines=false
 #1: stderr all=off uptime,level,tags foldmultilines=false

Environment Variables:
JAVA_HOME=D:\android_studio\android
PATH=D:\android_studio\android\bin;C:\Program Files\Common Files\Oracle\Java\javapath;C:\Windows\system32;C:\Windows;C:\Windows\System32\Wbem;C:\Windows\System32\WindowsPowerShell\v1.0\;C:\Windows\System32\OpenSSH\;C:\Program Files (x86)\NVIDIA Corporation\PhysX\Common;C:\Program Files\NVIDIA Corporation\NVIDIA NvDLISR;C:\WINDOWS\system32;C:\WINDOWS;C:\WINDOWS\System32\Wbem;C:\WINDOWS\System32\WindowsPowerShell\v1.0\;C:\WINDOWS\System32\OpenSSH\;C:\Program Files\Git\cmd;C:\xampp\php;C:\ProgramData\ComposerSetup\bin;C:\php-8.4.5;C:\xampp\php;D:\7zip;C:\Users\User\AppData\Local\nvm;C:\nvm4w\nodejs;D:\xamppp\php;C:\Users\User\AppData\Local\Programs\Microsoft VS Code\bin;C:\Users\User\AppData\Local\nvm;C:\nvm4w\nodejs;C:\Program Files\Android\Android Studio\jbr;D:\android_studio\android\bin;D:\flutter\flutter_windows_3.35.4-stable\flutter\bin;
USERNAME=User
OS=Windows_NT
PROCESSOR_IDENTIFIER=Intel64 Family 6 Model 140 Stepping 2, GenuineIntel
TMP=C:\Users\User\AppData\Local\Temp
TEMP=C:\Users\User\AppData\Local\Temp




Periodic native trim disabled

JNI global refs:
JNI global refs: 25, weak refs: 0

JNI global refs memory usage: 835, weak refs: 833

Process memory usage:
Resident Set Size: 280740K (3% of 8166712K total physical memory with 322148K free physical memory)

OOME stack traces (most recent first):
Classloader memory used:
Loader org.gradle.internal.classloader.VisitableURLClassLoader                         : 35365K
Loader bootstrap                                                                       : 22873K
Loader org.gradle.initialization.MixInLegacyTypesClassLoader                           : 8726K
Loader jdk.internal.loader.ClassLoaders$PlatformClassLoader                            : 507K
Loader jdk.internal.loader.ClassLoaders$AppClassLoader                                 : 235K
Loader org.gradle.groovy.scripts.internal.DefaultScriptCompilationHandler$ScriptClassLoader: 100K
Loader jdk.internal.reflect.DelegatingClassLoader                                      : 48472B
Loader org.gradle.internal.classloader.VisitableURLClassLoader                         : 30144B
Loader org.gradle.internal.classloader.VisitableURLClassLoader$InstrumentingVisitableURLClassLoader: 16368B
Loader org.codehaus.groovy.runtime.callsite.CallSiteClassLoader                        : 10160B

Classes loaded by more than one classloader:
Class org.gradle.internal.classloader.FilteringClassLoader                            : loaded 2 times (x 105B)
Class org.gradle.internal.classloader.ClassLoaderHierarchy                            : loaded 2 times (x 70B)
Class org.gradle.api.internal.classpath.ManifestUtil                                  : loaded 2 times (x 71B)
Class org.gradle.internal.classloader.DefaultClassLoaderFactory                       : loaded 2 times (x 82B)
Class org.gradle.internal.classloader.ClassLoaderVisitor                              : loaded 2 times (x 76B)
Class org.gradle.api.internal.classpath.EffectiveClassPath                            : loaded 2 times (x 90B)
Class org.gradle.api.internal.DefaultClassPathProvider                                : loaded 2 times (x 76B)
Class [Lorg.gradle.api.internal.ClassPathProvider;                                    : loaded 2 times (x 69B)
Class org.gradle.api.internal.ClassPathProvider                                       : loaded 2 times (x 70B)
Class org.gradle.internal.service.UnknownServiceException                             : loaded 2 times (x 83B)
Class org.gradle.internal.classpath.TransformedClassPath                              : loaded 2 times (x 96B)
Class org.gradle.internal.classloader.InstrumentingClassLoader                        : loaded 2 times (x 70B)
Class org.gradle.internal.service.ServiceLocator                                      : loaded 2 times (x 70B)
Class org.gradle.internal.InternalTransformer                                         : loaded 2 times (x 70B)
Class org.gradle.internal.classloader.ClasspathUtil$1                                 : loaded 2 times (x 76B)
Class org.gradle.api.internal.classpath.DefaultModuleRegistry$DefaultModule           : loaded 2 times (x 86B)
Class org.gradle.api.internal.classpath.Module                                        : loaded 2 times (x 70B)
Class org.gradle.api.internal.classpath.UnknownModuleException                        : loaded 2 times (x 82B)
Class org.gradle.api.internal.DefaultClassPathRegistry                                : loaded 2 times (x 76B)
Class org.gradle.api.internal.ClassPathRegistry                                       : loaded 2 times (x 70B)
Class org.gradle.internal.classpath.DefaultClassPath$ImmutableUniqueList              : loaded 2 times (x 199B)
Class Settings_gradle$1                                                               : loaded 2 times (x 75B)
Class Program                                                                         : loaded 2 times (x 72B)
Class org.gradle.internal.classpath.ClassPath                                         : loaded 2 times (x 70B)
Class org.gradle.api.UncheckedIOException                                             : loaded 2 times (x 82B)
Class ijKotlinCoroutineJvmDebugInit1_dofq3drr9aihm4earzh7ldbbw                        : loaded 2 times (x 179B)
Class org.gradle.internal.installation.GradleInstallation$1                           : loaded 2 times (x 75B)
Class org.gradle.api.internal.classpath.ModuleRegistry                                : loaded 2 times (x 70B)
Class org.gradle.api.internal.classpath.DefaultModuleRegistry                         : loaded 2 times (x 86B)
Class org.gradle.internal.service.ServiceLookupException                              : loaded 2 times (x 82B)
Class org.gradle.internal.classloader.ClassLoaderFactory                              : loaded 2 times (x 70B)
Class org.gradle.internal.service.CachingServiceLocator                               : loaded 2 times (x 82B)
Class org.gradle.internal.classloader.ClasspathUtil                                   : loaded 2 times (x 71B)
Class org.gradle.api.specs.Spec                                                       : loaded 2 times (x 70B)
Class org.gradle.internal.classloader.VisitableURLClassLoader$InstrumentingVisitableURLClassLoader: loaded 2 times (x 123B)
Class org.gradle.internal.classloader.VisitableURLClassLoader$Spec                    : loaded 2 times (x 74B)
Class org.gradle.internal.classpath.DefaultClassPath                                  : loaded 2 times (x 90B)
Class org.gradle.internal.classloader.ClassLoaderSpec                                 : loaded 2 times (x 71B)
Class Settings_gradle$1$1                                                             : loaded 2 times (x 75B)
Class ijKotlinCoroutineJvmDebugInit1_dofq3drr9aihm4earzh7ldbbw$_run_closure1          : loaded 2 times (x 139B)
Class org.gradle.internal.classloader.VisitableURLClassLoader                         : loaded 2 times (x 117B)
Class Settings_gradle                                                                 : loaded 2 times (x 128B)
Class org.gradle.internal.Cast                                                        : loaded 2 times (x 71B)
Class org.gradle.api.Action                                                           : loaded 2 times (x 70B)
Class org.gradle.internal.classpath.DefaultClassPath$ImmutableUniqueList$Builder      : loaded 2 times (x 75B)
Class org.gradle.api.GradleException                                                  : loaded 2 times (x 82B)
Class org.gradle.internal.IoActions                                                   : loaded 2 times (x 71B)
Class ijJvmDebugger1_9x3erf11sbp6hr81ma3cxq5r2                                        : loaded 2 times (x 179B)
Class org.gradle.internal.classloader.SystemClassLoaderSpec                           : loaded 2 times (x 71B)
Class ijJvmDebugger1_9x3erf11sbp6hr81ma3cxq5r2$_run_closure1                          : loaded 2 times (x 139B)
Class org.gradle.api.internal.classpath.GlobalCacheRootsProvider                      : loaded 2 times (x 70B)
Class org.gradle.internal.installation.CurrentGradleInstallationLocator               : loaded 2 times (x 71B)
Class org.gradle.internal.service.DefaultServiceLocator                               : loaded 2 times (x 83B)
Class org.gradle.internal.installation.CurrentGradleInstallation                      : loaded 2 times (x 73B)
Class org.gradle.util.internal.GUtil                                                  : loaded 2 times (x 71B)
Class org.gradle.internal.installation.GradleInstallation                             : loaded 2 times (x 75B)

---------------  S Y S T E M  ---------------

OS:
 Windows 11 , 64 bit Build 22621 (10.0.22621.5415)
OS uptime: 0 days 1:01 hours

CPU: total 4 (initial active 4) (2 cores per cpu, 2 threads per core) family 6 model 140 stepping 2 microcode 0x26, cx8, cmov, fxsr, ht, mmx, 3dnowpref, sse, sse2, sse3, ssse3, sse4.1, sse4.2, popcnt, lzcnt, tsc, tscinvbit, avx, avx2, aes, erms, clmul, bmi1, bmi2, adx, avx512f, avx512dq, avx512cd, avx512bw, avx512vl, sha, fma, vzeroupper, avx512_vpopcntdq, avx512_vpclmulqdq, avx512_vaes, avx512_vnni, clflush, clflushopt, clwb, avx512_vbmi2, avx512_vbmi, rdtscp, rdpid, fsrm, gfni, avx512_bitalg, f16c, pku, cet_ibt, cet_ss, avx512_ifma
Processor Information for the first 4 processors :
  Max Mhz: 2995, Current Mhz: 2995, Mhz Limit: 2995

Memory: 4k page, system-wide physical 7975M (314M free)
TotalPageFile size 12936M (AvailPageFile size 10M)
current process WorkingSet (physical memory assigned to process): 274M, peak: 274M
current process commit charge ("private bytes"): 299M, peak: 317M

vm_info: OpenJDK 64-Bit Server VM (21.0.8+-14018985-b1038.68) for windows-amd64 JRE (21.0.8+-14018985-b1038.68), built on 2025-08-29T19:56:34Z by "builder" with MS VC++ 16.10 / 16.11 (VS2019)

END.
