#
# There is insufficient memory for the Java Runtime Environment to continue.
# Native memory allocation (malloc) failed to allocate 986736 bytes. Error detail: Chunk::new
# Possible reasons:
#   The system is out of physical RAM or swap space
#   This process is running with CompressedOops enabled, and the Java Heap may be blocking the growth of the native heap
# Possible solutions:
#   Reduce memory load on the system
#   Increase physical memory or swap space
#   Check if swap backing store is full
#   Decrease Java heap size (-Xmx/-Xms)
#   Decrease number of Java threads
#   Decrease Java thread stack sizes (-Xss)
#   Set larger code cache with -XX:ReservedCodeCacheSize=
#   JVM is running with Unscaled Compressed Oops mode in which the Java heap is
#     placed in the first 4GB address space. The Java Heap base address is the
#     maximum limit for the native heap growth. Please use -XX:HeapBaseMinAddress
#     to set the Java Heap base and to place the Java Heap above 4GB virtual address.
# This output file may be truncated or incomplete.
#
#  Out of Memory Error (arena.cpp:168), pid=14672, tid=9276
#
# JRE version: OpenJDK Runtime Environment (21.0.8) (build 21.0.8+-14018985-b1038.68)
# Java VM: OpenJDK 64-Bit Server VM (21.0.8+-14018985-b1038.68, mixed mode, tiered, compressed oops, compressed class ptrs, g1 gc, windows-amd64)
# No core dump will be written. Minidumps are not enabled by default on client versions of Windows
#

---------------  S U M M A R Y ------------

Command Line: --add-opens=java.base/java.lang=ALL-UNNAMED --add-opens=java.base/java.lang.invoke=ALL-UNNAMED --add-opens=java.base/java.util=ALL-UNNAMED --add-opens=java.prefs/java.util.prefs=ALL-UNNAMED --add-exports=jdk.compiler/com.sun.tools.javac.api=ALL-UNNAMED --add-exports=jdk.compiler/com.sun.tools.javac.util=ALL-UNNAMED --add-opens=java.base/java.util=ALL-UNNAMED --add-opens=java.prefs/java.util.prefs=ALL-UNNAMED --add-opens=java.base/java.nio.charset=ALL-UNNAMED --add-opens=java.base/java.net=ALL-UNNAMED --add-opens=java.base/java.util.concurrent.atomic=ALL-UNNAMED --add-opens=java.xml/javax.xml.namespace=ALL-UNNAMED -Xmx2048m -Dfile.encoding=UTF-8 -Duser.country=US -Duser.language=en -Duser.variant -javaagent:C:\Users\User\.gradle\wrapper\dists\gradle-8.13-bin\5xuhj0ry160q40clulazy9h7d\gradle-8.13\lib\agents\gradle-instrumentation-agent-8.13.jar org.gradle.launcher.daemon.bootstrap.GradleDaemon 8.13

Host: 11th Gen Intel(R) Core(TM) i3-1115G4 @ 3.00GHz, 4 cores, 7G,  Windows 11 , 64 bit Build 22621 (10.0.22621.5415)
Time: Sun Jan 11 15:49:52 2026 Malay Peninsula Standard Time elapsed time: 8.327345 seconds (0d 0h 0m 8s)

---------------  T H R E A D  ---------------

Current thread (0x0000025d0907c190):  JavaThread "C2 CompilerThread0" daemon [_thread_in_native, id=9276, stack(0x000000c1d0e00000,0x000000c1d0f00000) (1024K)]


Current CompileTask:
C2:8327 6140   !   4       java.net.URLClassLoader::findClass (47 bytes)

Stack: [0x000000c1d0e00000,0x000000c1d0f00000]
Native frames: (J=compiled Java code, j=interpreted, Vv=VM code, C=native code)
V  [jvm.dll+0x6d68d9]
V  [jvm.dll+0x866693]
V  [jvm.dll+0x868c4e]
V  [jvm.dll+0x869333]
V  [jvm.dll+0x280566]
V  [jvm.dll+0xc07cd]
V  [jvm.dll+0xc0d03]
V  [jvm.dll+0x2f5970]
V  [jvm.dll+0x5ff719]
V  [jvm.dll+0x252362]
V  [jvm.dll+0x25271f]
V  [jvm.dll+0x24aec5]
V  [jvm.dll+0x24871e]
V  [jvm.dll+0x1c73a4]
V  [jvm.dll+0x257f9e]
V  [jvm.dll+0x2564e6]
V  [jvm.dll+0x3f4696]
V  [jvm.dll+0x80eac8]
V  [jvm.dll+0x6d512d]
C  [ucrtbase.dll+0x29333]
C  [KERNEL32.DLL+0x1259d]
C  [ntdll.dll+0x5af78]


---------------  P R O C E S S  ---------------

Threads class SMR info:
_java_thread_list=0x0000025d0e3fc8d0, length=46, elements={
0x0000025d6b977130, 0x0000025d0903f9f0, 0x0000025d09043870, 0x0000025d0905a2f0,
0x0000025d09067d10, 0x0000025d09068770, 0x0000025d090691d0, 0x0000025d0907b400,
0x0000025d0907c190, 0x0000025d0907cc30, 0x0000025d094b3b90, 0x0000025d0b003750,
0x0000025d0b05a590, 0x0000025d0aecb460, 0x0000025d0b17dc30, 0x0000025d0b17e2a0,
0x0000025d0b06f1e0, 0x0000025d0b06f850, 0x0000025d0b0b1b00, 0x0000025d0b0b2820,
0x0000025d0b0b0de0, 0x0000025d0b0b2190, 0x0000025d0b0b1470, 0x0000025d0b0b2eb0,
0x0000025d0b0b3540, 0x0000025d0b0b00c0, 0x0000025d0db588c0, 0x0000025d0db5ca60,
0x0000025d0db5d0f0, 0x0000025d0db567f0, 0x0000025d0db58230, 0x0000025d0db5b020,
0x0000025d0db5b6b0, 0x0000025d0db5c3d0, 0x0000025d0db5bd40, 0x0000025d0db5a300,
0x0000025d0db56e80, 0x0000025d0db58f50, 0x0000025d0db5a990, 0x0000025d0db57510,
0x0000025d0db595e0, 0x0000025d0db57ba0, 0x0000025d0db59c70, 0x0000025d0d207740,
0x0000025d0d2070b0, 0x0000025d09374610
}

Java Threads: ( => current thread )
  0x0000025d6b977130 JavaThread "main"                              [_thread_blocked, id=11316, stack(0x000000c1cff00000,0x000000c1d0000000) (1024K)]
  0x0000025d0903f9f0 JavaThread "Common-Cleaner"             daemon [_thread_blocked, id=11212, stack(0x000000c1d0700000,0x000000c1d0800000) (1024K)]
  0x0000025d09043870 JavaThread "Reference Handler"          daemon [_thread_blocked, id=12688, stack(0x000000c1d0800000,0x000000c1d0900000) (1024K)]
  0x0000025d0905a2f0 JavaThread "Finalizer"                  daemon [_thread_blocked, id=6876, stack(0x000000c1d0900000,0x000000c1d0a00000) (1024K)]
  0x0000025d09067d10 JavaThread "Signal Dispatcher"          daemon [_thread_blocked, id=1236, stack(0x000000c1d0a00000,0x000000c1d0b00000) (1024K)]
  0x0000025d09068770 JavaThread "Attach Listener"            daemon [_thread_blocked, id=8392, stack(0x000000c1d0b00000,0x000000c1d0c00000) (1024K)]
  0x0000025d090691d0 JavaThread "Service Thread"             daemon [_thread_blocked, id=3940, stack(0x000000c1d0c00000,0x000000c1d0d00000) (1024K)]
  0x0000025d0907b400 JavaThread "Monitor Deflation Thread"   daemon [_thread_blocked, id=16152, stack(0x000000c1d0d00000,0x000000c1d0e00000) (1024K)]
=>0x0000025d0907c190 JavaThread "C2 CompilerThread0"         daemon [_thread_in_native, id=9276, stack(0x000000c1d0e00000,0x000000c1d0f00000) (1024K)]
  0x0000025d0907cc30 JavaThread "C1 CompilerThread0"         daemon [_thread_blocked, id=3344, stack(0x000000c1d0f00000,0x000000c1d1000000) (1024K)]
  0x0000025d094b3b90 JavaThread "Notification Thread"        daemon [_thread_blocked, id=4124, stack(0x000000c1d1000000,0x000000c1d1100000) (1024K)]
  0x0000025d0b003750 JavaThread "Daemon health stats"               [_thread_blocked, id=1872, stack(0x000000c1d1500000,0x000000c1d1600000) (1024K)]
  0x0000025d0b05a590 JavaThread "Incoming local TCP Connector on port 53226"        [_thread_in_native, id=10444, stack(0x000000c1d1600000,0x000000c1d1700000) (1024K)]
  0x0000025d0aecb460 JavaThread "Daemon periodic checks"            [_thread_blocked, id=14756, stack(0x000000c1d1700000,0x000000c1d1800000) (1024K)]
  0x0000025d0b17dc30 JavaThread "Daemon"                            [_thread_blocked, id=1168, stack(0x000000c1d1800000,0x000000c1d1900000) (1024K)]
  0x0000025d0b17e2a0 JavaThread "Handler for socket connection from /127.0.0.1:53226 to /127.0.0.1:53227"        [_thread_in_native, id=12156, stack(0x000000c1d1900000,0x000000c1d1a00000) (1024K)]
  0x0000025d0b06f1e0 JavaThread "Cancel handler"                    [_thread_blocked, id=6980, stack(0x000000c1d1a00000,0x000000c1d1b00000) (1024K)]
  0x0000025d0b06f850 JavaThread "Daemon worker"                     [_thread_in_Java, id=15228, stack(0x000000c1d1b00000,0x000000c1d1c00000) (1024K)]
  0x0000025d0b0b1b00 JavaThread "Asynchronous log dispatcher for DefaultDaemonConnection: socket connection from /127.0.0.1:53226 to /127.0.0.1:53227"        [_thread_blocked, id=12904, stack(0x000000c1d1c00000,0x000000c1d1d00000) (1024K)]
  0x0000025d0b0b2820 JavaThread "Stdin handler"                     [_thread_blocked, id=11528, stack(0x000000c1d1d00000,0x000000c1d1e00000) (1024K)]
  0x0000025d0b0b0de0 JavaThread "Daemon client event forwarder"        [_thread_blocked, id=7576, stack(0x000000c1d1e00000,0x000000c1d1f00000) (1024K)]
  0x0000025d0b0b2190 JavaThread "Cache worker for journal cache (C:\Users\User\.gradle\caches\journal-1)"        [_thread_blocked, id=1712, stack(0x000000c1d1f00000,0x000000c1d2000000) (1024K)]
  0x0000025d0b0b1470 JavaThread "File lock request listener"        [_thread_in_native, id=12772, stack(0x000000c1d2000000,0x000000c1d2100000) (1024K)]
  0x0000025d0b0b2eb0 JavaThread "Cache worker for file hash cache (C:\Users\User\.gradle\caches\8.13\fileHashes)"        [_thread_blocked, id=1336, stack(0x000000c1d2100000,0x000000c1d2200000) (1024K)]
  0x0000025d0b0b3540 JavaThread "Cache worker for file hash cache (D:\jokiAja\Finance_Tracker_App\.gradle\8.13\fileHashes)"        [_thread_blocked, id=12108, stack(0x000000c1d2200000,0x000000c1d2300000) (1024K)]
  0x0000025d0b0b00c0 JavaThread "Cache worker for Build Output Cleanup Cache (D:\jokiAja\Finance_Tracker_App\.gradle\buildOutputCleanup)"        [_thread_blocked, id=3560, stack(0x000000c1d2300000,0x000000c1d2400000) (1024K)]
  0x0000025d0db588c0 JavaThread "File watcher server"        daemon [_thread_in_native, id=3692, stack(0x000000c1d2400000,0x000000c1d2500000) (1024K)]
  0x0000025d0db5ca60 JavaThread "File watcher consumer"      daemon [_thread_blocked, id=13796, stack(0x000000c1d2500000,0x000000c1d2600000) (1024K)]
  0x0000025d0db5d0f0 JavaThread "jar transforms"                    [_thread_blocked, id=15476, stack(0x000000c1d2600000,0x000000c1d2700000) (1024K)]
  0x0000025d0db567f0 JavaThread "jar transforms Thread 2"           [_thread_blocked, id=16368, stack(0x000000c1d2700000,0x000000c1d2800000) (1024K)]
  0x0000025d0db58230 JavaThread "Cache worker for checksums cache (D:\jokiAja\Finance_Tracker_App\.gradle\8.13\checksums)"        [_thread_blocked, id=80, stack(0x000000c1d2800000,0x000000c1d2900000) (1024K)]
  0x0000025d0db5b020 JavaThread "Cache worker for file content cache (C:\Users\User\.gradle\caches\8.13\fileContent)"        [_thread_blocked, id=5784, stack(0x000000c1d2900000,0x000000c1d2a00000) (1024K)]
  0x0000025d0db5b6b0 JavaThread "jar transforms Thread 3"           [_thread_blocked, id=3320, stack(0x000000c1d2a00000,0x000000c1d2b00000) (1024K)]
  0x0000025d0db5c3d0 JavaThread "Cache worker for cache directory md-supplier (C:\Users\User\.gradle\caches\8.13\md-supplier)"        [_thread_blocked, id=6536, stack(0x000000c1d2b00000,0x000000c1d2c00000) (1024K)]
  0x0000025d0db5bd40 JavaThread "Cache worker for cache directory md-rule (C:\Users\User\.gradle\caches\8.13\md-rule)"        [_thread_blocked, id=4588, stack(0x000000c1d2c00000,0x000000c1d2d00000) (1024K)]
  0x0000025d0db5a300 JavaThread "Unconstrained build operations"        [_thread_blocked, id=5832, stack(0x000000c1d2d00000,0x000000c1d2e00000) (1024K)]
  0x0000025d0db56e80 JavaThread "Unconstrained build operations Thread 2"        [_thread_blocked, id=3256, stack(0x000000c1d2e00000,0x000000c1d2f00000) (1024K)]
  0x0000025d0db58f50 JavaThread "Unconstrained build operations Thread 3"        [_thread_blocked, id=7892, stack(0x000000c1d2f00000,0x000000c1d3000000) (1024K)]
  0x0000025d0db5a990 JavaThread "Unconstrained build operations Thread 4"        [_thread_blocked, id=5344, stack(0x000000c1d3000000,0x000000c1d3100000) (1024K)]
  0x0000025d0db57510 JavaThread "Unconstrained build operations Thread 5"        [_thread_blocked, id=11332, stack(0x000000c1d3100000,0x000000c1d3200000) (1024K)]
  0x0000025d0db595e0 JavaThread "Unconstrained build operations Thread 6"        [_thread_blocked, id=15712, stack(0x000000c1d3200000,0x000000c1d3300000) (1024K)]
  0x0000025d0db57ba0 JavaThread "jar transforms Thread 4"           [_thread_blocked, id=9656, stack(0x000000c1d3300000,0x000000c1d3400000) (1024K)]
  0x0000025d0db59c70 JavaThread "Unconstrained build operations Thread 7"        [_thread_blocked, id=5568, stack(0x000000c1d3400000,0x000000c1d3500000) (1024K)]
  0x0000025d0d207740 JavaThread "Unconstrained build operations Thread 8"        [_thread_blocked, id=8824, stack(0x000000c1d3500000,0x000000c1d3600000) (1024K)]
  0x0000025d0d2070b0 JavaThread "Unconstrained build operations Thread 9"        [_thread_blocked, id=5748, stack(0x000000c1d3600000,0x000000c1d3700000) (1024K)]
  0x0000025d09374610 JavaThread "C2 CompilerThread1"         daemon [_thread_in_native, id=11972, stack(0x000000c1d1100000,0x000000c1d1200000) (1024K)]
Total: 46

Other Threads:
  0x0000025d04ae4b90 VMThread "VM Thread"                           [id=11996, stack(0x000000c1d0600000,0x000000c1d0700000) (1024K)]
  0x0000025d04a83e70 WatcherThread "VM Periodic Task Thread"        [id=10364, stack(0x000000c1d0500000,0x000000c1d0600000) (1024K)]
  0x0000025d6dc248b0 WorkerThread "GC Thread#0"                     [id=8792, stack(0x000000c1d0000000,0x000000c1d0100000) (1024K)]
  0x0000025d09514c50 WorkerThread "GC Thread#1"                     [id=4496, stack(0x000000c1d1200000,0x000000c1d1300000) (1024K)]
  0x0000025d09514ff0 WorkerThread "GC Thread#2"                     [id=956, stack(0x000000c1d1300000,0x000000c1d1400000) (1024K)]
  0x0000025d0a4e5be0 WorkerThread "GC Thread#3"                     [id=7600, stack(0x000000c1d1400000,0x000000c1d1500000) (1024K)]
  0x0000025d6dc35910 ConcurrentGCThread "G1 Main Marker"            [id=10800, stack(0x000000c1d0100000,0x000000c1d0200000) (1024K)]
  0x0000025d6dc36ac0 WorkerThread "G1 Conc#0"                       [id=6404, stack(0x000000c1d0200000,0x000000c1d0300000) (1024K)]
  0x0000025d6dc8d560 ConcurrentGCThread "G1 Refine#0"               [id=11176, stack(0x000000c1d0300000,0x000000c1d0400000) (1024K)]
  0x0000025d6dc8dfe0 ConcurrentGCThread "G1 Service"                [id=14064, stack(0x000000c1d0400000,0x000000c1d0500000) (1024K)]
Total: 10

Threads with active compile tasks:
C2 CompilerThread0  8347 6140   !   4       java.net.URLClassLoader::findClass (47 bytes)
C1 CompilerThread0  8347 6191       3       com.google.common.collect.AbstractSetMultimap::put (7 bytes)
C2 CompilerThread1  8347 6142       4       java.net.URLClassLoader$1::run (5 bytes)
Total: 3

VM state: not at safepoint (normal execution)

VM Mutex/Monitor currently owned by a thread: None

Heap address: 0x0000000080000000, size: 2048 MB, Compressed Oops mode: 32-bit

CDS archive(s) not mapped
Compressed class space mapped at: 0x0000000100000000-0x0000000140000000, reserved size: 1073741824
Narrow klass base: 0x0000000000000000, Narrow klass shift: 3, Narrow klass range: 0x140000000

GC Precious Log:
 CardTable entry size: 512
 Card Set container configuration: InlinePtr #cards 5 size 8 Array Of Cards #cards 12 size 40 Howl #buckets 4 coarsen threshold 1843 Howl Bitmap #cards 512 size 80 coarsen threshold 460 Card regions per heap region 1 cards per card region 2048
 CPUs: 4 total, 4 available
 Memory: 7975M
 Large Page Support: Disabled
 NUMA Support: Disabled
 Compressed Oops: Enabled (32-bit)
 Heap Region Size: 1M
 Heap Min Capacity: 8M
 Heap Initial Capacity: 126M
 Heap Max Capacity: 2G
 Pre-touch: Disabled
 Parallel Workers: 4
 Concurrent Workers: 1
 Concurrent Refinement Workers: 4
 Periodic GC: Disabled

Heap:
 garbage-first heap   total 103424K, used 74169K [0x0000000080000000, 0x0000000100000000)
  region size 1024K, 34 young (34816K), 4 survivors (4096K)
 Metaspace       used 69200K, committed 70912K, reserved 1114112K
  class space    used 9787K, committed 10624K, reserved 1048576K

Heap Regions: E=young(eden), S=young(survivor), O=old, HS=humongous(starts), HC=humongous(continues), CS=collection set, F=free, TAMS=top-at-mark-start, PB=parsable bottom
|   0|0x0000000080000000, 0x0000000080100000, 0x0000000080100000|100%|HS|  |TAMS 0x0000000080000000| PB 0x0000000080000000| Complete 
|   1|0x0000000080100000, 0x0000000080200000, 0x0000000080200000|100%|HC|  |TAMS 0x0000000080100000| PB 0x0000000080100000| Complete 
|   2|0x0000000080200000, 0x0000000080300000, 0x0000000080300000|100%|HC|  |TAMS 0x0000000080200000| PB 0x0000000080200000| Complete 
|   3|0x0000000080300000, 0x0000000080400000, 0x0000000080400000|100%| O|  |TAMS 0x0000000080300000| PB 0x0000000080300000| Untracked 
|   4|0x0000000080400000, 0x0000000080500000, 0x0000000080500000|100%| O|  |TAMS 0x0000000080400000| PB 0x0000000080400000| Untracked 
|   5|0x0000000080500000, 0x0000000080600000, 0x0000000080600000|100%| O|  |TAMS 0x0000000080500000| PB 0x0000000080500000| Untracked 
|   6|0x0000000080600000, 0x0000000080700000, 0x0000000080700000|100%| O|  |TAMS 0x0000000080600000| PB 0x0000000080600000| Untracked 
|   7|0x0000000080700000, 0x0000000080800000, 0x0000000080800000|100%|HS|  |TAMS 0x0000000080700000| PB 0x0000000080700000| Complete 
|   8|0x0000000080800000, 0x0000000080900000, 0x0000000080900000|100%| O|  |TAMS 0x0000000080800000| PB 0x0000000080800000| Untracked 
|   9|0x0000000080900000, 0x0000000080a00000, 0x0000000080a00000|100%| O|  |TAMS 0x0000000080900000| PB 0x0000000080900000| Untracked 
|  10|0x0000000080a00000, 0x0000000080b00000, 0x0000000080b00000|100%| O|  |TAMS 0x0000000080a00000| PB 0x0000000080a00000| Untracked 
|  11|0x0000000080b00000, 0x0000000080c00000, 0x0000000080c00000|100%| O|  |TAMS 0x0000000080b00000| PB 0x0000000080b00000| Untracked 
|  12|0x0000000080c00000, 0x0000000080d00000, 0x0000000080d00000|100%| O|  |TAMS 0x0000000080c00000| PB 0x0000000080c00000| Untracked 
|  13|0x0000000080d00000, 0x0000000080e00000, 0x0000000080e00000|100%| O|  |TAMS 0x0000000080d00000| PB 0x0000000080d00000| Untracked 
|  14|0x0000000080e00000, 0x0000000080f00000, 0x0000000080f00000|100%| O|  |TAMS 0x0000000080e00000| PB 0x0000000080e00000| Untracked 
|  15|0x0000000080f00000, 0x0000000081000000, 0x0000000081000000|100%| O|  |TAMS 0x0000000080f00000| PB 0x0000000080f00000| Untracked 
|  16|0x0000000081000000, 0x0000000081100000, 0x0000000081100000|100%| O|  |TAMS 0x0000000081000000| PB 0x0000000081000000| Untracked 
|  17|0x0000000081100000, 0x0000000081200000, 0x0000000081200000|100%| O|  |TAMS 0x0000000081100000| PB 0x0000000081100000| Untracked 
|  18|0x0000000081200000, 0x0000000081300000, 0x0000000081300000|100%| O|  |TAMS 0x0000000081200000| PB 0x0000000081200000| Untracked 
|  19|0x0000000081300000, 0x0000000081400000, 0x0000000081400000|100%| O|  |TAMS 0x0000000081300000| PB 0x0000000081300000| Untracked 
|  20|0x0000000081400000, 0x0000000081500000, 0x0000000081500000|100%| O|  |TAMS 0x0000000081400000| PB 0x0000000081400000| Untracked 
|  21|0x0000000081500000, 0x0000000081600000, 0x0000000081600000|100%| O|  |TAMS 0x0000000081500000| PB 0x0000000081500000| Untracked 
|  22|0x0000000081600000, 0x0000000081700000, 0x0000000081700000|100%| O|  |TAMS 0x0000000081600000| PB 0x0000000081600000| Untracked 
|  23|0x0000000081700000, 0x0000000081800000, 0x0000000081800000|100%| O|  |TAMS 0x0000000081700000| PB 0x0000000081700000| Untracked 
|  24|0x0000000081800000, 0x0000000081900000, 0x0000000081900000|100%| O|  |TAMS 0x0000000081800000| PB 0x0000000081800000| Untracked 
|  25|0x0000000081900000, 0x0000000081a00000, 0x0000000081a00000|100%| O|  |TAMS 0x0000000081900000| PB 0x0000000081900000| Untracked 
|  26|0x0000000081a00000, 0x0000000081b00000, 0x0000000081b00000|100%| O|  |TAMS 0x0000000081a00000| PB 0x0000000081a00000| Untracked 
|  27|0x0000000081b00000, 0x0000000081c00000, 0x0000000081c00000|100%| O|  |TAMS 0x0000000081b00000| PB 0x0000000081b00000| Untracked 
|  28|0x0000000081c00000, 0x0000000081d00000, 0x0000000081d00000|100%| O|  |TAMS 0x0000000081c00000| PB 0x0000000081c00000| Untracked 
|  29|0x0000000081d00000, 0x0000000081e00000, 0x0000000081e00000|100%| O|  |TAMS 0x0000000081d00000| PB 0x0000000081d00000| Untracked 
|  30|0x0000000081e00000, 0x0000000081f00000, 0x0000000081f00000|100%| O|  |TAMS 0x0000000081e00000| PB 0x0000000081e00000| Untracked 
|  31|0x0000000081f00000, 0x0000000082000000, 0x0000000082000000|100%| O|  |TAMS 0x0000000081f00000| PB 0x0000000081f00000| Untracked 
|  32|0x0000000082000000, 0x0000000082100000, 0x0000000082100000|100%| O|  |TAMS 0x0000000082000000| PB 0x0000000082000000| Untracked 
|  33|0x0000000082100000, 0x0000000082200000, 0x0000000082200000|100%| O|  |TAMS 0x0000000082100000| PB 0x0000000082100000| Untracked 
|  34|0x0000000082200000, 0x0000000082300000, 0x0000000082300000|100%| O|  |TAMS 0x0000000082200000| PB 0x0000000082200000| Untracked 
|  35|0x0000000082300000, 0x0000000082400000, 0x0000000082400000|100%| O|  |TAMS 0x0000000082300000| PB 0x0000000082300000| Untracked 
|  36|0x0000000082400000, 0x0000000082500000, 0x0000000082500000|100%| O|  |TAMS 0x0000000082400000| PB 0x0000000082400000| Untracked 
|  37|0x0000000082500000, 0x0000000082600000, 0x0000000082600000|100%| O|  |TAMS 0x0000000082500000| PB 0x0000000082500000| Untracked 
|  38|0x0000000082600000, 0x0000000082700000, 0x0000000082700000|100%| O|Cm|TAMS 0x0000000082600000| PB 0x0000000082600000| Complete 
|  39|0x0000000082700000, 0x0000000082700000, 0x0000000082800000|  0%| F|  |TAMS 0x0000000082700000| PB 0x0000000082700000| Untracked 
|  40|0x0000000082800000, 0x000000008286e4d0, 0x0000000082900000| 43%| O|  |TAMS 0x0000000082800000| PB 0x0000000082800000| Untracked 
|  41|0x0000000082900000, 0x0000000082900000, 0x0000000082a00000|  0%| F|  |TAMS 0x0000000082900000| PB 0x0000000082900000| Untracked 
|  42|0x0000000082a00000, 0x0000000082a00000, 0x0000000082b00000|  0%| F|  |TAMS 0x0000000082a00000| PB 0x0000000082a00000| Untracked 
|  43|0x0000000082b00000, 0x0000000082b00000, 0x0000000082c00000|  0%| F|  |TAMS 0x0000000082b00000| PB 0x0000000082b00000| Untracked 
|  44|0x0000000082c00000, 0x0000000082c00000, 0x0000000082d00000|  0%| F|  |TAMS 0x0000000082c00000| PB 0x0000000082c00000| Untracked 
|  45|0x0000000082d00000, 0x0000000082d00000, 0x0000000082e00000|  0%| F|  |TAMS 0x0000000082d00000| PB 0x0000000082d00000| Untracked 
|  46|0x0000000082e00000, 0x0000000082f00000, 0x0000000082f00000|100%| S|CS|TAMS 0x0000000082e00000| PB 0x0000000082e00000| Complete 
|  47|0x0000000082f00000, 0x0000000083000000, 0x0000000083000000|100%| S|CS|TAMS 0x0000000082f00000| PB 0x0000000082f00000| Complete 
|  48|0x0000000083000000, 0x0000000083100000, 0x0000000083100000|100%| S|CS|TAMS 0x0000000083000000| PB 0x0000000083000000| Complete 
|  49|0x0000000083100000, 0x0000000083200000, 0x0000000083200000|100%| S|CS|TAMS 0x0000000083100000| PB 0x0000000083100000| Complete 
|  50|0x0000000083200000, 0x0000000083200000, 0x0000000083300000|  0%| F|  |TAMS 0x0000000083200000| PB 0x0000000083200000| Untracked 
|  51|0x0000000083300000, 0x0000000083300000, 0x0000000083400000|  0%| F|  |TAMS 0x0000000083300000| PB 0x0000000083300000| Untracked 
|  52|0x0000000083400000, 0x0000000083400000, 0x0000000083500000|  0%| F|  |TAMS 0x0000000083400000| PB 0x0000000083400000| Untracked 
|  53|0x0000000083500000, 0x0000000083500000, 0x0000000083600000|  0%| F|  |TAMS 0x0000000083500000| PB 0x0000000083500000| Untracked 
|  54|0x0000000083600000, 0x0000000083600000, 0x0000000083700000|  0%| F|  |TAMS 0x0000000083600000| PB 0x0000000083600000| Untracked 
|  55|0x0000000083700000, 0x0000000083700000, 0x0000000083800000|  0%| F|  |TAMS 0x0000000083700000| PB 0x0000000083700000| Untracked 
|  56|0x0000000083800000, 0x0000000083800000, 0x0000000083900000|  0%| F|  |TAMS 0x0000000083800000| PB 0x0000000083800000| Untracked 
|  57|0x0000000083900000, 0x0000000083900000, 0x0000000083a00000|  0%| F|  |TAMS 0x0000000083900000| PB 0x0000000083900000| Untracked 
|  58|0x0000000083a00000, 0x0000000083a00000, 0x0000000083b00000|  0%| F|  |TAMS 0x0000000083a00000| PB 0x0000000083a00000| Untracked 
|  59|0x0000000083b00000, 0x0000000083b00000, 0x0000000083c00000|  0%| F|  |TAMS 0x0000000083b00000| PB 0x0000000083b00000| Untracked 
|  60|0x0000000083c00000, 0x0000000083c00000, 0x0000000083d00000|  0%| F|  |TAMS 0x0000000083c00000| PB 0x0000000083c00000| Untracked 
|  61|0x0000000083d00000, 0x0000000083d00000, 0x0000000083e00000|  0%| F|  |TAMS 0x0000000083d00000| PB 0x0000000083d00000| Untracked 
|  62|0x0000000083e00000, 0x0000000083e00000, 0x0000000083f00000|  0%| F|  |TAMS 0x0000000083e00000| PB 0x0000000083e00000| Untracked 
|  63|0x0000000083f00000, 0x0000000083f00000, 0x0000000084000000|  0%| F|  |TAMS 0x0000000083f00000| PB 0x0000000083f00000| Untracked 
|  64|0x0000000084000000, 0x0000000084000000, 0x0000000084100000|  0%| F|  |TAMS 0x0000000084000000| PB 0x0000000084000000| Untracked 
|  65|0x0000000084100000, 0x0000000084100000, 0x0000000084200000|  0%| F|  |TAMS 0x0000000084100000| PB 0x0000000084100000| Untracked 
|  66|0x0000000084200000, 0x0000000084200000, 0x0000000084300000|  0%| F|  |TAMS 0x0000000084200000| PB 0x0000000084200000| Untracked 
|  67|0x0000000084300000, 0x0000000084300000, 0x0000000084400000|  0%| F|  |TAMS 0x0000000084300000| PB 0x0000000084300000| Untracked 
|  68|0x0000000084400000, 0x0000000084400000, 0x0000000084500000|  0%| F|  |TAMS 0x0000000084400000| PB 0x0000000084400000| Untracked 
|  69|0x0000000084500000, 0x0000000084500000, 0x0000000084600000|  0%| F|  |TAMS 0x0000000084500000| PB 0x0000000084500000| Untracked 
|  70|0x0000000084600000, 0x0000000084600000, 0x0000000084700000|  0%| F|  |TAMS 0x0000000084600000| PB 0x0000000084600000| Untracked 
|  71|0x0000000084700000, 0x0000000084780000, 0x0000000084800000| 50%| E|  |TAMS 0x0000000084700000| PB 0x0000000084700000| Complete 
|  72|0x0000000084800000, 0x0000000084900000, 0x0000000084900000|100%| E|CS|TAMS 0x0000000084800000| PB 0x0000000084800000| Complete 
|  73|0x0000000084900000, 0x0000000084a00000, 0x0000000084a00000|100%| E|CS|TAMS 0x0000000084900000| PB 0x0000000084900000| Complete 
|  74|0x0000000084a00000, 0x0000000084b00000, 0x0000000084b00000|100%| E|CS|TAMS 0x0000000084a00000| PB 0x0000000084a00000| Complete 
|  75|0x0000000084b00000, 0x0000000084c00000, 0x0000000084c00000|100%| E|CS|TAMS 0x0000000084b00000| PB 0x0000000084b00000| Complete 
|  76|0x0000000084c00000, 0x0000000084d00000, 0x0000000084d00000|100%| E|CS|TAMS 0x0000000084c00000| PB 0x0000000084c00000| Complete 
|  77|0x0000000084d00000, 0x0000000084e00000, 0x0000000084e00000|100%| E|CS|TAMS 0x0000000084d00000| PB 0x0000000084d00000| Complete 
|  78|0x0000000084e00000, 0x0000000084f00000, 0x0000000084f00000|100%| E|CS|TAMS 0x0000000084e00000| PB 0x0000000084e00000| Complete 
|  79|0x0000000084f00000, 0x0000000085000000, 0x0000000085000000|100%| E|CS|TAMS 0x0000000084f00000| PB 0x0000000084f00000| Complete 
|  80|0x0000000085000000, 0x0000000085100000, 0x0000000085100000|100%| E|CS|TAMS 0x0000000085000000| PB 0x0000000085000000| Complete 
|  81|0x0000000085100000, 0x0000000085200000, 0x0000000085200000|100%| E|CS|TAMS 0x0000000085100000| PB 0x0000000085100000| Complete 
|  82|0x0000000085200000, 0x0000000085300000, 0x0000000085300000|100%| E|CS|TAMS 0x0000000085200000| PB 0x0000000085200000| Complete 
|  83|0x0000000085300000, 0x0000000085400000, 0x0000000085400000|100%| E|CS|TAMS 0x0000000085300000| PB 0x0000000085300000| Complete 
|  84|0x0000000085400000, 0x0000000085500000, 0x0000000085500000|100%| E|CS|TAMS 0x0000000085400000| PB 0x0000000085400000| Complete 
|  85|0x0000000085500000, 0x0000000085600000, 0x0000000085600000|100%| E|CS|TAMS 0x0000000085500000| PB 0x0000000085500000| Complete 
|  86|0x0000000085600000, 0x0000000085700000, 0x0000000085700000|100%| E|CS|TAMS 0x0000000085600000| PB 0x0000000085600000| Complete 
|  87|0x0000000085700000, 0x0000000085800000, 0x0000000085800000|100%| E|CS|TAMS 0x0000000085700000| PB 0x0000000085700000| Complete 
|  88|0x0000000085800000, 0x0000000085900000, 0x0000000085900000|100%| E|CS|TAMS 0x0000000085800000| PB 0x0000000085800000| Complete 
|  89|0x0000000085900000, 0x0000000085a00000, 0x0000000085a00000|100%| E|CS|TAMS 0x0000000085900000| PB 0x0000000085900000| Complete 
|  90|0x0000000085a00000, 0x0000000085b00000, 0x0000000085b00000|100%| E|CS|TAMS 0x0000000085a00000| PB 0x0000000085a00000| Complete 
|  91|0x0000000085b00000, 0x0000000085c00000, 0x0000000085c00000|100%| E|CS|TAMS 0x0000000085b00000| PB 0x0000000085b00000| Complete 
|  92|0x0000000085c00000, 0x0000000085d00000, 0x0000000085d00000|100%| E|CS|TAMS 0x0000000085c00000| PB 0x0000000085c00000| Complete 
|  93|0x0000000085d00000, 0x0000000085e00000, 0x0000000085e00000|100%| E|CS|TAMS 0x0000000085d00000| PB 0x0000000085d00000| Complete 
|  94|0x0000000085e00000, 0x0000000085f00000, 0x0000000085f00000|100%| E|CS|TAMS 0x0000000085e00000| PB 0x0000000085e00000| Complete 
|  95|0x0000000085f00000, 0x0000000086000000, 0x0000000086000000|100%| E|CS|TAMS 0x0000000085f00000| PB 0x0000000085f00000| Complete 
| 104|0x0000000086800000, 0x0000000086900000, 0x0000000086900000|100%| E|CS|TAMS 0x0000000086800000| PB 0x0000000086800000| Complete 
| 105|0x0000000086900000, 0x0000000086a00000, 0x0000000086a00000|100%| E|CS|TAMS 0x0000000086900000| PB 0x0000000086900000| Complete 
| 106|0x0000000086a00000, 0x0000000086b00000, 0x0000000086b00000|100%| E|CS|TAMS 0x0000000086a00000| PB 0x0000000086a00000| Complete 
| 124|0x0000000087c00000, 0x0000000087d00000, 0x0000000087d00000|100%| E|CS|TAMS 0x0000000087c00000| PB 0x0000000087c00000| Complete 
| 125|0x0000000087d00000, 0x0000000087e00000, 0x0000000087e00000|100%| E|CS|TAMS 0x0000000087d00000| PB 0x0000000087d00000| Complete 

Card table byte_map: [0x0000025d00400000,0x0000025d00800000] _byte_map_base: 0x0000025d00000000

Marking Bits: (CMBitMap*) 0x0000025d6dc24ec0
 Bits: [0x0000025d00800000, 0x0000025d02800000)

Polling page: 0x0000025d6d390000

Metaspace:

Usage:
  Non-class:     58.04 MB used.
      Class:      9.56 MB used.
       Both:     67.61 MB used.

Virtual space:
  Non-class space:       64.00 MB reserved,      58.88 MB ( 92%) committed,  1 nodes.
      Class space:        1.00 GB reserved,      10.38 MB (  1%) committed,  1 nodes.
             Both:        1.06 GB reserved,      69.25 MB (  6%) committed. 

Chunk freelists:
   Non-Class:  4.95 MB
       Class:  5.59 MB
        Both:  10.54 MB

MaxMetaspaceSize: unlimited
CompressedClassSpaceSize: 1.00 GB
Initial GC threshold: 21.00 MB
Current GC threshold: 98.69 MB
CDS: off
 - commit_granule_bytes: 65536.
 - commit_granule_words: 8192.
 - virtual_space_node_default_size: 8388608.
 - enlarge_chunks_in_place: 1.
 - use_allocation_guard: 0.


Internal statistics:

num_allocs_failed_limit: 12.
num_arena_births: 3214.
num_arena_deaths: 0.
num_vsnodes_births: 2.
num_vsnodes_deaths: 0.
num_space_committed: 1108.
num_space_uncommitted: 0.
num_chunks_returned_to_freelist: 12.
num_chunks_taken_from_freelist: 6028.
num_chunk_merges: 12.
num_chunk_splits: 3955.
num_chunks_enlarged: 2470.
num_inconsistent_stats: 0.

CodeHeap 'non-profiled nmethods': size=120000Kb used=3442Kb max_used=3442Kb free=116557Kb
 bounds [0x0000025d787f0000, 0x0000025d78b50000, 0x0000025d7fd20000]
CodeHeap 'profiled nmethods': size=120000Kb used=10564Kb max_used=10564Kb free=109435Kb
 bounds [0x0000025d70d20000, 0x0000025d71780000, 0x0000025d78250000]
CodeHeap 'non-nmethods': size=5760Kb used=2986Kb max_used=3014Kb free=2773Kb
 bounds [0x0000025d78250000, 0x0000025d78550000, 0x0000025d787f0000]
CodeCache: size=245760Kb, used=16992Kb, max_used=17020Kb, free=228765Kb
 total_blobs=6507, nmethods=5620, adapters=791, full_count=0
Compilation: enabled, stopped_count=0, restarted_count=0

Compilation events (20 events):
Event: 8.270 Thread 0x0000025d0907cc30 6175       3       java.lang.invoke.LambdaForm$Name::<init> (19 bytes)
Event: 8.271 Thread 0x0000025d0907cc30 nmethod 6175 0x0000025d71765b90 code [0x0000025d71765dc0, 0x0000025d71766450]
Event: 8.271 Thread 0x0000025d0907cc30 6176       3       java.lang.Class::getComponentType (14 bytes)
Event: 8.272 Thread 0x0000025d0907cc30 nmethod 6176 0x0000025d71766790 code [0x0000025d71766940, 0x0000025d71766af0]
Event: 8.302 Thread 0x0000025d09374610 nmethod 6141 0x0000025d78b46210 code [0x0000025d78b46780, 0x0000025d78b4a0e8]
Event: 8.302 Thread 0x0000025d09374610 6142       4       java.net.URLClassLoader$1::run (5 bytes)
Event: 8.320 Thread 0x0000025d0907cc30 6178       2       org.gradle.internal.reflect.PropertyAccessorType::takesSingleParameter (14 bytes)
Event: 8.321 Thread 0x0000025d0907cc30 nmethod 6178 0x0000025d71766b90 code [0x0000025d71766d20, 0x0000025d71766e28]
Event: 8.321 Thread 0x0000025d0907cc30 6179       3       org.gradle.internal.reflect.PropertyAccessorType::isSetterName (23 bytes)
Event: 8.321 Thread 0x0000025d0907cc30 nmethod 6179 0x0000025d71766f10 code [0x0000025d717670e0, 0x0000025d71767400]
Event: 8.321 Thread 0x0000025d0907cc30 6180       3       org.gradle.internal.reflect.PropertyAccessorType::isIsGetterName (23 bytes)
Event: 8.322 Thread 0x0000025d0907cc30 nmethod 6180 0x0000025d71767590 code [0x0000025d71767760, 0x0000025d71767a80]
Event: 8.322 Thread 0x0000025d0907cc30 6182       3       org.gradle.internal.reflect.PropertyAccessorType::of (101 bytes)
Event: 8.324 Thread 0x0000025d0907cc30 nmethod 6182 0x0000025d71767c10 code [0x0000025d71767f80, 0x0000025d71769598]
Event: 8.324 Thread 0x0000025d0907cc30 6184       2       org.gradle.internal.reflect.PropertyAccessorType::takesNoParameter (14 bytes)
Event: 8.324 Thread 0x0000025d0907cc30 nmethod 6184 0x0000025d71769c90 code [0x0000025d71769e40, 0x0000025d71769fa8]
Event: 8.324 Thread 0x0000025d0907cc30 6185       3       org.gradle.internal.reflect.PropertyAccessorType::isGetGetterName (23 bytes)
Event: 8.324 Thread 0x0000025d0907cc30 nmethod 6185 0x0000025d7176a090 code [0x0000025d7176a260, 0x0000025d7176a580]
Event: 8.324 Thread 0x0000025d0907cc30 6183       3       com.google.common.reflect.TypeResolver$TypeTable::<init> (12 bytes)
Event: 8.324 Thread 0x0000025d0907cc30 nmethod 6183 0x0000025d7176a710 code [0x0000025d7176a8c0, 0x0000025d7176aaf0]

GC Heap History (20 events):
Event: 3.591 GC heap before
{Heap before GC invocations=6 (full 0):
 garbage-first heap   total 71680K, used 58136K [0x0000000080000000, 0x0000000100000000)
  region size 1024K, 40 young (40960K), 4 survivors (4096K)
 Metaspace       used 32914K, committed 33664K, reserved 1114112K
  class space    used 4480K, committed 4800K, reserved 1048576K
}
Event: 3.600 GC heap after
{Heap after GC invocations=7 (full 0):
 garbage-first heap   total 71680K, used 24807K [0x0000000080000000, 0x0000000100000000)
  region size 1024K, 5 young (5120K), 5 survivors (5120K)
 Metaspace       used 32914K, committed 33664K, reserved 1114112K
  class space    used 4480K, committed 4800K, reserved 1048576K
}
Event: 3.850 GC heap before
{Heap before GC invocations=7 (full 0):
 garbage-first heap   total 71680K, used 40167K [0x0000000080000000, 0x0000000100000000)
  region size 1024K, 21 young (21504K), 5 survivors (5120K)
 Metaspace       used 35202K, committed 35968K, reserved 1114112K
  class space    used 4874K, committed 5248K, reserved 1048576K
}
Event: 3.858 GC heap after
{Heap after GC invocations=8 (full 0):
 garbage-first heap   total 71680K, used 25757K [0x0000000080000000, 0x0000000100000000)
  region size 1024K, 2 young (2048K), 2 survivors (2048K)
 Metaspace       used 35202K, committed 35968K, reserved 1114112K
  class space    used 4874K, committed 5248K, reserved 1048576K
}
Event: 4.650 GC heap before
{Heap before GC invocations=9 (full 0):
 garbage-first heap   total 71680K, used 59549K [0x0000000080000000, 0x0000000100000000)
  region size 1024K, 36 young (36864K), 2 survivors (2048K)
 Metaspace       used 42479K, committed 43328K, reserved 1114112K
  class space    used 5858K, committed 6208K, reserved 1048576K
}
Event: 4.656 GC heap after
{Heap after GC invocations=10 (full 0):
 garbage-first heap   total 71680K, used 28938K [0x0000000080000000, 0x0000000100000000)
  region size 1024K, 5 young (5120K), 5 survivors (5120K)
 Metaspace       used 42479K, committed 43328K, reserved 1114112K
  class space    used 5858K, committed 6208K, reserved 1048576K
}
Event: 5.052 GC heap before
{Heap before GC invocations=10 (full 0):
 garbage-first heap   total 71680K, used 59658K [0x0000000080000000, 0x0000000100000000)
  region size 1024K, 36 young (36864K), 5 survivors (5120K)
 Metaspace       used 44384K, committed 45376K, reserved 1114112K
  class space    used 6070K, committed 6528K, reserved 1048576K
}
Event: 5.061 GC heap after
{Heap after GC invocations=11 (full 0):
 garbage-first heap   total 71680K, used 31184K [0x0000000080000000, 0x0000000100000000)
  region size 1024K, 3 young (3072K), 3 survivors (3072K)
 Metaspace       used 44384K, committed 45376K, reserved 1114112K
  class space    used 6070K, committed 6528K, reserved 1048576K
}
Event: 5.171 GC heap before
{Heap before GC invocations=11 (full 0):
 garbage-first heap   total 71680K, used 40400K [0x0000000080000000, 0x0000000100000000)
  region size 1024K, 10 young (10240K), 3 survivors (3072K)
 Metaspace       used 45054K, committed 46016K, reserved 1114112K
  class space    used 6169K, committed 6592K, reserved 1048576K
}
Event: 5.175 GC heap after
{Heap after GC invocations=12 (full 0):
 garbage-first heap   total 86016K, used 33373K [0x0000000080000000, 0x0000000100000000)
  region size 1024K, 3 young (3072K), 3 survivors (3072K)
 Metaspace       used 45054K, committed 46016K, reserved 1114112K
  class space    used 6169K, committed 6592K, reserved 1048576K
}
Event: 5.835 GC heap before
{Heap before GC invocations=12 (full 0):
 garbage-first heap   total 86016K, used 77405K [0x0000000080000000, 0x0000000100000000)
  region size 1024K, 44 young (45056K), 3 survivors (3072K)
 Metaspace       used 50773K, committed 52160K, reserved 1114112K
  class space    used 6993K, committed 7680K, reserved 1048576K
}
Event: 5.845 GC heap after
{Heap after GC invocations=13 (full 0):
 garbage-first heap   total 86016K, used 34218K [0x0000000080000000, 0x0000000100000000)
  region size 1024K, 6 young (6144K), 6 survivors (6144K)
 Metaspace       used 50773K, committed 52160K, reserved 1114112K
  class space    used 6993K, committed 7680K, reserved 1048576K
}
Event: 6.528 GC heap before
{Heap before GC invocations=13 (full 0):
 garbage-first heap   total 86016K, used 74154K [0x0000000080000000, 0x0000000100000000)
  region size 1024K, 45 young (46080K), 6 survivors (6144K)
 Metaspace       used 55544K, committed 57024K, reserved 1114112K
  class space    used 7800K, committed 8512K, reserved 1048576K
}
Event: 6.539 GC heap after
{Heap after GC invocations=14 (full 0):
 garbage-first heap   total 86016K, used 37204K [0x0000000080000000, 0x0000000100000000)
  region size 1024K, 6 young (6144K), 6 survivors (6144K)
 Metaspace       used 55544K, committed 57024K, reserved 1114112K
  class space    used 7800K, committed 8512K, reserved 1048576K
}
Event: 6.972 GC heap before
{Heap before GC invocations=14 (full 0):
 garbage-first heap   total 86016K, used 75092K [0x0000000080000000, 0x0000000100000000)
  region size 1024K, 42 young (43008K), 6 survivors (6144K)
 Metaspace       used 57877K, committed 59328K, reserved 1114112K
  class space    used 8027K, committed 8704K, reserved 1048576K
}
Event: 6.981 GC heap after
{Heap after GC invocations=15 (full 0):
 garbage-first heap   total 86016K, used 40211K [0x0000000080000000, 0x0000000100000000)
  region size 1024K, 4 young (4096K), 4 survivors (4096K)
 Metaspace       used 57877K, committed 59328K, reserved 1114112K
  class space    used 8027K, committed 8704K, reserved 1048576K
}
Event: 7.147 GC heap before
{Heap before GC invocations=15 (full 0):
 garbage-first heap   total 86016K, used 52499K [0x0000000080000000, 0x0000000100000000)
  region size 1024K, 17 young (17408K), 4 survivors (4096K)
 Metaspace       used 58655K, committed 60160K, reserved 1114112K
  class space    used 8165K, committed 8896K, reserved 1048576K
}
Event: 7.153 GC heap after
{Heap after GC invocations=16 (full 0):
 garbage-first heap   total 103424K, used 41586K [0x0000000080000000, 0x0000000100000000)
  region size 1024K, 2 young (2048K), 2 survivors (2048K)
 Metaspace       used 58655K, committed 60160K, reserved 1114112K
  class space    used 8165K, committed 8896K, reserved 1048576K
}
Event: 7.952 GC heap before
{Heap before GC invocations=17 (full 0):
 garbage-first heap   total 103424K, used 91762K [0x0000000080000000, 0x0000000100000000)
  region size 1024K, 51 young (52224K), 2 survivors (2048K)
 Metaspace       used 65492K, committed 67072K, reserved 1114112K
  class space    used 9167K, committed 9920K, reserved 1048576K
}
Event: 7.959 GC heap after
{Heap after GC invocations=18 (full 0):
 garbage-first heap   total 103424K, used 44473K [0x0000000080000000, 0x0000000100000000)
  region size 1024K, 4 young (4096K), 4 survivors (4096K)
 Metaspace       used 65492K, committed 67072K, reserved 1114112K
  class space    used 9167K, committed 9920K, reserved 1048576K
}

Dll operation events (3 events):
Event: 0.015 Loaded shared library D:\android_studio\android\jbr\bin\java.dll
Event: 0.024 Loaded shared library D:\android_studio\android\jbr\bin\zip.dll
Event: 0.586 Loaded shared library D:\android_studio\android\jbr\bin\verify.dll

Deoptimization events (20 events):
Event: 8.206 Thread 0x0000025d0b06f850 Uncommon trap: trap_request=0xffffffde fr.pc=0x0000025d789d37d4 relative=0x00000000000055b4
Event: 8.206 Thread 0x0000025d0b06f850 Uncommon trap: reason=class_check action=maybe_recompile pc=0x0000025d789d37d4 method=java.net.URLClassLoader.defineClass(Ljava/lang/String;Ljdk/internal/loader/Resource;)Ljava/lang/Class; @ 34 c2
Event: 8.206 Thread 0x0000025d0b06f850 DEOPT PACKING pc=0x0000025d789d37d4 sp=0x000000c1d1bf8460
Event: 8.206 Thread 0x0000025d0b06f850 DEOPT UNPACKING pc=0x0000025d782a7da2 sp=0x000000c1d1bf8238 mode 2
Event: 8.207 Thread 0x0000025d0b06f850 Uncommon trap: trap_request=0xffffffde fr.pc=0x0000025d789d37d4 relative=0x00000000000055b4
Event: 8.207 Thread 0x0000025d0b06f850 Uncommon trap: reason=class_check action=maybe_recompile pc=0x0000025d789d37d4 method=java.net.URLClassLoader.defineClass(Ljava/lang/String;Ljdk/internal/loader/Resource;)Ljava/lang/Class; @ 34 c2
Event: 8.207 Thread 0x0000025d0b06f850 DEOPT PACKING pc=0x0000025d789d37d4 sp=0x000000c1d1bf8460
Event: 8.207 Thread 0x0000025d0b06f850 DEOPT UNPACKING pc=0x0000025d782a7da2 sp=0x000000c1d1bf8238 mode 2
Event: 8.209 Thread 0x0000025d0b06f850 Uncommon trap: trap_request=0xffffffde fr.pc=0x0000025d789e4dc4 relative=0x0000000000005724
Event: 8.209 Thread 0x0000025d0b06f850 Uncommon trap: reason=class_check action=maybe_recompile pc=0x0000025d789e4dc4 method=java.net.URLClassLoader.defineClass(Ljava/lang/String;Ljdk/internal/loader/Resource;)Ljava/lang/Class; @ 34 c2
Event: 8.209 Thread 0x0000025d0b06f850 DEOPT PACKING pc=0x0000025d789e4dc4 sp=0x000000c1d1bf83a0
Event: 8.209 Thread 0x0000025d0b06f850 DEOPT UNPACKING pc=0x0000025d782a7da2 sp=0x000000c1d1bf82e0 mode 2
Event: 8.209 Thread 0x0000025d0b06f850 DEOPT PACKING pc=0x0000025d70d910d7 sp=0x000000c1d1bf7ee0
Event: 8.209 Thread 0x0000025d0b06f850 DEOPT UNPACKING pc=0x0000025d782a88e2 sp=0x000000c1d1bf7368 mode 0
Event: 8.258 Thread 0x0000025d0b06f850 DEOPT PACKING pc=0x0000025d70d910d7 sp=0x000000c1d1bf5510
Event: 8.258 Thread 0x0000025d0b06f850 DEOPT UNPACKING pc=0x0000025d782a88e2 sp=0x000000c1d1bf4998 mode 0
Event: 8.320 Thread 0x0000025d0b06f850 Uncommon trap: trap_request=0xffffff45 fr.pc=0x0000025d78a32d0c relative=0x000000000000036c
Event: 8.320 Thread 0x0000025d0b06f850 Uncommon trap: reason=unstable_if action=reinterpret pc=0x0000025d78a32d0c method=org.gradle.internal.reflect.PropertyAccessorType.isGetGetterName(Ljava/lang/String;)Z @ 14 c2
Event: 8.320 Thread 0x0000025d0b06f850 DEOPT PACKING pc=0x0000025d78a32d0c sp=0x000000c1d1bf8db0
Event: 8.320 Thread 0x0000025d0b06f850 DEOPT UNPACKING pc=0x0000025d782a7da2 sp=0x000000c1d1bf8d08 mode 2

Classes loaded (20 events):
Event: 8.163 Loading class java/io/ObjectStreamClass$1
Event: 8.163 Loading class java/io/ObjectStreamClass$1 done
Event: 8.163 Loading class java/io/ObjectStreamClass$MemberSignature
Event: 8.163 Loading class java/io/ObjectStreamClass$MemberSignature done
Event: 8.163 Loading class java/io/ObjectStreamClass$3
Event: 8.163 Loading class java/io/ObjectStreamClass$3 done
Event: 8.164 Loading class java/io/ObjectStreamClass$4
Event: 8.164 Loading class java/io/ObjectStreamClass$4 done
Event: 8.164 Loading class java/io/ObjectStreamClass$5
Event: 8.164 Loading class java/io/ObjectStreamClass$5 done
Event: 8.164 Loading class java/io/ObjectStreamClass$ClassDataSlot
Event: 8.164 Loading class java/io/ObjectStreamClass$ClassDataSlot done
Event: 8.169 Loading class java/io/SerialCallbackContext
Event: 8.169 Loading class java/io/SerialCallbackContext done
Event: 8.195 Loading class java/lang/invoke/SerializedLambda$1
Event: 8.195 Loading class java/lang/invoke/SerializedLambda$1 done
Event: 8.274 Loading class java/util/DualPivotQuicksort
Event: 8.274 Loading class java/util/DualPivotQuicksort done
Event: 8.315 Loading class java/util/function/LongUnaryOperator
Event: 8.316 Loading class java/util/function/LongUnaryOperator done

Classes unloaded (0 events):
No events

Classes redefined (0 events):
No events

Internal exceptions (20 events):
Event: 7.851 Thread 0x0000025d0b06f850 Exception <a 'java/lang/NoSuchMethodError'{0x000000008379f940}: 'void java.lang.invoke.DirectMethodHandle$Holder.invokeStatic(java.lang.Object, java.lang.Object, java.lang.Object, java.lang.Object, java.lang.Object, java.lang.Object, java.lang.Object)'> (0x000000008379f940) 
thrown [s\src\hotspot\share\interpreter\linkResolver.cpp, line 784]
Event: 8.140 Thread 0x0000025d0b06f850 Exception <a 'java/lang/NoSuchMethodError'{0x000000008553c5c0}: 'void java.lang.invoke.DelegatingMethodHandle$Holder.reinvoke_L(java.lang.Object, java.lang.Object, int)'> (0x000000008553c5c0) 
thrown [s\src\hotspot\share\interpreter\linkResolver.cpp, line 784]
Event: 8.140 Thread 0x0000025d0b06f850 Exception <a 'java/lang/NoSuchMethodError'{0x0000000085543928}: 'int java.lang.invoke.Invokers$Holder.invokeExact_MT(java.lang.Object, java.lang.Object, java.lang.Object)'> (0x0000000085543928) 
thrown [s\src\hotspot\share\interpreter\linkResolver.cpp, line 784]
Event: 8.143 Thread 0x0000025d0b06f850 Exception <a 'java/lang/NoSuchMethodError'{0x0000000085563ee8}: 'void java.lang.invoke.DelegatingMethodHandle$Holder.reinvoke_L(java.lang.Object, java.lang.Object, long)'> (0x0000000085563ee8) 
thrown [s\src\hotspot\share\interpreter\linkResolver.cpp, line 784]
Event: 8.143 Thread 0x0000025d0b06f850 Exception <a 'java/lang/NoSuchMethodError'{0x000000008556b468}: 'long java.lang.invoke.Invokers$Holder.invokeExact_MT(java.lang.Object, java.lang.Object, java.lang.Object)'> (0x000000008556b468) 
thrown [s\src\hotspot\share\interpreter\linkResolver.cpp, line 784]
Event: 8.163 Thread 0x0000025d0b0b0de0 Exception <a 'java/lang/NoSuchMethodError'{0x00000000853155d0}: static Lorg/gradle/internal/build/event/types/DefaultOperationStartedProgressEvent;.<clinit>()V> (0x00000000853155d0) 
thrown [s\src\hotspot\share\prims\jni.cpp, line 1144]
Event: 8.164 Thread 0x0000025d0b0b0de0 Exception <a 'java/lang/NoSuchMethodError'{0x0000000085317880}: static Lorg/gradle/internal/build/event/types/AbstractProgressEvent;.<clinit>()V> (0x0000000085317880) 
thrown [s\src\hotspot\share\prims\jni.cpp, line 1144]
Event: 8.166 Thread 0x0000025d0b0b0de0 Exception <a 'java/lang/NoSuchMethodError'{0x0000000085329d80}: static Lorg/gradle/internal/build/event/types/DefaultProjectConfigurationDescriptor;.<clinit>()V> (0x0000000085329d80) 
thrown [s\src\hotspot\share\prims\jni.cpp, line 1144]
Event: 8.166 Thread 0x0000025d0b0b0de0 Exception <a 'java/lang/NoSuchMethodError'{0x000000008532c580}: static Lorg/gradle/internal/build/event/types/DefaultOperationDescriptor;.<clinit>()V> (0x000000008532c580) 
thrown [s\src\hotspot\share\prims\jni.cpp, line 1144]
Event: 8.167 Thread 0x0000025d0b0b0de0 Exception <a 'java/lang/NoSuchMethodError'{0x0000000085330138}: 'long java.lang.invoke.DirectMethodHandle$Holder.invokeSpecial(java.lang.Object, java.lang.Object)'> (0x0000000085330138) 
thrown [s\src\hotspot\share\interpreter\linkResolver.cpp, line 784]
Event: 8.167 Thread 0x0000025d0b0b0de0 Exception <a 'java/lang/NoSuchMethodError'{0x00000000853b3548}: 'long java.lang.invoke.Invokers$Holder.invokeExact_MT(java.lang.Object, java.lang.Object)'> (0x00000000853b3548) 
thrown [s\src\hotspot\share\interpreter\linkResolver.cpp, line 784]
Event: 8.169 Thread 0x0000025d0b0b0de0 Exception <a 'java/lang/NoSuchMethodError'{0x00000000853cb570}: static Lorg/gradle/internal/operations/OperationIdentifier;.<clinit>()V> (0x00000000853cb570) 
thrown [s\src\hotspot\share\prims\jni.cpp, line 1144]
Event: 8.186 Thread 0x0000025d0b06f850 Exception <a 'java/lang/NoSuchMethodError'{0x00000000852c6488}: 'void java.lang.invoke.Invokers$Holder.invokeExact_MT(java.lang.Object, java.lang.Object, java.lang.Object, java.lang.Object)'> (0x00000000852c6488) 
thrown [s\src\hotspot\share\interpreter\linkResolver.cpp, line 784]
Event: 8.189 Thread 0x0000025d0b06f850 Exception <a 'java/lang/ClassNotFoundException'{0x0000000085103858}: org/gradle/internal/serialize/codecs/core/ClosureCodec$BrokenScriptBeanInfo> (0x0000000085103858) 
thrown [s\src\hotspot\share\classfile\systemDictionary.cpp, line 312]
Event: 8.189 Thread 0x0000025d0b06f850 Exception <a 'java/lang/ClassNotFoundException'{0x0000000085112380}: org/gradle/internal/serialize/codecs/core/ClosureCodec$BrokenScriptCustomizer> (0x0000000085112380) 
thrown [s\src\hotspot\share\classfile\systemDictionary.cpp, line 312]
Event: 8.191 Thread 0x0000025d0b06f850 Exception <a 'java/lang/ClassNotFoundException'{0x000000008512c3f8}: org/gradle/api/invocation/GradleBeanInfo> (0x000000008512c3f8) 
thrown [s\src\hotspot\share\classfile\systemDictionary.cpp, line 312]
Event: 8.191 Thread 0x0000025d0b06f850 Exception <a 'java/lang/ClassNotFoundException'{0x0000000085138408}: org/gradle/api/invocation/GradleCustomizer> (0x0000000085138408) 
thrown [s\src\hotspot\share\classfile\systemDictionary.cpp, line 312]
Event: 8.193 Thread 0x0000025d0b06f850 Exception <a 'java/lang/NoSuchMethodError'{0x000000008515a9e8}: 'void java.lang.invoke.Invokers$Holder.invokeExact_MT(java.lang.Object, java.lang.Object, int, java.lang.Object)'> (0x000000008515a9e8) 
thrown [s\src\hotspot\share\interpreter\linkResolver.cpp, line 784]
Event: 8.196 Thread 0x0000025d0b06f850 Exception <a 'java/lang/NoSuchMethodError'{0x000000008518c5c0}: 'void java.lang.invoke.Invokers$Holder.invokeExact_MT(java.lang.Object, java.lang.Object, long, java.lang.Object)'> (0x000000008518c5c0) 
thrown [s\src\hotspot\share\interpreter\linkResolver.cpp, line 784]
Event: 8.316 Thread 0x0000025d0b06f850 Exception <a 'java/lang/NoSuchMethodError'{0x000000008492f8e8}: 'long java.lang.invoke.DirectMethodHandle$Holder.invokeStatic(java.lang.Object, long)'> (0x000000008492f8e8) 
thrown [s\src\hotspot\share\interpreter\linkResolver.cpp, line 784]

ZGC Phase Switch (0 events):
No events

VM Operations (20 events):
Event: 7.147 Executing VM operation: CollectForMetadataAllocation (Metadata GC Threshold)
Event: 7.153 Executing VM operation: CollectForMetadataAllocation (Metadata GC Threshold) done
Event: 7.222 Executing VM operation: CollectForMetadataAllocation (Metadata GC Threshold)
Event: 7.222 Executing VM operation: CollectForMetadataAllocation (Metadata GC Threshold) done
Event: 7.230 Executing VM operation: G1PauseRemark
Event: 7.234 Executing VM operation: G1PauseRemark done
Event: 7.268 Executing VM operation: G1PauseCleanup
Event: 7.269 Executing VM operation: G1PauseCleanup done
Event: 7.885 Executing VM operation: ICBufferFull
Event: 7.885 Executing VM operation: ICBufferFull done
Event: 7.886 Executing VM operation: HandshakeAllThreads (Deoptimize)
Event: 7.886 Executing VM operation: HandshakeAllThreads (Deoptimize) done
Event: 7.952 Executing VM operation: G1CollectForAllocation (G1 Evacuation Pause)
Event: 7.959 Executing VM operation: G1CollectForAllocation (G1 Evacuation Pause) done
Event: 7.976 Executing VM operation: HandshakeAllThreads (Deoptimize)
Event: 7.976 Executing VM operation: HandshakeAllThreads (Deoptimize) done
Event: 8.085 Executing VM operation: HandshakeAllThreads (Deoptimize)
Event: 8.086 Executing VM operation: HandshakeAllThreads (Deoptimize) done
Event: 8.163 Executing VM operation: HandshakeAllThreads (Deoptimize)
Event: 8.163 Executing VM operation: HandshakeAllThreads (Deoptimize) done

Memory protections (0 events):
No events

Nmethod flushes (20 events):
Event: 7.234 Thread 0x0000025d04ae4b90 flushing  nmethod 0x0000025d70ebbf90
Event: 7.234 Thread 0x0000025d04ae4b90 flushing  nmethod 0x0000025d70ecc410
Event: 7.234 Thread 0x0000025d04ae4b90 flushing  nmethod 0x0000025d70ed0510
Event: 7.234 Thread 0x0000025d04ae4b90 flushing  nmethod 0x0000025d70f06e10
Event: 7.234 Thread 0x0000025d04ae4b90 flushing  nmethod 0x0000025d70f08290
Event: 7.234 Thread 0x0000025d04ae4b90 flushing  nmethod 0x0000025d70ffdc10
Event: 7.234 Thread 0x0000025d04ae4b90 flushing  nmethod 0x0000025d7104a710
Event: 7.234 Thread 0x0000025d04ae4b90 flushing  nmethod 0x0000025d71092010
Event: 7.234 Thread 0x0000025d04ae4b90 flushing  nmethod 0x0000025d71093390
Event: 7.234 Thread 0x0000025d04ae4b90 flushing  nmethod 0x0000025d71097c10
Event: 7.234 Thread 0x0000025d04ae4b90 flushing  nmethod 0x0000025d71099a90
Event: 7.234 Thread 0x0000025d04ae4b90 flushing  nmethod 0x0000025d710b8190
Event: 7.234 Thread 0x0000025d04ae4b90 flushing  nmethod 0x0000025d710c3410
Event: 7.234 Thread 0x0000025d04ae4b90 flushing  nmethod 0x0000025d7114d890
Event: 7.234 Thread 0x0000025d04ae4b90 flushing  nmethod 0x0000025d7115a610
Event: 7.234 Thread 0x0000025d04ae4b90 flushing  nmethod 0x0000025d7115b910
Event: 7.234 Thread 0x0000025d04ae4b90 flushing  nmethod 0x0000025d711b8f10
Event: 7.234 Thread 0x0000025d04ae4b90 flushing  nmethod 0x0000025d711d3e90
Event: 7.234 Thread 0x0000025d04ae4b90 flushing  nmethod 0x0000025d711db110
Event: 7.234 Thread 0x0000025d04ae4b90 flushing  nmethod 0x0000025d7132c490

Events (20 events):
Event: 3.784 Thread 0x0000025d0b06f850 Thread added: 0x0000025d0db5ca60
Event: 4.135 Thread 0x0000025d0b06f850 Thread added: 0x0000025d0db5d0f0
Event: 4.180 Thread 0x0000025d0b06f850 Thread added: 0x0000025d0db567f0
Event: 5.029 Thread 0x0000025d0b06f850 Thread added: 0x0000025d0db58230
Event: 5.074 Thread 0x0000025d0b06f850 Thread added: 0x0000025d0db5b020
Event: 5.258 Thread 0x0000025d0b06f850 Thread added: 0x0000025d0db5b6b0
Event: 5.633 Thread 0x0000025d0b06f850 Thread added: 0x0000025d0db5c3d0
Event: 5.703 Thread 0x0000025d0b06f850 Thread added: 0x0000025d0db5bd40
Event: 6.392 Thread 0x0000025d0b06f850 Thread added: 0x0000025d0db5a300
Event: 6.395 Thread 0x0000025d0b06f850 Thread added: 0x0000025d0db56e80
Event: 6.398 Thread 0x0000025d0b06f850 Thread added: 0x0000025d0db58f50
Event: 6.488 Thread 0x0000025d0b06f850 Thread added: 0x0000025d0db5a990
Event: 6.488 Thread 0x0000025d0b06f850 Thread added: 0x0000025d0db57510
Event: 6.489 Thread 0x0000025d0b06f850 Thread added: 0x0000025d0db595e0
Event: 6.629 Thread 0x0000025d0b06f850 Thread added: 0x0000025d0db57ba0
Event: 6.711 Thread 0x0000025d0b06f850 Thread added: 0x0000025d0db59c70
Event: 6.712 Thread 0x0000025d0b06f850 Thread added: 0x0000025d0d207740
Event: 6.712 Thread 0x0000025d0b06f850 Thread added: 0x0000025d0d2070b0
Event: 8.127 Thread 0x0000025d09374610 Thread exited: 0x0000025d09374610
Event: 8.237 Thread 0x0000025d0907cc30 Thread added: 0x0000025d09374610


Dynamic libraries:
0x00007ff7f7390000 - 0x00007ff7f739a000 	D:\android_studio\android\jbr\bin\java.exe
0x00007ffb1d970000 - 0x00007ffb1db87000 	C:\WINDOWS\SYSTEM32\ntdll.dll
0x00007ffb1c730000 - 0x00007ffb1c7f4000 	C:\WINDOWS\System32\KERNEL32.DLL
0x00007ffb1ae70000 - 0x00007ffb1b242000 	C:\WINDOWS\System32\KERNELBASE.dll
0x00007ffb1ad50000 - 0x00007ffb1ae61000 	C:\WINDOWS\System32\ucrtbase.dll
0x00007ffab8a40000 - 0x00007ffab8a5b000 	D:\android_studio\android\jbr\bin\VCRUNTIME140.dll
0x00007ffb14e60000 - 0x00007ffb14e78000 	D:\android_studio\android\jbr\bin\jli.dll
0x00007ffb1cee0000 - 0x00007ffb1d091000 	C:\WINDOWS\System32\USER32.dll
0x00007ffb1ac70000 - 0x00007ffb1ac96000 	C:\WINDOWS\System32\win32u.dll
0x00007ffb1c500000 - 0x00007ffb1c529000 	C:\WINDOWS\System32\GDI32.dll
0x00007ffb1b4d0000 - 0x00007ffb1b5f3000 	C:\WINDOWS\System32\gdi32full.dll
0x00007ffb1aa60000 - 0x00007ffb1aafa000 	C:\WINDOWS\System32\msvcp_win.dll
0x00007ffb01f80000 - 0x00007ffb0221b000 	C:\WINDOWS\WinSxS\amd64_microsoft.windows.common-controls_6595b64144ccf1df_6.0.22621.5547_none_27104afb73855772\COMCTL32.dll
0x00007ffb1c550000 - 0x00007ffb1c5f7000 	C:\WINDOWS\System32\msvcrt.dll
0x00007ffb1cea0000 - 0x00007ffb1ced1000 	C:\WINDOWS\System32\IMM32.DLL
0x00007ffae08f0000 - 0x00007ffae08fc000 	D:\android_studio\android\jbr\bin\vcruntime140_1.dll
0x00007ffb074e0000 - 0x00007ffb0756d000 	D:\android_studio\android\jbr\bin\msvcp140.dll
0x00007ffab7000000 - 0x00007ffab7c96000 	D:\android_studio\android\jbr\bin\server\jvm.dll
0x00007ffb1c200000 - 0x00007ffb1c2b1000 	C:\WINDOWS\System32\ADVAPI32.dll
0x00007ffb1c600000 - 0x00007ffb1c6a8000 	C:\WINDOWS\System32\sechost.dll
0x00007ffb1aca0000 - 0x00007ffb1acc8000 	C:\WINDOWS\System32\bcrypt.dll
0x00007ffb1c3d0000 - 0x00007ffb1c4e4000 	C:\WINDOWS\System32\RPCRT4.dll
0x00007ffb1c9d0000 - 0x00007ffb1ca41000 	C:\WINDOWS\System32\WS2_32.dll
0x00007ffb19900000 - 0x00007ffb1994d000 	C:\WINDOWS\SYSTEM32\POWRPROF.dll
0x00007ffb141d0000 - 0x00007ffb14204000 	C:\WINDOWS\SYSTEM32\WINMM.dll
0x00007ffb11ac0000 - 0x00007ffb11aca000 	C:\WINDOWS\SYSTEM32\VERSION.dll
0x00007ffb198c0000 - 0x00007ffb198d3000 	C:\WINDOWS\SYSTEM32\UMPDC.dll
0x00007ffb19b80000 - 0x00007ffb19b98000 	C:\WINDOWS\SYSTEM32\kernel.appcore.dll
0x00007ffadf360000 - 0x00007ffadf36a000 	D:\android_studio\android\jbr\bin\jimage.dll
0x00007ffb17af0000 - 0x00007ffb17d23000 	C:\WINDOWS\SYSTEM32\DBGHELP.DLL
0x00007ffb1d530000 - 0x00007ffb1d8c3000 	C:\WINDOWS\System32\combase.dll
0x00007ffb1c120000 - 0x00007ffb1c1f7000 	C:\WINDOWS\System32\OLEAUT32.dll
0x00007ffae53d0000 - 0x00007ffae5402000 	C:\WINDOWS\SYSTEM32\dbgcore.DLL
0x00007ffb1b310000 - 0x00007ffb1b38b000 	C:\WINDOWS\System32\bcryptPrimitives.dll
0x00007ffb14410000 - 0x00007ffb1441e000 	D:\android_studio\android\jbr\bin\instrument.dll
0x00007ffab6f80000 - 0x00007ffab6fa0000 	D:\android_studio\android\jbr\bin\java.dll
0x00007ffaf1fc0000 - 0x00007ffaf1fd8000 	D:\android_studio\android\jbr\bin\zip.dll
0x00007ffb1b710000 - 0x00007ffb1bfb2000 	C:\WINDOWS\System32\SHELL32.dll
0x00007ffb1b390000 - 0x00007ffb1b4cf000 	C:\WINDOWS\System32\wintypes.dll
0x00007ffb189a0000 - 0x00007ffb192bd000 	C:\WINDOWS\SYSTEM32\windows.storage.dll
0x00007ffb1c2c0000 - 0x00007ffb1c3cc000 	C:\WINDOWS\System32\SHCORE.dll
0x00007ffb1ca50000 - 0x00007ffb1cab9000 	C:\WINDOWS\System32\shlwapi.dll
0x00007ffb1a990000 - 0x00007ffb1a9bb000 	C:\WINDOWS\SYSTEM32\profapi.dll
0x00007ffb12970000 - 0x00007ffb12980000 	D:\android_studio\android\jbr\bin\net.dll
0x00007ffb17410000 - 0x00007ffb1753c000 	C:\WINDOWS\SYSTEM32\WINHTTP.dll
0x00007ffb1a000000 - 0x00007ffb1a069000 	C:\WINDOWS\system32\mswsock.dll
0x00007ffaf1fa0000 - 0x00007ffaf1fb6000 	D:\android_studio\android\jbr\bin\nio.dll
0x00007ffae0f00000 - 0x00007ffae0f10000 	D:\android_studio\android\jbr\bin\verify.dll
0x00007ffb05fe0000 - 0x00007ffb06007000 	C:\Users\User\.gradle\native\1def1411415f61bf3af743bc5b6707747c0891f09f0c88961ee8f79bc544acac\windows-amd64\native-platform.dll
0x00007ffaf92a0000 - 0x00007ffaf9318000 	C:\Users\User\.gradle\native\0.2.7\x86_64-windows-gnu\gradle-fileevents.dll
0x00007ffae88d0000 - 0x00007ffae88d9000 	D:\android_studio\android\jbr\bin\management.dll
0x00007ffae88c0000 - 0x00007ffae88cb000 	D:\android_studio\android\jbr\bin\management_ext.dll
0x00007ffb1c9a0000 - 0x00007ffb1c9a8000 	C:\WINDOWS\System32\PSAPI.DLL
0x00007ffb19510000 - 0x00007ffb1953d000 	C:\WINDOWS\SYSTEM32\IPHLPAPI.DLL
0x00007ffb1d0a0000 - 0x00007ffb1d0a9000 	C:\WINDOWS\System32\NSI.dll
0x00007ffb05590000 - 0x00007ffb05599000 	D:\android_studio\android\jbr\bin\extnet.dll
0x00007ffb1a250000 - 0x00007ffb1a26b000 	C:\WINDOWS\SYSTEM32\CRYPTSP.dll
0x00007ffb19ae0000 - 0x00007ffb19b17000 	C:\WINDOWS\system32\rsaenh.dll
0x00007ffb1a0f0000 - 0x00007ffb1a118000 	C:\WINDOWS\SYSTEM32\USERENV.dll
0x00007ffb1a270000 - 0x00007ffb1a27c000 	C:\WINDOWS\SYSTEM32\CRYPTBASE.dll
0x00007ffab2350000 - 0x00007ffab2358000 	C:\WINDOWS\system32\wshunix.dll

JVMTI agents:
C:\Users\User\.gradle\wrapper\dists\gradle-8.13-bin\5xuhj0ry160q40clulazy9h7d\gradle-8.13\lib\agents\gradle-instrumentation-agent-8.13.jar path:D:\android_studio\android\jbr\bin\instrument.dll, loaded, initialized, instrumentlib options:none

dbghelp: loaded successfully - version: 4.0.5 - missing functions: none
symbol engine: initialized successfully - sym options: 0x614 - pdb path: .;D:\android_studio\android\jbr\bin;C:\WINDOWS\SYSTEM32;C:\WINDOWS\WinSxS\amd64_microsoft.windows.common-controls_6595b64144ccf1df_6.0.22621.5547_none_27104afb73855772;D:\android_studio\android\jbr\bin\server;C:\Users\User\.gradle\native\1def1411415f61bf3af743bc5b6707747c0891f09f0c88961ee8f79bc544acac\windows-amd64;C:\Users\User\.gradle\native\0.2.7\x86_64-windows-gnu

VM Arguments:
jvm_args: --add-opens=java.base/java.lang=ALL-UNNAMED --add-opens=java.base/java.lang.invoke=ALL-UNNAMED --add-opens=java.base/java.util=ALL-UNNAMED --add-opens=java.prefs/java.util.prefs=ALL-UNNAMED --add-exports=jdk.compiler/com.sun.tools.javac.api=ALL-UNNAMED --add-exports=jdk.compiler/com.sun.tools.javac.util=ALL-UNNAMED --add-opens=java.base/java.util=ALL-UNNAMED --add-opens=java.prefs/java.util.prefs=ALL-UNNAMED --add-opens=java.base/java.nio.charset=ALL-UNNAMED --add-opens=java.base/java.net=ALL-UNNAMED --add-opens=java.base/java.util.concurrent.atomic=ALL-UNNAMED --add-opens=java.xml/javax.xml.namespace=ALL-UNNAMED -Xmx2048m -Dfile.encoding=UTF-8 -Duser.country=US -Duser.language=en -Duser.variant -javaagent:C:\Users\User\.gradle\wrapper\dists\gradle-8.13-bin\5xuhj0ry160q40clulazy9h7d\gradle-8.13\lib\agents\gradle-instrumentation-agent-8.13.jar 
java_command: org.gradle.launcher.daemon.bootstrap.GradleDaemon 8.13
java_class_path (initial): C:\Users\User\.gradle\wrapper\dists\gradle-8.13-bin\5xuhj0ry160q40clulazy9h7d\gradle-8.13\lib\gradle-daemon-main-8.13.jar
Launcher Type: SUN_STANDARD

[Global flags]
     intx CICompilerCount                          = 3                                         {product} {ergonomic}
     uint ConcGCThreads                            = 1                                         {product} {ergonomic}
     uint G1ConcRefinementThreads                  = 4                                         {product} {ergonomic}
   size_t G1HeapRegionSize                         = 1048576                                   {product} {ergonomic}
    uintx GCDrainStackTargetSize                   = 64                                        {product} {ergonomic}
   size_t InitialHeapSize                          = 132120576                                 {product} {ergonomic}
   size_t MarkStackSize                            = 4194304                                   {product} {ergonomic}
   size_t MaxHeapSize                              = 2147483648                                {product} {command line}
   size_t MaxNewSize                               = 1287651328                                {product} {ergonomic}
   size_t MinHeapDeltaBytes                        = 1048576                                   {product} {ergonomic}
   size_t MinHeapSize                              = 8388608                                   {product} {ergonomic}
    uintx NonNMethodCodeHeapSize                   = 5832780                                {pd product} {ergonomic}
    uintx NonProfiledCodeHeapSize                  = 122912730                              {pd product} {ergonomic}
    uintx ProfiledCodeHeapSize                     = 122912730                              {pd product} {ergonomic}
    uintx ReservedCodeCacheSize                    = 251658240                              {pd product} {ergonomic}
     bool SegmentedCodeCache                       = true                                      {product} {ergonomic}
   size_t SoftMaxHeapSize                          = 2147483648                             {manageable} {ergonomic}
     bool UseCompressedOops                        = true                           {product lp64_product} {ergonomic}
     bool UseG1GC                                  = true                                      {product} {ergonomic}
     bool UseLargePagesIndividualAllocation        = false                                  {pd product} {ergonomic}

Logging:
Log output configuration:
 #0: stdout all=warning uptime,level,tags foldmultilines=false
 #1: stderr all=off uptime,level,tags foldmultilines=false

Environment Variables:
JAVA_HOME=D:\android_studio\android
PATH=D:\android_studio\android\bin;C:\Program Files\Common Files\Oracle\Java\javapath;C:\Windows\system32;C:\Windows;C:\Windows\System32\Wbem;C:\Windows\System32\WindowsPowerShell\v1.0\;C:\Windows\System32\OpenSSH\;C:\Program Files (x86)\NVIDIA Corporation\PhysX\Common;C:\Program Files\NVIDIA Corporation\NVIDIA NvDLISR;C:\WINDOWS\system32;C:\WINDOWS;C:\WINDOWS\System32\Wbem;C:\WINDOWS\System32\WindowsPowerShell\v1.0\;C:\WINDOWS\System32\OpenSSH\;C:\Program Files\Git\cmd;C:\xampp\php;C:\ProgramData\ComposerSetup\bin;C:\php-8.4.5;C:\xampp\php;D:\7zip;C:\Users\User\AppData\Local\nvm;C:\nvm4w\nodejs;D:\xamppp\php;C:\Users\User\AppData\Local\Programs\Microsoft VS Code\bin;C:\Users\User\AppData\Local\nvm;C:\nvm4w\nodejs;C:\Program Files\Android\Android Studio\jbr;D:\android_studio\android\bin;D:\flutter\flutter_windows_3.35.4-stable\flutter\bin;
USERNAME=User
OS=Windows_NT
PROCESSOR_IDENTIFIER=Intel64 Family 6 Model 140 Stepping 2, GenuineIntel
TMP=C:\Users\User\AppData\Local\Temp
TEMP=C:\Users\User\AppData\Local\Temp




Periodic native trim disabled

JNI global refs:
JNI global refs: 25, weak refs: 2

JNI global refs memory usage: 835, weak refs: 833

Process memory usage:
Resident Set Size: 307444K (3% of 8166712K total physical memory with 788552K free physical memory)

OOME stack traces (most recent first):
Classloader memory used:
Loader org.gradle.internal.classloader.VisitableURLClassLoader                         : 36199K
Loader bootstrap                                                                       : 23073K
Loader org.gradle.initialization.MixInLegacyTypesClassLoader                           : 8966K
Loader jdk.internal.loader.ClassLoaders$PlatformClassLoader                            : 504K
Loader jdk.internal.loader.ClassLoaders$AppClassLoader                                 : 234K
Loader org.gradle.groovy.scripts.internal.DefaultScriptCompilationHandler$ScriptClassLoader: 100472B
Loader org.gradle.internal.classloader.VisitableURLClassLoader                         : 96856B
Loader jdk.internal.reflect.DelegatingClassLoader                                      : 69160B
Loader org.gradle.internal.classloader.VisitableURLClassLoader$InstrumentingVisitableURLClassLoader: 18424B
Loader org.codehaus.groovy.runtime.callsite.CallSiteClassLoader                        : 10160B

Classes loaded by more than one classloader:
Class org.gradle.internal.classloader.FilteringClassLoader                            : loaded 2 times (x 105B)
Class org.gradle.internal.classloader.ClassLoaderHierarchy                            : loaded 2 times (x 70B)
Class org.gradle.api.internal.classpath.ManifestUtil                                  : loaded 2 times (x 71B)
Class org.gradle.internal.classloader.DefaultClassLoaderFactory                       : loaded 2 times (x 82B)
Class org.gradle.internal.classloader.ClassLoaderVisitor                              : loaded 2 times (x 76B)
Class org.gradle.api.internal.classpath.EffectiveClassPath                            : loaded 2 times (x 90B)
Class org.gradle.api.internal.DefaultClassPathProvider                                : loaded 2 times (x 76B)
Class [Lorg.gradle.api.internal.ClassPathProvider;                                    : loaded 2 times (x 69B)
Class org.gradle.api.internal.ClassPathProvider                                       : loaded 2 times (x 70B)
Class org.gradle.internal.service.UnknownServiceException                             : loaded 2 times (x 83B)
Class org.gradle.internal.classpath.TransformedClassPath                              : loaded 2 times (x 96B)
Class org.gradle.internal.classloader.InstrumentingClassLoader                        : loaded 2 times (x 70B)
Class org.gradle.internal.service.ServiceLocator                                      : loaded 2 times (x 70B)
Class org.gradle.internal.InternalTransformer                                         : loaded 2 times (x 70B)
Class org.gradle.internal.classloader.ClasspathUtil$1                                 : loaded 2 times (x 76B)
Class org.gradle.api.internal.classpath.DefaultModuleRegistry$DefaultModule           : loaded 2 times (x 86B)
Class org.gradle.api.internal.classpath.Module                                        : loaded 2 times (x 70B)
Class org.gradle.api.internal.classpath.UnknownModuleException                        : loaded 2 times (x 82B)
Class org.gradle.api.internal.DefaultClassPathRegistry                                : loaded 2 times (x 76B)
Class org.gradle.api.internal.ClassPathRegistry                                       : loaded 2 times (x 70B)
Class org.gradle.internal.classpath.DefaultClassPath$ImmutableUniqueList              : loaded 2 times (x 199B)
Class Settings_gradle$1                                                               : loaded 2 times (x 75B)
Class Program                                                                         : loaded 2 times (x 72B)
Class org.gradle.internal.classpath.ClassPath                                         : loaded 2 times (x 70B)
Class org.gradle.api.UncheckedIOException                                             : loaded 2 times (x 82B)
Class ijKotlinCoroutineJvmDebugInit1_dofq3drr9aihm4earzh7ldbbw                        : loaded 2 times (x 179B)
Class org.gradle.internal.installation.GradleInstallation$1                           : loaded 2 times (x 75B)
Class org.gradle.api.internal.classpath.ModuleRegistry                                : loaded 2 times (x 70B)
Class org.gradle.api.internal.classpath.DefaultModuleRegistry                         : loaded 2 times (x 86B)
Class org.gradle.internal.service.ServiceLookupException                              : loaded 2 times (x 82B)
Class org.gradle.internal.classloader.ClassLoaderFactory                              : loaded 2 times (x 70B)
Class org.gradle.internal.service.CachingServiceLocator                               : loaded 2 times (x 82B)
Class org.gradle.internal.classloader.ClasspathUtil                                   : loaded 2 times (x 71B)
Class org.gradle.api.specs.Spec                                                       : loaded 2 times (x 70B)
Class org.gradle.internal.classloader.VisitableURLClassLoader$InstrumentingVisitableURLClassLoader: loaded 2 times (x 123B)
Class org.gradle.internal.classloader.VisitableURLClassLoader$Spec                    : loaded 2 times (x 74B)
Class org.gradle.internal.classpath.DefaultClassPath                                  : loaded 2 times (x 90B)
Class org.gradle.internal.classloader.ClassLoaderSpec                                 : loaded 2 times (x 71B)
Class Settings_gradle$1$1                                                             : loaded 2 times (x 75B)
Class ijKotlinCoroutineJvmDebugInit1_dofq3drr9aihm4earzh7ldbbw$_run_closure1          : loaded 2 times (x 139B)
Class org.gradle.internal.classloader.VisitableURLClassLoader                         : loaded 2 times (x 117B)
Class Settings_gradle                                                                 : loaded 2 times (x 128B)
Class org.gradle.internal.Cast                                                        : loaded 2 times (x 71B)
Class org.gradle.api.Action                                                           : loaded 2 times (x 70B)
Class org.gradle.internal.classpath.DefaultClassPath$ImmutableUniqueList$Builder      : loaded 2 times (x 75B)
Class org.gradle.api.GradleException                                                  : loaded 2 times (x 82B)
Class org.gradle.internal.IoActions                                                   : loaded 2 times (x 71B)
Class ijJvmDebugger1_9x3erf11sbp6hr81ma3cxq5r2                                        : loaded 2 times (x 179B)
Class org.gradle.internal.classloader.SystemClassLoaderSpec                           : loaded 2 times (x 71B)
Class ijJvmDebugger1_9x3erf11sbp6hr81ma3cxq5r2$_run_closure1                          : loaded 2 times (x 139B)
Class org.gradle.api.internal.classpath.GlobalCacheRootsProvider                      : loaded 2 times (x 70B)
Class org.gradle.internal.installation.CurrentGradleInstallationLocator               : loaded 2 times (x 71B)
Class org.gradle.internal.service.DefaultServiceLocator                               : loaded 2 times (x 83B)
Class org.gradle.internal.installation.CurrentGradleInstallation                      : loaded 2 times (x 73B)
Class org.gradle.util.internal.GUtil                                                  : loaded 2 times (x 71B)
Class org.gradle.internal.installation.GradleInstallation                             : loaded 2 times (x 75B)

---------------  S Y S T E M  ---------------

OS:
 Windows 11 , 64 bit Build 22621 (10.0.22621.5415)
OS uptime: 0 days 0:43 hours

CPU: total 4 (initial active 4) (2 cores per cpu, 2 threads per core) family 6 model 140 stepping 2 microcode 0x26, cx8, cmov, fxsr, ht, mmx, 3dnowpref, sse, sse2, sse3, ssse3, sse4.1, sse4.2, popcnt, lzcnt, tsc, tscinvbit, avx, avx2, aes, erms, clmul, bmi1, bmi2, adx, avx512f, avx512dq, avx512cd, avx512bw, avx512vl, sha, fma, vzeroupper, avx512_vpopcntdq, avx512_vpclmulqdq, avx512_vaes, avx512_vnni, clflush, clflushopt, clwb, avx512_vbmi2, avx512_vbmi, rdtscp, rdpid, fsrm, gfni, avx512_bitalg, f16c, pku, cet_ibt, cet_ss, avx512_ifma
Processor Information for the first 4 processors :
  Max Mhz: 2995, Current Mhz: 2995, Mhz Limit: 2995

Memory: 4k page, system-wide physical 7975M (770M free)
TotalPageFile size 13646M (AvailPageFile size 5M)
current process WorkingSet (physical memory assigned to process): 300M, peak: 300M
current process commit charge ("private bytes"): 325M, peak: 326M

vm_info: OpenJDK 64-Bit Server VM (21.0.8+-14018985-b1038.68) for windows-amd64 JRE (21.0.8+-14018985-b1038.68), built on 2025-08-29T19:56:34Z by "builder" with MS VC++ 16.10 / 16.11 (VS2019)

END.
