#
# There is insufficient memory for the Java Runtime Environment to continue.
# Native memory allocation (malloc) failed to allocate 1661776 bytes. Error detail: Chunk::new
# Possible reasons:
#   The system is out of physical RAM or swap space
#   This process is running with CompressedOops enabled, and the Java Heap may be blocking the growth of the native heap
# Possible solutions:
#   Reduce memory load on the system
#   Increase physical memory or swap space
#   Check if swap backing store is full
#   Decrease Java heap size (-Xmx/-Xms)
#   Decrease number of Java threads
#   Decrease Java thread stack sizes (-Xss)
#   Set larger code cache with -XX:ReservedCodeCacheSize=
#   JVM is running with Unscaled Compressed Oops mode in which the Java heap is
#     placed in the first 4GB address space. The Java Heap base address is the
#     maximum limit for the native heap growth. Please use -XX:HeapBaseMinAddress
#     to set the Java Heap base and to place the Java Heap above 4GB virtual address.
# This output file may be truncated or incomplete.
#
#  Out of Memory Error (arena.cpp:168), pid=16056, tid=1572
#
# JRE version: OpenJDK Runtime Environment (21.0.8) (build 21.0.8+-14018985-b1038.68)
# Java VM: OpenJDK 64-Bit Server VM (21.0.8+-14018985-b1038.68, mixed mode, tiered, compressed oops, compressed class ptrs, g1 gc, windows-amd64)
# No core dump will be written. Minidumps are not enabled by default on client versions of Windows
#

---------------  S U M M A R Y ------------

Command Line: --add-opens=java.base/java.lang=ALL-UNNAMED --add-opens=java.base/java.lang.invoke=ALL-UNNAMED --add-opens=java.base/java.util=ALL-UNNAMED --add-opens=java.prefs/java.util.prefs=ALL-UNNAMED --add-exports=jdk.compiler/com.sun.tools.javac.api=ALL-UNNAMED --add-exports=jdk.compiler/com.sun.tools.javac.util=ALL-UNNAMED --add-opens=java.base/java.util=ALL-UNNAMED --add-opens=java.prefs/java.util.prefs=ALL-UNNAMED --add-opens=java.base/java.nio.charset=ALL-UNNAMED --add-opens=java.base/java.net=ALL-UNNAMED --add-opens=java.base/java.util.concurrent.atomic=ALL-UNNAMED --add-opens=java.xml/javax.xml.namespace=ALL-UNNAMED -Xmx2048m -Dfile.encoding=UTF-8 -Duser.country=US -Duser.language=en -Duser.variant -javaagent:C:\Users\User\.gradle\wrapper\dists\gradle-8.13-bin\5xuhj0ry160q40clulazy9h7d\gradle-8.13\lib\agents\gradle-instrumentation-agent-8.13.jar org.gradle.launcher.daemon.bootstrap.GradleDaemon 8.13

Host: 11th Gen Intel(R) Core(TM) i3-1115G4 @ 3.00GHz, 4 cores, 7G,  Windows 11 , 64 bit Build 22621 (10.0.22621.5415)
Time: Sun Jan 11 15:50:57 2026 Malay Peninsula Standard Time elapsed time: 8.321256 seconds (0d 0h 0m 8s)

---------------  T H R E A D  ---------------

Current thread (0x0000027da3973830):  JavaThread "C2 CompilerThread0" daemon [_thread_in_native, id=1572, stack(0x0000009e71e00000,0x0000009e71f00000) (1024K)]


Current CompileTask:
C2:8321 5554   !   4       sun.reflect.annotation.AnnotationParser::parseAnnotations (37 bytes)

Stack: [0x0000009e71e00000,0x0000009e71f00000]
Native frames: (J=compiled Java code, j=interpreted, Vv=VM code, C=native code)
V  [jvm.dll+0x6d68d9]
V  [jvm.dll+0x866693]
V  [jvm.dll+0x868c4e]
V  [jvm.dll+0x869333]
V  [jvm.dll+0x280566]
V  [jvm.dll+0xc07cd]
V  [jvm.dll+0xc0d03]
V  [jvm.dll+0x3b95e1]
V  [jvm.dll+0x385507]
V  [jvm.dll+0x38497a]
V  [jvm.dll+0x249252]
V  [jvm.dll+0x248821]
V  [jvm.dll+0x1c73a4]
V  [jvm.dll+0x257f9e]
V  [jvm.dll+0x2564e6]
V  [jvm.dll+0x3f4696]
V  [jvm.dll+0x80eac8]
V  [jvm.dll+0x6d512d]
C  [ucrtbase.dll+0x29333]
C  [KERNEL32.DLL+0x1259d]
C  [ntdll.dll+0x5af78]


---------------  P R O C E S S  ---------------

Threads class SMR info:
_java_thread_list=0x0000027daa5b5110, length=46, elements={
0x0000027d8a683b70, 0x0000027da3961940, 0x0000027da3986e10, 0x0000027da3989b40,
0x0000027da398b5b0, 0x0000027da3971910, 0x0000027da3972370, 0x0000027da3972dd0,
0x0000027da3973830, 0x0000027da39762e0, 0x0000027da80554e0, 0x0000027da801f4c0,
0x0000027da9833df0, 0x0000027da997e950, 0x0000027da9bd5010, 0x0000027da980e730,
0x0000027da9a93270, 0x0000027da9887360, 0x0000027da9889430, 0x0000027da988a7e0,
0x0000027da98879f0, 0x0000027da9889ac0, 0x0000027da9888710, 0x0000027da988a150,
0x0000027da9888080, 0x0000027dab45a0b0, 0x0000027dab457950, 0x0000027dab45a740,
0x0000027dab459a20, 0x0000027dab45c180, 0x0000027dab45baf0, 0x0000027dab458d00,
0x0000027dab455f10, 0x0000027dab45d530, 0x0000027dab45add0, 0x0000027dab45b460,
0x0000027dab4565a0, 0x0000027dab456c30, 0x0000027dab4572c0, 0x0000027daa3400c0,
0x0000027daa340750, 0x0000027daa33e680, 0x0000027daa341470, 0x0000027daa33f3a0,
0x0000027daa340de0, 0x0000027daa33ed10
}

Java Threads: ( => current thread )
  0x0000027d8a683b70 JavaThread "main"                              [_thread_blocked, id=8224, stack(0x0000009e70e00000,0x0000009e70f00000) (1024K)]
  0x0000027da3961940 JavaThread "Common-Cleaner"             daemon [_thread_blocked, id=11020, stack(0x0000009e71700000,0x0000009e71800000) (1024K)]
  0x0000027da3986e10 JavaThread "Reference Handler"          daemon [_thread_blocked, id=16124, stack(0x0000009e71800000,0x0000009e71900000) (1024K)]
  0x0000027da3989b40 JavaThread "Finalizer"                  daemon [_thread_blocked, id=15792, stack(0x0000009e71900000,0x0000009e71a00000) (1024K)]
  0x0000027da398b5b0 JavaThread "Signal Dispatcher"          daemon [_thread_blocked, id=6560, stack(0x0000009e71a00000,0x0000009e71b00000) (1024K)]
  0x0000027da3971910 JavaThread "Attach Listener"            daemon [_thread_blocked, id=1896, stack(0x0000009e71b00000,0x0000009e71c00000) (1024K)]
  0x0000027da3972370 JavaThread "Service Thread"             daemon [_thread_blocked, id=5712, stack(0x0000009e71c00000,0x0000009e71d00000) (1024K)]
  0x0000027da3972dd0 JavaThread "Monitor Deflation Thread"   daemon [_thread_blocked, id=4452, stack(0x0000009e71d00000,0x0000009e71e00000) (1024K)]
=>0x0000027da3973830 JavaThread "C2 CompilerThread0"         daemon [_thread_in_native, id=1572, stack(0x0000009e71e00000,0x0000009e71f00000) (1024K)]
  0x0000027da39762e0 JavaThread "C1 CompilerThread0"         daemon [_thread_blocked, id=14108, stack(0x0000009e71f00000,0x0000009e72000000) (1024K)]
  0x0000027da80554e0 JavaThread "Notification Thread"        daemon [_thread_blocked, id=14432, stack(0x0000009e72000000,0x0000009e72100000) (1024K)]
  0x0000027da801f4c0 JavaThread "C2 CompilerThread1"         daemon [_thread_in_native, id=15276, stack(0x0000009e72300000,0x0000009e72400000) (1024K)]
  0x0000027da9833df0 JavaThread "Daemon health stats"               [_thread_blocked, id=9764, stack(0x0000009e72500000,0x0000009e72600000) (1024K)]
  0x0000027da997e950 JavaThread "Incoming local TCP Connector on port 53238"        [_thread_in_native, id=11348, stack(0x0000009e72600000,0x0000009e72700000) (1024K)]
  0x0000027da9bd5010 JavaThread "Daemon periodic checks"            [_thread_blocked, id=6596, stack(0x0000009e72700000,0x0000009e72800000) (1024K)]
  0x0000027da980e730 JavaThread "Daemon"                            [_thread_blocked, id=12844, stack(0x0000009e72800000,0x0000009e72900000) (1024K)]
  0x0000027da9a93270 JavaThread "Handler for socket connection from /127.0.0.1:53238 to /127.0.0.1:53239"        [_thread_in_native, id=15244, stack(0x0000009e72900000,0x0000009e72a00000) (1024K)]
  0x0000027da9887360 JavaThread "Cancel handler"                    [_thread_blocked, id=2572, stack(0x0000009e72a00000,0x0000009e72b00000) (1024K)]
  0x0000027da9889430 JavaThread "Daemon worker"                     [_thread_in_native, id=9196, stack(0x0000009e72b00000,0x0000009e72c00000) (1024K)]
  0x0000027da988a7e0 JavaThread "Asynchronous log dispatcher for DefaultDaemonConnection: socket connection from /127.0.0.1:53238 to /127.0.0.1:53239"        [_thread_blocked, id=2888, stack(0x0000009e72c00000,0x0000009e72d00000) (1024K)]
  0x0000027da98879f0 JavaThread "Stdin handler"                     [_thread_blocked, id=16200, stack(0x0000009e72d00000,0x0000009e72e00000) (1024K)]
  0x0000027da9889ac0 JavaThread "Daemon client event forwarder"        [_thread_blocked, id=14172, stack(0x0000009e72e00000,0x0000009e72f00000) (1024K)]
  0x0000027da9888710 JavaThread "Cache worker for journal cache (C:\Users\User\.gradle\caches\journal-1)"        [_thread_blocked, id=6068, stack(0x0000009e72f00000,0x0000009e73000000) (1024K)]
  0x0000027da988a150 JavaThread "File lock request listener"        [_thread_in_native, id=12080, stack(0x0000009e73000000,0x0000009e73100000) (1024K)]
  0x0000027da9888080 JavaThread "Cache worker for file hash cache (C:\Users\User\.gradle\caches\8.13\fileHashes)"        [_thread_blocked, id=13440, stack(0x0000009e73100000,0x0000009e73200000) (1024K)]
  0x0000027dab45a0b0 JavaThread "Cache worker for file hash cache (D:\jokiAja\Finance_Tracker_App\.gradle\8.13\fileHashes)"        [_thread_blocked, id=5972, stack(0x0000009e73200000,0x0000009e73300000) (1024K)]
  0x0000027dab457950 JavaThread "Cache worker for Build Output Cleanup Cache (D:\jokiAja\Finance_Tracker_App\.gradle\buildOutputCleanup)"        [_thread_blocked, id=10204, stack(0x0000009e73300000,0x0000009e73400000) (1024K)]
  0x0000027dab45a740 JavaThread "File watcher server"        daemon [_thread_in_native, id=4780, stack(0x0000009e73400000,0x0000009e73500000) (1024K)]
  0x0000027dab459a20 JavaThread "File watcher consumer"      daemon [_thread_blocked, id=3916, stack(0x0000009e73500000,0x0000009e73600000) (1024K)]
  0x0000027dab45c180 JavaThread "jar transforms"                    [_thread_blocked, id=3700, stack(0x0000009e73600000,0x0000009e73700000) (1024K)]
  0x0000027dab45baf0 JavaThread "jar transforms Thread 2"           [_thread_blocked, id=13760, stack(0x0000009e73700000,0x0000009e73800000) (1024K)]
  0x0000027dab458d00 JavaThread "Cache worker for checksums cache (D:\jokiAja\Finance_Tracker_App\.gradle\8.13\checksums)"        [_thread_blocked, id=1468, stack(0x0000009e73800000,0x0000009e73900000) (1024K)]
  0x0000027dab455f10 JavaThread "Cache worker for file content cache (C:\Users\User\.gradle\caches\8.13\fileContent)"        [_thread_blocked, id=6800, stack(0x0000009e73900000,0x0000009e73a00000) (1024K)]
  0x0000027dab45d530 JavaThread "jar transforms Thread 3"           [_thread_blocked, id=3680, stack(0x0000009e73a00000,0x0000009e73b00000) (1024K)]
  0x0000027dab45add0 JavaThread "Cache worker for cache directory md-supplier (C:\Users\User\.gradle\caches\8.13\md-supplier)"        [_thread_blocked, id=3760, stack(0x0000009e73b00000,0x0000009e73c00000) (1024K)]
  0x0000027dab45b460 JavaThread "Cache worker for cache directory md-rule (C:\Users\User\.gradle\caches\8.13\md-rule)"        [_thread_blocked, id=1840, stack(0x0000009e73c00000,0x0000009e73d00000) (1024K)]
  0x0000027dab4565a0 JavaThread "Unconstrained build operations"        [_thread_blocked, id=13232, stack(0x0000009e73d00000,0x0000009e73e00000) (1024K)]
  0x0000027dab456c30 JavaThread "Unconstrained build operations Thread 2"        [_thread_blocked, id=14644, stack(0x0000009e73e00000,0x0000009e73f00000) (1024K)]
  0x0000027dab4572c0 JavaThread "Unconstrained build operations Thread 3"        [_thread_blocked, id=4904, stack(0x0000009e73f00000,0x0000009e74000000) (1024K)]
  0x0000027daa3400c0 JavaThread "Unconstrained build operations Thread 4"        [_thread_blocked, id=13048, stack(0x0000009e74000000,0x0000009e74100000) (1024K)]
  0x0000027daa340750 JavaThread "Unconstrained build operations Thread 5"        [_thread_blocked, id=14204, stack(0x0000009e74100000,0x0000009e74200000) (1024K)]
  0x0000027daa33e680 JavaThread "Unconstrained build operations Thread 6"        [_thread_blocked, id=1936, stack(0x0000009e74200000,0x0000009e74300000) (1024K)]
  0x0000027daa341470 JavaThread "jar transforms Thread 4"           [_thread_blocked, id=9192, stack(0x0000009e74300000,0x0000009e74400000) (1024K)]
  0x0000027daa33f3a0 JavaThread "Unconstrained build operations Thread 7"        [_thread_blocked, id=5212, stack(0x0000009e74400000,0x0000009e74500000) (1024K)]
  0x0000027daa340de0 JavaThread "Unconstrained build operations Thread 8"        [_thread_blocked, id=13736, stack(0x0000009e74500000,0x0000009e74600000) (1024K)]
  0x0000027daa33ed10 JavaThread "Unconstrained build operations Thread 9"        [_thread_blocked, id=2660, stack(0x0000009e74600000,0x0000009e74700000) (1024K)]
Total: 46

Other Threads:
  0x0000027da37b01c0 VMThread "VM Thread"                           [id=3736, stack(0x0000009e71600000,0x0000009e71700000) (1024K)]
  0x0000027da373b4e0 WatcherThread "VM Periodic Task Thread"        [id=7500, stack(0x0000009e71500000,0x0000009e71600000) (1024K)]
  0x0000027d8c9b30c0 WorkerThread "GC Thread#0"                     [id=976, stack(0x0000009e71000000,0x0000009e71100000) (1024K)]
  0x0000027da3c4d8c0 WorkerThread "GC Thread#1"                     [id=9828, stack(0x0000009e72100000,0x0000009e72200000) (1024K)]
  0x0000027da3c4dc60 WorkerThread "GC Thread#2"                     [id=5988, stack(0x0000009e72200000,0x0000009e72300000) (1024K)]
  0x0000027da8e63a30 WorkerThread "GC Thread#3"                     [id=9644, stack(0x0000009e72400000,0x0000009e72500000) (1024K)]
  0x0000027d8c9c3fb0 ConcurrentGCThread "G1 Main Marker"            [id=10904, stack(0x0000009e71100000,0x0000009e71200000) (1024K)]
  0x0000027d8c9c51d0 WorkerThread "G1 Conc#0"                       [id=11924, stack(0x0000009e71200000,0x0000009e71300000) (1024K)]
  0x0000027da360f130 ConcurrentGCThread "G1 Refine#0"               [id=7516, stack(0x0000009e71300000,0x0000009e71400000) (1024K)]
  0x0000027da360fd20 ConcurrentGCThread "G1 Service"                [id=9004, stack(0x0000009e71400000,0x0000009e71500000) (1024K)]
Total: 10

Threads with active compile tasks:
C2 CompilerThread0  8338 5554   !   4       sun.reflect.annotation.AnnotationParser::parseAnnotations (37 bytes)
C2 CompilerThread1  8338 5563       4       java.lang.invoke.InvokerBytecodeGenerator::addMethod (725 bytes)
Total: 2

VM state: not at safepoint (normal execution)

VM Mutex/Monitor currently owned by a thread: None

Heap address: 0x0000000080000000, size: 2048 MB, Compressed Oops mode: 32-bit

CDS archive(s) not mapped
Compressed class space mapped at: 0x0000000100000000-0x0000000140000000, reserved size: 1073741824
Narrow klass base: 0x0000000000000000, Narrow klass shift: 3, Narrow klass range: 0x140000000

GC Precious Log:
 CardTable entry size: 512
 Card Set container configuration: InlinePtr #cards 5 size 8 Array Of Cards #cards 12 size 40 Howl #buckets 4 coarsen threshold 1843 Howl Bitmap #cards 512 size 80 coarsen threshold 460 Card regions per heap region 1 cards per card region 2048
 CPUs: 4 total, 4 available
 Memory: 7975M
 Large Page Support: Disabled
 NUMA Support: Disabled
 Compressed Oops: Enabled (32-bit)
 Heap Region Size: 1M
 Heap Min Capacity: 8M
 Heap Initial Capacity: 126M
 Heap Max Capacity: 2G
 Pre-touch: Disabled
 Parallel Workers: 4
 Concurrent Workers: 1
 Concurrent Refinement Workers: 4
 Periodic GC: Disabled

Heap:
 garbage-first heap   total 86016K, used 59830K [0x0000000080000000, 0x0000000100000000)
  region size 1024K, 21 young (21504K), 2 survivors (2048K)
 Metaspace       used 61375K, committed 62912K, reserved 1114112K
  class space    used 8565K, committed 9280K, reserved 1048576K

Heap Regions: E=young(eden), S=young(survivor), O=old, HS=humongous(starts), HC=humongous(continues), CS=collection set, F=free, TAMS=top-at-mark-start, PB=parsable bottom
|   0|0x0000000080000000, 0x0000000080100000, 0x0000000080100000|100%|HS|  |TAMS 0x0000000080000000| PB 0x0000000080000000| Complete 
|   1|0x0000000080100000, 0x0000000080200000, 0x0000000080200000|100%|HC|  |TAMS 0x0000000080100000| PB 0x0000000080100000| Complete 
|   2|0x0000000080200000, 0x0000000080300000, 0x0000000080300000|100%|HC|  |TAMS 0x0000000080200000| PB 0x0000000080200000| Complete 
|   3|0x0000000080300000, 0x0000000080400000, 0x0000000080400000|100%| O|  |TAMS 0x0000000080300000| PB 0x0000000080300000| Untracked 
|   4|0x0000000080400000, 0x0000000080500000, 0x0000000080500000|100%| O|  |TAMS 0x0000000080400000| PB 0x0000000080400000| Untracked 
|   5|0x0000000080500000, 0x0000000080600000, 0x0000000080600000|100%| O|  |TAMS 0x0000000080500000| PB 0x0000000080500000| Untracked 
|   6|0x0000000080600000, 0x0000000080700000, 0x0000000080700000|100%| O|  |TAMS 0x0000000080600000| PB 0x0000000080600000| Untracked 
|   7|0x0000000080700000, 0x0000000080800000, 0x0000000080800000|100%|HS|  |TAMS 0x0000000080700000| PB 0x0000000080700000| Complete 
|   8|0x0000000080800000, 0x0000000080900000, 0x0000000080900000|100%| O|  |TAMS 0x0000000080800000| PB 0x0000000080800000| Untracked 
|   9|0x0000000080900000, 0x0000000080a00000, 0x0000000080a00000|100%| O|  |TAMS 0x0000000080900000| PB 0x0000000080900000| Untracked 
|  10|0x0000000080a00000, 0x0000000080b00000, 0x0000000080b00000|100%| O|  |TAMS 0x0000000080a00000| PB 0x0000000080a00000| Untracked 
|  11|0x0000000080b00000, 0x0000000080c00000, 0x0000000080c00000|100%| O|  |TAMS 0x0000000080b00000| PB 0x0000000080b00000| Untracked 
|  12|0x0000000080c00000, 0x0000000080d00000, 0x0000000080d00000|100%| O|  |TAMS 0x0000000080c00000| PB 0x0000000080c00000| Untracked 
|  13|0x0000000080d00000, 0x0000000080e00000, 0x0000000080e00000|100%| O|  |TAMS 0x0000000080d00000| PB 0x0000000080d00000| Untracked 
|  14|0x0000000080e00000, 0x0000000080f00000, 0x0000000080f00000|100%| O|  |TAMS 0x0000000080e00000| PB 0x0000000080e00000| Untracked 
|  15|0x0000000080f00000, 0x0000000081000000, 0x0000000081000000|100%| O|  |TAMS 0x0000000080f00000| PB 0x0000000080f00000| Untracked 
|  16|0x0000000081000000, 0x0000000081100000, 0x0000000081100000|100%| O|  |TAMS 0x0000000081000000| PB 0x0000000081000000| Untracked 
|  17|0x0000000081100000, 0x0000000081200000, 0x0000000081200000|100%| O|  |TAMS 0x0000000081100000| PB 0x0000000081100000| Untracked 
|  18|0x0000000081200000, 0x0000000081300000, 0x0000000081300000|100%| O|  |TAMS 0x0000000081200000| PB 0x0000000081200000| Untracked 
|  19|0x0000000081300000, 0x0000000081400000, 0x0000000081400000|100%| O|  |TAMS 0x0000000081300000| PB 0x0000000081300000| Untracked 
|  20|0x0000000081400000, 0x0000000081500000, 0x0000000081500000|100%| O|  |TAMS 0x0000000081400000| PB 0x0000000081400000| Untracked 
|  21|0x0000000081500000, 0x0000000081600000, 0x0000000081600000|100%| O|  |TAMS 0x0000000081500000| PB 0x0000000081500000| Untracked 
|  22|0x0000000081600000, 0x0000000081700000, 0x0000000081700000|100%| O|  |TAMS 0x0000000081600000| PB 0x0000000081600000| Untracked 
|  23|0x0000000081700000, 0x0000000081800000, 0x0000000081800000|100%| O|  |TAMS 0x0000000081700000| PB 0x0000000081700000| Untracked 
|  24|0x0000000081800000, 0x0000000081900000, 0x0000000081900000|100%| O|  |TAMS 0x0000000081800000| PB 0x0000000081800000| Untracked 
|  25|0x0000000081900000, 0x0000000081a00000, 0x0000000081a00000|100%| O|  |TAMS 0x0000000081900000| PB 0x0000000081900000| Untracked 
|  26|0x0000000081a00000, 0x0000000081b00000, 0x0000000081b00000|100%| O|  |TAMS 0x0000000081a00000| PB 0x0000000081a00000| Untracked 
|  27|0x0000000081b00000, 0x0000000081c00000, 0x0000000081c00000|100%| O|  |TAMS 0x0000000081b00000| PB 0x0000000081b00000| Untracked 
|  28|0x0000000081c00000, 0x0000000081d00000, 0x0000000081d00000|100%| O|  |TAMS 0x0000000081c00000| PB 0x0000000081c00000| Untracked 
|  29|0x0000000081d00000, 0x0000000081e00000, 0x0000000081e00000|100%| O|  |TAMS 0x0000000081d00000| PB 0x0000000081d00000| Untracked 
|  30|0x0000000081e00000, 0x0000000081f00000, 0x0000000081f00000|100%| O|  |TAMS 0x0000000081e00000| PB 0x0000000081e00000| Untracked 
|  31|0x0000000081f00000, 0x0000000082000000, 0x0000000082000000|100%| O|  |TAMS 0x0000000081f00000| PB 0x0000000081f00000| Untracked 
|  32|0x0000000082000000, 0x0000000082100000, 0x0000000082100000|100%| O|Cm|TAMS 0x0000000082000000| PB 0x0000000082000000| Complete 
|  33|0x0000000082100000, 0x0000000082100000, 0x0000000082200000|  0%| F|  |TAMS 0x0000000082100000| PB 0x0000000082100000| Untracked 
|  34|0x0000000082200000, 0x0000000082300000, 0x0000000082300000|100%| O|  |TAMS 0x0000000082200000| PB 0x0000000082200000| Untracked 
|  35|0x0000000082300000, 0x0000000082300000, 0x0000000082400000|  0%| F|  |TAMS 0x0000000082300000| PB 0x0000000082300000| Untracked 
|  36|0x0000000082400000, 0x0000000082400000, 0x0000000082500000|  0%| F|  |TAMS 0x0000000082400000| PB 0x0000000082400000| Untracked 
|  37|0x0000000082500000, 0x0000000082500000, 0x0000000082600000|  0%| F|  |TAMS 0x0000000082500000| PB 0x0000000082500000| Untracked 
|  38|0x0000000082600000, 0x0000000082600000, 0x0000000082700000|  0%| F|  |TAMS 0x0000000082600000| PB 0x0000000082600000| Untracked 
|  39|0x0000000082700000, 0x0000000082700000, 0x0000000082800000|  0%| F|  |TAMS 0x0000000082700000| PB 0x0000000082700000| Untracked 
|  40|0x0000000082800000, 0x0000000082800000, 0x0000000082900000|  0%| F|  |TAMS 0x0000000082800000| PB 0x0000000082800000| Untracked 
|  41|0x0000000082900000, 0x0000000082a00000, 0x0000000082a00000|100%| O|  |TAMS 0x0000000082900000| PB 0x0000000082900000| Untracked 
|  42|0x0000000082a00000, 0x0000000082a00000, 0x0000000082b00000|  0%| F|  |TAMS 0x0000000082a00000| PB 0x0000000082a00000| Untracked 
|  43|0x0000000082b00000, 0x0000000082c00000, 0x0000000082c00000|100%| O|  |TAMS 0x0000000082b00000| PB 0x0000000082b00000| Untracked 
|  44|0x0000000082c00000, 0x0000000082d00000, 0x0000000082d00000|100%| O|  |TAMS 0x0000000082c00000| PB 0x0000000082c00000| Untracked 
|  45|0x0000000082d00000, 0x0000000082e00000, 0x0000000082e00000|100%| O|  |TAMS 0x0000000082d00000| PB 0x0000000082d00000| Untracked 
|  46|0x0000000082e00000, 0x0000000082efca00, 0x0000000082f00000| 98%| O|  |TAMS 0x0000000082e00000| PB 0x0000000082e00000| Untracked 
|  47|0x0000000082f00000, 0x0000000082f00000, 0x0000000083000000|  0%| F|  |TAMS 0x0000000082f00000| PB 0x0000000082f00000| Untracked 
|  48|0x0000000083000000, 0x0000000083000000, 0x0000000083100000|  0%| F|  |TAMS 0x0000000083000000| PB 0x0000000083000000| Untracked 
|  49|0x0000000083100000, 0x0000000083170e30, 0x0000000083200000| 44%| S|CS|TAMS 0x0000000083100000| PB 0x0000000083100000| Complete 
|  50|0x0000000083200000, 0x0000000083300000, 0x0000000083300000|100%| S|CS|TAMS 0x0000000083200000| PB 0x0000000083200000| Complete 
|  51|0x0000000083300000, 0x0000000083300000, 0x0000000083400000|  0%| F|  |TAMS 0x0000000083300000| PB 0x0000000083300000| Untracked 
|  52|0x0000000083400000, 0x0000000083400000, 0x0000000083500000|  0%| F|  |TAMS 0x0000000083400000| PB 0x0000000083400000| Untracked 
|  53|0x0000000083500000, 0x0000000083500000, 0x0000000083600000|  0%| F|  |TAMS 0x0000000083500000| PB 0x0000000083500000| Untracked 
|  54|0x0000000083600000, 0x0000000083600000, 0x0000000083700000|  0%| F|  |TAMS 0x0000000083600000| PB 0x0000000083600000| Untracked 
|  55|0x0000000083700000, 0x0000000083700000, 0x0000000083800000|  0%| F|  |TAMS 0x0000000083700000| PB 0x0000000083700000| Untracked 
|  56|0x0000000083800000, 0x0000000083800000, 0x0000000083900000|  0%| F|  |TAMS 0x0000000083800000| PB 0x0000000083800000| Untracked 
|  57|0x0000000083900000, 0x0000000083900000, 0x0000000083a00000|  0%| F|  |TAMS 0x0000000083900000| PB 0x0000000083900000| Untracked 
|  58|0x0000000083a00000, 0x0000000083a00000, 0x0000000083b00000|  0%| F|  |TAMS 0x0000000083a00000| PB 0x0000000083a00000| Untracked 
|  59|0x0000000083b00000, 0x0000000083b00000, 0x0000000083c00000|  0%| F|  |TAMS 0x0000000083b00000| PB 0x0000000083b00000| Untracked 
|  60|0x0000000083c00000, 0x0000000083c00000, 0x0000000083d00000|  0%| F|  |TAMS 0x0000000083c00000| PB 0x0000000083c00000| Untracked 
|  61|0x0000000083d00000, 0x0000000083d00000, 0x0000000083e00000|  0%| F|  |TAMS 0x0000000083d00000| PB 0x0000000083d00000| Untracked 
|  62|0x0000000083e00000, 0x0000000083e00000, 0x0000000083f00000|  0%| F|  |TAMS 0x0000000083e00000| PB 0x0000000083e00000| Untracked 
|  63|0x0000000083f00000, 0x0000000083f00000, 0x0000000084000000|  0%| F|  |TAMS 0x0000000083f00000| PB 0x0000000083f00000| Untracked 
|  64|0x0000000084000000, 0x0000000084000000, 0x0000000084100000|  0%| F|  |TAMS 0x0000000084000000| PB 0x0000000084000000| Untracked 
|  65|0x0000000084100000, 0x0000000084200000, 0x0000000084200000|100%| E|  |TAMS 0x0000000084100000| PB 0x0000000084100000| Complete 
|  66|0x0000000084200000, 0x0000000084300000, 0x0000000084300000|100%| E|CS|TAMS 0x0000000084200000| PB 0x0000000084200000| Complete 
|  67|0x0000000084300000, 0x0000000084400000, 0x0000000084400000|100%| E|CS|TAMS 0x0000000084300000| PB 0x0000000084300000| Complete 
|  68|0x0000000084400000, 0x0000000084500000, 0x0000000084500000|100%| E|CS|TAMS 0x0000000084400000| PB 0x0000000084400000| Complete 
|  69|0x0000000084500000, 0x0000000084600000, 0x0000000084600000|100%| E|CS|TAMS 0x0000000084500000| PB 0x0000000084500000| Complete 
|  70|0x0000000084600000, 0x0000000084700000, 0x0000000084700000|100%| E|CS|TAMS 0x0000000084600000| PB 0x0000000084600000| Complete 
|  71|0x0000000084700000, 0x0000000084800000, 0x0000000084800000|100%| E|CS|TAMS 0x0000000084700000| PB 0x0000000084700000| Complete 
|  72|0x0000000084800000, 0x0000000084900000, 0x0000000084900000|100%| E|CS|TAMS 0x0000000084800000| PB 0x0000000084800000| Complete 
|  73|0x0000000084900000, 0x0000000084a00000, 0x0000000084a00000|100%| E|CS|TAMS 0x0000000084900000| PB 0x0000000084900000| Complete 
|  74|0x0000000084a00000, 0x0000000084b00000, 0x0000000084b00000|100%| E|CS|TAMS 0x0000000084a00000| PB 0x0000000084a00000| Complete 
|  75|0x0000000084b00000, 0x0000000084c00000, 0x0000000084c00000|100%| E|CS|TAMS 0x0000000084b00000| PB 0x0000000084b00000| Complete 
|  76|0x0000000084c00000, 0x0000000084d00000, 0x0000000084d00000|100%| E|CS|TAMS 0x0000000084c00000| PB 0x0000000084c00000| Complete 
|  77|0x0000000084d00000, 0x0000000084e00000, 0x0000000084e00000|100%| E|CS|TAMS 0x0000000084d00000| PB 0x0000000084d00000| Complete 
|  78|0x0000000084e00000, 0x0000000084f00000, 0x0000000084f00000|100%| E|CS|TAMS 0x0000000084e00000| PB 0x0000000084e00000| Complete 
|  79|0x0000000084f00000, 0x0000000085000000, 0x0000000085000000|100%| E|CS|TAMS 0x0000000084f00000| PB 0x0000000084f00000| Complete 
| 105|0x0000000086900000, 0x0000000086a00000, 0x0000000086a00000|100%| E|CS|TAMS 0x0000000086900000| PB 0x0000000086900000| Complete 
| 106|0x0000000086a00000, 0x0000000086b00000, 0x0000000086b00000|100%| E|CS|TAMS 0x0000000086a00000| PB 0x0000000086a00000| Complete 
| 107|0x0000000086b00000, 0x0000000086c00000, 0x0000000086c00000|100%| E|CS|TAMS 0x0000000086b00000| PB 0x0000000086b00000| Complete 
| 125|0x0000000087d00000, 0x0000000087e00000, 0x0000000087e00000|100%| E|CS|TAMS 0x0000000087d00000| PB 0x0000000087d00000| Complete 

Card table byte_map: [0x0000027d9eeb0000,0x0000027d9f2b0000] _byte_map_base: 0x0000027d9eab0000

Marking Bits: (CMBitMap*) 0x0000027d8c9b36d0
 Bits: [0x0000027d9f2b0000, 0x0000027da12b0000)

Polling page: 0x0000027d8a920000

Metaspace:

Usage:
  Non-class:     51.60 MB used.
      Class:      8.37 MB used.
       Both:     59.97 MB used.

Virtual space:
  Non-class space:       64.00 MB reserved,      52.38 MB ( 82%) committed,  1 nodes.
      Class space:        1.00 GB reserved,       9.06 MB ( <1%) committed,  1 nodes.
             Both:        1.06 GB reserved,      61.44 MB (  6%) committed. 

Chunk freelists:
   Non-Class:  10.94 MB
       Class:  6.81 MB
        Both:  17.75 MB

MaxMetaspaceSize: unlimited
CompressedClassSpaceSize: 1.00 GB
Initial GC threshold: 21.00 MB
Current GC threshold: 94.94 MB
CDS: off
 - commit_granule_bytes: 65536.
 - commit_granule_words: 8192.
 - virtual_space_node_default_size: 8388608.
 - enlarge_chunks_in_place: 1.
 - use_allocation_guard: 0.


Internal statistics:

num_allocs_failed_limit: 6.
num_arena_births: 2914.
num_arena_deaths: 0.
num_vsnodes_births: 2.
num_vsnodes_deaths: 0.
num_space_committed: 983.
num_space_uncommitted: 0.
num_chunks_returned_to_freelist: 6.
num_chunks_taken_from_freelist: 5330.
num_chunk_merges: 3.
num_chunk_splits: 3480.
num_chunks_enlarged: 2179.
num_inconsistent_stats: 0.

CodeHeap 'non-profiled nmethods': size=120000Kb used=2784Kb max_used=2862Kb free=117215Kb
 bounds [0x0000027d97580000, 0x0000027d97850000, 0x0000027d9eab0000]
CodeHeap 'profiled nmethods': size=120000Kb used=9135Kb max_used=9141Kb free=110864Kb
 bounds [0x0000027d8fab0000, 0x0000027d903a0000, 0x0000027d96fe0000]
CodeHeap 'non-nmethods': size=5760Kb used=2960Kb max_used=2980Kb free=2800Kb
 bounds [0x0000027d96fe0000, 0x0000027d972d0000, 0x0000027d97580000]
CodeCache: size=245760Kb, used=14879Kb, max_used=14983Kb, free=230879Kb
 total_blobs=5754, nmethods=4882, adapters=776, full_count=0
Compilation: enabled, stopped_count=0, restarted_count=0

Compilation events (20 events):
Event: 8.245 Thread 0x0000027da39762e0 5599       3       java.util.concurrent.ConcurrentHashMap$BaseIterator::<init> (21 bytes)
Event: 8.245 Thread 0x0000027da39762e0 nmethod 5599 0x0000027d8fbf2790 code [0x0000027d8fbf2940, 0x0000027d8fbf2b20]
Event: 8.278 Thread 0x0000027da39762e0 5601       3       kotlin.reflect.jvm.internal.ReflectProperties::lazySoft (18 bytes)
Event: 8.278 Thread 0x0000027da39762e0 nmethod 5601 0x0000027d900cc310 code [0x0000027d900cc4c0, 0x0000027d900cc6c0]
Event: 8.278 Thread 0x0000027da39762e0 5604       3       kotlin.reflect.jvm.internal.ReflectProperties$Val::<init> (5 bytes)
Event: 8.278 Thread 0x0000027da39762e0 nmethod 5604 0x0000027d90130110 code [0x0000027d901302c0, 0x0000027d90130428]
Event: 8.278 Thread 0x0000027da39762e0 5602       3       kotlin.reflect.jvm.internal.ReflectProperties$LazySoftVal::<init> (43 bytes)
Event: 8.279 Thread 0x0000027da39762e0 nmethod 5602 0x0000027d8fb79190 code [0x0000027d8fb793a0, 0x0000027d8fb79b60]
Event: 8.279 Thread 0x0000027da39762e0 5603       3       kotlin.reflect.jvm.internal.ReflectProperties::lazySoft (14 bytes)
Event: 8.279 Thread 0x0000027da39762e0 nmethod 5603 0x0000027d8fb78c10 code [0x0000027d8fb78de0, 0x0000027d8fb79090]
Event: 8.279 Thread 0x0000027da39762e0 5605       3       kotlin.LazyKt__LazyJVMKt::lazy (102 bytes)
Event: 8.280 Thread 0x0000027da39762e0 nmethod 5605 0x0000027d8fbece90 code [0x0000027d8fbed2a0, 0x0000027d8fbeec48]
Event: 8.281 Thread 0x0000027da39762e0 5606       3       kotlin.SafePublicationLazyImpl::<init> (30 bytes)
Event: 8.281 Thread 0x0000027da39762e0 nmethod 5606 0x0000027d8fbec290 code [0x0000027d8fbec4c0, 0x0000027d8fbecbe0]
Event: 8.291 Thread 0x0000027da39762e0 5607       3       kotlin.reflect.jvm.internal.impl.renderer.DescriptorRendererOptionsImpl::property (20 bytes)
Event: 8.291 Thread 0x0000027da39762e0 nmethod 5607 0x0000027d8fb78490 code [0x0000027d8fb78640, 0x0000027d8fb78970]
Event: 8.291 Thread 0x0000027da39762e0 5608       3       kotlin.reflect.jvm.internal.impl.renderer.DescriptorRendererOptionsImpl$property$$inlined$vetoable$1::<init> (11 bytes)
Event: 8.291 Thread 0x0000027da39762e0 nmethod 5608 0x0000027d8fbebd90 code [0x0000027d8fbebf40, 0x0000027d8fbec1c0]
Event: 8.319 Thread 0x0000027da39762e0 5609       3       jdk.internal.jimage.BasicImageReader::verifyLocation (39 bytes)
Event: 8.319 Thread 0x0000027da39762e0 nmethod 5609 0x0000027d8fbeb790 code [0x0000027d8fbeb960, 0x0000027d8fbebc38]

GC Heap History (20 events):
Event: 4.615 GC heap before
{Heap before GC invocations=5 (full 0):
 garbage-first heap   total 71680K, used 60711K [0x0000000080000000, 0x0000000100000000)
  region size 1024K, 42 young (43008K), 3 survivors (3072K)
 Metaspace       used 28117K, committed 28544K, reserved 1114112K
  class space    used 3639K, committed 3840K, reserved 1048576K
}
Event: 4.621 GC heap after
{Heap after GC invocations=6 (full 0):
 garbage-first heap   total 71680K, used 22070K [0x0000000080000000, 0x0000000100000000)
  region size 1024K, 4 young (4096K), 4 survivors (4096K)
 Metaspace       used 28117K, committed 28544K, reserved 1114112K
  class space    used 3639K, committed 3840K, reserved 1048576K
}
Event: 5.188 GC heap before
{Heap before GC invocations=6 (full 0):
 garbage-first heap   total 71680K, used 57910K [0x0000000080000000, 0x0000000100000000)
  region size 1024K, 40 young (40960K), 4 survivors (4096K)
 Metaspace       used 32962K, committed 33664K, reserved 1114112K
  class space    used 4486K, committed 4800K, reserved 1048576K
}
Event: 5.195 GC heap after
{Heap after GC invocations=7 (full 0):
 garbage-first heap   total 71680K, used 24559K [0x0000000080000000, 0x0000000100000000)
  region size 1024K, 5 young (5120K), 5 survivors (5120K)
 Metaspace       used 32962K, committed 33664K, reserved 1114112K
  class space    used 4486K, committed 4800K, reserved 1048576K
}
Event: 5.404 GC heap before
{Heap before GC invocations=7 (full 0):
 garbage-first heap   total 71680K, used 38895K [0x0000000080000000, 0x0000000100000000)
  region size 1024K, 20 young (20480K), 5 survivors (5120K)
 Metaspace       used 35199K, committed 35968K, reserved 1114112K
  class space    used 4871K, committed 5184K, reserved 1048576K
}
Event: 5.410 GC heap after
{Heap after GC invocations=8 (full 0):
 garbage-first heap   total 71680K, used 25600K [0x0000000080000000, 0x0000000100000000)
  region size 1024K, 1 young (1024K), 1 survivors (1024K)
 Metaspace       used 35199K, committed 35968K, reserved 1114112K
  class space    used 4871K, committed 5184K, reserved 1048576K
}
Event: 6.029 GC heap before
{Heap before GC invocations=9 (full 0):
 garbage-first heap   total 71680K, used 61440K [0x0000000080000000, 0x0000000100000000)
  region size 1024K, 36 young (36864K), 1 survivors (1024K)
 Metaspace       used 42615K, committed 43584K, reserved 1114112K
  class space    used 5874K, committed 6336K, reserved 1048576K
}
Event: 6.034 GC heap after
{Heap after GC invocations=10 (full 0):
 garbage-first heap   total 71680K, used 29148K [0x0000000080000000, 0x0000000100000000)
  region size 1024K, 5 young (5120K), 5 survivors (5120K)
 Metaspace       used 42615K, committed 43584K, reserved 1114112K
  class space    used 5874K, committed 6336K, reserved 1048576K
}
Event: 6.326 GC heap before
{Heap before GC invocations=10 (full 0):
 garbage-first heap   total 71680K, used 59868K [0x0000000080000000, 0x0000000100000000)
  region size 1024K, 36 young (36864K), 5 survivors (5120K)
 Metaspace       used 44507K, committed 45440K, reserved 1114112K
  class space    used 6097K, committed 6528K, reserved 1048576K
}
Event: 6.334 GC heap after
{Heap after GC invocations=11 (full 0):
 garbage-first heap   total 71680K, used 31740K [0x0000000080000000, 0x0000000100000000)
  region size 1024K, 3 young (3072K), 3 survivors (3072K)
 Metaspace       used 44507K, committed 45440K, reserved 1114112K
  class space    used 6097K, committed 6528K, reserved 1048576K
}
Event: 6.403 GC heap before
{Heap before GC invocations=11 (full 0):
 garbage-first heap   total 71680K, used 38908K [0x0000000080000000, 0x0000000100000000)
  region size 1024K, 9 young (9216K), 3 survivors (3072K)
 Metaspace       used 44995K, committed 45952K, reserved 1114112K
  class space    used 6157K, committed 6592K, reserved 1048576K
}
Event: 6.406 GC heap after
{Heap after GC invocations=12 (full 0):
 garbage-first heap   total 71680K, used 34116K [0x0000000080000000, 0x0000000100000000)
  region size 1024K, 1 young (1024K), 1 survivors (1024K)
 Metaspace       used 44995K, committed 45952K, reserved 1114112K
  class space    used 6157K, committed 6592K, reserved 1048576K
}
Event: 6.829 GC heap before
{Heap before GC invocations=13 (full 0):
 garbage-first heap   total 71680K, used 64836K [0x0000000080000000, 0x0000000100000000)
  region size 1024K, 29 young (29696K), 1 survivors (1024K)
 Metaspace       used 49012K, committed 50112K, reserved 1114112K
  class space    used 6711K, committed 7232K, reserved 1048576K
}
Event: 6.835 GC heap after
{Heap after GC invocations=14 (full 0):
 garbage-first heap   total 71680K, used 33945K [0x0000000080000000, 0x0000000100000000)
  region size 1024K, 3 young (3072K), 3 survivors (3072K)
 Metaspace       used 49012K, committed 50112K, reserved 1114112K
  class space    used 6711K, committed 7232K, reserved 1048576K
}
Event: 7.164 GC heap before
{Heap before GC invocations=14 (full 0):
 garbage-first heap   total 71680K, used 62617K [0x0000000080000000, 0x0000000100000000)
  region size 1024K, 31 young (31744K), 3 survivors (3072K)
 Metaspace       used 52687K, committed 54080K, reserved 1114112K
  class space    used 7320K, committed 8000K, reserved 1048576K
}
Event: 7.169 GC heap after
{Heap after GC invocations=15 (full 0):
 garbage-first heap   total 86016K, used 34910K [0x0000000080000000, 0x0000000100000000)
  region size 1024K, 2 young (2048K), 2 survivors (2048K)
 Metaspace       used 52687K, committed 54080K, reserved 1114112K
  class space    used 7320K, committed 8000K, reserved 1048576K
}
Event: 7.795 GC heap before
{Heap before GC invocations=15 (full 0):
 garbage-first heap   total 86016K, used 74846K [0x0000000080000000, 0x0000000100000000)
  region size 1024K, 43 young (44032K), 2 survivors (2048K)
 Metaspace       used 56808K, committed 58304K, reserved 1114112K
  class space    used 7993K, committed 8704K, reserved 1048576K
}
Event: 7.802 GC heap after
{Heap after GC invocations=16 (full 0):
 garbage-first heap   total 86016K, used 40603K [0x0000000080000000, 0x0000000100000000)
  region size 1024K, 6 young (6144K), 6 survivors (6144K)
 Metaspace       used 56808K, committed 58304K, reserved 1114112K
  class space    used 7993K, committed 8704K, reserved 1048576K
}
Event: 8.121 GC heap before
{Heap before GC invocations=17 (full 0):
 garbage-first heap   total 86016K, used 76443K [0x0000000080000000, 0x0000000100000000)
  region size 1024K, 39 young (39936K), 6 survivors (6144K)
 Metaspace       used 58701K, committed 60224K, reserved 1114112K
  class space    used 8200K, committed 8896K, reserved 1048576K
}
Event: 8.128 GC heap after
{Heap after GC invocations=18 (full 0):
 garbage-first heap   total 86016K, used 41398K [0x0000000080000000, 0x0000000100000000)
  region size 1024K, 2 young (2048K), 2 survivors (2048K)
 Metaspace       used 58701K, committed 60224K, reserved 1114112K
  class space    used 8200K, committed 8896K, reserved 1048576K
}

Dll operation events (3 events):
Event: 0.017 Loaded shared library D:\android_studio\android\jbr\bin\java.dll
Event: 0.026 Loaded shared library D:\android_studio\android\jbr\bin\zip.dll
Event: 2.490 Loaded shared library D:\android_studio\android\jbr\bin\verify.dll

Deoptimization events (20 events):
Event: 7.935 Thread 0x0000027da9889430 DEOPT PACKING pc=0x0000027d8fe4915e sp=0x0000009e72bf9300
Event: 7.935 Thread 0x0000027da9889430 DEOPT UNPACKING pc=0x0000027d970388e2 sp=0x0000009e72bf87e8 mode 0
Event: 7.938 Thread 0x0000027da9889430 DEOPT PACKING pc=0x0000027d8fe4915e sp=0x0000009e72bf9300
Event: 7.938 Thread 0x0000027da9889430 DEOPT UNPACKING pc=0x0000027d970388e2 sp=0x0000009e72bf87e8 mode 0
Event: 8.001 Thread 0x0000027da9889430 Uncommon trap: trap_request=0xffffff45 fr.pc=0x0000027d97708e38 relative=0x00000000000001d8
Event: 8.001 Thread 0x0000027da9889430 Uncommon trap: reason=unstable_if action=reinterpret pc=0x0000027d97708e38 method=java.util.HashMap.getNode(Ljava/lang/Object;)Ljava/util/HashMap$Node; @ 131 c2
Event: 8.001 Thread 0x0000027da9889430 DEOPT PACKING pc=0x0000027d97708e38 sp=0x0000009e72bf9f00
Event: 8.001 Thread 0x0000027da9889430 DEOPT UNPACKING pc=0x0000027d97037da2 sp=0x0000009e72bf9e10 mode 2
Event: 8.041 Thread 0x0000027da9889430 Uncommon trap: trap_request=0xffffffcc fr.pc=0x0000027d976fd34c relative=0x000000000000028c
Event: 8.041 Thread 0x0000027da9889430 Uncommon trap: reason=intrinsic_or_type_checked_inlining action=make_not_entrant pc=0x0000027d976fd34c method=java.util.Arrays.copyOfRange([Ljava/lang/Object;IILjava/lang/Class;)[Ljava/lang/Object; @ 84 c2
Event: 8.041 Thread 0x0000027da9889430 DEOPT PACKING pc=0x0000027d976fd34c sp=0x0000009e72bf8ea0
Event: 8.041 Thread 0x0000027da9889430 DEOPT UNPACKING pc=0x0000027d97037da2 sp=0x0000009e72bf8e40 mode 2
Event: 8.188 Thread 0x0000027da9889430 Uncommon trap: trap_request=0xffffff54 fr.pc=0x0000027d9761e9a8 relative=0x0000000000001728
Event: 8.188 Thread 0x0000027da9889430 Uncommon trap: reason=speculate_null_assert action=make_not_entrant pc=0x0000027d9761e9a8 method=java.util.jar.JarFile.getVersionedEntry(Ljava/lang/String;Ljava/util/jar/JarEntry;)Ljava/util/jar/JarEntry; @ 115 c2
Event: 8.188 Thread 0x0000027da9889430 DEOPT PACKING pc=0x0000027d9761e9a8 sp=0x0000009e72bf8970
Event: 8.188 Thread 0x0000027da9889430 DEOPT UNPACKING pc=0x0000027d97037da2 sp=0x0000009e72bf8968 mode 2
Event: 8.188 Thread 0x0000027da9889430 Uncommon trap: trap_request=0xffffff45 fr.pc=0x0000027d975e7480 relative=0x0000000000000fa0
Event: 8.188 Thread 0x0000027da9889430 Uncommon trap: reason=unstable_if action=reinterpret pc=0x0000027d975e7480 method=java.util.jar.JarFile.getEntry(Ljava/lang/String;)Ljava/util/zip/ZipEntry; @ 15 c2
Event: 8.188 Thread 0x0000027da9889430 DEOPT PACKING pc=0x0000027d975e7480 sp=0x0000009e72bf8a30
Event: 8.188 Thread 0x0000027da9889430 DEOPT UNPACKING pc=0x0000027d97037da2 sp=0x0000009e72bf8a28 mode 2

Classes loaded (20 events):
Event: 7.589 Loading class sun/misc/SharedSecrets
Event: 7.589 Loading class sun/misc/SharedSecrets done
Event: 7.643 Loading class java/util/AbstractList$ListItr
Event: 7.643 Loading class java/util/AbstractList$ListItr done
Event: 7.742 Loading class java/util/BitSet$1BitSetSpliterator
Event: 7.742 Loading class java/util/BitSet$1BitSetSpliterator done
Event: 7.750 Loading class sun/nio/fs/WindowsException
Event: 7.750 Loading class sun/nio/fs/WindowsException done
Event: 7.751 Loading class com/jetbrains/internal/IoToNioErrorMessageHolder
Event: 7.751 Loading class com/jetbrains/internal/IoToNioErrorMessageHolder done
Event: 7.758 Loading class java/util/Collections$SynchronizedRandomAccessList
Event: 7.758 Loading class java/util/Collections$SynchronizedList
Event: 7.758 Loading class java/util/Collections$SynchronizedList done
Event: 7.758 Loading class java/util/Collections$SynchronizedRandomAccessList done
Event: 8.065 Loading class java/util/concurrent/atomic/AtomicReferenceFieldUpdater
Event: 8.065 Loading class java/util/concurrent/atomic/AtomicReferenceFieldUpdater done
Event: 8.065 Loading class java/util/concurrent/atomic/AtomicReferenceFieldUpdater$AtomicReferenceFieldUpdaterImpl
Event: 8.065 Loading class java/util/concurrent/atomic/AtomicReferenceFieldUpdater$AtomicReferenceFieldUpdaterImpl done
Event: 8.065 Loading class java/util/concurrent/atomic/AtomicReferenceFieldUpdater$AtomicReferenceFieldUpdaterImpl$1
Event: 8.066 Loading class java/util/concurrent/atomic/AtomicReferenceFieldUpdater$AtomicReferenceFieldUpdaterImpl$1 done

Classes unloaded (0 events):
No events

Classes redefined (0 events):
No events

Internal exceptions (20 events):
Event: 7.691 Thread 0x0000027da9889430 Exception <a 'java/lang/ClassNotFoundException'{0x00000000833e3028}: addGradleAndroidTestListener1_68b4muzawzs3qp55wjk3zsbfrBeanInfo> (0x00000000833e3028) 
thrown [s\src\hotspot\share\classfile\systemDictionary.cpp, line 312]
Event: 7.692 Thread 0x0000027da9889430 Exception <a 'java/lang/ClassNotFoundException'{0x00000000833e9218}: addGradleAndroidTestListener1_68b4muzawzs3qp55wjk3zsbfrCustomizer> (0x00000000833e9218) 
thrown [s\src\hotspot\share\classfile\systemDictionary.cpp, line 312]
Event: 7.703 Thread 0x0000027da9889430 Exception <a 'java/lang/ClassNotFoundException'{0x00000000832854b0}: SetupUtpTestResultListenerActionBeanInfo> (0x00000000832854b0) 
thrown [s\src\hotspot\share\classfile\systemDictionary.cpp, line 312]
Event: 7.703 Thread 0x0000027da9889430 Exception <a 'java/lang/ClassNotFoundException'{0x000000008328bce8}: SetupUtpTestResultListenerActionCustomizer> (0x000000008328bce8) 
thrown [s\src\hotspot\share\classfile\systemDictionary.cpp, line 312]
Event: 7.714 Thread 0x0000027da9889430 Exception <a 'java/lang/ClassNotFoundException'{0x0000000083105740}: org/gradle/execution/taskgraph/DefaultTaskExecutionGraphBeanInfo> (0x0000000083105740) 
thrown [s\src\hotspot\share\classfile\systemDictionary.cpp, line 312]
Event: 7.714 Thread 0x0000027da9889430 Exception <a 'java/lang/ClassNotFoundException'{0x0000000083113408}: org/gradle/execution/taskgraph/DefaultTaskExecutionGraphCustomizer> (0x0000000083113408) 
thrown [s\src\hotspot\share\classfile\systemDictionary.cpp, line 312]
Event: 7.746 Thread 0x0000027da9889430 Exception <a 'java/lang/IncompatibleClassChangeError'{0x00000000830cf628}: Found class java.lang.Object, but interface was expected> (0x00000000830cf628) 
thrown [s\src\hotspot\share\interpreter\linkResolver.cpp, line 851]
Event: 7.750 Thread 0x0000027da9889430 Exception <a 'sun/nio/fs/WindowsException'{0x0000000082f0fd68}> (0x0000000082f0fd68) 
thrown [s\src\hotspot\share\prims\jni.cpp, line 537]
Event: 7.751 Thread 0x0000027da9889430 Exception <a 'sun/nio/fs/WindowsException'{0x0000000082f119f8}> (0x0000000082f119f8) 
thrown [s\src\hotspot\share\prims\jni.cpp, line 537]
Event: 7.751 Thread 0x0000027da9889430 Exception <a 'sun/nio/fs/WindowsException'{0x0000000082f12f08}> (0x0000000082f12f08) 
thrown [s\src\hotspot\share\prims\jni.cpp, line 537]
Event: 7.752 Thread 0x0000027da9889430 Exception <a 'sun/nio/fs/WindowsException'{0x0000000082f14438}> (0x0000000082f14438) 
thrown [s\src\hotspot\share\prims\jni.cpp, line 537]
Event: 7.753 Thread 0x0000027da9889430 Exception <a 'java/lang/NoSuchMethodError'{0x0000000082f28708}: 'java.lang.Object java.lang.invoke.Invokers$Holder.invoker(java.lang.Object, java.lang.Object, java.lang.Object, java.lang.Object, java.lang.Object, java.lang.Object)'> (0x0000000082f28708) 
thrown [s\src\hotspot\share\interpreter\linkResolver.cpp, line 784]
Event: 7.765 Thread 0x0000027da9889430 Exception <a 'java/lang/NoSuchMethodError'{0x0000000082e2aea8}: 'java.lang.Object java.lang.invoke.DirectMethodHandle$Holder.invokeSpecial(java.lang.Object, java.lang.Object, java.lang.Object, java.lang.Object, java.lang.Object, java.lang.Object, java.lang.Object, java.lang.Object, java.lang.Object, java.lang.Object, java.lang.Object, java.lang.Object, java.lang.Object, java.lang.Object, java.lang.Object, java.lang.Object, java.lang.Object, java.lang.Object, java.lang.Object, java.lang.Object, java.lang.Ob
Event: 7.765 Thread 0x0000027da9889430 Exception <a 'java/lang/NoSuchMethodError'{0x0000000082e30f10}: 'java.lang.Object java.lang.invoke.DelegatingMethodHandle$Holder.reinvoke_L(java.lang.Object, java.lang.Object, java.lang.Object, java.lang.Object, java.lang.Object, java.lang.Object, java.lang.Object, java.lang.Object, java.lang.Object, java.lang.Object, java.lang.Object, java.lang.Object, java.lang.Object, java.lang.Object, java.lang.Object, java.lang.Object, java.lang.Object, java.lang.Object, java.lang.Object, java.lang.Object, java.lang.O
Event: 7.765 Thread 0x0000027da9889430 Exception <a 'java/lang/NoSuchMethodError'{0x0000000082e3c018}: 'java.lang.Object java.lang.invoke.Invokers$Holder.invoker(java.lang.Object, java.lang.Object, java.lang.Object, java.lang.Object, java.lang.Object, java.lang.Object, java.lang.Object, java.lang.Object, java.lang.Object, java.lang.Object, java.lang.Object, java.lang.Object, java.lang.Object, java.lang.Object, java.lang.Object, java.lang.Object, java.lang.Object, java.lang.Object, java.lang.Object, java.lang.Object, java.lang.Object, java.lang.
Event: 7.765 Thread 0x0000027da9889430 Exception <a 'java/lang/NoSuchMethodError'{0x0000000082e42930}: 'java.lang.Object java.lang.invoke.DelegatingMethodHandle$Holder.delegate(java.lang.Object, java.lang.Object, java.lang.Object, java.lang.Object, java.lang.Object, java.lang.Object, java.lang.Object, java.lang.Object, java.lang.Object, java.lang.Object, java.lang.Object, java.lang.Object, java.lang.Object, java.lang.Object, java.lang.Object, java.lang.Object, java.lang.Object, java.lang.Object, java.lang.Object, java.lang.Object, java.lang.Obj
Event: 8.110 Thread 0x0000027da9889430 Exception <a 'java/lang/NoSuchMethodError'{0x0000000083327268}: 'java.lang.Object java.lang.invoke.DirectMethodHandle$Holder.newInvokeSpecial(java.lang.Object, java.lang.Object, java.lang.Object, java.lang.Object, java.lang.Object, java.lang.Object, java.lang.Object, java.lang.Object, java.lang.Object, java.lang.Object, java.lang.Object, java.lang.Object, java.lang.Object, java.lang.Object, java.lang.Object, java.lang.Object, java.lang.Object, java.lang.Object, java.lang.Object)'> (0x0000000083327268) 
thr
Event: 8.110 Thread 0x0000027da9889430 Exception <a 'java/lang/NoSuchMethodError'{0x000000008332dc38}: 'java.lang.Object java.lang.invoke.DirectMethodHandle$Holder.invokeSpecial(java.lang.Object, java.lang.Object, java.lang.Object, java.lang.Object, java.lang.Object, java.lang.Object, java.lang.Object, java.lang.Object, java.lang.Object, java.lang.Object, java.lang.Object, java.lang.Object, java.lang.Object, java.lang.Object, java.lang.Object, java.lang.Object, java.lang.Object, java.lang.Object, java.lang.Object, java.lang.Object)'> (0x0000000
Event: 8.110 Thread 0x0000027da9889430 Exception <a 'java/lang/NoSuchMethodError'{0x0000000083333488}: 'java.lang.Object java.lang.invoke.DelegatingMethodHandle$Holder.reinvoke_L(java.lang.Object, java.lang.Object, java.lang.Object, java.lang.Object, java.lang.Object, java.lang.Object, java.lang.Object, java.lang.Object, java.lang.Object, java.lang.Object, java.lang.Object, java.lang.Object, java.lang.Object, java.lang.Object, java.lang.Object, java.lang.Object, java.lang.Object, java.lang.Object, java.lang.Object)'> (0x0000000083333488) 
throw
Event: 8.121 Thread 0x0000027da9889430 Exception <a 'java/lang/IncompatibleClassChangeError'{0x00000000833fc6e8}: Found class java.lang.Object, but interface was expected> (0x00000000833fc6e8) 
thrown [s\src\hotspot\share\interpreter\linkResolver.cpp, line 851]

ZGC Phase Switch (0 events):
No events

VM Operations (20 events):
Event: 7.164 Executing VM operation: G1CollectForAllocation (G1 Evacuation Pause)
Event: 7.169 Executing VM operation: G1CollectForAllocation (G1 Evacuation Pause) done
Event: 7.284 Executing VM operation: HandshakeAllThreads (Deoptimize)
Event: 7.284 Executing VM operation: HandshakeAllThreads (Deoptimize) done
Event: 7.378 Executing VM operation: HandshakeAllThreads (Deoptimize)
Event: 7.378 Executing VM operation: HandshakeAllThreads (Deoptimize) done
Event: 7.576 Executing VM operation: ICBufferFull
Event: 7.576 Executing VM operation: ICBufferFull done
Event: 7.644 Executing VM operation: HandshakeAllThreads (Deoptimize)
Event: 7.644 Executing VM operation: HandshakeAllThreads (Deoptimize) done
Event: 7.750 Executing VM operation: HandshakeAllThreads (Deoptimize)
Event: 7.750 Executing VM operation: HandshakeAllThreads (Deoptimize) done
Event: 7.794 Executing VM operation: G1TryInitiateConcMark (G1 Humongous Allocation)
Event: 7.802 Executing VM operation: G1TryInitiateConcMark (G1 Humongous Allocation) done
Event: 7.872 Executing VM operation: G1PauseRemark
Event: 7.876 Executing VM operation: G1PauseRemark done
Event: 7.900 Executing VM operation: G1PauseCleanup
Event: 7.910 Executing VM operation: G1PauseCleanup done
Event: 8.121 Executing VM operation: G1CollectForAllocation (G1 Evacuation Pause)
Event: 8.128 Executing VM operation: G1CollectForAllocation (G1 Evacuation Pause) done

Memory protections (0 events):
No events

Nmethod flushes (20 events):
Event: 7.876 Thread 0x0000027da37b01c0 flushing  nmethod 0x0000027d8fc3a810
Event: 7.876 Thread 0x0000027da37b01c0 flushing  nmethod 0x0000027d8fc42290
Event: 7.876 Thread 0x0000027da37b01c0 flushing  nmethod 0x0000027d8fcad590
Event: 7.876 Thread 0x0000027da37b01c0 flushing  nmethod 0x0000027d8fcae110
Event: 7.876 Thread 0x0000027da37b01c0 flushing  nmethod 0x0000027d8fcae590
Event: 7.876 Thread 0x0000027da37b01c0 flushing  nmethod 0x0000027d8fd0c890
Event: 7.876 Thread 0x0000027da37b01c0 flushing  nmethod 0x0000027d8fd0d790
Event: 7.876 Thread 0x0000027da37b01c0 flushing  nmethod 0x0000027d8fd2a210
Event: 7.876 Thread 0x0000027da37b01c0 flushing  nmethod 0x0000027d8fd5f810
Event: 7.876 Thread 0x0000027da37b01c0 flushing  nmethod 0x0000027d8fd5fb90
Event: 7.876 Thread 0x0000027da37b01c0 flushing  nmethod 0x0000027d8fd8d510
Event: 7.876 Thread 0x0000027da37b01c0 flushing  nmethod 0x0000027d8fdc1e10
Event: 7.876 Thread 0x0000027da37b01c0 flushing  nmethod 0x0000027d8fdeda10
Event: 7.876 Thread 0x0000027da37b01c0 flushing  nmethod 0x0000027d8fdef290
Event: 7.876 Thread 0x0000027da37b01c0 flushing  nmethod 0x0000027d8fe2b910
Event: 7.876 Thread 0x0000027da37b01c0 flushing  nmethod 0x0000027d8ff06690
Event: 7.876 Thread 0x0000027da37b01c0 flushing  nmethod 0x0000027d8ff8c910
Event: 7.876 Thread 0x0000027da37b01c0 flushing  nmethod 0x0000027d8ff91c90
Event: 7.876 Thread 0x0000027da37b01c0 flushing  nmethod 0x0000027d90016410
Event: 7.876 Thread 0x0000027da37b01c0 flushing  nmethod 0x0000027d9006f690

Events (20 events):
Event: 5.143 Thread 0x0000027da9889430 Thread added: 0x0000027dab457950
Event: 5.345 Thread 0x0000027da9889430 Thread added: 0x0000027dab45a740
Event: 5.351 Thread 0x0000027da9889430 Thread added: 0x0000027dab459a20
Event: 5.609 Thread 0x0000027da9889430 Thread added: 0x0000027dab45c180
Event: 5.652 Thread 0x0000027da9889430 Thread added: 0x0000027dab45baf0
Event: 6.278 Thread 0x0000027da9889430 Thread added: 0x0000027dab458d00
Event: 6.309 Thread 0x0000027da9889430 Thread added: 0x0000027dab455f10
Event: 6.497 Thread 0x0000027da9889430 Thread added: 0x0000027dab45d530
Event: 6.768 Thread 0x0000027da9889430 Thread added: 0x0000027dab45add0
Event: 6.855 Thread 0x0000027da9889430 Thread added: 0x0000027dab45b460
Event: 7.439 Thread 0x0000027da9889430 Thread added: 0x0000027dab4565a0
Event: 7.442 Thread 0x0000027da9889430 Thread added: 0x0000027dab456c30
Event: 7.444 Thread 0x0000027da9889430 Thread added: 0x0000027dab4572c0
Event: 7.487 Thread 0x0000027da9889430 Thread added: 0x0000027daa3400c0
Event: 7.487 Thread 0x0000027da9889430 Thread added: 0x0000027daa340750
Event: 7.488 Thread 0x0000027da9889430 Thread added: 0x0000027daa33e680
Event: 7.573 Thread 0x0000027da9889430 Thread added: 0x0000027daa341470
Event: 7.629 Thread 0x0000027da9889430 Thread added: 0x0000027daa33f3a0
Event: 7.630 Thread 0x0000027da9889430 Thread added: 0x0000027daa340de0
Event: 7.632 Thread 0x0000027da9889430 Thread added: 0x0000027daa33ed10


Dynamic libraries:
0x00007ff7f7390000 - 0x00007ff7f739a000 	D:\android_studio\android\jbr\bin\java.exe
0x00007ffb1d970000 - 0x00007ffb1db87000 	C:\WINDOWS\SYSTEM32\ntdll.dll
0x00007ffb1c730000 - 0x00007ffb1c7f4000 	C:\WINDOWS\System32\KERNEL32.DLL
0x00007ffb1ae70000 - 0x00007ffb1b242000 	C:\WINDOWS\System32\KERNELBASE.dll
0x00007ffb1ad50000 - 0x00007ffb1ae61000 	C:\WINDOWS\System32\ucrtbase.dll
0x00007ffb14e60000 - 0x00007ffb14e78000 	D:\android_studio\android\jbr\bin\jli.dll
0x00007ffb1cee0000 - 0x00007ffb1d091000 	C:\WINDOWS\System32\USER32.dll
0x00007ffb1ac70000 - 0x00007ffb1ac96000 	C:\WINDOWS\System32\win32u.dll
0x00007ffb1c500000 - 0x00007ffb1c529000 	C:\WINDOWS\System32\GDI32.dll
0x00007ffb1b4d0000 - 0x00007ffb1b5f3000 	C:\WINDOWS\System32\gdi32full.dll
0x00007ffb1aa60000 - 0x00007ffb1aafa000 	C:\WINDOWS\System32\msvcp_win.dll
0x00007ffab8a40000 - 0x00007ffab8a5b000 	D:\android_studio\android\jbr\bin\VCRUNTIME140.dll
0x00007ffb01f80000 - 0x00007ffb0221b000 	C:\WINDOWS\WinSxS\amd64_microsoft.windows.common-controls_6595b64144ccf1df_6.0.22621.5547_none_27104afb73855772\COMCTL32.dll
0x00007ffb1c550000 - 0x00007ffb1c5f7000 	C:\WINDOWS\System32\msvcrt.dll
0x00007ffb1cea0000 - 0x00007ffb1ced1000 	C:\WINDOWS\System32\IMM32.DLL
0x00007ffae08f0000 - 0x00007ffae08fc000 	D:\android_studio\android\jbr\bin\vcruntime140_1.dll
0x00007ffb074e0000 - 0x00007ffb0756d000 	D:\android_studio\android\jbr\bin\msvcp140.dll
0x00007ffab7000000 - 0x00007ffab7c96000 	D:\android_studio\android\jbr\bin\server\jvm.dll
0x00007ffb1c200000 - 0x00007ffb1c2b1000 	C:\WINDOWS\System32\ADVAPI32.dll
0x00007ffb1c600000 - 0x00007ffb1c6a8000 	C:\WINDOWS\System32\sechost.dll
0x00007ffb1aca0000 - 0x00007ffb1acc8000 	C:\WINDOWS\System32\bcrypt.dll
0x00007ffb1c3d0000 - 0x00007ffb1c4e4000 	C:\WINDOWS\System32\RPCRT4.dll
0x00007ffb1c9d0000 - 0x00007ffb1ca41000 	C:\WINDOWS\System32\WS2_32.dll
0x00007ffb19900000 - 0x00007ffb1994d000 	C:\WINDOWS\SYSTEM32\POWRPROF.dll
0x00007ffb141d0000 - 0x00007ffb14204000 	C:\WINDOWS\SYSTEM32\WINMM.dll
0x00007ffb11ac0000 - 0x00007ffb11aca000 	C:\WINDOWS\SYSTEM32\VERSION.dll
0x00007ffb198c0000 - 0x00007ffb198d3000 	C:\WINDOWS\SYSTEM32\UMPDC.dll
0x00007ffb19b80000 - 0x00007ffb19b98000 	C:\WINDOWS\SYSTEM32\kernel.appcore.dll
0x00007ffadf360000 - 0x00007ffadf36a000 	D:\android_studio\android\jbr\bin\jimage.dll
0x00007ffb17af0000 - 0x00007ffb17d23000 	C:\WINDOWS\SYSTEM32\DBGHELP.DLL
0x00007ffb1d530000 - 0x00007ffb1d8c3000 	C:\WINDOWS\System32\combase.dll
0x00007ffb1c120000 - 0x00007ffb1c1f7000 	C:\WINDOWS\System32\OLEAUT32.dll
0x00007ffae53d0000 - 0x00007ffae5402000 	C:\WINDOWS\SYSTEM32\dbgcore.DLL
0x00007ffb1b310000 - 0x00007ffb1b38b000 	C:\WINDOWS\System32\bcryptPrimitives.dll
0x00007ffb14410000 - 0x00007ffb1441e000 	D:\android_studio\android\jbr\bin\instrument.dll
0x00007ffab6f80000 - 0x00007ffab6fa0000 	D:\android_studio\android\jbr\bin\java.dll
0x00007ffaf1fc0000 - 0x00007ffaf1fd8000 	D:\android_studio\android\jbr\bin\zip.dll
0x00007ffb1b710000 - 0x00007ffb1bfb2000 	C:\WINDOWS\System32\SHELL32.dll
0x00007ffb1b390000 - 0x00007ffb1b4cf000 	C:\WINDOWS\System32\wintypes.dll
0x00007ffb189a0000 - 0x00007ffb192bd000 	C:\WINDOWS\SYSTEM32\windows.storage.dll
0x00007ffb1c2c0000 - 0x00007ffb1c3cc000 	C:\WINDOWS\System32\SHCORE.dll
0x00007ffb1ca50000 - 0x00007ffb1cab9000 	C:\WINDOWS\System32\shlwapi.dll
0x00007ffb1a990000 - 0x00007ffb1a9bb000 	C:\WINDOWS\SYSTEM32\profapi.dll
0x00007ffb12970000 - 0x00007ffb12980000 	D:\android_studio\android\jbr\bin\net.dll
0x00007ffb17410000 - 0x00007ffb1753c000 	C:\WINDOWS\SYSTEM32\WINHTTP.dll
0x00007ffb1a000000 - 0x00007ffb1a069000 	C:\WINDOWS\system32\mswsock.dll
0x00007ffaf1fa0000 - 0x00007ffaf1fb6000 	D:\android_studio\android\jbr\bin\nio.dll
0x00007ffae0f00000 - 0x00007ffae0f10000 	D:\android_studio\android\jbr\bin\verify.dll
0x00007ffb05fe0000 - 0x00007ffb06007000 	C:\Users\User\.gradle\native\1def1411415f61bf3af743bc5b6707747c0891f09f0c88961ee8f79bc544acac\windows-amd64\native-platform.dll
0x00007ffaf92a0000 - 0x00007ffaf9318000 	C:\Users\User\.gradle\native\0.2.7\x86_64-windows-gnu\gradle-fileevents.dll
0x00007ffae88d0000 - 0x00007ffae88d9000 	D:\android_studio\android\jbr\bin\management.dll
0x00007ffae88c0000 - 0x00007ffae88cb000 	D:\android_studio\android\jbr\bin\management_ext.dll
0x00007ffb1c9a0000 - 0x00007ffb1c9a8000 	C:\WINDOWS\System32\PSAPI.DLL
0x00007ffb19510000 - 0x00007ffb1953d000 	C:\WINDOWS\SYSTEM32\IPHLPAPI.DLL
0x00007ffb1d0a0000 - 0x00007ffb1d0a9000 	C:\WINDOWS\System32\NSI.dll
0x00007ffb05590000 - 0x00007ffb05599000 	D:\android_studio\android\jbr\bin\extnet.dll
0x00007ffb1a250000 - 0x00007ffb1a26b000 	C:\WINDOWS\SYSTEM32\CRYPTSP.dll
0x00007ffb19ae0000 - 0x00007ffb19b17000 	C:\WINDOWS\system32\rsaenh.dll
0x00007ffb1a0f0000 - 0x00007ffb1a118000 	C:\WINDOWS\SYSTEM32\USERENV.dll
0x00007ffb1a270000 - 0x00007ffb1a27c000 	C:\WINDOWS\SYSTEM32\CRYPTBASE.dll
0x00007ffab2350000 - 0x00007ffab2358000 	C:\WINDOWS\system32\wshunix.dll

JVMTI agents:
C:\Users\User\.gradle\wrapper\dists\gradle-8.13-bin\5xuhj0ry160q40clulazy9h7d\gradle-8.13\lib\agents\gradle-instrumentation-agent-8.13.jar path:D:\android_studio\android\jbr\bin\instrument.dll, loaded, initialized, instrumentlib options:none

dbghelp: loaded successfully - version: 4.0.5 - missing functions: none
symbol engine: initialized successfully - sym options: 0x614 - pdb path: .;D:\android_studio\android\jbr\bin;C:\WINDOWS\SYSTEM32;C:\WINDOWS\WinSxS\amd64_microsoft.windows.common-controls_6595b64144ccf1df_6.0.22621.5547_none_27104afb73855772;D:\android_studio\android\jbr\bin\server;C:\Users\User\.gradle\native\1def1411415f61bf3af743bc5b6707747c0891f09f0c88961ee8f79bc544acac\windows-amd64;C:\Users\User\.gradle\native\0.2.7\x86_64-windows-gnu

VM Arguments:
jvm_args: --add-opens=java.base/java.lang=ALL-UNNAMED --add-opens=java.base/java.lang.invoke=ALL-UNNAMED --add-opens=java.base/java.util=ALL-UNNAMED --add-opens=java.prefs/java.util.prefs=ALL-UNNAMED --add-exports=jdk.compiler/com.sun.tools.javac.api=ALL-UNNAMED --add-exports=jdk.compiler/com.sun.tools.javac.util=ALL-UNNAMED --add-opens=java.base/java.util=ALL-UNNAMED --add-opens=java.prefs/java.util.prefs=ALL-UNNAMED --add-opens=java.base/java.nio.charset=ALL-UNNAMED --add-opens=java.base/java.net=ALL-UNNAMED --add-opens=java.base/java.util.concurrent.atomic=ALL-UNNAMED --add-opens=java.xml/javax.xml.namespace=ALL-UNNAMED -Xmx2048m -Dfile.encoding=UTF-8 -Duser.country=US -Duser.language=en -Duser.variant -javaagent:C:\Users\User\.gradle\wrapper\dists\gradle-8.13-bin\5xuhj0ry160q40clulazy9h7d\gradle-8.13\lib\agents\gradle-instrumentation-agent-8.13.jar 
java_command: org.gradle.launcher.daemon.bootstrap.GradleDaemon 8.13
java_class_path (initial): C:\Users\User\.gradle\wrapper\dists\gradle-8.13-bin\5xuhj0ry160q40clulazy9h7d\gradle-8.13\lib\gradle-daemon-main-8.13.jar
Launcher Type: SUN_STANDARD

[Global flags]
     intx CICompilerCount                          = 3                                         {product} {ergonomic}
     uint ConcGCThreads                            = 1                                         {product} {ergonomic}
     uint G1ConcRefinementThreads                  = 4                                         {product} {ergonomic}
   size_t G1HeapRegionSize                         = 1048576                                   {product} {ergonomic}
    uintx GCDrainStackTargetSize                   = 64                                        {product} {ergonomic}
   size_t InitialHeapSize                          = 132120576                                 {product} {ergonomic}
   size_t MarkStackSize                            = 4194304                                   {product} {ergonomic}
   size_t MaxHeapSize                              = 2147483648                                {product} {command line}
   size_t MaxNewSize                               = 1287651328                                {product} {ergonomic}
   size_t MinHeapDeltaBytes                        = 1048576                                   {product} {ergonomic}
   size_t MinHeapSize                              = 8388608                                   {product} {ergonomic}
    uintx NonNMethodCodeHeapSize                   = 5832780                                {pd product} {ergonomic}
    uintx NonProfiledCodeHeapSize                  = 122912730                              {pd product} {ergonomic}
    uintx ProfiledCodeHeapSize                     = 122912730                              {pd product} {ergonomic}
    uintx ReservedCodeCacheSize                    = 251658240                              {pd product} {ergonomic}
     bool SegmentedCodeCache                       = true                                      {product} {ergonomic}
   size_t SoftMaxHeapSize                          = 2147483648                             {manageable} {ergonomic}
     bool UseCompressedOops                        = true                           {product lp64_product} {ergonomic}
     bool UseG1GC                                  = true                                      {product} {ergonomic}
     bool UseLargePagesIndividualAllocation        = false                                  {pd product} {ergonomic}

Logging:
Log output configuration:
 #0: stdout all=warning uptime,level,tags foldmultilines=false
 #1: stderr all=off uptime,level,tags foldmultilines=false

Environment Variables:
JAVA_HOME=D:\android_studio\android
PATH=D:\android_studio\android\bin;C:\Program Files\Common Files\Oracle\Java\javapath;C:\Windows\system32;C:\Windows;C:\Windows\System32\Wbem;C:\Windows\System32\WindowsPowerShell\v1.0\;C:\Windows\System32\OpenSSH\;C:\Program Files (x86)\NVIDIA Corporation\PhysX\Common;C:\Program Files\NVIDIA Corporation\NVIDIA NvDLISR;C:\WINDOWS\system32;C:\WINDOWS;C:\WINDOWS\System32\Wbem;C:\WINDOWS\System32\WindowsPowerShell\v1.0\;C:\WINDOWS\System32\OpenSSH\;C:\Program Files\Git\cmd;C:\xampp\php;C:\ProgramData\ComposerSetup\bin;C:\php-8.4.5;C:\xampp\php;D:\7zip;C:\Users\User\AppData\Local\nvm;C:\nvm4w\nodejs;D:\xamppp\php;C:\Users\User\AppData\Local\Programs\Microsoft VS Code\bin;C:\Users\User\AppData\Local\nvm;C:\nvm4w\nodejs;C:\Program Files\Android\Android Studio\jbr;D:\android_studio\android\bin;D:\flutter\flutter_windows_3.35.4-stable\flutter\bin;
USERNAME=User
OS=Windows_NT
PROCESSOR_IDENTIFIER=Intel64 Family 6 Model 140 Stepping 2, GenuineIntel
TMP=C:\Users\User\AppData\Local\Temp
TEMP=C:\Users\User\AppData\Local\Temp




Periodic native trim disabled

JNI global refs:
JNI global refs: 24, weak refs: 0

JNI global refs memory usage: 835, weak refs: 833

Process memory usage:
Resident Set Size: 280992K (3% of 8166712K total physical memory with 800692K free physical memory)

OOME stack traces (most recent first):
Classloader memory used:
Loader org.gradle.internal.classloader.VisitableURLClassLoader                         : 31568K
Loader bootstrap                                                                       : 22462K
Loader org.gradle.initialization.MixInLegacyTypesClassLoader                           : 6651K
Loader jdk.internal.loader.ClassLoaders$PlatformClassLoader                            : 500K
Loader jdk.internal.loader.ClassLoaders$AppClassLoader                                 : 235K
Loader org.gradle.groovy.scripts.internal.DefaultScriptCompilationHandler$ScriptClassLoader: 101032B
Loader org.gradle.internal.classloader.VisitableURLClassLoader                         : 19152B
Loader org.gradle.internal.classloader.VisitableURLClassLoader$InstrumentingVisitableURLClassLoader: 15856B
Loader jdk.internal.reflect.DelegatingClassLoader                                      : 10344B
Loader org.codehaus.groovy.runtime.callsite.CallSiteClassLoader                        : 10160B

Classes loaded by more than one classloader:
Class org.gradle.internal.classloader.FilteringClassLoader                            : loaded 2 times (x 105B)
Class org.gradle.internal.classloader.ClassLoaderHierarchy                            : loaded 2 times (x 70B)
Class org.gradle.api.internal.classpath.ManifestUtil                                  : loaded 2 times (x 71B)
Class org.gradle.internal.classloader.DefaultClassLoaderFactory                       : loaded 2 times (x 82B)
Class org.gradle.internal.classloader.ClassLoaderVisitor                              : loaded 2 times (x 76B)
Class org.gradle.api.internal.classpath.EffectiveClassPath                            : loaded 2 times (x 90B)
Class org.gradle.api.internal.DefaultClassPathProvider                                : loaded 2 times (x 76B)
Class [Lorg.gradle.api.internal.ClassPathProvider;                                    : loaded 2 times (x 69B)
Class org.gradle.api.internal.ClassPathProvider                                       : loaded 2 times (x 70B)
Class org.gradle.internal.service.UnknownServiceException                             : loaded 2 times (x 83B)
Class org.gradle.internal.classpath.TransformedClassPath                              : loaded 2 times (x 96B)
Class org.gradle.internal.classloader.InstrumentingClassLoader                        : loaded 2 times (x 70B)
Class org.gradle.internal.service.ServiceLocator                                      : loaded 2 times (x 70B)
Class org.gradle.internal.InternalTransformer                                         : loaded 2 times (x 70B)
Class org.gradle.internal.classloader.ClasspathUtil$1                                 : loaded 2 times (x 76B)
Class org.gradle.api.internal.classpath.DefaultModuleRegistry$DefaultModule           : loaded 2 times (x 86B)
Class org.gradle.api.internal.classpath.Module                                        : loaded 2 times (x 70B)
Class org.gradle.api.internal.classpath.UnknownModuleException                        : loaded 2 times (x 82B)
Class org.gradle.api.internal.DefaultClassPathRegistry                                : loaded 2 times (x 76B)
Class org.gradle.api.internal.ClassPathRegistry                                       : loaded 2 times (x 70B)
Class org.gradle.internal.classpath.DefaultClassPath$ImmutableUniqueList              : loaded 2 times (x 199B)
Class org.gradle.internal.classpath.ClassPath                                         : loaded 2 times (x 70B)
Class org.gradle.api.UncheckedIOException                                             : loaded 2 times (x 82B)
Class ijKotlinCoroutineJvmDebugInit1_dofq3drr9aihm4earzh7ldbbw                        : loaded 2 times (x 179B)
Class org.gradle.internal.installation.GradleInstallation$1                           : loaded 2 times (x 75B)
Class org.gradle.api.internal.classpath.ModuleRegistry                                : loaded 2 times (x 70B)
Class org.gradle.api.internal.classpath.DefaultModuleRegistry                         : loaded 2 times (x 86B)
Class org.gradle.internal.service.ServiceLookupException                              : loaded 2 times (x 82B)
Class org.gradle.internal.classloader.ClassLoaderFactory                              : loaded 2 times (x 70B)
Class org.gradle.internal.service.CachingServiceLocator                               : loaded 2 times (x 82B)
Class org.gradle.internal.classloader.ClasspathUtil                                   : loaded 2 times (x 71B)
Class org.gradle.api.specs.Spec                                                       : loaded 2 times (x 70B)
Class org.gradle.internal.classloader.VisitableURLClassLoader$InstrumentingVisitableURLClassLoader: loaded 2 times (x 123B)
Class org.gradle.internal.classloader.VisitableURLClassLoader$Spec                    : loaded 2 times (x 74B)
Class org.gradle.internal.classpath.DefaultClassPath                                  : loaded 2 times (x 90B)
Class org.gradle.internal.classloader.ClassLoaderSpec                                 : loaded 2 times (x 71B)
Class ijKotlinCoroutineJvmDebugInit1_dofq3drr9aihm4earzh7ldbbw$_run_closure1          : loaded 2 times (x 139B)
Class org.gradle.internal.classloader.VisitableURLClassLoader                         : loaded 2 times (x 117B)
Class org.gradle.internal.Cast                                                        : loaded 2 times (x 71B)
Class org.gradle.api.Action                                                           : loaded 2 times (x 70B)
Class org.gradle.internal.classpath.DefaultClassPath$ImmutableUniqueList$Builder      : loaded 2 times (x 75B)
Class org.gradle.api.GradleException                                                  : loaded 2 times (x 82B)
Class org.gradle.internal.IoActions                                                   : loaded 2 times (x 71B)
Class ijJvmDebugger1_9x3erf11sbp6hr81ma3cxq5r2                                        : loaded 2 times (x 179B)
Class org.gradle.internal.classloader.SystemClassLoaderSpec                           : loaded 2 times (x 71B)
Class ijJvmDebugger1_9x3erf11sbp6hr81ma3cxq5r2$_run_closure1                          : loaded 2 times (x 139B)
Class org.gradle.api.internal.classpath.GlobalCacheRootsProvider                      : loaded 2 times (x 70B)
Class org.gradle.internal.installation.CurrentGradleInstallationLocator               : loaded 2 times (x 71B)
Class org.gradle.internal.service.DefaultServiceLocator                               : loaded 2 times (x 83B)
Class org.gradle.internal.installation.CurrentGradleInstallation                      : loaded 2 times (x 73B)
Class org.gradle.util.internal.GUtil                                                  : loaded 2 times (x 71B)
Class org.gradle.internal.installation.GradleInstallation                             : loaded 2 times (x 75B)

---------------  S Y S T E M  ---------------

OS:
 Windows 11 , 64 bit Build 22621 (10.0.22621.5415)
OS uptime: 0 days 0:45 hours

CPU: total 4 (initial active 4) (2 cores per cpu, 2 threads per core) family 6 model 140 stepping 2 microcode 0x26, cx8, cmov, fxsr, ht, mmx, 3dnowpref, sse, sse2, sse3, ssse3, sse4.1, sse4.2, popcnt, lzcnt, tsc, tscinvbit, avx, avx2, aes, erms, clmul, bmi1, bmi2, adx, avx512f, avx512dq, avx512cd, avx512bw, avx512vl, sha, fma, vzeroupper, avx512_vpopcntdq, avx512_vpclmulqdq, avx512_vaes, avx512_vnni, clflush, clflushopt, clwb, avx512_vbmi2, avx512_vbmi, rdtscp, rdpid, fsrm, gfni, avx512_bitalg, f16c, pku, cet_ibt, cet_ss, avx512_ifma
Processor Information for the first 4 processors :
  Max Mhz: 2995, Current Mhz: 2995, Mhz Limit: 2995

Memory: 4k page, system-wide physical 7975M (782M free)
TotalPageFile size 13646M (AvailPageFile size 11M)
current process WorkingSet (physical memory assigned to process): 268M, peak: 274M
current process commit charge ("private bytes"): 295M, peak: 303M

vm_info: OpenJDK 64-Bit Server VM (21.0.8+-14018985-b1038.68) for windows-amd64 JRE (21.0.8+-14018985-b1038.68), built on 2025-08-29T19:56:34Z by "builder" with MS VC++ 16.10 / 16.11 (VS2019)

END.
