#
# There is insufficient memory for the Java Runtime Environment to continue.
# Native memory allocation (mmap) failed to map 132120576 bytes. Error detail: G1 virtual space
# Possible reasons:
#   The system is out of physical RAM or swap space
#   This process is running with CompressedOops enabled, and the Java Heap may be blocking the growth of the native heap
# Possible solutions:
#   Reduce memory load on the system
#   Increase physical memory or swap space
#   Check if swap backing store is full
#   Decrease Java heap size (-Xmx/-Xms)
#   Decrease number of Java threads
#   Decrease Java thread stack sizes (-Xss)
#   Set larger code cache with -XX:ReservedCodeCacheSize=
#   JVM is running with Unscaled Compressed Oops mode in which the Java heap is
#     placed in the first 4GB address space. The Java Heap base address is the
#     maximum limit for the native heap growth. Please use -XX:HeapBaseMinAddress
#     to set the Java Heap base and to place the Java Heap above 4GB virtual address.
# This output file may be truncated or incomplete.
#
#  Out of Memory Error (os_windows.cpp:3925), pid=12484, tid=3644
#
# JRE version:  (21.0.8) (build )
# Java VM: OpenJDK 64-Bit Server VM (21.0.8+-14018985-b1038.68, mixed mode, sharing, tiered, compressed oops, compressed class ptrs, g1 gc, windows-amd64)
# No core dump will be written. Minidumps are not enabled by default on client versions of Windows
#

---------------  S U M M A R Y ------------

Command Line: org.jetbrains.kotlin.cli.jvm.K2JVMCompiler @D:\jokiAja\Finance_Tracker_App\app\build\20260111_6335950549818925389.compiler.options

Host: 11th Gen Intel(R) Core(TM) i3-1115G4 @ 3.00GHz, 4 cores, 7G,  Windows 11 , 64 bit Build 22621 (10.0.22621.5415)
Time: Sun Jan 11 16:51:13 2026 Malay Peninsula Standard Time elapsed time: 0.032560 seconds (0d 0h 0m 0s)

---------------  T H R E A D  ---------------

Current thread (0x000001535c00f490):  JavaThread "Unknown thread" [_thread_in_vm, id=3644, stack(0x0000000e72000000,0x0000000e72100000) (1024K)]

Stack: [0x0000000e72000000,0x0000000e72100000]
Native frames: (J=compiled Java code, j=interpreted, Vv=VM code, C=native code)
V  [jvm.dll+0x6d68d9]
V  [jvm.dll+0x866693]
V  [jvm.dll+0x868c4e]
V  [jvm.dll+0x869333]
V  [jvm.dll+0x280566]
V  [jvm.dll+0x6d3195]
V  [jvm.dll+0x6c69ea]
V  [jvm.dll+0x3586db]
V  [jvm.dll+0x360336]
V  [jvm.dll+0x3b23f6]
V  [jvm.dll+0x3b26c8]
V  [jvm.dll+0x32ae6c]
V  [jvm.dll+0x32bb5b]
V  [jvm.dll+0x82e109]
V  [jvm.dll+0x3bf5c8]
V  [jvm.dll+0x817388]
V  [jvm.dll+0x453b6e]
V  [jvm.dll+0x4552d1]
C  [jli.dll+0x52ab]
C  [ucrtbase.dll+0x29333]
C  [KERNEL32.DLL+0x1259d]
C  [ntdll.dll+0x5af78]


---------------  P R O C E S S  ---------------

Threads class SMR info:
_java_thread_list=0x00007ff990d4b988, length=0, elements={
}

Java Threads: ( => current thread )
Total: 0

Other Threads:
  0x000001535e3bd090 WorkerThread "GC Thread#0"                     [id=14012, stack(0x0000000e72100000,0x0000000e72200000) (1024K)]
  0x000001535e3cd9b0 ConcurrentGCThread "G1 Main Marker"            [id=11692, stack(0x0000000e72200000,0x0000000e72300000) (1024K)]
  0x000001535e3ce620 WorkerThread "G1 Conc#0"                       [id=4448, stack(0x0000000e72300000,0x0000000e72400000) (1024K)]

[error occurred during error reporting (printing all threads), id 0xc0000005, EXCEPTION_ACCESS_VIOLATION (0xc0000005) at pc=0x00007ff99053ddd7]
VM state: not at safepoint (not fully initialized)

VM Mutex/Monitor currently owned by a thread:  ([mutex/lock_event])
[0x00007ff990db86b8] Heap_lock - owner thread: 0x000001535c00f490

Heap address: 0x0000000083600000, size: 1994 MB, Compressed Oops mode: 32-bit

CDS archive(s) mapped at: [0x0000000000000000-0x0000000000000000-0x0000000000000000), size 0, SharedBaseAddress: 0x0000000800000000, ArchiveRelocationMode: 1.
Narrow klass base: 0x0000000000000000, Narrow klass shift: 0, Narrow klass range: 0x0

GC Precious Log:
 CardTable entry size: 512
 Card Set container configuration: InlinePtr #cards 5 size 8 Array Of Cards #cards 12 size 40 Howl #buckets 4 coarsen threshold 1843 Howl Bitmap #cards 512 size 80 coarsen threshold 460 Card regions per heap region 1 cards per card region 2048

Heap:
 garbage-first heap   total 0K, used 0K [0x0000000083600000, 0x0000000100000000)
  region size 1024K, 0 young (0K), 0 survivors (0K)
 Metaspace       used 0K, committed 0K, reserved 0K
  class space    used 0K, committed 0K, reserved 0K

Heap Regions: E=young(eden), S=young(survivor), O=old, HS=humongous(starts), HC=humongous(continues), CS=collection set, F=free, TAMS=top-at-mark-start, PB=parsable bottom

Card table byte_map: [0x00000153708b0000,0x0000015370ca0000] _byte_map_base: 0x0000015370495000

Marking Bits: (CMBitMap*) 0x000001535e3bd790
 Bits: [0x0000015370ca0000, 0x0000015372bc8000)

GC Heap History (0 events):
No events

Dll operation events (1 events):
Event: 0.022 Loaded shared library D:\android_studio\android\jbr\bin\java.dll

Deoptimization events (0 events):
No events

Classes loaded (0 events):
No events

Classes unloaded (0 events):
No events

Classes redefined (0 events):
No events

Internal exceptions (0 events):
No events

ZGC Phase Switch (0 events):
No events

VM Operations (0 events):
No events

Memory protections (0 events):
No events

Nmethod flushes (0 events):
No events

Events (0 events):
No events


Dynamic libraries:
0x00007ff6cfa90000 - 0x00007ff6cfa9a000 	D:\android_studio\android\jbr\bin\java.exe
0x00007ffa18050000 - 0x00007ffa18267000 	C:\WINDOWS\SYSTEM32\ntdll.dll
0x00007ffa17420000 - 0x00007ffa174e4000 	C:\WINDOWS\System32\KERNEL32.DLL
0x00007ffa15210000 - 0x00007ffa155e2000 	C:\WINDOWS\System32\KERNELBASE.dll
0x00007ffa156b0000 - 0x00007ffa157c1000 	C:\WINDOWS\System32\ucrtbase.dll
0x00007ffa0e820000 - 0x00007ffa0e838000 	D:\android_studio\android\jbr\bin\jli.dll
0x00007ffa16140000 - 0x00007ffa162f1000 	C:\WINDOWS\System32\USER32.dll
0x00007ffa151e0000 - 0x00007ffa15206000 	C:\WINDOWS\System32\win32u.dll
0x00007ffa17ab0000 - 0x00007ffa17ad9000 	C:\WINDOWS\System32\GDI32.dll
0x00007ffa157d0000 - 0x00007ffa158f3000 	C:\WINDOWS\System32\gdi32full.dll
0x00007ffa15140000 - 0x00007ffa151da000 	C:\WINDOWS\System32\msvcp_win.dll
0x00007ffa0ea00000 - 0x00007ffa0ea1b000 	D:\android_studio\android\jbr\bin\VCRUNTIME140.dll
0x00007ff9fd5f0000 - 0x00007ff9fd88b000 	C:\WINDOWS\WinSxS\amd64_microsoft.windows.common-controls_6595b64144ccf1df_6.0.22621.5547_none_27104afb73855772\COMCTL32.dll
0x00007ffa17ae0000 - 0x00007ffa17b87000 	C:\WINDOWS\System32\msvcrt.dll
0x00007ffa17230000 - 0x00007ffa17261000 	C:\WINDOWS\System32\IMM32.DLL
0x00007ffa0f3b0000 - 0x00007ffa0f3bc000 	D:\android_studio\android\jbr\bin\vcruntime140_1.dll
0x00007ff9fe290000 - 0x00007ff9fe31d000 	D:\android_studio\android\jbr\bin\msvcp140.dll
0x00007ff990200000 - 0x00007ff990e96000 	D:\android_studio\android\jbr\bin\server\jvm.dll
0x00007ffa17b90000 - 0x00007ffa17c41000 	C:\WINDOWS\System32\ADVAPI32.dll
0x00007ffa176e0000 - 0x00007ffa17788000 	C:\WINDOWS\System32\sechost.dll
0x00007ffa15c30000 - 0x00007ffa15c58000 	C:\WINDOWS\System32\bcrypt.dll
0x00007ffa17790000 - 0x00007ffa178a4000 	C:\WINDOWS\System32\RPCRT4.dll
0x00007ffa17160000 - 0x00007ffa171d1000 	C:\WINDOWS\System32\WS2_32.dll
0x00007ffa13fc0000 - 0x00007ffa1400d000 	C:\WINDOWS\SYSTEM32\POWRPROF.dll
0x00007ffa0e730000 - 0x00007ffa0e764000 	C:\WINDOWS\SYSTEM32\WINMM.dll
0x00007ffa0bed0000 - 0x00007ffa0beda000 	C:\WINDOWS\SYSTEM32\VERSION.dll
0x00007ffa13fa0000 - 0x00007ffa13fb3000 	C:\WINDOWS\SYSTEM32\UMPDC.dll
0x00007ffa14260000 - 0x00007ffa14278000 	C:\WINDOWS\SYSTEM32\kernel.appcore.dll
0x00007ffa0e9f0000 - 0x00007ffa0e9fa000 	D:\android_studio\android\jbr\bin\jimage.dll
0x00007ffa12630000 - 0x00007ffa12863000 	C:\WINDOWS\SYSTEM32\DBGHELP.DLL
0x00007ffa15d80000 - 0x00007ffa16113000 	C:\WINDOWS\System32\combase.dll
0x00007ffa17c50000 - 0x00007ffa17d27000 	C:\WINDOWS\System32\OLEAUT32.dll
0x00007ff9ffb60000 - 0x00007ff9ffb92000 	C:\WINDOWS\SYSTEM32\dbgcore.DLL
0x00007ffa15bb0000 - 0x00007ffa15c2b000 	C:\WINDOWS\System32\bcryptPrimitives.dll
0x00007ffa0e8d0000 - 0x00007ffa0e8f0000 	D:\android_studio\android\jbr\bin\java.dll

JVMTI agents: none

dbghelp: loaded successfully - version: 4.0.5 - missing functions: none
symbol engine: initialized successfully - sym options: 0x614 - pdb path: .;D:\android_studio\android\jbr\bin;C:\WINDOWS\SYSTEM32;C:\WINDOWS\WinSxS\amd64_microsoft.windows.common-controls_6595b64144ccf1df_6.0.22621.5547_none_27104afb73855772;D:\android_studio\android\jbr\bin\server

VM Arguments:
java_command: org.jetbrains.kotlin.cli.jvm.K2JVMCompiler @D:\jokiAja\Finance_Tracker_App\app\build\20260111_6335950549818925389.compiler.options
java_class_path (initial): C:\Users\User\.gradle\caches\modules-2\files-2.1\org.jetbrains.kotlin\kotlin-compiler-embeddable\2.1.0\988bf980588bbbcfa1ba19c1ffd7aa869b335a31\kotlin-compiler-embeddable-2.1.0.jar;C:\Users\User\.gradle\caches\modules-2\files-2.1\org.jetbrains.kotlin\kotlin-stdlib\2.1.0\85f8b81009cda5890e54ba67d64b5e599c645020\kotlin-stdlib-2.1.0.jar;C:\Users\User\.gradle\caches\modules-2\files-2.1\org.jetbrains.kotlin\kotlin-script-runtime\2.1.0\5909da8c57b75a117714ab0e348c86101b7a3284\kotlin-script-runtime-2.1.0.jar;C:\Users\User\.gradle\caches\modules-2\files-2.1\org.jetbrains.kotlin\kotlin-reflect\1.6.10\1cbe9c92c12a94eea200d23c2bbaedaf3daf5132\kotlin-reflect-1.6.10.jar;C:\Users\User\.gradle\caches\modules-2\files-2.1\org.jetbrains.kotlin\kotlin-daemon-embeddable\2.1.0\420bae1908e4a353f5b56c3c850d24d86367b25d\kotlin-daemon-embeddable-2.1.0.jar;C:\Users\User\.gradle\caches\modules-2\files-2.1\org.jetbrains.intellij.deps\trove4j\1.0.20200330\3afb14d5f9ceb459d724e907a21145e8ff394f02\trove4j-1.0.20200330.jar;C:\Users\User\.gradle\caches\modules-2\files-2.1\org.jetbrains.kotlinx\kotlinx-coroutines-core-jvm\1.6.4\2c997cd1c0ef33f3e751d3831929aeff1390cb30\kotlinx-coroutines-core-jvm-1.6.4.jar;C:\Users\User\.gradle\caches\modules-2\files-2.1\org.jetbrains\annotations\13.0\919f0dfe192fb4e063e7dacadee7f8bb9a2672a9\annotations-13.0.jar
Launcher Type: SUN_STANDARD

[Global flags]
     intx CICompilerCount                          = 3                                         {product} {ergonomic}
     uint ConcGCThreads                            = 1                                         {product} {ergonomic}
     uint G1ConcRefinementThreads                  = 4                                         {product} {ergonomic}
   size_t G1HeapRegionSize                         = 1048576                                   {product} {ergonomic}
    uintx GCDrainStackTargetSize                   = 64                                        {product} {ergonomic}
   size_t InitialHeapSize                          = 132120576                                 {product} {ergonomic}
   size_t MarkStackSize                            = 4194304                                   {product} {ergonomic}
   size_t MaxHeapSize                              = 2090860544                                {product} {ergonomic}
   size_t MinHeapDeltaBytes                        = 1048576                                   {product} {ergonomic}
   size_t MinHeapSize                              = 8388608                                   {product} {ergonomic}
    uintx NonNMethodCodeHeapSize                   = 5832780                                {pd product} {ergonomic}
    uintx NonProfiledCodeHeapSize                  = 122912730                              {pd product} {ergonomic}
    uintx ProfiledCodeHeapSize                     = 122912730                              {pd product} {ergonomic}
    uintx ReservedCodeCacheSize                    = 251658240                              {pd product} {ergonomic}
     bool SegmentedCodeCache                       = true                                      {product} {ergonomic}
   size_t SoftMaxHeapSize                          = 2090860544                             {manageable} {ergonomic}
     bool UseCompressedOops                        = true                           {product lp64_product} {ergonomic}
     bool UseG1GC                                  = true                                      {product} {ergonomic}
     bool UseLargePagesIndividualAllocation        = false                                  {pd product} {ergonomic}

Logging:
Log output configuration:
 #0: stdout all=warning uptime,level,tags foldmultilines=false
 #1: stderr all=off uptime,level,tags foldmultilines=false

Environment Variables:
JAVA_HOME=D:\android_studio\android
PATH=D:\android_studio\android\bin;C:\Program Files\Common Files\Oracle\Java\javapath;C:\Windows\system32;C:\Windows;C:\Windows\System32\Wbem;C:\Windows\System32\WindowsPowerShell\v1.0\;C:\Windows\System32\OpenSSH\;C:\Program Files (x86)\NVIDIA Corporation\PhysX\Common;C:\Program Files\NVIDIA Corporation\NVIDIA NvDLISR;C:\WINDOWS\system32;C:\WINDOWS;C:\WINDOWS\System32\Wbem;C:\WINDOWS\System32\WindowsPowerShell\v1.0\;C:\WINDOWS\System32\OpenSSH\;C:\Program Files\Git\cmd;C:\xampp\php;C:\ProgramData\ComposerSetup\bin;C:\php-8.4.5;C:\xampp\php;D:\7zip;C:\Users\User\AppData\Local\nvm;C:\nvm4w\nodejs;D:\xamppp\php;C:\Users\User\AppData\Local\Programs\Microsoft VS Code\bin;C:\Users\User\AppData\Local\nvm;C:\nvm4w\nodejs;C:\Program Files\Android\Android Studio\jbr;D:\android_studio\android\bin;D:\flutter\flutter_windows_3.35.4-stable\flutter\bin;
USERNAME=User
OS=Windows_NT
PROCESSOR_IDENTIFIER=Intel64 Family 6 Model 140 Stepping 2, GenuineIntel
TMP=C:\Users\User\AppData\Local\Temp
TEMP=C:\Users\User\AppData\Local\Temp




Periodic native trim disabled

JNI global refs:
JNI global refs: 0, weak refs: 0

JNI global refs memory usage: 0, weak refs: 0

Process memory usage:
Resident Set Size: 11572K (0% of 8166712K total physical memory with 325020K free physical memory)

OOME stack traces (most recent first):
Classloader memory used:

---------------  S Y S T E M  ---------------

OS:
 Windows 11 , 64 bit Build 22621 (10.0.22621.5415)
OS uptime: 0 days 0:59 hours

CPU: total 4 (initial active 4) (2 cores per cpu, 2 threads per core) family 6 model 140 stepping 2 microcode 0x26, cx8, cmov, fxsr, ht, mmx, 3dnowpref, sse, sse2, sse3, ssse3, sse4.1, sse4.2, popcnt, lzcnt, tsc, tscinvbit, avx, avx2, aes, erms, clmul, bmi1, bmi2, adx, avx512f, avx512dq, avx512cd, avx512bw, avx512vl, sha, fma, vzeroupper, avx512_vpopcntdq, avx512_vpclmulqdq, avx512_vaes, avx512_vnni, clflush, clflushopt, clwb, avx512_vbmi2, avx512_vbmi, rdtscp, rdpid, fsrm, gfni, avx512_bitalg, f16c, pku, cet_ibt, cet_ss, avx512_ifma
Processor Information for the first 4 processors :
  Max Mhz: 2995, Current Mhz: 2995, Mhz Limit: 2995

Memory: 4k page, system-wide physical 7975M (317M free)
TotalPageFile size 12936M (AvailPageFile size 120M)
current process WorkingSet (physical memory assigned to process): 11M, peak: 11M
current process commit charge ("private bytes"): 51M, peak: 177M

vm_info: OpenJDK 64-Bit Server VM (21.0.8+-14018985-b1038.68) for windows-amd64 JRE (21.0.8+-14018985-b1038.68), built on 2025-08-29T19:56:34Z by "builder" with MS VC++ 16.10 / 16.11 (VS2019)

END.
