#
# There is insufficient memory for the Java Runtime Environment to continue.
# Native memory allocation (malloc) failed to allocate 1495488 bytes. Error detail: Chunk::new
# Possible reasons:
#   The system is out of physical RAM or swap space
#   This process is running with CompressedOops enabled, and the Java Heap may be blocking the growth of the native heap
# Possible solutions:
#   Reduce memory load on the system
#   Increase physical memory or swap space
#   Check if swap backing store is full
#   Decrease Java heap size (-Xmx/-Xms)
#   Decrease number of Java threads
#   Decrease Java thread stack sizes (-Xss)
#   Set larger code cache with -XX:ReservedCodeCacheSize=
#   JVM is running with Unscaled Compressed Oops mode in which the Java heap is
#     placed in the first 4GB address space. The Java Heap base address is the
#     maximum limit for the native heap growth. Please use -XX:HeapBaseMinAddress
#     to set the Java Heap base and to place the Java Heap above 4GB virtual address.
# This output file may be truncated or incomplete.
#
#  Out of Memory Error (arena.cpp:168), pid=7472, tid=14408
#
# JRE version: OpenJDK Runtime Environment (21.0.8) (build 21.0.8+-14018985-b1038.68)
# Java VM: OpenJDK 64-Bit Server VM (21.0.8+-14018985-b1038.68, mixed mode, tiered, compressed oops, compressed class ptrs, g1 gc, windows-amd64)
# No core dump will be written. Minidumps are not enabled by default on client versions of Windows
#

---------------  S U M M A R Y ------------

Command Line: --add-opens=java.base/java.lang=ALL-UNNAMED --add-opens=java.base/java.lang.invoke=ALL-UNNAMED --add-opens=java.base/java.util=ALL-UNNAMED --add-opens=java.prefs/java.util.prefs=ALL-UNNAMED --add-exports=jdk.compiler/com.sun.tools.javac.api=ALL-UNNAMED --add-exports=jdk.compiler/com.sun.tools.javac.util=ALL-UNNAMED --add-opens=java.base/java.util=ALL-UNNAMED --add-opens=java.prefs/java.util.prefs=ALL-UNNAMED --add-opens=java.base/java.nio.charset=ALL-UNNAMED --add-opens=java.base/java.net=ALL-UNNAMED --add-opens=java.base/java.util.concurrent.atomic=ALL-UNNAMED --add-opens=java.xml/javax.xml.namespace=ALL-UNNAMED -Xmx2048m -Dfile.encoding=UTF-8 -Duser.country=US -Duser.language=en -Duser.variant -javaagent:C:\Users\User\.gradle\wrapper\dists\gradle-8.13-bin\5xuhj0ry160q40clulazy9h7d\gradle-8.13\lib\agents\gradle-instrumentation-agent-8.13.jar org.gradle.launcher.daemon.bootstrap.GradleDaemon 8.13

Host: 11th Gen Intel(R) Core(TM) i3-1115G4 @ 3.00GHz, 4 cores, 7G,  Windows 11 , 64 bit Build 22621 (10.0.22621.5415)
Time: Sun Jan 11 15:50:18 2026 Malay Peninsula Standard Time elapsed time: 2.819512 seconds (0d 0h 0m 2s)

---------------  T H R E A D  ---------------

Current thread (0x000002ae7d079690):  JavaThread "C2 CompilerThread0" daemon [_thread_in_native, id=14408, stack(0x000000e47a200000,0x000000e47a300000) (1024K)]


Current CompileTask:
C2:2819 2901   !   4       java.net.URLClassLoader::findClass (47 bytes)

Stack: [0x000000e47a200000,0x000000e47a300000]
Native frames: (J=compiled Java code, j=interpreted, Vv=VM code, C=native code)
V  [jvm.dll+0x6d68d9]
V  [jvm.dll+0x866693]
V  [jvm.dll+0x868c4e]
V  [jvm.dll+0x869333]
V  [jvm.dll+0x280566]
V  [jvm.dll+0xc07cd]
V  [jvm.dll+0xc0d03]
V  [jvm.dll+0x3b961b]
V  [jvm.dll+0x1dfb24]
V  [jvm.dll+0x2493a4]
V  [jvm.dll+0x248821]
V  [jvm.dll+0x1c73a4]
V  [jvm.dll+0x257f9e]
V  [jvm.dll+0x2564e6]
V  [jvm.dll+0x3f4696]
V  [jvm.dll+0x80eac8]
V  [jvm.dll+0x6d512d]
C  [ucrtbase.dll+0x29333]
C  [KERNEL32.DLL+0x1259d]
C  [ntdll.dll+0x5af78]


---------------  P R O C E S S  ---------------

Threads class SMR info:
_java_thread_list=0x000002ae7f06a610, length=25, elements={
0x000002ae61e9c760, 0x000002ae7d040970, 0x000002ae7d04bc30, 0x000002ae7d05b1c0,
0x000002ae7d073f40, 0x000002ae7d0749a0, 0x000002ae7d075400, 0x000002ae7d066ac0,
0x000002ae7d079690, 0x000002ae7d07d280, 0x000002ae7d35c220, 0x000002ae7d4ca920,
0x000002ae7e4c8840, 0x000002ae7eb4eac0, 0x000002ae7ec03120, 0x000002ae7edb4ff0,
0x000002ae7ee4f400, 0x000002ae7ed93270, 0x000002ae7eda4960, 0x000002ae7eda42d0,
0x000002ae7eda4ff0, 0x000002ae7eda3c40, 0x000002ae7eeab530, 0x000002ae7eeacf70,
0x000002ae7eeaaea0
}

Java Threads: ( => current thread )
  0x000002ae61e9c760 JavaThread "main"                              [_thread_blocked, id=14740, stack(0x000000e479300000,0x000000e479400000) (1024K)]
  0x000002ae7d040970 JavaThread "Common-Cleaner"             daemon [_thread_blocked, id=3532, stack(0x000000e479b00000,0x000000e479c00000) (1024K)]
  0x000002ae7d04bc30 JavaThread "Reference Handler"          daemon [_thread_blocked, id=15980, stack(0x000000e479c00000,0x000000e479d00000) (1024K)]
  0x000002ae7d05b1c0 JavaThread "Finalizer"                  daemon [_thread_blocked, id=5156, stack(0x000000e479d00000,0x000000e479e00000) (1024K)]
  0x000002ae7d073f40 JavaThread "Signal Dispatcher"          daemon [_thread_blocked, id=3788, stack(0x000000e479e00000,0x000000e479f00000) (1024K)]
  0x000002ae7d0749a0 JavaThread "Attach Listener"            daemon [_thread_blocked, id=14628, stack(0x000000e479f00000,0x000000e47a000000) (1024K)]
  0x000002ae7d075400 JavaThread "Service Thread"             daemon [_thread_blocked, id=14088, stack(0x000000e47a000000,0x000000e47a100000) (1024K)]
  0x000002ae7d066ac0 JavaThread "Monitor Deflation Thread"   daemon [_thread_blocked, id=12276, stack(0x000000e47a100000,0x000000e47a200000) (1024K)]
=>0x000002ae7d079690 JavaThread "C2 CompilerThread0"         daemon [_thread_in_native, id=14408, stack(0x000000e47a200000,0x000000e47a300000) (1024K)]
  0x000002ae7d07d280 JavaThread "C1 CompilerThread0"         daemon [_thread_blocked, id=13144, stack(0x000000e47a300000,0x000000e47a400000) (1024K)]
  0x000002ae7d35c220 JavaThread "Notification Thread"        daemon [_thread_blocked, id=12548, stack(0x000000e47a400000,0x000000e47a500000) (1024K)]
  0x000002ae7d4ca920 JavaThread "C2 CompilerThread1"         daemon [_thread_in_native, id=4460, stack(0x000000e47a700000,0x000000e47a800000) (1024K)]
  0x000002ae7e4c8840 JavaThread "Daemon health stats"               [_thread_blocked, id=6636, stack(0x000000e47a900000,0x000000e47aa00000) (1024K)]
  0x000002ae7eb4eac0 JavaThread "Incoming local TCP Connector on port 53232"        [_thread_in_native, id=4872, stack(0x000000e47aa00000,0x000000e47ab00000) (1024K)]
  0x000002ae7ec03120 JavaThread "Daemon periodic checks"            [_thread_blocked, id=12392, stack(0x000000e47ab00000,0x000000e47ac00000) (1024K)]
  0x000002ae7edb4ff0 JavaThread "Daemon"                            [_thread_blocked, id=7460, stack(0x000000e47ac00000,0x000000e47ad00000) (1024K)]
  0x000002ae7ee4f400 JavaThread "Handler for socket connection from /127.0.0.1:53232 to /127.0.0.1:53233"        [_thread_in_native, id=10736, stack(0x000000e47ad00000,0x000000e47ae00000) (1024K)]
  0x000002ae7ed93270 JavaThread "Cancel handler"                    [_thread_blocked, id=14572, stack(0x000000e47ae00000,0x000000e47af00000) (1024K)]
  0x000002ae7eda4960 JavaThread "Daemon worker"                     [_thread_in_vm, id=4344, stack(0x000000e47af00000,0x000000e47b000000) (1024K)]
  0x000002ae7eda42d0 JavaThread "Asynchronous log dispatcher for DefaultDaemonConnection: socket connection from /127.0.0.1:53232 to /127.0.0.1:53233"        [_thread_blocked, id=8508, stack(0x000000e47b000000,0x000000e47b100000) (1024K)]
  0x000002ae7eda4ff0 JavaThread "Stdin handler"                     [_thread_blocked, id=5372, stack(0x000000e47b100000,0x000000e47b200000) (1024K)]
  0x000002ae7eda3c40 JavaThread "Daemon client event forwarder"        [_thread_blocked, id=3984, stack(0x000000e47b200000,0x000000e47b300000) (1024K)]
  0x000002ae7eeab530 JavaThread "Cache worker for journal cache (C:\Users\User\.gradle\caches\journal-1)"        [_thread_blocked, id=15932, stack(0x000000e47b300000,0x000000e47b400000) (1024K)]
  0x000002ae7eeacf70 JavaThread "File lock request listener"        [_thread_in_native, id=10620, stack(0x000000e47b400000,0x000000e47b500000) (1024K)]
  0x000002ae7eeaaea0 JavaThread "Cache worker for file hash cache (C:\Users\User\.gradle\caches\8.13\fileHashes)"        [_thread_blocked, id=13744, stack(0x000000e47b500000,0x000000e47b600000) (1024K)]
Total: 25

Other Threads:
  0x000002ae78d15b60 VMThread "VM Thread"                           [id=9800, stack(0x000000e479a00000,0x000000e479b00000) (1024K)]
  0x000002ae78c832a0 WatcherThread "VM Periodic Task Thread"        [id=1980, stack(0x000000e479900000,0x000000e479a00000) (1024K)]
  0x000002ae61ef2630 WorkerThread "GC Thread#0"                     [id=2316, stack(0x000000e479400000,0x000000e479500000) (1024K)]
  0x000002ae7d4fe560 WorkerThread "GC Thread#1"                     [id=16308, stack(0x000000e47a500000,0x000000e47a600000) (1024K)]
  0x000002ae7d367930 WorkerThread "GC Thread#2"                     [id=844, stack(0x000000e47a600000,0x000000e47a700000) (1024K)]
  0x000002ae7e0aec30 WorkerThread "GC Thread#3"                     [id=7860, stack(0x000000e47a800000,0x000000e47a900000) (1024K)]
  0x000002ae61f04eb0 ConcurrentGCThread "G1 Main Marker"            [id=8788, stack(0x000000e479500000,0x000000e479600000) (1024K)]
  0x000002ae61f06060 WorkerThread "G1 Conc#0"                       [id=5072, stack(0x000000e479600000,0x000000e479700000) (1024K)]
  0x000002ae78b554f0 ConcurrentGCThread "G1 Refine#0"               [id=444, stack(0x000000e479700000,0x000000e479800000) (1024K)]
  0x000002ae78b55f70 ConcurrentGCThread "G1 Service"                [id=14284, stack(0x000000e479800000,0x000000e479900000) (1024K)]
Total: 10

Threads with active compile tasks:
C2 CompilerThread0  2830 2901   !   4       java.net.URLClassLoader::findClass (47 bytes)
C2 CompilerThread1  2830 2935       4       java.net.URLClassLoader$1::run (5 bytes)
Total: 2

VM state: not at safepoint (normal execution)

VM Mutex/Monitor currently owned by a thread:  ([mutex/lock_event])
[0x00007ffab7bb6fb8] CompiledIC_lock - owner thread: 0x000002ae7eda4960

Heap address: 0x0000000080000000, size: 2048 MB, Compressed Oops mode: 32-bit

CDS archive(s) not mapped
Compressed class space mapped at: 0x0000000100000000-0x0000000140000000, reserved size: 1073741824
Narrow klass base: 0x0000000000000000, Narrow klass shift: 3, Narrow klass range: 0x140000000

GC Precious Log:
 CardTable entry size: 512
 Card Set container configuration: InlinePtr #cards 5 size 8 Array Of Cards #cards 12 size 40 Howl #buckets 4 coarsen threshold 1843 Howl Bitmap #cards 512 size 80 coarsen threshold 460 Card regions per heap region 1 cards per card region 2048
 CPUs: 4 total, 4 available
 Memory: 7975M
 Large Page Support: Disabled
 NUMA Support: Disabled
 Compressed Oops: Enabled (32-bit)
 Heap Region Size: 1M
 Heap Min Capacity: 8M
 Heap Initial Capacity: 126M
 Heap Max Capacity: 2G
 Pre-touch: Disabled
 Parallel Workers: 4
 Concurrent Workers: 1
 Concurrent Refinement Workers: 4
 Periodic GC: Disabled

Heap:
 garbage-first heap   total 71680K, used 42085K [0x0000000080000000, 0x0000000100000000)
  region size 1024K, 25 young (25600K), 4 survivors (4096K)
 Metaspace       used 30752K, committed 31360K, reserved 1114112K
  class space    used 4129K, committed 4416K, reserved 1048576K

Heap Regions: E=young(eden), S=young(survivor), O=old, HS=humongous(starts), HC=humongous(continues), CS=collection set, F=free, TAMS=top-at-mark-start, PB=parsable bottom
|   0|0x0000000080000000, 0x0000000080100000, 0x0000000080100000|100%|HS|  |TAMS 0x0000000080000000| PB 0x0000000080000000| Complete 
|   1|0x0000000080100000, 0x0000000080200000, 0x0000000080200000|100%|HC|  |TAMS 0x0000000080100000| PB 0x0000000080100000| Complete 
|   2|0x0000000080200000, 0x0000000080300000, 0x0000000080300000|100%|HC|  |TAMS 0x0000000080200000| PB 0x0000000080200000| Complete 
|   3|0x0000000080300000, 0x0000000080400000, 0x0000000080400000|100%| O|  |TAMS 0x0000000080300000| PB 0x0000000080300000| Untracked 
|   4|0x0000000080400000, 0x0000000080500000, 0x0000000080500000|100%| O|  |TAMS 0x0000000080400000| PB 0x0000000080400000| Untracked 
|   5|0x0000000080500000, 0x0000000080600000, 0x0000000080600000|100%| O|  |TAMS 0x0000000080500000| PB 0x0000000080500000| Untracked 
|   6|0x0000000080600000, 0x0000000080700000, 0x0000000080700000|100%| O|  |TAMS 0x0000000080600000| PB 0x0000000080600000| Untracked 
|   7|0x0000000080700000, 0x0000000080800000, 0x0000000080800000|100%|HS|  |TAMS 0x0000000080700000| PB 0x0000000080700000| Complete 
|   8|0x0000000080800000, 0x0000000080900000, 0x0000000080900000|100%| O|  |TAMS 0x0000000080800000| PB 0x0000000080800000| Untracked 
|   9|0x0000000080900000, 0x0000000080a00000, 0x0000000080a00000|100%| O|  |TAMS 0x0000000080900000| PB 0x0000000080900000| Untracked 
|  10|0x0000000080a00000, 0x0000000080b00000, 0x0000000080b00000|100%| O|  |TAMS 0x0000000080a00000| PB 0x0000000080a00000| Untracked 
|  11|0x0000000080b00000, 0x0000000080c00000, 0x0000000080c00000|100%| O|  |TAMS 0x0000000080b00000| PB 0x0000000080b00000| Untracked 
|  12|0x0000000080c00000, 0x0000000080d00000, 0x0000000080d00000|100%| O|  |TAMS 0x0000000080c00000| PB 0x0000000080c00000| Untracked 
|  13|0x0000000080d00000, 0x0000000080e00000, 0x0000000080e00000|100%| O|  |TAMS 0x0000000080d00000| PB 0x0000000080d00000| Untracked 
|  14|0x0000000080e00000, 0x0000000080f00000, 0x0000000080f00000|100%| O|  |TAMS 0x0000000080e00000| PB 0x0000000080e00000| Untracked 
|  15|0x0000000080f00000, 0x0000000081000000, 0x0000000081000000|100%| O|  |TAMS 0x0000000080f00000| PB 0x0000000080f00000| Untracked 
|  16|0x0000000081000000, 0x0000000081100000, 0x0000000081100000|100%| O|  |TAMS 0x0000000081000000| PB 0x0000000081000000| Untracked 
|  17|0x0000000081100000, 0x0000000081146500, 0x0000000081200000| 27%| O|Cm|TAMS 0x0000000081100000| PB 0x0000000081100000| Complete 
|  18|0x0000000081200000, 0x0000000081200000, 0x0000000081300000|  0%| F|  |TAMS 0x0000000081200000| PB 0x0000000081200000| Untracked 
|  19|0x0000000081300000, 0x0000000081300000, 0x0000000081400000|  0%| F|  |TAMS 0x0000000081300000| PB 0x0000000081300000| Untracked 
|  20|0x0000000081400000, 0x0000000081400000, 0x0000000081500000|  0%| F|  |TAMS 0x0000000081400000| PB 0x0000000081400000| Untracked 
|  21|0x0000000081500000, 0x0000000081500000, 0x0000000081600000|  0%| F|  |TAMS 0x0000000081500000| PB 0x0000000081500000| Untracked 
|  22|0x0000000081600000, 0x0000000081600000, 0x0000000081700000|  0%| F|  |TAMS 0x0000000081600000| PB 0x0000000081600000| Untracked 
|  23|0x0000000081700000, 0x0000000081700000, 0x0000000081800000|  0%| F|  |TAMS 0x0000000081700000| PB 0x0000000081700000| Untracked 
|  24|0x0000000081800000, 0x00000000818d3230, 0x0000000081900000| 82%| S|CS|TAMS 0x0000000081800000| PB 0x0000000081800000| Complete 
|  25|0x0000000081900000, 0x0000000081a00000, 0x0000000081a00000|100%| S|CS|TAMS 0x0000000081900000| PB 0x0000000081900000| Complete 
|  26|0x0000000081a00000, 0x0000000081b00000, 0x0000000081b00000|100%| S|CS|TAMS 0x0000000081a00000| PB 0x0000000081a00000| Complete 
|  27|0x0000000081b00000, 0x0000000081c00000, 0x0000000081c00000|100%| S|CS|TAMS 0x0000000081b00000| PB 0x0000000081b00000| Complete 
|  28|0x0000000081c00000, 0x0000000081c00000, 0x0000000081d00000|  0%| F|  |TAMS 0x0000000081c00000| PB 0x0000000081c00000| Untracked 
|  29|0x0000000081d00000, 0x0000000081d00000, 0x0000000081e00000|  0%| F|  |TAMS 0x0000000081d00000| PB 0x0000000081d00000| Untracked 
|  30|0x0000000081e00000, 0x0000000081e00000, 0x0000000081f00000|  0%| F|  |TAMS 0x0000000081e00000| PB 0x0000000081e00000| Untracked 
|  31|0x0000000081f00000, 0x0000000081f00000, 0x0000000082000000|  0%| F|  |TAMS 0x0000000081f00000| PB 0x0000000081f00000| Untracked 
|  32|0x0000000082000000, 0x0000000082000000, 0x0000000082100000|  0%| F|  |TAMS 0x0000000082000000| PB 0x0000000082000000| Untracked 
|  33|0x0000000082100000, 0x0000000082100000, 0x0000000082200000|  0%| F|  |TAMS 0x0000000082100000| PB 0x0000000082100000| Untracked 
|  34|0x0000000082200000, 0x0000000082200000, 0x0000000082300000|  0%| F|  |TAMS 0x0000000082200000| PB 0x0000000082200000| Untracked 
|  35|0x0000000082300000, 0x0000000082300000, 0x0000000082400000|  0%| F|  |TAMS 0x0000000082300000| PB 0x0000000082300000| Untracked 
|  36|0x0000000082400000, 0x0000000082400000, 0x0000000082500000|  0%| F|  |TAMS 0x0000000082400000| PB 0x0000000082400000| Untracked 
|  37|0x0000000082500000, 0x0000000082500000, 0x0000000082600000|  0%| F|  |TAMS 0x0000000082500000| PB 0x0000000082500000| Untracked 
|  38|0x0000000082600000, 0x0000000082600000, 0x0000000082700000|  0%| F|  |TAMS 0x0000000082600000| PB 0x0000000082600000| Untracked 
|  39|0x0000000082700000, 0x0000000082700000, 0x0000000082800000|  0%| F|  |TAMS 0x0000000082700000| PB 0x0000000082700000| Untracked 
|  40|0x0000000082800000, 0x0000000082800000, 0x0000000082900000|  0%| F|  |TAMS 0x0000000082800000| PB 0x0000000082800000| Untracked 
|  41|0x0000000082900000, 0x0000000082900000, 0x0000000082a00000|  0%| F|  |TAMS 0x0000000082900000| PB 0x0000000082900000| Untracked 
|  42|0x0000000082a00000, 0x0000000082a00000, 0x0000000082b00000|  0%| F|  |TAMS 0x0000000082a00000| PB 0x0000000082a00000| Untracked 
|  43|0x0000000082b00000, 0x0000000082b00000, 0x0000000082c00000|  0%| F|  |TAMS 0x0000000082b00000| PB 0x0000000082b00000| Untracked 
|  44|0x0000000082c00000, 0x0000000082c00000, 0x0000000082d00000|  0%| F|  |TAMS 0x0000000082c00000| PB 0x0000000082c00000| Untracked 
|  45|0x0000000082d00000, 0x0000000082d00000, 0x0000000082e00000|  0%| F|  |TAMS 0x0000000082d00000| PB 0x0000000082d00000| Untracked 
|  46|0x0000000082e00000, 0x0000000082e00000, 0x0000000082f00000|  0%| F|  |TAMS 0x0000000082e00000| PB 0x0000000082e00000| Untracked 
|  47|0x0000000082f00000, 0x0000000082f00000, 0x0000000083000000|  0%| F|  |TAMS 0x0000000082f00000| PB 0x0000000082f00000| Untracked 
|  48|0x0000000083000000, 0x0000000083000000, 0x0000000083100000|  0%| F|  |TAMS 0x0000000083000000| PB 0x0000000083000000| Untracked 
|  49|0x0000000083100000, 0x00000000831e80b0, 0x0000000083200000| 90%| E|  |TAMS 0x0000000083100000| PB 0x0000000083100000| Complete 
|  50|0x0000000083200000, 0x0000000083300000, 0x0000000083300000|100%| E|CS|TAMS 0x0000000083200000| PB 0x0000000083200000| Complete 
|  51|0x0000000083300000, 0x0000000083400000, 0x0000000083400000|100%| E|CS|TAMS 0x0000000083300000| PB 0x0000000083300000| Complete 
|  52|0x0000000083400000, 0x0000000083500000, 0x0000000083500000|100%| E|CS|TAMS 0x0000000083400000| PB 0x0000000083400000| Complete 
|  53|0x0000000083500000, 0x0000000083600000, 0x0000000083600000|100%| E|CS|TAMS 0x0000000083500000| PB 0x0000000083500000| Complete 
|  54|0x0000000083600000, 0x0000000083700000, 0x0000000083700000|100%| E|CS|TAMS 0x0000000083600000| PB 0x0000000083600000| Complete 
|  55|0x0000000083700000, 0x0000000083800000, 0x0000000083800000|100%| E|CS|TAMS 0x0000000083700000| PB 0x0000000083700000| Complete 
|  56|0x0000000083800000, 0x0000000083900000, 0x0000000083900000|100%| E|CS|TAMS 0x0000000083800000| PB 0x0000000083800000| Complete 
|  57|0x0000000083900000, 0x0000000083a00000, 0x0000000083a00000|100%| E|CS|TAMS 0x0000000083900000| PB 0x0000000083900000| Complete 
|  58|0x0000000083a00000, 0x0000000083b00000, 0x0000000083b00000|100%| E|CS|TAMS 0x0000000083a00000| PB 0x0000000083a00000| Complete 
|  59|0x0000000083b00000, 0x0000000083c00000, 0x0000000083c00000|100%| E|CS|TAMS 0x0000000083b00000| PB 0x0000000083b00000| Complete 
|  60|0x0000000083c00000, 0x0000000083d00000, 0x0000000083d00000|100%| E|CS|TAMS 0x0000000083c00000| PB 0x0000000083c00000| Complete 
|  61|0x0000000083d00000, 0x0000000083e00000, 0x0000000083e00000|100%| E|CS|TAMS 0x0000000083d00000| PB 0x0000000083d00000| Complete 
|  62|0x0000000083e00000, 0x0000000083f00000, 0x0000000083f00000|100%| E|CS|TAMS 0x0000000083e00000| PB 0x0000000083e00000| Complete 
|  63|0x0000000083f00000, 0x0000000084000000, 0x0000000084000000|100%| E|CS|TAMS 0x0000000083f00000| PB 0x0000000083f00000| Complete 
|  64|0x0000000084000000, 0x0000000084100000, 0x0000000084100000|100%| E|CS|TAMS 0x0000000084000000| PB 0x0000000084000000| Complete 
| 105|0x0000000086900000, 0x0000000086a00000, 0x0000000086a00000|100%| E|CS|TAMS 0x0000000086900000| PB 0x0000000086900000| Complete 
| 106|0x0000000086a00000, 0x0000000086b00000, 0x0000000086b00000|100%| E|CS|TAMS 0x0000000086a00000| PB 0x0000000086a00000| Complete 
| 107|0x0000000086b00000, 0x0000000086c00000, 0x0000000086c00000|100%| E|CS|TAMS 0x0000000086b00000| PB 0x0000000086b00000| Complete 
| 124|0x0000000087c00000, 0x0000000087d00000, 0x0000000087d00000|100%| E|CS|TAMS 0x0000000087c00000| PB 0x0000000087c00000| Complete 
| 125|0x0000000087d00000, 0x0000000087e00000, 0x0000000087e00000|100%| E|CS|TAMS 0x0000000087d00000| PB 0x0000000087d00000| Complete 

Card table byte_map: [0x000002ae743f0000,0x000002ae747f0000] _byte_map_base: 0x000002ae73ff0000

Marking Bits: (CMBitMap*) 0x000002ae61ef3450
 Bits: [0x000002ae747f0000, 0x000002ae767f0000)

Polling page: 0x000002ae5fc00000

Metaspace:

Usage:
  Non-class:     26.00 MB used.
      Class:      4.03 MB used.
       Both:     30.04 MB used.

Virtual space:
  Non-class space:       64.00 MB reserved,      26.31 MB ( 41%) committed,  1 nodes.
      Class space:        1.00 GB reserved,       4.31 MB ( <1%) committed,  1 nodes.
             Both:        1.06 GB reserved,      30.62 MB (  3%) committed. 

Chunk freelists:
   Non-Class:  5.41 MB
       Class:  11.73 MB
        Both:  17.14 MB

MaxMetaspaceSize: unlimited
CompressedClassSpaceSize: 1.00 GB
Initial GC threshold: 21.00 MB
Current GC threshold: 35.12 MB
CDS: off
 - commit_granule_bytes: 65536.
 - commit_granule_words: 8192.
 - virtual_space_node_default_size: 8388608.
 - enlarge_chunks_in_place: 1.
 - use_allocation_guard: 0.


Internal statistics:

num_allocs_failed_limit: 3.
num_arena_births: 876.
num_arena_deaths: 0.
num_vsnodes_births: 2.
num_vsnodes_deaths: 0.
num_space_committed: 490.
num_space_uncommitted: 0.
num_chunks_returned_to_freelist: 3.
num_chunks_taken_from_freelist: 1763.
num_chunk_merges: 3.
num_chunk_splits: 1120.
num_chunks_enlarged: 718.
num_inconsistent_stats: 0.

CodeHeap 'non-profiled nmethods': size=120000Kb used=1569Kb max_used=1569Kb free=118430Kb
 bounds [0x000002ae6cac0000, 0x000002ae6cd30000, 0x000002ae73ff0000]
CodeHeap 'profiled nmethods': size=120000Kb used=5886Kb max_used=5886Kb free=114113Kb
 bounds [0x000002ae64ff0000, 0x000002ae655b0000, 0x000002ae6c520000]
CodeHeap 'non-nmethods': size=5760Kb used=1640Kb max_used=1690Kb free=4120Kb
 bounds [0x000002ae6c520000, 0x000002ae6c790000, 0x000002ae6cac0000]
CodeCache: size=245760Kb, used=9095Kb, max_used=9145Kb, free=236663Kb
 total_blobs=3538, nmethods=2963, adapters=479, full_count=0
Compilation: enabled, stopped_count=0, restarted_count=0

Compilation events (20 events):
Event: 2.754 Thread 0x000002ae7d07d280 2954   !   3       jdk.proxy1.$Proxy2::value (29 bytes)
Event: 2.754 Thread 0x000002ae7d07d280 nmethod 2954 0x000002ae655a9510 code [0x000002ae655a96e0, 0x000002ae655a9ac0]
Event: 2.754 Thread 0x000002ae7d07d280 2955       3       org.gradle.internal.service.DefaultServiceRegistry$FactoryMethodService::<init> (34 bytes)
Event: 2.755 Thread 0x000002ae7d07d280 nmethod 2955 0x000002ae655a9c90 code [0x000002ae655a9e60, 0x000002ae655aa2b8]
Event: 2.786 Thread 0x000002ae7d07d280 2956       3       java.lang.WeakPairMap$Pair$Lookup::hashCode (12 bytes)
Event: 2.786 Thread 0x000002ae7d07d280 nmethod 2956 0x000002ae655aa510 code [0x000002ae655aa6c0, 0x000002ae655aa890]
Event: 2.786 Thread 0x000002ae7d07d280 2957       3       jdk.internal.org.objectweb.asm.SymbolTable::hash (12 bytes)
Event: 2.786 Thread 0x000002ae7d07d280 nmethod 2957 0x000002ae655aa990 code [0x000002ae655aab40, 0x000002ae655aac78]
Event: 2.798 Thread 0x000002ae7d07d280 2959       3       java.lang.invoke.MethodHandles$Lookup::getDirectMethodNoSecurityManager (18 bytes)
Event: 2.799 Thread 0x000002ae7d07d280 nmethod 2959 0x000002ae655aad90 code [0x000002ae655aaf40, 0x000002ae655ab090]
Event: 2.799 Thread 0x000002ae7d07d280 2960       3       java.lang.PublicMethods$Key::hashCode (19 bytes)
Event: 2.799 Thread 0x000002ae7d07d280 nmethod 2960 0x000002ae655ab190 code [0x000002ae655ab340, 0x000002ae655ab4d0]
Event: 2.799 Thread 0x000002ae7d07d280 2961       3       java.lang.reflect.Proxy$ProxyBuilder::addElementTypes (33 bytes)
Event: 2.800 Thread 0x000002ae7d07d280 nmethod 2961 0x000002ae655ab590 code [0x000002ae655ab7a0, 0x000002ae655abe38]
Event: 2.800 Thread 0x000002ae7d07d280 2962       3       jdk.internal.org.objectweb.asm.SymbolTable::addUninitializedType (103 bytes)
Event: 2.800 Thread 0x000002ae7d07d280 nmethod 2962 0x000002ae655ac110 code [0x000002ae655ac320, 0x000002ae655ac8a8]
Event: 2.809 Thread 0x000002ae7d07d280 2963       3       jdk.internal.reflect.ConstantPool::getIntAt (10 bytes)
Event: 2.809 Thread 0x000002ae7d07d280 nmethod 2963 0x000002ae655acb90 code [0x000002ae655acd40, 0x000002ae655ace88]
Event: 2.811 Thread 0x000002ae7d07d280 2964       3       org.gradle.internal.service.DefaultServiceRegistry::access$2000 (4 bytes)
Event: 2.811 Thread 0x000002ae7d07d280 nmethod 2964 0x000002ae655acf10 code [0x000002ae655ad0a0, 0x000002ae655ad198]

GC Heap History (10 events):
Event: 0.280 GC heap before
{Heap before GC invocations=0 (full 0):
 garbage-first heap   total 129024K, used 13312K [0x0000000080000000, 0x0000000100000000)
  region size 1024K, 13 young (13312K), 0 survivors (0K)
 Metaspace       used 7487K, committed 7616K, reserved 1114112K
  class space    used 701K, committed 768K, reserved 1048576K
}
Event: 0.282 GC heap after
{Heap after GC invocations=1 (full 0):
 garbage-first heap   total 129024K, used 1322K [0x0000000080000000, 0x0000000100000000)
  region size 1024K, 2 young (2048K), 2 survivors (2048K)
 Metaspace       used 7487K, committed 7616K, reserved 1114112K
  class space    used 701K, committed 768K, reserved 1048576K
}
Event: 0.713 GC heap before
{Heap before GC invocations=1 (full 0):
 garbage-first heap   total 129024K, used 28970K [0x0000000080000000, 0x0000000100000000)
  region size 1024K, 27 young (27648K), 2 survivors (2048K)
 Metaspace       used 11329K, committed 11456K, reserved 1114112K
  class space    used 1230K, committed 1280K, reserved 1048576K
}
Event: 0.718 GC heap after
{Heap after GC invocations=2 (full 0):
 garbage-first heap   total 129024K, used 10562K [0x0000000080000000, 0x0000000100000000)
  region size 1024K, 4 young (4096K), 4 survivors (4096K)
 Metaspace       used 11329K, committed 11456K, reserved 1114112K
  class space    used 1230K, committed 1280K, reserved 1048576K
}
Event: 1.553 GC heap before
{Heap before GC invocations=2 (full 0):
 garbage-first heap   total 129024K, used 84290K [0x0000000080000000, 0x0000000100000000)
  region size 1024K, 75 young (76800K), 4 survivors (4096K)
 Metaspace       used 16625K, committed 16896K, reserved 1114112K
  class space    used 1925K, committed 2048K, reserved 1048576K
}
Event: 1.560 GC heap after
{Heap after GC invocations=3 (full 0):
 garbage-first heap   total 129024K, used 17962K [0x0000000080000000, 0x0000000100000000)
  region size 1024K, 10 young (10240K), 10 survivors (10240K)
 Metaspace       used 16625K, committed 16896K, reserved 1114112K
  class space    used 1925K, committed 2048K, reserved 1048576K
}
Event: 1.853 GC heap before
{Heap before GC invocations=3 (full 0):
 garbage-first heap   total 129024K, used 35370K [0x0000000080000000, 0x0000000100000000)
  region size 1024K, 28 young (28672K), 10 survivors (10240K)
 Metaspace       used 21220K, committed 21504K, reserved 1114112K
  class space    used 2537K, committed 2688K, reserved 1048576K
}
Event: 1.860 GC heap after
{Heap after GC invocations=4 (full 0):
 garbage-first heap   total 129024K, used 20305K [0x0000000080000000, 0x0000000100000000)
  region size 1024K, 3 young (3072K), 3 survivors (3072K)
 Metaspace       used 21220K, committed 21504K, reserved 1114112K
  class space    used 2537K, committed 2688K, reserved 1048576K
}
Event: 2.527 GC heap before
{Heap before GC invocations=5 (full 0):
 garbage-first heap   total 71680K, used 60241K [0x0000000080000000, 0x0000000100000000)
  region size 1024K, 42 young (43008K), 3 survivors (3072K)
 Metaspace       used 28064K, committed 28544K, reserved 1114112K
  class space    used 3630K, committed 3840K, reserved 1048576K
}
Event: 2.531 GC heap after
{Heap after GC invocations=6 (full 0):
 garbage-first heap   total 71680K, used 21605K [0x0000000080000000, 0x0000000100000000)
  region size 1024K, 4 young (4096K), 4 survivors (4096K)
 Metaspace       used 28064K, committed 28544K, reserved 1114112K
  class space    used 3630K, committed 3840K, reserved 1048576K
}

Dll operation events (3 events):
Event: 0.006 Loaded shared library D:\android_studio\android\jbr\bin\java.dll
Event: 0.010 Loaded shared library D:\android_studio\android\jbr\bin\zip.dll
Event: 0.468 Loaded shared library D:\android_studio\android\jbr\bin\verify.dll

Deoptimization events (20 events):
Event: 1.939 Thread 0x000002ae7eda4960 DEOPT PACKING pc=0x000002ae6cb574fc sp=0x000000e47affba90
Event: 1.939 Thread 0x000002ae7eda4960 DEOPT UNPACKING pc=0x000002ae6c577da2 sp=0x000000e47affba08 mode 2
Event: 2.048 Thread 0x000002ae7eda4960 DEOPT PACKING pc=0x000002ae650ea9a1 sp=0x000000e47aff8070
Event: 2.048 Thread 0x000002ae7eda4960 DEOPT UNPACKING pc=0x000002ae6c5788e2 sp=0x000000e47aff7570 mode 0
Event: 2.124 Thread 0x000002ae7eda4960 DEOPT PACKING pc=0x000002ae650de9d9 sp=0x000000e47affa4f0
Event: 2.124 Thread 0x000002ae7eda4960 DEOPT UNPACKING pc=0x000002ae6c5788e2 sp=0x000000e47aff9988 mode 0
Event: 2.183 Thread 0x000002ae7eda4960 Uncommon trap: trap_request=0xffffff45 fr.pc=0x000002ae6cae6bb4 relative=0x0000000000000e34
Event: 2.183 Thread 0x000002ae7eda4960 Uncommon trap: reason=unstable_if action=reinterpret pc=0x000002ae6cae6bb4 method=java.io.WinNTFileSystem.resolve(Ljava/lang/String;Ljava/lang/String;)Ljava/lang/String; @ 19 c2
Event: 2.183 Thread 0x000002ae7eda4960 DEOPT PACKING pc=0x000002ae6cae6bb4 sp=0x000000e47affb090
Event: 2.183 Thread 0x000002ae7eda4960 DEOPT UNPACKING pc=0x000002ae6c577da2 sp=0x000000e47affb028 mode 2
Event: 2.184 Thread 0x000002ae7eda4960 Uncommon trap: trap_request=0xffffff45 fr.pc=0x000002ae6cb607e8 relative=0x0000000000000688
Event: 2.184 Thread 0x000002ae7eda4960 Uncommon trap: reason=unstable_if action=reinterpret pc=0x000002ae6cb607e8 method=java.io.File.getName()Ljava/lang/String; @ 16 c2
Event: 2.184 Thread 0x000002ae7eda4960 DEOPT PACKING pc=0x000002ae6cb607e8 sp=0x000000e47affb050
Event: 2.184 Thread 0x000002ae7eda4960 DEOPT UNPACKING pc=0x000002ae6c577da2 sp=0x000000e47affb020 mode 2
Event: 2.394 Thread 0x000002ae7eda4960 Uncommon trap: trap_request=0xffffff45 fr.pc=0x000002ae6caf0e10 relative=0x00000000000000f0
Event: 2.394 Thread 0x000002ae7eda4960 Uncommon trap: reason=unstable_if action=reinterpret pc=0x000002ae6caf0e10 method=java.util.HashMap.hash(Ljava/lang/Object;)I @ 1 c2
Event: 2.394 Thread 0x000002ae7eda4960 DEOPT PACKING pc=0x000002ae6caf0e10 sp=0x000000e47affc150
Event: 2.394 Thread 0x000002ae7eda4960 DEOPT UNPACKING pc=0x000002ae6c577da2 sp=0x000000e47affc090 mode 2
Event: 2.502 Thread 0x000002ae7eda4960 DEOPT PACKING pc=0x000002ae6549a396 sp=0x000000e47affc2c0
Event: 2.502 Thread 0x000002ae7eda4960 DEOPT UNPACKING pc=0x000002ae6c5788e2 sp=0x000000e47affb808 mode 0

Classes loaded (20 events):
Event: 2.510 Loading class java/util/concurrent/LinkedBlockingDeque$Node
Event: 2.511 Loading class java/util/concurrent/LinkedBlockingDeque$Node done
Event: 2.542 Loading class java/util/function/LongFunction
Event: 2.542 Loading class java/util/function/LongFunction done
Event: 2.562 Loading class java/security/InvalidKeyException
Event: 2.562 Loading class java/security/KeyException
Event: 2.562 Loading class java/security/KeyException done
Event: 2.562 Loading class java/security/InvalidKeyException done
Event: 2.623 Loading class java/util/regex/Pattern$Dollar
Event: 2.623 Loading class java/util/regex/Pattern$Dollar done
Event: 2.631 Loading class java/io/ObjectOutputStream
Event: 2.632 Loading class java/io/ObjectOutput
Event: 2.632 Loading class java/io/ObjectOutput done
Event: 2.632 Loading class java/io/ObjectStreamConstants
Event: 2.632 Loading class java/io/ObjectStreamConstants done
Event: 2.632 Loading class java/io/ObjectOutputStream done
Event: 2.633 Loading class java/io/ObjectInputStream
Event: 2.634 Loading class java/io/ObjectInput
Event: 2.634 Loading class java/io/ObjectInput done
Event: 2.634 Loading class java/io/ObjectInputStream done

Classes unloaded (0 events):
No events

Classes redefined (0 events):
No events

Internal exceptions (20 events):
Event: 2.220 Thread 0x000002ae7eda4960 Exception <a 'java/lang/NoSuchMethodError'{0x00000000828029c8}: 'int java.lang.invoke.DirectMethodHandle$Holder.invokeSpecialIFC(java.lang.Object, java.lang.Object, java.lang.Object, java.lang.Object)'> (0x00000000828029c8) 
thrown [s\src\hotspot\share\interpreter\linkResolver.cpp, line 784]
Event: 2.220 Thread 0x000002ae7eda4960 Exception <a 'java/lang/IncompatibleClassChangeError'{0x000000008280ff20}: Found class java.lang.Object, but interface was expected> (0x000000008280ff20) 
thrown [s\src\hotspot\share\interpreter\linkResolver.cpp, line 851]
Event: 2.394 Thread 0x000002ae7eda4960 Implicit null exception at 0x000002ae6caf0d66 to 0x000002ae6caf0e06
Event: 2.445 Thread 0x000002ae7eda4960 Exception <a 'java/lang/NoSuchMethodError'{0x00000000824704a0}: 'java.lang.Object java.lang.invoke.DelegatingMethodHandle$Holder.reinvoke_L(java.lang.Object, java.lang.Object, java.lang.Object, java.lang.Object, java.lang.Object, java.lang.Object, java.lang.Object, java.lang.Object, java.lang.Object, java.lang.Object, java.lang.Object, java.lang.Object, java.lang.Object, java.lang.Object, java.lang.Object, java.lang.Object, java.lang.Object, java.lang.Object, java.lang.Object, java.lang.Object, java.lang.O
Event: 2.450 Thread 0x000002ae7eda4960 Exception <a 'java/lang/NoSuchMethodError'{0x00000000824df708}: 'java.lang.Object java.lang.invoke.DirectMethodHandle$Holder.invokeStatic(java.lang.Object, java.lang.Object, java.lang.Object, java.lang.Object, java.lang.Object, java.lang.Object, java.lang.Object, java.lang.Object, java.lang.Object, java.lang.Object, java.lang.Object, java.lang.Object, java.lang.Object, java.lang.Object, java.lang.Object, java.lang.Object, java.lang.Object)'> (0x00000000824df708) 
thrown [s\src\hotspot\share\interpreter\lin
Event: 2.452 Thread 0x000002ae7eda4960 Exception <a 'java/lang/NoSuchMethodError'{0x0000000082308808}: 'java.lang.Object java.lang.invoke.DirectMethodHandle$Holder.invokeStatic(java.lang.Object, java.lang.Object, java.lang.Object, java.lang.Object, java.lang.Object, java.lang.Object, java.lang.Object, java.lang.Object, java.lang.Object, java.lang.Object, java.lang.Object, java.lang.Object, java.lang.Object, java.lang.Object, java.lang.Object, java.lang.Object, java.lang.Object, java.lang.Object)'> (0x0000000082308808) 
thrown [s\src\hotspot\sha
Event: 2.454 Thread 0x000002ae7eda4960 Exception <a 'java/lang/NoSuchMethodError'{0x0000000082332a48}: 'java.lang.Object java.lang.invoke.DirectMethodHandle$Holder.invokeStatic(java.lang.Object, java.lang.Object, java.lang.Object, java.lang.Object, java.lang.Object, java.lang.Object, java.lang.Object, java.lang.Object, java.lang.Object, java.lang.Object, java.lang.Object, java.lang.Object, java.lang.Object, java.lang.Object, java.lang.Object, java.lang.Object, java.lang.Object, java.lang.Object, java.lang.Object)'> (0x0000000082332a48) 
thrown 
Event: 2.455 Thread 0x000002ae7eda4960 Exception <a 'java/lang/NoSuchMethodError'{0x000000008235e910}: 'java.lang.Object java.lang.invoke.DirectMethodHandle$Holder.invokeStatic(java.lang.Object, java.lang.Object, java.lang.Object, java.lang.Object, java.lang.Object, java.lang.Object, java.lang.Object, java.lang.Object, java.lang.Object, java.lang.Object, java.lang.Object, java.lang.Object, java.lang.Object, java.lang.Object, java.lang.Object, java.lang.Object, java.lang.Object, java.lang.Object, java.lang.Object, java.lang.Object)'> (0x00000000
Event: 2.456 Thread 0x000002ae7eda4960 Exception <a 'java/lang/NoSuchMethodError'{0x000000008238b1c0}: 'java.lang.Object java.lang.invoke.DirectMethodHandle$Holder.invokeStatic(java.lang.Object, java.lang.Object, java.lang.Object, java.lang.Object, java.lang.Object, java.lang.Object, java.lang.Object, java.lang.Object, java.lang.Object, java.lang.Object, java.lang.Object, java.lang.Object, java.lang.Object, java.lang.Object, java.lang.Object, java.lang.Object, java.lang.Object, java.lang.Object, java.lang.Object, java.lang.Object, java.lang.Obj
Event: 2.458 Thread 0x000002ae7eda4960 Exception <a 'java/lang/NoSuchMethodError'{0x00000000823b8c68}: 'java.lang.Object java.lang.invoke.DirectMethodHandle$Holder.invokeStatic(java.lang.Object, java.lang.Object, java.lang.Object, java.lang.Object, java.lang.Object, java.lang.Object, java.lang.Object, java.lang.Object, java.lang.Object, java.lang.Object, java.lang.Object, java.lang.Object, java.lang.Object, java.lang.Object, java.lang.Object, java.lang.Object, java.lang.Object, java.lang.Object, java.lang.Object, java.lang.Object, java.lang.Obj
Event: 2.459 Thread 0x000002ae7eda4960 Exception <a 'java/lang/NoSuchMethodError'{0x00000000823e7d70}: 'java.lang.Object java.lang.invoke.DirectMethodHandle$Holder.invokeStatic(java.lang.Object, java.lang.Object, java.lang.Object, java.lang.Object, java.lang.Object, java.lang.Object, java.lang.Object, java.lang.Object, java.lang.Object, java.lang.Object, java.lang.Object, java.lang.Object, java.lang.Object, java.lang.Object, java.lang.Object, java.lang.Object, java.lang.Object, java.lang.Object, java.lang.Object, java.lang.Object, java.lang.Obj
Event: 2.461 Thread 0x000002ae7eda4960 Exception <a 'java/lang/NoSuchMethodError'{0x00000000822178a8}: 'java.lang.Object java.lang.invoke.DirectMethodHandle$Holder.invokeStatic(java.lang.Object, java.lang.Object, java.lang.Object, java.lang.Object, java.lang.Object, java.lang.Object, java.lang.Object, java.lang.Object, java.lang.Object, java.lang.Object, java.lang.Object, java.lang.Object, java.lang.Object, java.lang.Object, java.lang.Object, java.lang.Object, java.lang.Object, java.lang.Object, java.lang.Object, java.lang.Object, java.lang.Obj
Event: 2.462 Thread 0x000002ae7eda4960 Exception <a 'java/lang/NoSuchMethodError'{0x0000000082248028}: 'java.lang.Object java.lang.invoke.DirectMethodHandle$Holder.invokeStatic(java.lang.Object, java.lang.Object, java.lang.Object, java.lang.Object, java.lang.Object, java.lang.Object, java.lang.Object, java.lang.Object, java.lang.Object, java.lang.Object, java.lang.Object, java.lang.Object, java.lang.Object, java.lang.Object, java.lang.Object, java.lang.Object, java.lang.Object, java.lang.Object, java.lang.Object, java.lang.Object, java.lang.Obj
Event: 2.464 Thread 0x000002ae7eda4960 Exception <a 'java/lang/NoSuchMethodError'{0x0000000082279198}: 'java.lang.Object java.lang.invoke.DirectMethodHandle$Holder.invokeStatic(java.lang.Object, java.lang.Object, java.lang.Object, java.lang.Object, java.lang.Object, java.lang.Object, java.lang.Object, java.lang.Object, java.lang.Object, java.lang.Object, java.lang.Object, java.lang.Object, java.lang.Object, java.lang.Object, java.lang.Object, java.lang.Object, java.lang.Object, java.lang.Object, java.lang.Object, java.lang.Object, java.lang.Obj
Event: 2.466 Thread 0x000002ae7eda4960 Exception <a 'java/lang/NoSuchMethodError'{0x00000000822abc20}: 'java.lang.Object java.lang.invoke.DirectMethodHandle$Holder.invokeStatic(java.lang.Object, java.lang.Object, java.lang.Object, java.lang.Object, java.lang.Object, java.lang.Object, java.lang.Object, java.lang.Object, java.lang.Object, java.lang.Object, java.lang.Object, java.lang.Object, java.lang.Object, java.lang.Object, java.lang.Object, java.lang.Object, java.lang.Object, java.lang.Object, java.lang.Object, java.lang.Object, java.lang.Obj
Event: 2.477 Thread 0x000002ae7eda4960 Exception <a 'java/lang/IncompatibleClassChangeError'{0x00000000821d22c0}: Found class java.lang.Object, but interface was expected> (0x00000000821d22c0) 
thrown [s\src\hotspot\share\interpreter\linkResolver.cpp, line 851]
Event: 2.596 Thread 0x000002ae7eda4960 Exception <a 'java/lang/IncompatibleClassChangeError'{0x0000000083f95908}: Found class java.lang.Object, but interface was expected> (0x0000000083f95908) 
thrown [s\src\hotspot\share\interpreter\linkResolver.cpp, line 851]
Event: 2.619 Thread 0x000002ae7eda4960 Exception <a 'java/lang/NoSuchMethodError'{0x0000000083fbfea0}: 'java.lang.Object java.lang.invoke.DirectMethodHandle$Holder.newInvokeSpecial(java.lang.Object, java.lang.Object, java.lang.Object, java.lang.Object, java.lang.Object, java.lang.Object, java.lang.Object, java.lang.Object, java.lang.Object, java.lang.Object)'> (0x0000000083fbfea0) 
thrown [s\src\hotspot\share\interpreter\linkResolver.cpp, line 784]
Event: 2.734 Thread 0x000002ae7eda4960 Exception <a 'java/lang/NoSuchMethodError'{0x0000000083847698}: 'void java.lang.invoke.DirectMethodHandle$Holder.invokeVirtual(java.lang.Object, java.lang.Object, java.lang.Object, java.lang.Object, java.lang.Object)'> (0x0000000083847698) 
thrown [s\src\hotspot\share\interpreter\linkResolver.cpp, line 784]
Event: 2.816 Thread 0x000002ae7eda4960 Exception <a 'java/lang/NoSuchMethodError'{0x00000000832d4978}: 'java.lang.Object java.lang.invoke.DirectMethodHandle$Holder.invokeVirtual(java.lang.Object, java.lang.Object, java.lang.Object, java.lang.Object, java.lang.Object, java.lang.Object, java.lang.Object, java.lang.Object, java.lang.Object, java.lang.Object, java.lang.Object, java.lang.Object, java.lang.Object, java.lang.Object, java.lang.Object, java.lang.Object, java.lang.Object, java.lang.Object, java.lang.Object, java.lang.Object, java.lang.Ob

ZGC Phase Switch (0 events):
No events

VM Operations (20 events):
Event: 1.649 Executing VM operation: HandshakeAllThreads (Deoptimize)
Event: 1.649 Executing VM operation: HandshakeAllThreads (Deoptimize) done
Event: 1.678 Executing VM operation: HandshakeAllThreads (Deoptimize)
Event: 1.678 Executing VM operation: HandshakeAllThreads (Deoptimize) done
Event: 1.758 Executing VM operation: HandshakeAllThreads (Deoptimize)
Event: 1.758 Executing VM operation: HandshakeAllThreads (Deoptimize) done
Event: 1.853 Executing VM operation: CollectForMetadataAllocation (Metadata GC Threshold)
Event: 1.860 Executing VM operation: CollectForMetadataAllocation (Metadata GC Threshold) done
Event: 1.865 Executing VM operation: G1PauseRemark
Event: 1.866 Executing VM operation: G1PauseRemark done
Event: 1.869 Executing VM operation: G1PauseCleanup
Event: 1.870 Executing VM operation: G1PauseCleanup done
Event: 2.085 Executing VM operation: HandshakeAllThreads (Deoptimize)
Event: 2.085 Executing VM operation: HandshakeAllThreads (Deoptimize) done
Event: 2.470 Executing VM operation: HandshakeAllThreads (Deoptimize)
Event: 2.470 Executing VM operation: HandshakeAllThreads (Deoptimize) done
Event: 2.470 Executing VM operation: HandshakeAllThreads (Deoptimize)
Event: 2.470 Executing VM operation: HandshakeAllThreads (Deoptimize) done
Event: 2.527 Executing VM operation: G1CollectForAllocation (G1 Evacuation Pause)
Event: 2.531 Executing VM operation: G1CollectForAllocation (G1 Evacuation Pause) done

Memory protections (0 events):
No events

Nmethod flushes (0 events):
No events

Events (20 events):
Event: 0.368 Thread 0x000002ae7d07d280 Thread added: 0x000002ae7d4ca920
Event: 0.374 Loaded shared library D:\android_studio\android\jbr\bin\jimage.dll
Event: 0.560 Loaded shared library C:\Users\User\.gradle\native\1def1411415f61bf3af743bc5b6707747c0891f09f0c88961ee8f79bc544acac\windows-amd64\native-platform.dll
Event: 0.570 Loaded shared library C:\Users\User\.gradle\native\0.2.7\x86_64-windows-gnu\gradle-fileevents.dll
Event: 1.462 Loaded shared library D:\android_studio\android\jbr\bin\management.dll
Event: 1.464 Loaded shared library D:\android_studio\android\jbr\bin\management_ext.dll
Event: 1.507 Thread 0x000002ae61e9c760 Thread added: 0x000002ae7e4c8840
Event: 1.614 Loaded shared library D:\android_studio\android\jbr\bin\extnet.dll
Event: 1.689 Thread 0x000002ae61e9c760 Thread added: 0x000002ae7eb4eac0
Event: 1.744 Thread 0x000002ae61e9c760 Thread added: 0x000002ae7ec03120
Event: 1.787 Thread 0x000002ae7eb4eac0 Thread added: 0x000002ae7edb4ff0
Event: 1.789 Thread 0x000002ae7edb4ff0 Thread added: 0x000002ae7ee4f400
Event: 1.809 Thread 0x000002ae7edb4ff0 Thread added: 0x000002ae7ed93270
Event: 1.814 Thread 0x000002ae7edb4ff0 Thread added: 0x000002ae7eda4960
Event: 1.821 Thread 0x000002ae7eda4960 Thread added: 0x000002ae7eda42d0
Event: 1.823 Thread 0x000002ae7eda4960 Thread added: 0x000002ae7eda4ff0
Event: 1.825 Thread 0x000002ae7eda4960 Thread added: 0x000002ae7eda3c40
Event: 2.085 Thread 0x000002ae7eda4960 Thread added: 0x000002ae7eeab530
Event: 2.108 Thread 0x000002ae7eda4960 Thread added: 0x000002ae7eeacf70
Event: 2.137 Thread 0x000002ae7eda4960 Thread added: 0x000002ae7eeaaea0


Dynamic libraries:
0x00007ff7f7390000 - 0x00007ff7f739a000 	D:\android_studio\android\jbr\bin\java.exe
0x00007ffb1d970000 - 0x00007ffb1db87000 	C:\WINDOWS\SYSTEM32\ntdll.dll
0x00007ffb1c730000 - 0x00007ffb1c7f4000 	C:\WINDOWS\System32\KERNEL32.DLL
0x00007ffb1ae70000 - 0x00007ffb1b242000 	C:\WINDOWS\System32\KERNELBASE.dll
0x00007ffb1ad50000 - 0x00007ffb1ae61000 	C:\WINDOWS\System32\ucrtbase.dll
0x00007ffb14e60000 - 0x00007ffb14e78000 	D:\android_studio\android\jbr\bin\jli.dll
0x00007ffab8a40000 - 0x00007ffab8a5b000 	D:\android_studio\android\jbr\bin\VCRUNTIME140.dll
0x00007ffb1cee0000 - 0x00007ffb1d091000 	C:\WINDOWS\System32\USER32.dll
0x00007ffb1ac70000 - 0x00007ffb1ac96000 	C:\WINDOWS\System32\win32u.dll
0x00007ffb1c500000 - 0x00007ffb1c529000 	C:\WINDOWS\System32\GDI32.dll
0x00007ffb01f80000 - 0x00007ffb0221b000 	C:\WINDOWS\WinSxS\amd64_microsoft.windows.common-controls_6595b64144ccf1df_6.0.22621.5547_none_27104afb73855772\COMCTL32.dll
0x00007ffb1c550000 - 0x00007ffb1c5f7000 	C:\WINDOWS\System32\msvcrt.dll
0x00007ffb1b4d0000 - 0x00007ffb1b5f3000 	C:\WINDOWS\System32\gdi32full.dll
0x00007ffb1aa60000 - 0x00007ffb1aafa000 	C:\WINDOWS\System32\msvcp_win.dll
0x00007ffb1cea0000 - 0x00007ffb1ced1000 	C:\WINDOWS\System32\IMM32.DLL
0x00007ffae08f0000 - 0x00007ffae08fc000 	D:\android_studio\android\jbr\bin\vcruntime140_1.dll
0x00007ffb074e0000 - 0x00007ffb0756d000 	D:\android_studio\android\jbr\bin\msvcp140.dll
0x00007ffab7000000 - 0x00007ffab7c96000 	D:\android_studio\android\jbr\bin\server\jvm.dll
0x00007ffb1c200000 - 0x00007ffb1c2b1000 	C:\WINDOWS\System32\ADVAPI32.dll
0x00007ffb1c600000 - 0x00007ffb1c6a8000 	C:\WINDOWS\System32\sechost.dll
0x00007ffb1aca0000 - 0x00007ffb1acc8000 	C:\WINDOWS\System32\bcrypt.dll
0x00007ffb1c3d0000 - 0x00007ffb1c4e4000 	C:\WINDOWS\System32\RPCRT4.dll
0x00007ffb1c9d0000 - 0x00007ffb1ca41000 	C:\WINDOWS\System32\WS2_32.dll
0x00007ffb19900000 - 0x00007ffb1994d000 	C:\WINDOWS\SYSTEM32\POWRPROF.dll
0x00007ffb11ac0000 - 0x00007ffb11aca000 	C:\WINDOWS\SYSTEM32\VERSION.dll
0x00007ffb141d0000 - 0x00007ffb14204000 	C:\WINDOWS\SYSTEM32\WINMM.dll
0x00007ffb198c0000 - 0x00007ffb198d3000 	C:\WINDOWS\SYSTEM32\UMPDC.dll
0x00007ffb19b80000 - 0x00007ffb19b98000 	C:\WINDOWS\SYSTEM32\kernel.appcore.dll
0x00007ffadf360000 - 0x00007ffadf36a000 	D:\android_studio\android\jbr\bin\jimage.dll
0x00007ffb17af0000 - 0x00007ffb17d23000 	C:\WINDOWS\SYSTEM32\DBGHELP.DLL
0x00007ffb1d530000 - 0x00007ffb1d8c3000 	C:\WINDOWS\System32\combase.dll
0x00007ffb1c120000 - 0x00007ffb1c1f7000 	C:\WINDOWS\System32\OLEAUT32.dll
0x00007ffae53d0000 - 0x00007ffae5402000 	C:\WINDOWS\SYSTEM32\dbgcore.DLL
0x00007ffb1b310000 - 0x00007ffb1b38b000 	C:\WINDOWS\System32\bcryptPrimitives.dll
0x00007ffb14410000 - 0x00007ffb1441e000 	D:\android_studio\android\jbr\bin\instrument.dll
0x00007ffab6f80000 - 0x00007ffab6fa0000 	D:\android_studio\android\jbr\bin\java.dll
0x00007ffaf1fc0000 - 0x00007ffaf1fd8000 	D:\android_studio\android\jbr\bin\zip.dll
0x00007ffb1b710000 - 0x00007ffb1bfb2000 	C:\WINDOWS\System32\SHELL32.dll
0x00007ffb1b390000 - 0x00007ffb1b4cf000 	C:\WINDOWS\System32\wintypes.dll
0x00007ffb189a0000 - 0x00007ffb192bd000 	C:\WINDOWS\SYSTEM32\windows.storage.dll
0x00007ffb1c2c0000 - 0x00007ffb1c3cc000 	C:\WINDOWS\System32\SHCORE.dll
0x00007ffb1ca50000 - 0x00007ffb1cab9000 	C:\WINDOWS\System32\shlwapi.dll
0x00007ffb1a990000 - 0x00007ffb1a9bb000 	C:\WINDOWS\SYSTEM32\profapi.dll
0x00007ffb12970000 - 0x00007ffb12980000 	D:\android_studio\android\jbr\bin\net.dll
0x00007ffb17410000 - 0x00007ffb1753c000 	C:\WINDOWS\SYSTEM32\WINHTTP.dll
0x00007ffb1a000000 - 0x00007ffb1a069000 	C:\WINDOWS\system32\mswsock.dll
0x00007ffaf1fa0000 - 0x00007ffaf1fb6000 	D:\android_studio\android\jbr\bin\nio.dll
0x00007ffae0f00000 - 0x00007ffae0f10000 	D:\android_studio\android\jbr\bin\verify.dll
0x00007ffb05fe0000 - 0x00007ffb06007000 	C:\Users\User\.gradle\native\1def1411415f61bf3af743bc5b6707747c0891f09f0c88961ee8f79bc544acac\windows-amd64\native-platform.dll
0x00007ffaf92a0000 - 0x00007ffaf9318000 	C:\Users\User\.gradle\native\0.2.7\x86_64-windows-gnu\gradle-fileevents.dll
0x00007ffae88d0000 - 0x00007ffae88d9000 	D:\android_studio\android\jbr\bin\management.dll
0x00007ffae88c0000 - 0x00007ffae88cb000 	D:\android_studio\android\jbr\bin\management_ext.dll
0x00007ffb1c9a0000 - 0x00007ffb1c9a8000 	C:\WINDOWS\System32\PSAPI.DLL
0x00007ffb19510000 - 0x00007ffb1953d000 	C:\WINDOWS\SYSTEM32\IPHLPAPI.DLL
0x00007ffb1d0a0000 - 0x00007ffb1d0a9000 	C:\WINDOWS\System32\NSI.dll
0x00007ffb05590000 - 0x00007ffb05599000 	D:\android_studio\android\jbr\bin\extnet.dll
0x00007ffb1a250000 - 0x00007ffb1a26b000 	C:\WINDOWS\SYSTEM32\CRYPTSP.dll
0x00007ffb19ae0000 - 0x00007ffb19b17000 	C:\WINDOWS\system32\rsaenh.dll
0x00007ffb1a0f0000 - 0x00007ffb1a118000 	C:\WINDOWS\SYSTEM32\USERENV.dll
0x00007ffb1a270000 - 0x00007ffb1a27c000 	C:\WINDOWS\SYSTEM32\CRYPTBASE.dll
0x00007ffab2350000 - 0x00007ffab2358000 	C:\WINDOWS\system32\wshunix.dll

JVMTI agents:
C:\Users\User\.gradle\wrapper\dists\gradle-8.13-bin\5xuhj0ry160q40clulazy9h7d\gradle-8.13\lib\agents\gradle-instrumentation-agent-8.13.jar path:D:\android_studio\android\jbr\bin\instrument.dll, loaded, initialized, instrumentlib options:none

dbghelp: loaded successfully - version: 4.0.5 - missing functions: none
symbol engine: initialized successfully - sym options: 0x614 - pdb path: .;D:\android_studio\android\jbr\bin;C:\WINDOWS\SYSTEM32;C:\WINDOWS\WinSxS\amd64_microsoft.windows.common-controls_6595b64144ccf1df_6.0.22621.5547_none_27104afb73855772;D:\android_studio\android\jbr\bin\server;C:\Users\User\.gradle\native\1def1411415f61bf3af743bc5b6707747c0891f09f0c88961ee8f79bc544acac\windows-amd64;C:\Users\User\.gradle\native\0.2.7\x86_64-windows-gnu

VM Arguments:
jvm_args: --add-opens=java.base/java.lang=ALL-UNNAMED --add-opens=java.base/java.lang.invoke=ALL-UNNAMED --add-opens=java.base/java.util=ALL-UNNAMED --add-opens=java.prefs/java.util.prefs=ALL-UNNAMED --add-exports=jdk.compiler/com.sun.tools.javac.api=ALL-UNNAMED --add-exports=jdk.compiler/com.sun.tools.javac.util=ALL-UNNAMED --add-opens=java.base/java.util=ALL-UNNAMED --add-opens=java.prefs/java.util.prefs=ALL-UNNAMED --add-opens=java.base/java.nio.charset=ALL-UNNAMED --add-opens=java.base/java.net=ALL-UNNAMED --add-opens=java.base/java.util.concurrent.atomic=ALL-UNNAMED --add-opens=java.xml/javax.xml.namespace=ALL-UNNAMED -Xmx2048m -Dfile.encoding=UTF-8 -Duser.country=US -Duser.language=en -Duser.variant -javaagent:C:\Users\User\.gradle\wrapper\dists\gradle-8.13-bin\5xuhj0ry160q40clulazy9h7d\gradle-8.13\lib\agents\gradle-instrumentation-agent-8.13.jar 
java_command: org.gradle.launcher.daemon.bootstrap.GradleDaemon 8.13
java_class_path (initial): C:\Users\User\.gradle\wrapper\dists\gradle-8.13-bin\5xuhj0ry160q40clulazy9h7d\gradle-8.13\lib\gradle-daemon-main-8.13.jar
Launcher Type: SUN_STANDARD

[Global flags]
     intx CICompilerCount                          = 3                                         {product} {ergonomic}
     uint ConcGCThreads                            = 1                                         {product} {ergonomic}
     uint G1ConcRefinementThreads                  = 4                                         {product} {ergonomic}
   size_t G1HeapRegionSize                         = 1048576                                   {product} {ergonomic}
    uintx GCDrainStackTargetSize                   = 64                                        {product} {ergonomic}
   size_t InitialHeapSize                          = 132120576                                 {product} {ergonomic}
   size_t MarkStackSize                            = 4194304                                   {product} {ergonomic}
   size_t MaxHeapSize                              = 2147483648                                {product} {command line}
   size_t MaxNewSize                               = 1287651328                                {product} {ergonomic}
   size_t MinHeapDeltaBytes                        = 1048576                                   {product} {ergonomic}
   size_t MinHeapSize                              = 8388608                                   {product} {ergonomic}
    uintx NonNMethodCodeHeapSize                   = 5832780                                {pd product} {ergonomic}
    uintx NonProfiledCodeHeapSize                  = 122912730                              {pd product} {ergonomic}
    uintx ProfiledCodeHeapSize                     = 122912730                              {pd product} {ergonomic}
    uintx ReservedCodeCacheSize                    = 251658240                              {pd product} {ergonomic}
     bool SegmentedCodeCache                       = true                                      {product} {ergonomic}
   size_t SoftMaxHeapSize                          = 2147483648                             {manageable} {ergonomic}
     bool UseCompressedOops                        = true                           {product lp64_product} {ergonomic}
     bool UseG1GC                                  = true                                      {product} {ergonomic}
     bool UseLargePagesIndividualAllocation        = false                                  {pd product} {ergonomic}

Logging:
Log output configuration:
 #0: stdout all=warning uptime,level,tags foldmultilines=false
 #1: stderr all=off uptime,level,tags foldmultilines=false

Environment Variables:
JAVA_HOME=D:\android_studio\android
PATH=D:\android_studio\android\bin;C:\Program Files\Common Files\Oracle\Java\javapath;C:\Windows\system32;C:\Windows;C:\Windows\System32\Wbem;C:\Windows\System32\WindowsPowerShell\v1.0\;C:\Windows\System32\OpenSSH\;C:\Program Files (x86)\NVIDIA Corporation\PhysX\Common;C:\Program Files\NVIDIA Corporation\NVIDIA NvDLISR;C:\WINDOWS\system32;C:\WINDOWS;C:\WINDOWS\System32\Wbem;C:\WINDOWS\System32\WindowsPowerShell\v1.0\;C:\WINDOWS\System32\OpenSSH\;C:\Program Files\Git\cmd;C:\xampp\php;C:\ProgramData\ComposerSetup\bin;C:\php-8.4.5;C:\xampp\php;D:\7zip;C:\Users\User\AppData\Local\nvm;C:\nvm4w\nodejs;D:\xamppp\php;C:\Users\User\AppData\Local\Programs\Microsoft VS Code\bin;C:\Users\User\AppData\Local\nvm;C:\nvm4w\nodejs;C:\Program Files\Android\Android Studio\jbr;D:\android_studio\android\bin;D:\flutter\flutter_windows_3.35.4-stable\flutter\bin;
USERNAME=User
OS=Windows_NT
PROCESSOR_IDENTIFIER=Intel64 Family 6 Model 140 Stepping 2, GenuineIntel
TMP=C:\Users\User\AppData\Local\Temp
TEMP=C:\Users\User\AppData\Local\Temp




Periodic native trim disabled

JNI global refs:
JNI global refs: 22, weak refs: 0

JNI global refs memory usage: 835, weak refs: 833

Process memory usage:
Resident Set Size: 207156K (2% of 8166712K total physical memory with 756568K free physical memory)

OOME stack traces (most recent first):
Classloader memory used:
Loader bootstrap                                                                       : 16614K
Loader org.gradle.internal.classloader.VisitableURLClassLoader                         : 12029K
Loader org.gradle.initialization.MixInLegacyTypesClassLoader                           : 1842K
Loader jdk.internal.loader.ClassLoaders$AppClassLoader                                 : 235K
Loader jdk.internal.loader.ClassLoaders$PlatformClassLoader                            : 116K

Classes loaded by more than one classloader:
Class org.gradle.internal.classloader.FilteringClassLoader                            : loaded 2 times (x 105B)
Class org.gradle.internal.classloader.ClassLoaderHierarchy                            : loaded 2 times (x 70B)
Class org.gradle.api.internal.classpath.ManifestUtil                                  : loaded 2 times (x 71B)
Class org.gradle.internal.classloader.DefaultClassLoaderFactory                       : loaded 2 times (x 82B)
Class org.gradle.internal.classloader.ClassLoaderVisitor                              : loaded 2 times (x 76B)
Class org.gradle.api.internal.classpath.EffectiveClassPath                            : loaded 2 times (x 90B)
Class org.gradle.api.internal.DefaultClassPathProvider                                : loaded 2 times (x 76B)
Class [Lorg.gradle.api.internal.ClassPathProvider;                                    : loaded 2 times (x 69B)
Class org.gradle.api.internal.ClassPathProvider                                       : loaded 2 times (x 70B)
Class org.gradle.internal.service.UnknownServiceException                             : loaded 2 times (x 83B)
Class org.gradle.internal.classpath.TransformedClassPath                              : loaded 2 times (x 96B)
Class org.gradle.internal.classloader.InstrumentingClassLoader                        : loaded 2 times (x 70B)
Class org.gradle.internal.service.ServiceLocator                                      : loaded 2 times (x 70B)
Class org.gradle.internal.InternalTransformer                                         : loaded 2 times (x 70B)
Class org.gradle.internal.classloader.ClasspathUtil$1                                 : loaded 2 times (x 76B)
Class org.gradle.api.internal.classpath.DefaultModuleRegistry$DefaultModule           : loaded 2 times (x 86B)
Class org.gradle.api.internal.classpath.Module                                        : loaded 2 times (x 70B)
Class org.gradle.api.internal.classpath.UnknownModuleException                        : loaded 2 times (x 82B)
Class org.gradle.api.internal.DefaultClassPathRegistry                                : loaded 2 times (x 76B)
Class org.gradle.api.internal.ClassPathRegistry                                       : loaded 2 times (x 70B)
Class org.gradle.internal.classpath.DefaultClassPath$ImmutableUniqueList              : loaded 2 times (x 199B)
Class org.gradle.internal.classpath.ClassPath                                         : loaded 2 times (x 70B)
Class org.gradle.api.UncheckedIOException                                             : loaded 2 times (x 82B)
Class org.gradle.internal.installation.GradleInstallation$1                           : loaded 2 times (x 75B)
Class org.gradle.api.internal.classpath.ModuleRegistry                                : loaded 2 times (x 70B)
Class org.gradle.api.internal.classpath.DefaultModuleRegistry                         : loaded 2 times (x 86B)
Class org.gradle.internal.service.ServiceLookupException                              : loaded 2 times (x 82B)
Class org.gradle.internal.classloader.ClassLoaderFactory                              : loaded 2 times (x 70B)
Class org.gradle.internal.service.CachingServiceLocator                               : loaded 2 times (x 82B)
Class org.gradle.internal.classloader.ClasspathUtil                                   : loaded 2 times (x 71B)
Class org.gradle.api.specs.Spec                                                       : loaded 2 times (x 70B)
Class org.gradle.internal.classloader.VisitableURLClassLoader$InstrumentingVisitableURLClassLoader: loaded 2 times (x 123B)
Class org.gradle.internal.classloader.VisitableURLClassLoader$Spec                    : loaded 2 times (x 74B)
Class org.gradle.internal.classpath.DefaultClassPath                                  : loaded 2 times (x 90B)
Class org.gradle.internal.classloader.ClassLoaderSpec                                 : loaded 2 times (x 71B)
Class org.gradle.internal.classloader.VisitableURLClassLoader                         : loaded 2 times (x 117B)
Class org.gradle.internal.Cast                                                        : loaded 2 times (x 71B)
Class org.gradle.api.Action                                                           : loaded 2 times (x 70B)
Class org.gradle.internal.classpath.DefaultClassPath$ImmutableUniqueList$Builder      : loaded 2 times (x 75B)
Class org.gradle.api.GradleException                                                  : loaded 2 times (x 82B)
Class org.gradle.internal.IoActions                                                   : loaded 2 times (x 71B)
Class org.gradle.internal.classloader.SystemClassLoaderSpec                           : loaded 2 times (x 71B)
Class org.gradle.api.internal.classpath.GlobalCacheRootsProvider                      : loaded 2 times (x 70B)
Class org.gradle.internal.installation.CurrentGradleInstallationLocator               : loaded 2 times (x 71B)
Class org.gradle.internal.service.DefaultServiceLocator                               : loaded 2 times (x 83B)
Class org.gradle.internal.installation.CurrentGradleInstallation                      : loaded 2 times (x 73B)
Class org.gradle.util.internal.GUtil                                                  : loaded 2 times (x 71B)
Class org.gradle.internal.installation.GradleInstallation                             : loaded 2 times (x 75B)

---------------  S Y S T E M  ---------------

OS:
 Windows 11 , 64 bit Build 22621 (10.0.22621.5415)
OS uptime: 0 days 0:44 hours

CPU: total 4 (initial active 4) (2 cores per cpu, 2 threads per core) family 6 model 140 stepping 2 microcode 0x26, cx8, cmov, fxsr, ht, mmx, 3dnowpref, sse, sse2, sse3, ssse3, sse4.1, sse4.2, popcnt, lzcnt, tsc, tscinvbit, avx, avx2, aes, erms, clmul, bmi1, bmi2, adx, avx512f, avx512dq, avx512cd, avx512bw, avx512vl, sha, fma, vzeroupper, avx512_vpopcntdq, avx512_vpclmulqdq, avx512_vaes, avx512_vnni, clflush, clflushopt, clwb, avx512_vbmi2, avx512_vbmi, rdtscp, rdpid, fsrm, gfni, avx512_bitalg, f16c, pku, cet_ibt, cet_ss, avx512_ifma
Processor Information for the first 4 processors :
  Max Mhz: 2995, Current Mhz: 2995, Mhz Limit: 2995

Memory: 4k page, system-wide physical 7975M (738M free)
TotalPageFile size 13646M (AvailPageFile size 6M)
current process WorkingSet (physical memory assigned to process): 202M, peak: 204M
current process commit charge ("private bytes"): 240M, peak: 243M

vm_info: OpenJDK 64-Bit Server VM (21.0.8+-14018985-b1038.68) for windows-amd64 JRE (21.0.8+-14018985-b1038.68), built on 2025-08-29T19:56:34Z by "builder" with MS VC++ 16.10 / 16.11 (VS2019)

END.
